[2021-06-29 02:12:25] [INFO] [common.py:73] <module>: Initializing the common module.
[2021-06-29 02:12:25] [INFO] [common.py:133] <module>: Changing the recursion limit from 1000 to 1000000 at the user's request.
[2021-06-29 02:12:25] [INFO] [database.py:34] __init__: Connecting to the database with the following configurations: {'host': '127.0.0.1', 'port': '3306', 'user': 'admin', 'password': '', 'database': 'software'}
[2021-06-29 02:12:25] [INFO] [database.py:42] __init__: Autocommit is False.
[2021-06-29 02:12:25] [INFO] [alter_vulnerabilities_in_database.py:22] alter_vulnerabilities_in_database: Adding the CWE column to the VULNERABILITIES table.
[2021-06-29 02:12:25] [WARNING] [database.py:75] execute_query: Failed to execute the query "
												ALTER TABLE VULNERABILITIES
												ADD COLUMN V_CWE VARCHAR(10) DEFAULT 'TBD' AFTER CVE;
												" with the error: ProgrammingError(1060, "1060 (42S21): Duplicate column name 'V_CWE'", '42S21')
[2021-06-29 02:12:25] [INFO] [alter_vulnerabilities_in_database.py:35] alter_vulnerabilities_in_database: Adding the repository ID column to the VULNERABILITIES table.
[2021-06-29 02:12:25] [WARNING] [database.py:75] execute_query: Failed to execute the query "
												ALTER TABLE VULNERABILITIES
												ADD COLUMN R_ID TINYINT NOT NULL AFTER V_ID;
												" with the error: ProgrammingError(1060, "1060 (42S21): Duplicate column name 'R_ID'", '42S21')
[2021-06-29 02:12:25] [INFO] [alter_vulnerabilities_in_database.py:48] alter_vulnerabilities_in_database: Setting the repository ID values based on the vulnerability IDs in the VULNERABILITIES table.
[2021-06-29 02:12:25] [INFO] [alter_vulnerabilities_in_database.py:67] alter_vulnerabilities_in_database: Adding the repository ID foreign key to the VULNERABILITIES table.
[2021-06-29 02:12:27] [INFO] [alter_vulnerabilities_in_database.py:81] alter_vulnerabilities_in_database: Changing the primary key in the VULNERABILITIES table.
[2021-06-29 02:12:28] [INFO] [alter_vulnerabilities_in_database.py:108] alter_vulnerabilities_in_database: Changing the foreign key in the PATCHES table.
[2021-06-29 02:12:30] [INFO] [alter_vulnerabilities_in_database.py:144] alter_vulnerabilities_in_database: Committing changes.
[2021-06-29 02:12:30] [INFO] [alter_vulnerabilities_in_database.py:149] <module>: Finished running.
