[2021-05-31 19:05:36] [INFO] [common.py:73] <module>: Initializing the common module.
[2021-05-31 19:05:36] [INFO] [common.py:133] <module>: Changing the recursion limit from 1000 to 1000000 at the user's request.
[2021-05-31 19:05:36] [INFO] [database.py:34] __init__: Connecting to the database with the following configurations: {'host': '127.0.0.1', 'port': '3306', 'user': 'admin', 'password': '', 'database': 'software'}
[2021-05-31 19:05:36] [INFO] [database.py:42] __init__: Autocommit is False.
[2021-05-31 19:05:36] [INFO] [alter_engines_in_database.py:16] <module>: Converting tables from MyISAM to InnoDB.
[2021-05-31 19:05:37] [INFO] [alter_engines_in_database.py:31] <module>: Converting a total of 84 tables.
[2021-05-31 19:05:37] [INFO] [alter_engines_in_database.py:38] <module>: Converting the table "CLASSES" using the query "ALTER TABLE CLASSES ENGINE=InnoDB;".
[2021-05-31 19:05:38] [INFO] [alter_engines_in_database.py:38] <module>: Converting the table "CLASSES_1_dom" using the query "ALTER TABLE CLASSES_1_dom ENGINE=InnoDB;".
[2021-05-31 19:05:44] [INFO] [alter_engines_in_database.py:38] <module>: Converting the table "CLASSES_1_javascript" using the query "ALTER TABLE CLASSES_1_javascript ENGINE=InnoDB;".
[2021-05-31 19:05:46] [INFO] [alter_engines_in_database.py:38] <module>: Converting the table "CLASSES_1_javascript_extras" using the query "ALTER TABLE CLASSES_1_javascript_extras ENGINE=InnoDB;".
[2021-05-31 19:05:52] [INFO] [alter_engines_in_database.py:38] <module>: Converting the table "CLASSES_1_javascript_xpconnect" using the query "ALTER TABLE CLASSES_1_javascript_xpconnect ENGINE=InnoDB;".
[2021-05-31 19:05:53] [INFO] [alter_engines_in_database.py:38] <module>: Converting the table "CLASSES_1_layout_rendering" using the query "ALTER TABLE CLASSES_1_layout_rendering ENGINE=InnoDB;".
[2021-05-31 19:06:05] [INFO] [alter_engines_in_database.py:38] <module>: Converting the table "CLASSES_1_libraries" using the query "ALTER TABLE CLASSES_1_libraries ENGINE=InnoDB;".
[2021-05-31 19:06:09] [INFO] [alter_engines_in_database.py:38] <module>: Converting the table "CLASSES_1_mozilla" using the query "ALTER TABLE CLASSES_1_mozilla ENGINE=InnoDB;".
[2021-05-31 19:06:18] [INFO] [alter_engines_in_database.py:38] <module>: Converting the table "CLASSES_1_network" using the query "ALTER TABLE CLASSES_1_network ENGINE=InnoDB;".
[2021-05-31 19:06:21] [INFO] [alter_engines_in_database.py:38] <module>: Converting the table "CLASSES_1_toolkit" using the query "ALTER TABLE CLASSES_1_toolkit ENGINE=InnoDB;".
[2021-05-31 19:06:24] [INFO] [alter_engines_in_database.py:38] <module>: Converting the table "CLASSES_1_webpage_structure" using the query "ALTER TABLE CLASSES_1_webpage_structure ENGINE=InnoDB;".
[2021-05-31 19:06:31] [INFO] [alter_engines_in_database.py:38] <module>: Converting the table "CLASSES_1_widget" using the query "ALTER TABLE CLASSES_1_widget ENGINE=InnoDB;".
[2021-05-31 19:06:34] [INFO] [alter_engines_in_database.py:38] <module>: Converting the table "CLASSES_2_arch" using the query "ALTER TABLE CLASSES_2_arch ENGINE=InnoDB;".
[2021-05-31 19:06:37] [INFO] [alter_engines_in_database.py:38] <module>: Converting the table "CLASSES_2_driver_extra" using the query "ALTER TABLE CLASSES_2_driver_extra ENGINE=InnoDB;".
[2021-05-31 19:06:51] [INFO] [alter_engines_in_database.py:38] <module>: Converting the table "CLASSES_2_fs" using the query "ALTER TABLE CLASSES_2_fs ENGINE=InnoDB;".
[2021-05-31 19:06:51] [INFO] [alter_engines_in_database.py:38] <module>: Converting the table "CLASSES_2_kernel" using the query "ALTER TABLE CLASSES_2_kernel ENGINE=InnoDB;".
[2021-05-31 19:06:52] [INFO] [alter_engines_in_database.py:38] <module>: Converting the table "CLASSES_2_linux" using the query "ALTER TABLE CLASSES_2_linux ENGINE=InnoDB;".
[2021-05-31 19:06:56] [INFO] [alter_engines_in_database.py:38] <module>: Converting the table "CLASSES_2_net" using the query "ALTER TABLE CLASSES_2_net ENGINE=InnoDB;".
[2021-05-31 19:06:56] [INFO] [alter_engines_in_database.py:38] <module>: Converting the table "CLASSES_3_arch" using the query "ALTER TABLE CLASSES_3_arch ENGINE=InnoDB;".
[2021-05-31 19:06:57] [INFO] [alter_engines_in_database.py:38] <module>: Converting the table "CLASSES_3_tools" using the query "ALTER TABLE CLASSES_3_tools ENGINE=InnoDB;".
[2021-05-31 19:06:57] [INFO] [alter_engines_in_database.py:38] <module>: Converting the table "CLASSES_3_xen" using the query "ALTER TABLE CLASSES_3_xen ENGINE=InnoDB;".
[2021-05-31 19:06:57] [INFO] [alter_engines_in_database.py:38] <module>: Converting the table "CLASSES_4_apache" using the query "ALTER TABLE CLASSES_4_apache ENGINE=InnoDB;".
[2021-05-31 19:06:58] [INFO] [alter_engines_in_database.py:38] <module>: Converting the table "CLASSES_5_glibc" using the query "ALTER TABLE CLASSES_5_glibc ENGINE=InnoDB;".
[2021-05-31 19:06:58] [INFO] [alter_engines_in_database.py:38] <module>: Converting the table "CLASSES_6_tomcat" using the query "ALTER TABLE CLASSES_6_tomcat ENGINE=InnoDB;".
[2021-05-31 19:06:59] [INFO] [alter_engines_in_database.py:38] <module>: Converting the table "CLASSES_7_derby" using the query "ALTER TABLE CLASSES_7_derby ENGINE=InnoDB;".
[2021-05-31 19:07:02] [INFO] [alter_engines_in_database.py:38] <module>: Converting the table "CODE_HEADER" using the query "ALTER TABLE CODE_HEADER ENGINE=InnoDB;".
[2021-05-31 19:07:02] [INFO] [alter_engines_in_database.py:38] <module>: Converting the table "EXTRA_TIME_CLASS" using the query "ALTER TABLE EXTRA_TIME_CLASS ENGINE=InnoDB;".
[2021-05-31 19:07:02] [INFO] [alter_engines_in_database.py:38] <module>: Converting the table "EXTRA_TIME_FILES" using the query "ALTER TABLE EXTRA_TIME_FILES ENGINE=InnoDB;".
[2021-05-31 20:30:21] [INFO] [alter_engines_in_database.py:38] <module>: Converting the table "EXTRA_TIME_FUNCTIONS" using the query "ALTER TABLE EXTRA_TIME_FUNCTIONS ENGINE=InnoDB;".
[2021-05-31 20:30:21] [INFO] [alter_engines_in_database.py:38] <module>: Converting the table "FILES" using the query "ALTER TABLE FILES ENGINE=InnoDB;".
[2021-05-31 20:30:21] [INFO] [alter_engines_in_database.py:38] <module>: Converting the table "FILES_1_dom" using the query "ALTER TABLE FILES_1_dom ENGINE=InnoDB;".
[2021-05-31 20:30:24] [INFO] [alter_engines_in_database.py:38] <module>: Converting the table "FILES_1_javascript" using the query "ALTER TABLE FILES_1_javascript ENGINE=InnoDB;".
[2021-05-31 20:30:27] [INFO] [alter_engines_in_database.py:38] <module>: Converting the table "FILES_1_javascript_extras" using the query "ALTER TABLE FILES_1_javascript_extras ENGINE=InnoDB;".
[2021-05-31 20:30:29] [INFO] [alter_engines_in_database.py:38] <module>: Converting the table "FILES_1_javascript_xpconnect" using the query "ALTER TABLE FILES_1_javascript_xpconnect ENGINE=InnoDB;".
[2021-05-31 20:30:29] [INFO] [alter_engines_in_database.py:38] <module>: Converting the table "FILES_1_layout_rendering" using the query "ALTER TABLE FILES_1_layout_rendering ENGINE=InnoDB;".
[2021-05-31 20:30:37] [INFO] [alter_engines_in_database.py:38] <module>: Converting the table "FILES_1_libraries" using the query "ALTER TABLE FILES_1_libraries ENGINE=InnoDB;".
[2021-05-31 20:30:40] [INFO] [alter_engines_in_database.py:38] <module>: Converting the table "FILES_1_mozilla" using the query "ALTER TABLE FILES_1_mozilla ENGINE=InnoDB;".
[2021-05-31 20:30:43] [INFO] [alter_engines_in_database.py:38] <module>: Converting the table "FILES_1_network" using the query "ALTER TABLE FILES_1_network ENGINE=InnoDB;".
[2021-05-31 20:30:45] [INFO] [alter_engines_in_database.py:38] <module>: Converting the table "FILES_1_toolkit" using the query "ALTER TABLE FILES_1_toolkit ENGINE=InnoDB;".
[2021-05-31 20:30:46] [INFO] [alter_engines_in_database.py:38] <module>: Converting the table "FILES_1_webpage_structure" using the query "ALTER TABLE FILES_1_webpage_structure ENGINE=InnoDB;".
[2021-05-31 20:30:50] [INFO] [alter_engines_in_database.py:38] <module>: Converting the table "FILES_1_widget" using the query "ALTER TABLE FILES_1_widget ENGINE=InnoDB;".
[2021-05-31 20:30:51] [INFO] [alter_engines_in_database.py:38] <module>: Converting the table "FILES_2_arch" using the query "ALTER TABLE FILES_2_arch ENGINE=InnoDB;".
[2021-05-31 20:31:00] [INFO] [alter_engines_in_database.py:38] <module>: Converting the table "FILES_2_driver_extra" using the query "ALTER TABLE FILES_2_driver_extra ENGINE=InnoDB;".
[2021-05-31 20:31:18] [INFO] [alter_engines_in_database.py:38] <module>: Converting the table "FILES_2_fs" using the query "ALTER TABLE FILES_2_fs ENGINE=InnoDB;".
[2021-05-31 20:31:20] [INFO] [alter_engines_in_database.py:38] <module>: Converting the table "FILES_2_kernel" using the query "ALTER TABLE FILES_2_kernel ENGINE=InnoDB;".
[2021-05-31 20:31:21] [INFO] [alter_engines_in_database.py:38] <module>: Converting the table "FILES_2_linux" using the query "ALTER TABLE FILES_2_linux ENGINE=InnoDB;".
[2021-05-31 20:31:27] [INFO] [alter_engines_in_database.py:38] <module>: Converting the table "FILES_2_net" using the query "ALTER TABLE FILES_2_net ENGINE=InnoDB;".
[2021-05-31 20:31:30] [INFO] [alter_engines_in_database.py:38] <module>: Converting the table "FILES_3_arch" using the query "ALTER TABLE FILES_3_arch ENGINE=InnoDB;".
[2021-05-31 20:31:31] [INFO] [alter_engines_in_database.py:38] <module>: Converting the table "FILES_3_tools" using the query "ALTER TABLE FILES_3_tools ENGINE=InnoDB;".
[2021-05-31 20:31:31] [INFO] [alter_engines_in_database.py:38] <module>: Converting the table "FILES_3_xen" using the query "ALTER TABLE FILES_3_xen ENGINE=InnoDB;".
[2021-05-31 20:31:32] [INFO] [alter_engines_in_database.py:38] <module>: Converting the table "FILES_4_apache" using the query "ALTER TABLE FILES_4_apache ENGINE=InnoDB;".
[2021-05-31 20:31:32] [INFO] [alter_engines_in_database.py:38] <module>: Converting the table "FILES_5_glibc" using the query "ALTER TABLE FILES_5_glibc ENGINE=InnoDB;".
[2021-05-31 20:31:34] [INFO] [alter_engines_in_database.py:38] <module>: Converting the table "FILES_6_tomcat" using the query "ALTER TABLE FILES_6_tomcat ENGINE=InnoDB;".
[2021-05-31 20:31:35] [INFO] [alter_engines_in_database.py:38] <module>: Converting the table "FILES_7_derby" using the query "ALTER TABLE FILES_7_derby ENGINE=InnoDB;".
[2021-05-31 20:31:37] [INFO] [alter_engines_in_database.py:38] <module>: Converting the table "FUNCTIONS" using the query "ALTER TABLE FUNCTIONS ENGINE=InnoDB;".
[2021-05-31 20:31:37] [INFO] [alter_engines_in_database.py:38] <module>: Converting the table "FUNCTIONS_1_dom" using the query "ALTER TABLE FUNCTIONS_1_dom ENGINE=InnoDB;".
[2021-05-31 20:31:57] [INFO] [alter_engines_in_database.py:38] <module>: Converting the table "FUNCTIONS_1_javascript" using the query "ALTER TABLE FUNCTIONS_1_javascript ENGINE=InnoDB;".
[2021-05-31 20:32:11] [INFO] [alter_engines_in_database.py:38] <module>: Converting the table "FUNCTIONS_1_javascript_extras" using the query "ALTER TABLE FUNCTIONS_1_javascript_extras ENGINE=InnoDB;".
[2021-05-31 20:32:28] [INFO] [alter_engines_in_database.py:38] <module>: Converting the table "FUNCTIONS_1_javascript_xpconnect" using the query "ALTER TABLE FUNCTIONS_1_javascript_xpconnect ENGINE=InnoDB;".
[2021-05-31 20:32:30] [INFO] [alter_engines_in_database.py:38] <module>: Converting the table "FUNCTIONS_1_layout_rendering" using the query "ALTER TABLE FUNCTIONS_1_layout_rendering ENGINE=InnoDB;".
[2021-05-31 20:33:32] [INFO] [alter_engines_in_database.py:38] <module>: Converting the table "FUNCTIONS_1_libraries" using the query "ALTER TABLE FUNCTIONS_1_libraries ENGINE=InnoDB;".
[2021-05-31 20:33:50] [INFO] [alter_engines_in_database.py:38] <module>: Converting the table "FUNCTIONS_1_mozilla" using the query "ALTER TABLE FUNCTIONS_1_mozilla ENGINE=InnoDB;".
[2021-05-31 20:34:15] [INFO] [alter_engines_in_database.py:38] <module>: Converting the table "FUNCTIONS_1_network" using the query "ALTER TABLE FUNCTIONS_1_network ENGINE=InnoDB;".
[2021-05-31 20:34:28] [INFO] [alter_engines_in_database.py:38] <module>: Converting the table "FUNCTIONS_1_toolkit" using the query "ALTER TABLE FUNCTIONS_1_toolkit ENGINE=InnoDB;".
[2021-05-31 20:34:34] [INFO] [alter_engines_in_database.py:38] <module>: Converting the table "FUNCTIONS_1_webpage_structure" using the query "ALTER TABLE FUNCTIONS_1_webpage_structure ENGINE=InnoDB;".
[2021-05-31 20:34:55] [INFO] [alter_engines_in_database.py:38] <module>: Converting the table "FUNCTIONS_1_widget" using the query "ALTER TABLE FUNCTIONS_1_widget ENGINE=InnoDB;".
[2021-05-31 20:35:01] [INFO] [alter_engines_in_database.py:38] <module>: Converting the table "FUNCTIONS_2_arch" using the query "ALTER TABLE FUNCTIONS_2_arch ENGINE=InnoDB;".
[2021-05-31 20:35:34] [INFO] [alter_engines_in_database.py:38] <module>: Converting the table "FUNCTIONS_2_driver_extra" using the query "ALTER TABLE FUNCTIONS_2_driver_extra ENGINE=InnoDB;".
[2021-05-31 20:41:56] [INFO] [alter_engines_in_database.py:38] <module>: Converting the table "FUNCTIONS_2_fs" using the query "ALTER TABLE FUNCTIONS_2_fs ENGINE=InnoDB;".
[2021-05-31 20:42:14] [INFO] [alter_engines_in_database.py:38] <module>: Converting the table "FUNCTIONS_2_kernel" using the query "ALTER TABLE FUNCTIONS_2_kernel ENGINE=InnoDB;".
[2021-05-31 20:42:20] [INFO] [alter_engines_in_database.py:38] <module>: Converting the table "FUNCTIONS_2_linux" using the query "ALTER TABLE FUNCTIONS_2_linux ENGINE=InnoDB;".
[2021-05-31 20:42:46] [INFO] [alter_engines_in_database.py:38] <module>: Converting the table "FUNCTIONS_2_net" using the query "ALTER TABLE FUNCTIONS_2_net ENGINE=InnoDB;".
[2021-05-31 20:43:01] [INFO] [alter_engines_in_database.py:38] <module>: Converting the table "FUNCTIONS_3_arch" using the query "ALTER TABLE FUNCTIONS_3_arch ENGINE=InnoDB;".
[2021-05-31 20:43:03] [INFO] [alter_engines_in_database.py:38] <module>: Converting the table "FUNCTIONS_3_tools" using the query "ALTER TABLE FUNCTIONS_3_tools ENGINE=InnoDB;".
[2021-05-31 20:43:04] [INFO] [alter_engines_in_database.py:38] <module>: Converting the table "FUNCTIONS_3_xen" using the query "ALTER TABLE FUNCTIONS_3_xen ENGINE=InnoDB;".
[2021-05-31 20:43:06] [INFO] [alter_engines_in_database.py:38] <module>: Converting the table "FUNCTIONS_4_apache" using the query "ALTER TABLE FUNCTIONS_4_apache ENGINE=InnoDB;".
[2021-05-31 20:43:08] [INFO] [alter_engines_in_database.py:38] <module>: Converting the table "FUNCTIONS_5_glibc" using the query "ALTER TABLE FUNCTIONS_5_glibc ENGINE=InnoDB;".
[2021-05-31 20:43:10] [INFO] [alter_engines_in_database.py:38] <module>: Converting the table "FUNCTIONS_6_tomcat" using the query "ALTER TABLE FUNCTIONS_6_tomcat ENGINE=InnoDB;".
[2021-05-31 20:43:17] [INFO] [alter_engines_in_database.py:38] <module>: Converting the table "FUNCTIONS_7_derby" using the query "ALTER TABLE FUNCTIONS_7_derby ENGINE=InnoDB;".
[2021-05-31 20:43:28] [INFO] [alter_engines_in_database.py:38] <module>: Converting the table "MODULE_INFO" using the query "ALTER TABLE MODULE_INFO ENGINE=InnoDB;".
[2021-05-31 20:43:28] [INFO] [alter_engines_in_database.py:38] <module>: Converting the table "PATCHES" using the query "ALTER TABLE PATCHES ENGINE=InnoDB;".
[2021-05-31 20:43:28] [INFO] [alter_engines_in_database.py:38] <module>: Converting the table "REPOSITORIES_SAMPLE" using the query "ALTER TABLE REPOSITORIES_SAMPLE ENGINE=InnoDB;".
[2021-05-31 20:43:28] [INFO] [alter_engines_in_database.py:38] <module>: Converting the table "SECURITY_ADVISORIES" using the query "ALTER TABLE SECURITY_ADVISORIES ENGINE=InnoDB;".
[2021-05-31 20:43:28] [INFO] [alter_engines_in_database.py:38] <module>: Converting the table "VULNERABILITIES" using the query "ALTER TABLE VULNERABILITIES ENGINE=InnoDB;".
[2021-05-31 20:43:29] [INFO] [alter_engines_in_database.py:48] <module>: Finished running.
