[2021-07-08 02:01:28] [INFO] [common.py:73] <module>: Initializing the common module.
[2021-07-08 02:01:28] [INFO] [common.py:133] <module>: Changing the recursion limit from 1000 to 1000000 at the user's request.
[2021-07-08 02:01:28] [INFO] [project.py:33] <module>: Loading libclang from "/usr/lib/x86_64-linux-gnu/libclang-10.so.1".
[2021-07-08 02:01:28] [INFO] [project.py:42] <module>: Loaded libclang successfully.
[2021-07-08 02:01:28] [INFO] [project.py:118] get_project_list_from_config: Ignoring the project "glibc".
[2021-07-08 02:01:28] [INFO] [project.py:118] get_project_list_from_config: Ignoring the project "apache".
[2021-07-08 02:01:28] [INFO] [project.py:118] get_project_list_from_config: Ignoring the project "xen".
[2021-07-08 02:01:28] [INFO] [project.py:118] get_project_list_from_config: Ignoring the project "kernel".
[2021-07-08 02:01:28] [INFO] [project.py:125] get_project_list_from_config: Loading the project "mozilla" with the following configurations: {'short_name': 'mozilla', 'database_id': 1, 'database_name': 'mozilla', 'github_data_name': 'mozilla', 'vendor_id': 452, 'product_id': None, 'url_pattern': 'mozilla', 'master_branch': 'master', 'language': 'c++', 'include_directory_path': None, 'repository_path': '/home/admin/estagio-2020-2021/estagio-software-vulnerabilities-2020-2021/repositories/gecko-dev', 'output_directory_path': 'output/final', 'scrape_all_branches': False}
[2021-07-08 02:01:28] [INFO] [project.py:87] __init__: Loaded the project "Mozilla" located in "/home/admin/estagio-2020-2021/estagio-software-vulnerabilities-2020-2021/repositories/gecko-dev".
[2021-07-08 02:01:28] [INFO] [create_file_timeline.py:29] <module>: Creating the file timeline for the project "Mozilla" using the information in "/home/admin/estagio-2020-2021/estagio-software-vulnerabilities-2020-2021/scripts/output/final/mozilla/affected-files-1-mozilla-master-branch-20210401212440.csv".
[2021-07-08 11:53:50] [INFO] [create_file_timeline.py:93] <module>: Skipping the file "caps/nsJSPrincipals.cpp" in the neutral commit a3780b29c4fecabb1e5d99e10d1b234dd41cea4c since it will be vulnerable in the next commit 4886287a53f6ab1d314b4c6611f7072aa1647465.
[2021-07-08 11:53:55] [INFO] [create_file_timeline.py:93] <module>: Skipping the file "dom/cache/DBSchema.cpp" in the neutral commit a3780b29c4fecabb1e5d99e10d1b234dd41cea4c since it will be vulnerable in the next commit 4886287a53f6ab1d314b4c6611f7072aa1647465.
[2021-07-08 11:54:14] [INFO] [create_file_timeline.py:93] <module>: Skipping the file "dom/security/nsCSPService.cpp" in the neutral commit a3780b29c4fecabb1e5d99e10d1b234dd41cea4c since it will be vulnerable in the next commit 4886287a53f6ab1d314b4c6611f7072aa1647465.
[2021-07-08 11:54:14] [INFO] [create_file_timeline.py:93] <module>: Skipping the file "dom/serviceworkers/ServiceWorkerRegistrar.cpp" in the neutral commit a3780b29c4fecabb1e5d99e10d1b234dd41cea4c since it will be vulnerable in the next commit 4886287a53f6ab1d314b4c6611f7072aa1647465.
[2021-07-08 11:54:15] [INFO] [create_file_timeline.py:93] <module>: Skipping the file "dom/serviceworkers/test/gtest/TestReadWrite.cpp" in the neutral commit a3780b29c4fecabb1e5d99e10d1b234dd41cea4c since it will be vulnerable in the next commit 4886287a53f6ab1d314b4c6611f7072aa1647465.
[2021-07-08 11:54:23] [INFO] [create_file_timeline.py:93] <module>: Skipping the file "dom/workers/sharedworkers/SharedWorker.cpp" in the neutral commit a3780b29c4fecabb1e5d99e10d1b234dd41cea4c since it will be vulnerable in the next commit 4886287a53f6ab1d314b4c6611f7072aa1647465.
[2021-07-08 11:55:06] [INFO] [create_file_timeline.py:93] <module>: Skipping the file "ipc/glue/BackgroundUtils.cpp" in the neutral commit a3780b29c4fecabb1e5d99e10d1b234dd41cea4c since it will be vulnerable in the next commit 4886287a53f6ab1d314b4c6611f7072aa1647465.
[2021-07-08 11:55:06] [INFO] [create_file_timeline.py:93] <module>: Skipping the file "ipc/glue/BackgroundUtils.h" in the neutral commit a3780b29c4fecabb1e5d99e10d1b234dd41cea4c since it will be vulnerable in the next commit 4886287a53f6ab1d314b4c6611f7072aa1647465.
[2021-07-08 11:58:59] [INFO] [create_file_timeline.py:93] <module>: Skipping the file "dom/xslt/xslt/txFormatNumberFunctionCall.cpp" in the neutral commit 4e824013111a05a30dba2ee672fdac179918a6ae since it will be vulnerable in the next commit 8ae52f688549cb29474e051478ec7ee6749c4a89.
[2021-07-08 12:04:30] [INFO] [create_file_timeline.py:93] <module>: Skipping the file "dom/media/MediaStreamTrack.cpp" in the neutral commit ec9d567f1449970fd2f4231e1c6ed52d7f8fb7a8 since it will be vulnerable in the next commit e6081ca579cb6efe59e4882a5744116064d959ce.
[2021-07-08 12:04:42] [INFO] [create_file_timeline.py:93] <module>: Skipping the file "dom/plugins/base/nsPluginStreamListenerPeer.cpp" in the neutral commit 855803da5c88c45ed3ed508bb442269c4182a91d since it will be vulnerable in the next commit 825e3f1575644473ef29b2968e5ac89ed4de20cf.
[2021-07-08 12:05:09] [INFO] [create_file_timeline.py:149] <module>: Updating the results for the index 4510 (2018-04-18 19:30:57)...
[2021-07-08 12:05:13] [INFO] [create_file_timeline.py:93] <module>: Skipping the file "dom/ipc/ContentParent.cpp" in the neutral commit f843e126251777bced06a337c9d49852b2712427 since it will be vulnerable in the next commit f71677a0c32397207e48439ef32b5f81a341910c.
[2021-07-08 12:05:22] [INFO] [create_file_timeline.py:93] <module>: Skipping the file "dom/ipc/ContentParent.cpp" in the neutral commit 2c140e4d73af6953b16053d6d4c05a63e14fccc6 since it will be vulnerable in the next commit 913f1174010ab41fca9fe9533343ba54b16580b9.
[2021-07-08 12:06:20] [INFO] [create_file_timeline.py:93] <module>: Skipping the file "gfx/2d/DataSurfaceHelpers.cpp" in the neutral commit fa3809ad7db5b48b820248668ce20ea042eee587 since it will be vulnerable in the next commit bf36928a048091eca7cc909cbaad90b2e2e31f75.
[2021-07-08 12:06:20] [INFO] [create_file_timeline.py:93] <module>: Skipping the file "gfx/2d/Swizzle.cpp" in the neutral commit fa3809ad7db5b48b820248668ce20ea042eee587 since it will be vulnerable in the next commit bf36928a048091eca7cc909cbaad90b2e2e31f75.
[2021-07-08 12:06:27] [INFO] [create_file_timeline.py:149] <module>: Updating the results for the index 4520 (2018-05-24 20:44:46)...
[2021-07-08 12:06:45] [INFO] [create_file_timeline.py:93] <module>: Skipping the file "dom/html/HTMLMediaElement.cpp" in the neutral commit e6ddc950f8b50d2506ada9ba1f64431df8e38ce6 since it will be vulnerable in the next commit 9ef9fae7c4171c792f0b968acb827434ee86660b.
[2021-07-08 12:07:37] [INFO] [create_file_timeline.py:149] <module>: Updating the results for the index 4530 (2018-05-29 08:21:51)...
[2021-07-08 12:07:46] [INFO] [create_file_timeline.py:93] <module>: Skipping the file "dom/html/HTMLInputElement.cpp" in the neutral commit 9d5b27393d928048e5a0a9d6519098ec0040802a since it will be vulnerable in the next commit 2a252e45a450071e89a3384ef4f01ec6402a9925.
[2021-07-08 12:08:38] [INFO] [create_file_timeline.py:93] <module>: Skipping the file "dom/base/nsINode.cpp" in the neutral commit 58495709d9274888658a3091cbc84481c824ade1 since it will be vulnerable in the next commit 32774b2c1db0e51539f1f173979517ebadaa3cd5.
[2021-07-08 12:09:53] [INFO] [create_file_timeline.py:93] <module>: Skipping the file "netwerk/base/LoadInfo.cpp" in the neutral commit 97193c41783b64edfbb3eb71cc27a4ab9121e419 since it will be vulnerable in the next commit 3a149f2017cbecbec6910b8b41be56de2fe9f87a.
[2021-07-08 12:09:53] [INFO] [create_file_timeline.py:93] <module>: Skipping the file "netwerk/protocol/http/HttpChannelChild.cpp" in the neutral commit 97193c41783b64edfbb3eb71cc27a4ab9121e419 since it will be vulnerable in the next commit 3a149f2017cbecbec6910b8b41be56de2fe9f87a.
[2021-07-08 12:10:26] [INFO] [create_file_timeline.py:93] <module>: Skipping the file "gfx/qcms/chain.c" in the neutral commit 870f0bfda710a028a2e383a1197accaba62a53d6 since it will be vulnerable in the next commit 629749b2573684dc8596445c4ae88b619aa77f8f.
[2021-07-08 12:10:32] [INFO] [create_file_timeline.py:149] <module>: Updating the results for the index 4540 (2018-06-13 15:15:40)...
[2021-07-08 12:10:49] [INFO] [create_file_timeline.py:93] <module>: Skipping the file "dom/base/nsContentAreaDragDrop.cpp" in the neutral commit 7b8229b86bb69152d6720a8df02cc614691eb89c since it will be vulnerable in the next commit b61f4883c9c11ece3b5e47513329a2e9ac4806d9.
[2021-07-08 12:11:10] [INFO] [create_file_timeline.py:93] <module>: Skipping the file "dom/webbrowserpersist/WebBrowserPersistLocalDocument.cpp" in the neutral commit 7b8229b86bb69152d6720a8df02cc614691eb89c since it will be vulnerable in the next commit b61f4883c9c11ece3b5e47513329a2e9ac4806d9.
[2021-07-08 12:11:10] [INFO] [create_file_timeline.py:93] <module>: Skipping the file "dom/webbrowserpersist/nsWebBrowserPersist.cpp" in the neutral commit 7b8229b86bb69152d6720a8df02cc614691eb89c since it will be vulnerable in the next commit b61f4883c9c11ece3b5e47513329a2e9ac4806d9.
[2021-07-08 12:12:00] [INFO] [create_file_timeline.py:93] <module>: Skipping the file "browser/components/shell/nsMacShellService.cpp" in the neutral commit 0d0616cad12b1af8d1c04dfdc657a182c6afd1f8 since it will be vulnerable in the next commit 9e8858131585ac45b200c91067498a8532b73ede.
[2021-07-08 12:12:00] [INFO] [create_file_timeline.py:93] <module>: Skipping the file "dom/base/nsContentAreaDragDrop.cpp" in the neutral commit 0d0616cad12b1af8d1c04dfdc657a182c6afd1f8 since it will be vulnerable in the next commit 9e8858131585ac45b200c91067498a8532b73ede.
[2021-07-08 12:12:00] [INFO] [create_file_timeline.py:93] <module>: Skipping the file "dom/base/nsContentAreaDragDrop.h" in the neutral commit 0d0616cad12b1af8d1c04dfdc657a182c6afd1f8 since it will be vulnerable in the next commit 9e8858131585ac45b200c91067498a8532b73ede.
[2021-07-08 12:12:02] [INFO] [create_file_timeline.py:93] <module>: Skipping the file "dom/webbrowserpersist/WebBrowserPersistDocumentChild.cpp" in the neutral commit 0d0616cad12b1af8d1c04dfdc657a182c6afd1f8 since it will be vulnerable in the next commit 9e8858131585ac45b200c91067498a8532b73ede.
[2021-07-08 12:12:02] [INFO] [create_file_timeline.py:93] <module>: Skipping the file "dom/webbrowserpersist/WebBrowserPersistLocalDocument.cpp" in the neutral commit 0d0616cad12b1af8d1c04dfdc657a182c6afd1f8 since it will be vulnerable in the next commit 9e8858131585ac45b200c91067498a8532b73ede.
[2021-07-08 12:12:02] [INFO] [create_file_timeline.py:93] <module>: Skipping the file "dom/webbrowserpersist/WebBrowserPersistRemoteDocument.cpp" in the neutral commit 0d0616cad12b1af8d1c04dfdc657a182c6afd1f8 since it will be vulnerable in the next commit 9e8858131585ac45b200c91067498a8532b73ede.
[2021-07-08 12:12:02] [INFO] [create_file_timeline.py:93] <module>: Skipping the file "dom/webbrowserpersist/WebBrowserPersistRemoteDocument.h" in the neutral commit 0d0616cad12b1af8d1c04dfdc657a182c6afd1f8 since it will be vulnerable in the next commit 9e8858131585ac45b200c91067498a8532b73ede.
[2021-07-08 12:12:02] [INFO] [create_file_timeline.py:93] <module>: Skipping the file "dom/webbrowserpersist/nsWebBrowserPersist.cpp" in the neutral commit 0d0616cad12b1af8d1c04dfdc657a182c6afd1f8 since it will be vulnerable in the next commit 9e8858131585ac45b200c91067498a8532b73ede.
[2021-07-08 12:12:02] [INFO] [create_file_timeline.py:93] <module>: Skipping the file "dom/webbrowserpersist/nsWebBrowserPersist.h" in the neutral commit 0d0616cad12b1af8d1c04dfdc657a182c6afd1f8 since it will be vulnerable in the next commit 9e8858131585ac45b200c91067498a8532b73ede.
[2021-07-08 12:12:02] [INFO] [create_file_timeline.py:93] <module>: Skipping the file "toolkit/components/browser/nsWebBrowser.cpp" in the neutral commit 0d0616cad12b1af8d1c04dfdc657a182c6afd1f8 since it will be vulnerable in the next commit 9e8858131585ac45b200c91067498a8532b73ede.
[2021-07-08 12:12:17] [INFO] [create_file_timeline.py:93] <module>: Skipping the file "layout/base/nsRefreshDriver.cpp" in the neutral commit 09a107bc24cb812e5bcb0d2ea121a8707d7b89ba since it will be vulnerable in the next commit 2e00f64ed1b987aa3ddfbec51180f27c38b41787.
[2021-07-08 12:12:20] [INFO] [create_file_timeline.py:149] <module>: Updating the results for the index 4550 (2018-06-22 14:41:39)...
[2021-07-08 12:15:00] [INFO] [create_file_timeline.py:93] <module>: Skipping the file "security/manager/ssl/nsNSSComponent.cpp" in the neutral commit 3eedff1868e24acfb6239643c37f1d91aff46015 since it will be vulnerable in the next commit f7a71fcb6d8de9a854f94c9bbca94ce00edb36bd.
[2021-07-08 12:17:47] [INFO] [create_file_timeline.py:93] <module>: Skipping the file "modules/libjar/nsJARChannel.cpp" in the neutral commit 7ccb094a3093e7368af280082ba13afec3248e9b since it will be vulnerable in the next commit 3ec63f1901f2013fba0f78ab5f087a3d7f919a02.
[2021-07-08 12:17:47] [INFO] [create_file_timeline.py:149] <module>: Updating the results for the index 4560 (2018-08-28 18:14:54)...
[2021-07-08 12:18:24] [INFO] [create_file_timeline.py:93] <module>: Skipping the file "netwerk/streamconv/converters/nsIndexedToHTML.cpp" in the neutral commit a7895c75ea74c08fc7d4eea407db3f7ab10fa3cc since it will be vulnerable in the next commit c321175092648f10b651330614a899e92dc27a55.
[2021-07-08 12:19:41] [INFO] [create_file_timeline.py:93] <module>: Skipping the file "js/src/jit/BacktrackingAllocator.cpp" in the neutral commit 5a6b723bff065e926aa3d5fd049804005d7638b8 since it will be vulnerable in the next commit 97d98291a78b7991b19a537fbedd19b9bc6df5d3.
[2021-07-08 12:20:55] [INFO] [create_file_timeline.py:93] <module>: Skipping the file "dom/base/nsGlobalWindowInner.cpp" in the neutral commit 64de926d460164d41269812742a1376ba7bafda6 since it will be vulnerable in the next commit 45377e50996dfbf9d0fced9013a9e5da34f706b4.
[2021-07-08 12:21:42] [INFO] [create_file_timeline.py:93] <module>: Skipping the file "docshell/base/nsAboutRedirector.cpp" in the neutral commit 8aab67710128dcd25522b1ab843a661d336bb72c since it will be vulnerable in the next commit 68b229f05112e08e079d191cbc1c422b68d1327a.
[2021-07-08 12:28:00] [INFO] [create_file_timeline.py:149] <module>: Updating the results for the index 4570 (2018-10-09 12:56:01)...
[2021-07-08 12:28:01] [INFO] [create_file_timeline.py:93] <module>: Skipping the file "docshell/base/nsAboutRedirector.cpp" in the neutral commit fb1756d92cc0a1d959786c6252fdea3173ef9cae since it will be vulnerable in the next commit 1ec332e1cbe53cb580085a2459d347494e888d0e.
[2021-07-08 12:28:36] [INFO] [create_file_timeline.py:93] <module>: Skipping the file "caps/BasePrincipal.cpp" in the neutral commit c010fd41c08dc415d1185fd6b3db82846d7e89ec since it will be vulnerable in the next commit 4e824013111a05a30dba2ee672fdac179918a6ae.
[2021-07-08 12:28:36] [INFO] [create_file_timeline.py:93] <module>: Skipping the file "caps/BasePrincipal.h" in the neutral commit c010fd41c08dc415d1185fd6b3db82846d7e89ec since it will be vulnerable in the next commit 4e824013111a05a30dba2ee672fdac179918a6ae.
[2021-07-08 12:28:36] [INFO] [create_file_timeline.py:93] <module>: Skipping the file "caps/ContentPrincipal.cpp" in the neutral commit c010fd41c08dc415d1185fd6b3db82846d7e89ec since it will be vulnerable in the next commit 4e824013111a05a30dba2ee672fdac179918a6ae.
[2021-07-08 12:28:36] [INFO] [create_file_timeline.py:93] <module>: Skipping the file "caps/ContentPrincipal.h" in the neutral commit c010fd41c08dc415d1185fd6b3db82846d7e89ec since it will be vulnerable in the next commit 4e824013111a05a30dba2ee672fdac179918a6ae.
[2021-07-08 12:28:36] [INFO] [create_file_timeline.py:93] <module>: Skipping the file "caps/nsScriptSecurityManager.cpp" in the neutral commit c010fd41c08dc415d1185fd6b3db82846d7e89ec since it will be vulnerable in the next commit 4e824013111a05a30dba2ee672fdac179918a6ae.
[2021-07-08 12:39:50] [INFO] [create_file_timeline.py:149] <module>: Updating the results for the index 4580 (2019-01-09 12:26:46)...
[2021-07-08 12:39:54] [INFO] [create_file_timeline.py:93] <module>: Skipping the file "dom/base/Document.cpp" in the neutral commit ace4e930e16486f54c456c54b842de00c3460e80 since it will be vulnerable in the next commit 32d6918e137344f33a767925f0d19e6cf0fc4ac2.
[2021-07-08 12:39:55] [INFO] [create_file_timeline.py:93] <module>: Skipping the file "dom/base/nsGlobalWindowOuter.cpp" in the neutral commit ace4e930e16486f54c456c54b842de00c3460e80 since it will be vulnerable in the next commit 32d6918e137344f33a767925f0d19e6cf0fc4ac2.
[2021-07-08 12:39:58] [INFO] [create_file_timeline.py:93] <module>: Skipping the file "dom/events/EventStateManager.cpp" in the neutral commit ace4e930e16486f54c456c54b842de00c3460e80 since it will be vulnerable in the next commit 32d6918e137344f33a767925f0d19e6cf0fc4ac2.
[2021-07-08 12:40:29] [INFO] [create_file_timeline.py:93] <module>: Skipping the file "modules/libpref/init/StaticPrefList.h" in the neutral commit ace4e930e16486f54c456c54b842de00c3460e80 since it will be vulnerable in the next commit 32d6918e137344f33a767925f0d19e6cf0fc4ac2.
[2021-07-08 12:41:24] [INFO] [create_file_timeline.py:93] <module>: Skipping the file "dom/canvas/ImageBitmapRenderingContext.cpp" in the neutral commit ea4a0e3afc6aa2d2c81297d93c655478bc32f108 since it will be vulnerable in the next commit ba86489a57b5ff85ebe27a0e42c553c4832a979f.
[2021-07-08 12:42:18] [INFO] [create_file_timeline.py:93] <module>: Skipping the file "js/src/jit/CacheIR.cpp" in the neutral commit 1063b8aee36e758b22a8093d64f62262766e1fba since it will be vulnerable in the next commit 4e473dc675e8d009c0511123ea87c94e93f1f35c.
[2021-07-08 12:42:18] [INFO] [create_file_timeline.py:93] <module>: Skipping the file "js/src/jit/CacheIR.h" in the neutral commit 1063b8aee36e758b22a8093d64f62262766e1fba since it will be vulnerable in the next commit 4e473dc675e8d009c0511123ea87c94e93f1f35c.
[2021-07-08 12:42:34] [INFO] [create_file_timeline.py:149] <module>: Updating the results for the index 4590 (2019-02-15 00:36:26)...
[2021-07-08 12:42:39] [INFO] [create_file_timeline.py:93] <module>: Skipping the file "dom/canvas/CanvasRenderingContext2D.cpp" in the neutral commit 9a7f0772210d3b68ad85fa36c89af0cbe7a72a5a since it will be vulnerable in the next commit dc1879093e587a2d67682ef9f9fed3b9a7e5ff9f.
[2021-07-08 12:43:17] [INFO] [create_file_timeline.py:93] <module>: Skipping the file "dom/xhr/XMLHttpRequestMainThread.cpp" in the neutral commit 8fda14347fdf3c13e951a12c980b691958323549 since it will be vulnerable in the next commit 01800513e9317ac13587121fe92bfad1ae3293f7.
[2021-07-08 12:43:28] [INFO] [create_file_timeline.py:93] <module>: Skipping the file "netwerk/protocol/ftp/FTPChannelParent.cpp" in the neutral commit 8fda14347fdf3c13e951a12c980b691958323549 since it will be vulnerable in the next commit 01800513e9317ac13587121fe92bfad1ae3293f7.
[2021-07-08 12:43:28] [INFO] [create_file_timeline.py:93] <module>: Skipping the file "netwerk/protocol/http/HttpChannelChild.cpp" in the neutral commit 8fda14347fdf3c13e951a12c980b691958323549 since it will be vulnerable in the next commit 01800513e9317ac13587121fe92bfad1ae3293f7.
[2021-07-08 12:43:28] [INFO] [create_file_timeline.py:93] <module>: Skipping the file "netwerk/protocol/http/HttpChannelParent.cpp" in the neutral commit 8fda14347fdf3c13e951a12c980b691958323549 since it will be vulnerable in the next commit 01800513e9317ac13587121fe92bfad1ae3293f7.
[2021-07-08 12:43:36] [INFO] [create_file_timeline.py:93] <module>: Skipping the file "dom/events/EventStateManager.cpp" in the neutral commit 0e903787dab6c6cb3a73bcc76a05e1fd827b1f2b since it will be vulnerable in the next commit 7058fdef9cb5d16560d836c196bf86cf78d4e25a.
[2021-07-08 12:43:56] [INFO] [create_file_timeline.py:149] <module>: Updating the results for the index 4600 (2019-02-25 19:11:20)...
[2021-07-08 12:45:04] [INFO] [create_file_timeline.py:93] <module>: Skipping the file "toolkit/components/reputationservice/ApplicationReputation.cpp" in the neutral commit f9ecc88a7ec8faefbe6aaed7807a56488a0480e4 since it will be vulnerable in the next commit e20a483d9c6ddea2f2e74884622e457b973e12b0.
[2021-07-08 12:45:09] [INFO] [create_file_timeline.py:93] <module>: Skipping the file "xpcom/io/nsLocalFileWin.cpp" in the neutral commit f9ecc88a7ec8faefbe6aaed7807a56488a0480e4 since it will be vulnerable in the next commit e20a483d9c6ddea2f2e74884622e457b973e12b0.
[2021-07-08 12:45:53] [INFO] [create_file_timeline.py:149] <module>: Updating the results for the index 4610 (2019-03-06 07:29:26)...
[2021-07-08 12:47:04] [INFO] [create_file_timeline.py:93] <module>: Skipping the file "js/src/jit/MIR.h" in the neutral commit cdabe87d66d1606a34d2c5e2b2a99505d909ec1c since it will be vulnerable in the next commit 60be40b05303cafcab7333bb3ea2b991d442d7f9.
[2021-07-08 12:47:58] [INFO] [create_file_timeline.py:93] <module>: Skipping the file "js/src/jit/IonAnalysis.cpp" in the neutral commit 369406707f9fef96ac8405fb9cbb58da4bcc4f1d since it will be vulnerable in the next commit 139cb1eebf8a80b57d9969a46a8d7ba8dac8b03a.
[2021-07-08 12:48:32] [INFO] [create_file_timeline.py:93] <module>: Skipping the file "js/src/vm/NativeObject.cpp" in the neutral commit 59aaa3ef97d97e1d9d53601be06c9fa5ff72d916 since it will be vulnerable in the next commit 369406707f9fef96ac8405fb9cbb58da4bcc4f1d.
[2021-07-08 12:48:42] [INFO] [create_file_timeline.py:149] <module>: Updating the results for the index 4620 (2019-03-21 22:36:46)...
[2021-07-08 12:48:45] [INFO] [create_file_timeline.py:93] <module>: Skipping the file "docshell/base/nsDocShell.cpp" in the neutral commit 752be3958fc6f6eb83eaa4a35fae1a99dc54746e since it will be vulnerable in the next commit edf28c4d0743a166da6099d119065437758454a7.
[2021-07-08 12:51:09] [INFO] [create_file_timeline.py:93] <module>: Skipping the file "js/src/jit/CodeGenerator.cpp" in the neutral commit a39708b997fabbde472c6634aa2f30cb820c1c49 since it will be vulnerable in the next commit e11b2b7ba38f72c4678df21a629685ea1140f9df.
[2021-07-08 12:52:56] [INFO] [create_file_timeline.py:93] <module>: Skipping the file "dom/canvas/CanvasRenderingContext2D.cpp" in the neutral commit 3761608ad2e4eae2775133afdf5afd5b4bbd7832 since it will be vulnerable in the next commit 423697c891fef86f0fecc49ab45279a95ad78255.
[2021-07-08 12:53:16] [INFO] [create_file_timeline.py:93] <module>: Skipping the file "layout/base/nsLayoutUtils.cpp" in the neutral commit 3761608ad2e4eae2775133afdf5afd5b4bbd7832 since it will be vulnerable in the next commit 423697c891fef86f0fecc49ab45279a95ad78255.
[2021-07-08 12:53:24] [INFO] [create_file_timeline.py:149] <module>: Updating the results for the index 4630 (2019-04-08 07:54:27)...
[2021-07-08 12:53:35] [INFO] [create_file_timeline.py:93] <module>: Skipping the file "dom/canvas/CanvasRenderingContext2D.cpp" in the neutral commit d7915fa3057fa2ed97c90a7a65ac2f38af246957 since it will be vulnerable in the next commit 37613b67182da561d1b2ad138a647d356620a288.
[2021-07-08 12:53:35] [INFO] [create_file_timeline.py:93] <module>: Skipping the file "dom/canvas/CanvasUtils.cpp" in the neutral commit d7915fa3057fa2ed97c90a7a65ac2f38af246957 since it will be vulnerable in the next commit 37613b67182da561d1b2ad138a647d356620a288.
[2021-07-08 12:53:35] [INFO] [create_file_timeline.py:93] <module>: Skipping the file "dom/canvas/CanvasUtils.h" in the neutral commit d7915fa3057fa2ed97c90a7a65ac2f38af246957 since it will be vulnerable in the next commit 37613b67182da561d1b2ad138a647d356620a288.
[2021-07-08 12:53:35] [INFO] [create_file_timeline.py:93] <module>: Skipping the file "dom/canvas/ImageBitmap.cpp" in the neutral commit d7915fa3057fa2ed97c90a7a65ac2f38af246957 since it will be vulnerable in the next commit 37613b67182da561d1b2ad138a647d356620a288.
[2021-07-08 12:54:15] [INFO] [create_file_timeline.py:93] <module>: Skipping the file "layout/base/nsLayoutUtils.cpp" in the neutral commit d7915fa3057fa2ed97c90a7a65ac2f38af246957 since it will be vulnerable in the next commit 37613b67182da561d1b2ad138a647d356620a288.
[2021-07-08 12:59:08] [INFO] [create_file_timeline.py:93] <module>: Skipping the file "xpcom/base/CycleCollectedJSRuntime.cpp" in the neutral commit 6bd2b36d88d4288b7ae00901745e39736d88e1a9 since it will be vulnerable in the next commit 7506da46818ff7ad28acd0ba9a8992930c500831.
[2021-07-08 12:59:08] [INFO] [create_file_timeline.py:149] <module>: Updating the results for the index 4640 (2019-05-02 17:29:46)...
[2021-07-08 12:59:21] [INFO] [create_file_timeline.py:93] <module>: Skipping the file "netwerk/base/ProxyAutoConfig.cpp" in the neutral commit a2d7f3a3280ccd08a56f130f5856ca6b650ff767 since it will be vulnerable in the next commit abff4da67d0fc336c4e301497ba911a6d7942ab8.
[2021-07-08 12:59:23] [INFO] [create_file_timeline.py:93] <module>: Skipping the file "security/sandbox/mac/SandboxPolicyContent.h" in the neutral commit a2d7f3a3280ccd08a56f130f5856ca6b650ff767 since it will be vulnerable in the next commit abff4da67d0fc336c4e301497ba911a6d7942ab8.
[2021-07-08 12:59:23] [INFO] [create_file_timeline.py:93] <module>: Skipping the file "xpcom/base/CycleCollectedJSRuntime.cpp" in the neutral commit a2d7f3a3280ccd08a56f130f5856ca6b650ff767 since it will be vulnerable in the next commit abff4da67d0fc336c4e301497ba911a6d7942ab8.
[2021-07-08 12:59:23] [INFO] [create_file_timeline.py:93] <module>: Skipping the file "xpcom/base/nsMacUtilsImpl.cpp" in the neutral commit a2d7f3a3280ccd08a56f130f5856ca6b650ff767 since it will be vulnerable in the next commit abff4da67d0fc336c4e301497ba911a6d7942ab8.
[2021-07-08 12:59:23] [INFO] [create_file_timeline.py:93] <module>: Skipping the file "xpcom/base/nsMacUtilsImpl.h" in the neutral commit a2d7f3a3280ccd08a56f130f5856ca6b650ff767 since it will be vulnerable in the next commit abff4da67d0fc336c4e301497ba911a6d7942ab8.
[2021-07-08 13:00:54] [INFO] [create_file_timeline.py:93] <module>: Skipping the file "js/src/jit/MCallOptimize.cpp" in the neutral commit 268a1d9df4da7d61e05b0bbb4632e4c0d4c653a4 since it will be vulnerable in the next commit 7b96f9e12f53b4331e93e4c1e9ddf35074bd9060.
[2021-07-08 13:00:54] [INFO] [create_file_timeline.py:93] <module>: Skipping the file "js/src/jit/MIR.cpp" in the neutral commit 268a1d9df4da7d61e05b0bbb4632e4c0d4c653a4 since it will be vulnerable in the next commit 7b96f9e12f53b4331e93e4c1e9ddf35074bd9060.
[2021-07-08 13:00:54] [INFO] [create_file_timeline.py:93] <module>: Skipping the file "js/src/jit/MIR.h" in the neutral commit 268a1d9df4da7d61e05b0bbb4632e4c0d4c653a4 since it will be vulnerable in the next commit 7b96f9e12f53b4331e93e4c1e9ddf35074bd9060.
[2021-07-08 13:02:36] [INFO] [create_file_timeline.py:93] <module>: Skipping the file "dom/plugins/base/nsPluginStreamListenerPeer.cpp" in the neutral commit 532113a26a58040ce2e30d7bc788c5c34319eebd since it will be vulnerable in the next commit d4b067645cffd90ae0546c49ae6b39d0cdbbc424.
[2021-07-08 13:03:14] [INFO] [create_file_timeline.py:149] <module>: Updating the results for the index 4650 (2019-05-08 17:48:26)...
[2021-07-08 13:03:16] [INFO] [create_file_timeline.py:93] <module>: Skipping the file "dom/base/nsGlobalWindowOuter.cpp" in the neutral commit e5907275481f6ccbdedbe5a556849acb066fa14d since it will be vulnerable in the next commit af7fd7c0e87a4dc9ce01c9dc67fd887bdb755d6b.
[2021-07-08 13:04:03] [INFO] [create_file_timeline.py:93] <module>: Skipping the file "netwerk/protocol/http/AlternateServices.cpp" in the neutral commit c8d10536804e8dfcb04fcef11d21e225f988bef2 since it will be vulnerable in the next commit f8a94637c7ac527c2363820b73b003720ea85d4c.
[2021-07-08 13:04:20] [INFO] [create_file_timeline.py:93] <module>: Skipping the file "dom/ipc/ContentParent.h" in the neutral commit e561d233e9bfe5697cb8263e28b206dca96c0ca9 since it will be vulnerable in the next commit 03b41fa512866692a81e1386fde54139fa0d66f4.
[2021-07-08 13:04:36] [INFO] [create_file_timeline.py:93] <module>: Skipping the file "browser/components/about/AboutRedirector.cpp" in the neutral commit 21a98d921b055b72b8965ecddc56f79d617de984 since it will be vulnerable in the next commit b17ae2fa0e197716e0c638703d0240cf38aea75f.
[2021-07-08 13:04:36] [INFO] [create_file_timeline.py:93] <module>: Skipping the file "dom/base/ChromeUtils.cpp" in the neutral commit 21a98d921b055b72b8965ecddc56f79d617de984 since it will be vulnerable in the next commit b17ae2fa0e197716e0c638703d0240cf38aea75f.
[2021-07-08 13:04:36] [INFO] [create_file_timeline.py:93] <module>: Skipping the file "dom/ipc/ContentChild.cpp" in the neutral commit 21a98d921b055b72b8965ecddc56f79d617de984 since it will be vulnerable in the next commit b17ae2fa0e197716e0c638703d0240cf38aea75f.
[2021-07-08 13:04:36] [INFO] [create_file_timeline.py:93] <module>: Skipping the file "dom/ipc/ContentParent.h" in the neutral commit 21a98d921b055b72b8965ecddc56f79d617de984 since it will be vulnerable in the next commit b17ae2fa0e197716e0c638703d0240cf38aea75f.
[2021-07-08 13:04:36] [INFO] [create_file_timeline.py:93] <module>: Skipping the file "js/xpconnect/loader/ScriptPreloader.cpp" in the neutral commit 21a98d921b055b72b8965ecddc56f79d617de984 since it will be vulnerable in the next commit b17ae2fa0e197716e0c638703d0240cf38aea75f.
[2021-07-08 13:04:36] [INFO] [create_file_timeline.py:93] <module>: Skipping the file "js/xpconnect/loader/ScriptPreloader.h" in the neutral commit 21a98d921b055b72b8965ecddc56f79d617de984 since it will be vulnerable in the next commit b17ae2fa0e197716e0c638703d0240cf38aea75f.
[2021-07-08 13:04:36] [INFO] [create_file_timeline.py:93] <module>: Skipping the file "widget/ProcInfo.h" in the neutral commit 21a98d921b055b72b8965ecddc56f79d617de984 since it will be vulnerable in the next commit b17ae2fa0e197716e0c638703d0240cf38aea75f.
[2021-07-08 13:04:38] [INFO] [create_file_timeline.py:93] <module>: Skipping the file "browser/components/about/AboutRedirector.cpp" in the neutral commit 03b41fa512866692a81e1386fde54139fa0d66f4 since it will be vulnerable in the next commit 83f983a15fa312e7169ad634f795d6424dcc97c3.
[2021-07-08 13:04:38] [INFO] [create_file_timeline.py:93] <module>: Skipping the file "dom/base/ChromeUtils.cpp" in the neutral commit 03b41fa512866692a81e1386fde54139fa0d66f4 since it will be vulnerable in the next commit 83f983a15fa312e7169ad634f795d6424dcc97c3.
[2021-07-08 13:04:42] [INFO] [create_file_timeline.py:93] <module>: Skipping the file "dom/ipc/ContentChild.cpp" in the neutral commit 03b41fa512866692a81e1386fde54139fa0d66f4 since it will be vulnerable in the next commit 83f983a15fa312e7169ad634f795d6424dcc97c3.
[2021-07-08 13:04:42] [INFO] [create_file_timeline.py:93] <module>: Skipping the file "dom/ipc/ContentParent.h" in the neutral commit 03b41fa512866692a81e1386fde54139fa0d66f4 since it will be vulnerable in the next commit 83f983a15fa312e7169ad634f795d6424dcc97c3.
[2021-07-08 13:04:48] [INFO] [create_file_timeline.py:93] <module>: Skipping the file "js/xpconnect/loader/ScriptPreloader.cpp" in the neutral commit 03b41fa512866692a81e1386fde54139fa0d66f4 since it will be vulnerable in the next commit 83f983a15fa312e7169ad634f795d6424dcc97c3.
[2021-07-08 13:04:48] [INFO] [create_file_timeline.py:93] <module>: Skipping the file "js/xpconnect/loader/ScriptPreloader.h" in the neutral commit 03b41fa512866692a81e1386fde54139fa0d66f4 since it will be vulnerable in the next commit 83f983a15fa312e7169ad634f795d6424dcc97c3.
[2021-07-08 13:04:50] [INFO] [create_file_timeline.py:93] <module>: Skipping the file "widget/ProcInfo.h" in the neutral commit 03b41fa512866692a81e1386fde54139fa0d66f4 since it will be vulnerable in the next commit 83f983a15fa312e7169ad634f795d6424dcc97c3.
[2021-07-08 13:04:51] [INFO] [create_file_timeline.py:149] <module>: Updating the results for the index 4660 (2019-05-28 14:19:11)...
[2021-07-08 13:05:44] [INFO] [create_file_timeline.py:93] <module>: Skipping the file "netwerk/base/nsStandardURL.cpp" in the neutral commit 3961c47023d97e92b826fa19778c13a4f9cc8d6b since it will be vulnerable in the next commit 75a57c0d1ab83d6dda72e47340abcca1b41f4194.
[2021-07-08 13:08:22] [INFO] [create_file_timeline.py:93] <module>: Skipping the file "parser/html/nsHtml5Tokenizer.cpp" in the neutral commit b24a8cb8e40f5ac2d0b5cfe11af2fd83cd9a0b81 since it will be vulnerable in the next commit 733e1e26a8c91fcf0d8a45665565ede42bda256b.
[2021-07-08 13:08:22] [INFO] [create_file_timeline.py:149] <module>: Updating the results for the index 4670 (2019-06-14 22:54:06)...
[2021-07-08 13:10:03] [INFO] [create_file_timeline.py:93] <module>: Skipping the file "dom/security/nsCSPUtils.cpp" in the neutral commit ebfa2175cc7ce593f484332b6230808590924909 since it will be vulnerable in the next commit 0fcee1ff243de20d9cdf1b0f59fae5855a23f311.
[2021-07-08 13:11:47] [INFO] [create_file_timeline.py:93] <module>: Skipping the file "modules/libpref/init/StaticPrefList.h" in the neutral commit c60f80108908a62ddf1d414622301977c514ac8c since it will be vulnerable in the next commit e579562ded94671d4b06ba09d90096b698c566f8.
[2021-07-08 13:11:48] [INFO] [create_file_timeline.py:93] <module>: Skipping the file "netwerk/base/nsNetUtil.cpp" in the neutral commit c60f80108908a62ddf1d414622301977c514ac8c since it will be vulnerable in the next commit e579562ded94671d4b06ba09d90096b698c566f8.
[2021-07-08 13:15:32] [INFO] [create_file_timeline.py:93] <module>: Skipping the file "dom/performance/PerformanceNavigationTiming.cpp" in the neutral commit 3623f75636a5230dab06aca599fa6b2d046e92f5 since it will be vulnerable in the next commit 57a64c39069e6a026f4892e78bbef28ea4dd367c.
[2021-07-08 13:17:19] [INFO] [create_file_timeline.py:149] <module>: Updating the results for the index 4680 (2019-07-08 07:33:59)...
[2021-07-08 13:18:14] [INFO] [create_file_timeline.py:93] <module>: Skipping the file "security/manager/ssl/nsSiteSecurityService.cpp" in the neutral commit b904ee7e69fdce0a1357d0a24240fe8468bf441c since it will be vulnerable in the next commit 18c49c3c24e8f3dd40a1e7c9cffdddcfdad7f81b.
[2021-07-08 13:21:22] [INFO] [create_file_timeline.py:149] <module>: Updating the results for the index 4690 (2019-07-24 16:05:46)...
[2021-07-08 13:21:28] [INFO] [create_file_timeline.py:93] <module>: Skipping the file "dom/html/ImageDocument.cpp" in the neutral commit 8dd6475840d65de96199aa9a5dc3b23934475e2a since it will be vulnerable in the next commit 8307db6f25b1f39a29df4c8fbcca602e9ce4c311.
[2021-07-08 13:21:28] [INFO] [create_file_timeline.py:93] <module>: Skipping the file "dom/html/PluginDocument.cpp" in the neutral commit 8dd6475840d65de96199aa9a5dc3b23934475e2a since it will be vulnerable in the next commit 8307db6f25b1f39a29df4c8fbcca602e9ce4c311.
[2021-07-08 13:21:28] [INFO] [create_file_timeline.py:93] <module>: Skipping the file "dom/html/VideoDocument.cpp" in the neutral commit 8dd6475840d65de96199aa9a5dc3b23934475e2a since it will be vulnerable in the next commit 8307db6f25b1f39a29df4c8fbcca602e9ce4c311.
[2021-07-08 13:22:39] [INFO] [create_file_timeline.py:93] <module>: Skipping the file "js/src/vm/TypeInference.cpp" in the neutral commit 2c99c9a0383dd5d19d6406462c631ab1a976d362 since it will be vulnerable in the next commit 84b0e082f1cb435f90705f0055f07cd7df69ba01.
[2021-07-08 13:22:39] [INFO] [create_file_timeline.py:93] <module>: Skipping the file "js/src/vm/TypeInference.h" in the neutral commit 2c99c9a0383dd5d19d6406462c631ab1a976d362 since it will be vulnerable in the next commit 84b0e082f1cb435f90705f0055f07cd7df69ba01.
[2021-07-08 13:23:07] [INFO] [create_file_timeline.py:93] <module>: Skipping the file "js/src/jit/IonAnalysis.cpp" in the neutral commit f4903d08bd9e2eadd0b25019c04e371bf5127dcb since it will be vulnerable in the next commit 065ae1e01e85845b2948ded3b0ae3378fbd959ed.
[2021-07-08 13:23:07] [INFO] [create_file_timeline.py:93] <module>: Skipping the file "js/src/jit/IonAnalysis.h" in the neutral commit f4903d08bd9e2eadd0b25019c04e371bf5127dcb since it will be vulnerable in the next commit 065ae1e01e85845b2948ded3b0ae3378fbd959ed.
[2021-07-08 13:23:07] [INFO] [create_file_timeline.py:93] <module>: Skipping the file "js/src/vm/TypeInference.cpp" in the neutral commit f4903d08bd9e2eadd0b25019c04e371bf5127dcb since it will be vulnerable in the next commit 065ae1e01e85845b2948ded3b0ae3378fbd959ed.
[2021-07-08 13:23:07] [INFO] [create_file_timeline.py:93] <module>: Skipping the file "js/src/vm/TypeInference.h" in the neutral commit f4903d08bd9e2eadd0b25019c04e371bf5127dcb since it will be vulnerable in the next commit 065ae1e01e85845b2948ded3b0ae3378fbd959ed.
[2021-07-08 13:24:15] [INFO] [create_file_timeline.py:93] <module>: Skipping the file "toolkit/xre/nsAppRunner.cpp" in the neutral commit f26100717f55a50b78308bb281bb7f77b47cf10b since it will be vulnerable in the next commit c0db818712d3c9b8ec9ae5b2dbe3a179eb857eb1.
[2021-07-08 13:24:40] [INFO] [create_file_timeline.py:149] <module>: Updating the results for the index 4700 (2019-08-20 19:51:34)...
[2021-07-08 13:36:48] [INFO] [create_file_timeline.py:93] <module>: Skipping the file "parser/htmlparser/nsExpatDriver.cpp" in the neutral commit a09c2fa5e029e4a42ff024e8e4eb2a63cb9e4889 since it will be vulnerable in the next commit 12fa5a907bdbccbd05914cf4286e0a59aa9aaab0.
[2021-07-08 13:41:32] [INFO] [create_file_timeline.py:93] <module>: Skipping the file "js/xpconnect/src/Sandbox.cpp" in the neutral commit 2a3f8f47606758286eeab802835b1cdcc5357596 since it will be vulnerable in the next commit 9424bd2cc7d8cb83a2df9e7eb88e5357a3360547.
[2021-07-08 13:41:34] [INFO] [create_file_timeline.py:93] <module>: Skipping the file "js/xpconnect/src/xpcprivate.h" in the neutral commit 2a3f8f47606758286eeab802835b1cdcc5357596 since it will be vulnerable in the next commit 9424bd2cc7d8cb83a2df9e7eb88e5357a3360547.
[2021-07-08 13:43:37] [INFO] [create_file_timeline.py:158] <module>: Locating any consecutive commits.
[2021-07-08 13:43:37] [INFO] [create_file_timeline.py:190] <module>: Removed 1 neutral files that were actually vulnerable between the consecutive commits 4524 and 4525 (fc530ca3167058f975212a75c0524f50d0321f24): ['gfx/2d/ssse3-scaler.c']
[2021-07-08 13:43:37] [INFO] [create_file_timeline.py:190] <module>: Removed 2 neutral files that were actually vulnerable between the consecutive commits 4528 and 4529 (9fcd68ce86ab0f260b63c287bb58a3733757b022): ['dom/html/HTMLMediaElement.cpp', 'dom/html/HTMLMediaElement.h']
[2021-07-08 13:43:37] [INFO] [create_file_timeline.py:190] <module>: Removed 3 neutral files that were actually vulnerable between the consecutive commits 4530 and 4531 (6c6e70fcbc1d8165d2fbf3f4715625c15a9d8eef): ['dom/media/MediaDecoderStateMachine.cpp', 'dom/media/mediasink/OutputStreamManager.cpp', 'dom/media/mediasink/OutputStreamManager.h']
[2021-07-08 13:43:38] [INFO] [create_file_timeline.py:190] <module>: Removed 1 neutral files that were actually vulnerable between the consecutive commits 4552 and 4553 (050942c49cdfbe3247cfc09c33a2d26d68e34664): ['layout/base/nsRefreshDriver.cpp']
[2021-07-08 13:43:38] [INFO] [create_file_timeline.py:193] <module>: The consecutive commits 4566 and 4567 (c0e48637d27b853d4a600b3c81d897b201421390) do not have vulnerabilities in common: "['CVE-2018-12386']" vs "['CVE-2018-12387']".
[2021-07-08 13:43:38] [INFO] [create_file_timeline.py:190] <module>: Removed 1 neutral files that were actually vulnerable between the consecutive commits 4576 and 4577 (ceecd61c1605a5e769d918f92352cb74dc8298a1): ['caps/BasePrincipal.cpp']
[2021-07-08 13:43:38] [INFO] [create_file_timeline.py:190] <module>: Removed 0 neutral files that were actually vulnerable between the consecutive commits 4620 and 4621 (601d226fe3690ff57287580431fd9a937298be80): []
[2021-07-08 13:43:38] [INFO] [create_file_timeline.py:190] <module>: Removed 1 neutral files that were actually vulnerable between the consecutive commits 4626 and 4627 (c2c31c421b0c5bdd870b0a7f529e07888a13db47): ['js/src/jit/CodeGenerator.cpp']
[2021-07-08 13:43:38] [INFO] [create_file_timeline.py:190] <module>: Removed 2 neutral files that were actually vulnerable between the consecutive commits 4642 and 4643 (cd1c25bb790ec2cd8c87be71366605318e815665): ['xpcom/base/nsMacUtilsImpl.cpp', 'xpcom/base/nsMacUtilsImpl.h']
[2021-07-08 13:43:38] [INFO] [create_file_timeline.py:190] <module>: Removed 2 neutral files that were actually vulnerable between the consecutive commits 4646 and 4647 (45bb7b88236e3d26c875d9ba21f7a477b725e201): ['xpcom/base/nsMacUtilsImpl.cpp', 'xpcom/base/nsMacUtilsImpl.h']
[2021-07-08 13:43:38] [INFO] [create_file_timeline.py:190] <module>: Removed 1 neutral files that were actually vulnerable between the consecutive commits 4662 and 4663 (b8705a848162eb3efa35af29d3e9536dc5b85823): ['dom/ipc/ContentParent.h']
[2021-07-08 13:43:38] [INFO] [create_file_timeline.py:190] <module>: Removed 0 neutral files that were actually vulnerable between the consecutive commits 4708 and 4709 (3acaa3cda8743008853384728807540c00bf5c3b): []
[2021-07-08 13:43:40] [INFO] [create_file_timeline.py:198] <module>: Finished running for the project "Mozilla".
