[2021-06-09 18:56:10] [INFO] [common.py:73] <module>: Initializing the common module.
[2021-06-09 18:56:10] [INFO] [common.py:133] <module>: Changing the recursion limit from 1000 to 1000000 at the user's request.
[2021-06-09 18:56:10] [INFO] [project.py:34] <module>: Loading libclang from "/usr/lib/x86_64-linux-gnu/libclang-10.so.1".
[2021-06-09 18:56:10] [INFO] [project.py:43] <module>: Loaded libclang successfully.
[2021-06-09 18:56:10] [INFO] [project.py:135] get_project_list_from_config: Loading the project "glibc" with the following configurations: {'short_name': 'glibc', 'database_id': 5, 'database_name': 'glibc', 'vendor_id': 72, 'product_id': 767, 'url_pattern': 'sourceware', 'master_branch': 'master', 'language': 'c', 'include_directory_path': 'include', 'repository_path': '/home/admin/estagio-2020-2021/estagio-software-vulnerabilities-2020-2021/repositories/glibc', 'output_directory_path': 'output/final', 'scrape_all_branches': False}
[2021-06-09 18:56:10] [INFO] [project.py:89] __init__: Loaded the project "Glibc" located in "/home/admin/estagio-2020-2021/estagio-software-vulnerabilities-2020-2021/repositories/glibc".
[2021-06-09 18:56:10] [INFO] [project.py:135] get_project_list_from_config: Loading the project "apache" with the following configurations: {'short_name': 'apache', 'database_id': 4, 'database_name': 'httpd', 'vendor_id': 45, 'product_id': 66, 'url_pattern': 'apache', 'master_branch': 'trunk', 'language': 'c', 'include_directory_path': 'include', 'repository_path': '/home/admin/estagio-2020-2021/estagio-software-vulnerabilities-2020-2021/repositories/httpd', 'output_directory_path': 'output/final', 'scrape_all_branches': False}
[2021-06-09 18:56:10] [INFO] [project.py:89] __init__: Loaded the project "Apache HTTP Server" located in "/home/admin/estagio-2020-2021/estagio-software-vulnerabilities-2020-2021/repositories/httpd".
[2021-06-09 18:56:10] [INFO] [project.py:135] get_project_list_from_config: Loading the project "xen" with the following configurations: {'short_name': 'xen', 'database_id': 3, 'database_name': 'xen', 'vendor_id': 6276, 'product_id': None, 'url_pattern': 'xen', 'master_branch': 'master', 'language': 'c', 'include_directory_path': 'xen/include', 'repository_path': '/home/admin/estagio-2020-2021/estagio-software-vulnerabilities-2020-2021/repositories/xen', 'output_directory_path': 'output/final', 'scrape_all_branches': False}
[2021-06-09 18:56:10] [INFO] [project.py:89] __init__: Loaded the project "Xen" located in "/home/admin/estagio-2020-2021/estagio-software-vulnerabilities-2020-2021/repositories/xen".
[2021-06-09 18:56:10] [INFO] [project.py:135] get_project_list_from_config: Loading the project "kernel" with the following configurations: {'short_name': 'kernel', 'database_id': 2, 'database_name': 'kernel', 'vendor_id': 33, 'product_id': 47, 'url_pattern': 'linux|kernel|redhat', 'master_branch': 'master', 'language': 'c', 'include_directory_path': 'include', 'repository_path': '/home/admin/estagio-2020-2021/estagio-software-vulnerabilities-2020-2021/repositories/linux', 'output_directory_path': 'output/final', 'scrape_all_branches': False}
[2021-06-09 18:56:10] [INFO] [project.py:89] __init__: Loaded the project "Linux Kernel" located in "/home/admin/estagio-2020-2021/estagio-software-vulnerabilities-2020-2021/repositories/linux".
[2021-06-09 18:56:10] [INFO] [project.py:135] get_project_list_from_config: Loading the project "mozilla" with the following configurations: {'short_name': 'mozilla', 'database_id': 1, 'database_name': 'mozilla', 'vendor_id': 452, 'product_id': None, 'url_pattern': 'mozilla', 'master_branch': 'master', 'language': 'c++', 'include_directory_path': None, 'repository_path': '/home/admin/estagio-2020-2021/estagio-software-vulnerabilities-2020-2021/repositories/gecko-dev', 'output_directory_path': 'output/final', 'scrape_all_branches': False}
[2021-06-09 18:56:10] [INFO] [project.py:89] __init__: Loaded the project "Mozilla" located in "/home/admin/estagio-2020-2021/estagio-software-vulnerabilities-2020-2021/repositories/gecko-dev".
[2021-06-09 18:56:10] [INFO] [create_file_timeline.py:29] <module>: Creating the file timeline for the project "Glibc" using the information in "/home/admin/estagio-2020-2021/estagio-software-vulnerabilities-2020-2021/scripts/output/final/glibc/affected-files-5-glibc-master-branch-20210327184447.csv".
[2021-06-09 18:57:52] [INFO] [create_file_timeline.py:90] <module>: Skipping the file "grp/initgroups.c" in the neutral commit 28f540f45bbacd939bfd07f213bcad2bf730b1bf since it will be vulnerable in the next commit edc8cc2a29b53fd6eeb82cd5fae14aa6bbb827dc.
[2021-06-09 18:57:56] [INFO] [create_file_timeline.py:90] <module>: Skipping the file "intl/dcigettext.c" in the neutral commit 28f540f45bbacd939bfd07f213bcad2bf730b1bf since it will be vulnerable in the next commit edc8cc2a29b53fd6eeb82cd5fae14aa6bbb827dc.
[2021-06-09 18:58:54] [INFO] [create_file_timeline.py:134] <module>: Updating the results for the index 0 (1995-02-18 01:27:10)...
[2021-06-09 18:59:01] [INFO] [create_file_timeline.py:90] <module>: Skipping the file "nscd/connections.c" in the neutral commit edac424073092fda118fb8514ad524d3a66a9ae6 since it will be vulnerable in the next commit 1329b60176b59b185ad71fc87a86dd0cf9cff21b.
[2021-06-09 18:59:17] [INFO] [create_file_timeline.py:90] <module>: Skipping the file "stdio-common/printf_fphex.c" in the neutral commit 9388dcbb84dd616b20823ac46c8630b8c2845a82 since it will be vulnerable in the next commit 9c06eb66b5b4662c22532ab03525eab46c4cf2eb.
[2021-06-09 18:59:37] [INFO] [create_file_timeline.py:90] <module>: Skipping the file "stdio-common/printf_fp.c" in the neutral commit 153aa31b93be22e01b236375fb02a9f9b9a0195f since it will be vulnerable in the next commit 9d076f21cdf5f7bb2293498ed22330bb02c0a68d.
[2021-06-09 18:59:39] [INFO] [create_file_timeline.py:90] <module>: Skipping the file "elf/dynamic-link.h" in the neutral commit 199eb0de8d673fb23aa127721054b4f1803d61f3 since it will be vulnerable in the next commit 7a033a828df19b4f3bfd7e4d66102f63d1167f08.
[2021-06-09 18:59:42] [INFO] [create_file_timeline.py:134] <module>: Updating the results for the index 10 (2009-09-29 13:11:59)...
[2021-06-09 18:59:52] [INFO] [create_file_timeline.py:90] <module>: Skipping the file "sysdeps/posix/getaddrinfo.c" in the neutral commit 8126d90480fa3e0c5c5cd0d02cb1c93174b45485 since it will be vulnerable in the next commit 85188888f63b9fc7f40437baeed4c7d6e4f30e18.
[2021-06-09 18:59:54] [INFO] [create_file_timeline.py:90] <module>: Skipping the file "stdio-common/vfscanf.c" in the neutral commit 2e96f1c73b06e81da59ef7fffa426dc201875f31 since it will be vulnerable in the next commit e4899e7b9adbf74145f6530f6f57517f773e330c.
[2021-06-09 18:59:54] [INFO] [create_file_timeline.py:134] <module>: Updating the results for the index 20 (2011-08-04 19:42:10)...
[2021-06-09 19:00:02] [INFO] [create_file_timeline.py:90] <module>: Skipping the file "time/tzfile.c" in the neutral commit 3f8cc204fdd077da66ffc8e9595158b469e2b8e5 since it will be vulnerable in the next commit b813d73fd7bb94390b787e86138c1169b64ca1ff.
[2021-06-09 19:00:37] [INFO] [create_file_timeline.py:90] <module>: Skipping the file "stdio-common/vfprintf.c" in the neutral commit 20b38e0301279a37a3f1e769843933bcc0d5f736 since it will be vulnerable in the next commit c6922934363f44b88250567f52036d8e9972c255.
[2021-06-09 19:01:42] [INFO] [create_file_timeline.py:134] <module>: Updating the results for the index 30 (2012-06-06 13:09:10)...
[2021-06-09 19:02:59] [INFO] [create_file_timeline.py:90] <module>: Skipping the file "sysdeps/posix/getaddrinfo.c" in the neutral commit d6e70f4368533224e66d10b7f2126b899a3fd5e4 since it will be vulnerable in the next commit 74d87055bfeb31ea37bc2356d88c065c612e1c0e.
[2021-06-09 19:03:39] [INFO] [create_file_timeline.py:90] <module>: Skipping the file "malloc/malloc.c" in the neutral commit 91ce40854d0b7f865cf5024ef95a8026b76096f3 since it will be vulnerable in the next commit c7cabd1355e79b7e111904bb3985908cae185b73.
[2021-06-09 19:03:41] [INFO] [create_file_timeline.py:134] <module>: Updating the results for the index 40 (2013-08-12 14:08:02)...
[2021-06-09 19:04:24] [INFO] [create_file_timeline.py:90] <module>: Skipping the file "nscd/netgroupcache.c" in the neutral commit b73ed247781d533628b681f57257dc85882645d3 since it will be vulnerable in the next commit 27c7220a483bda576533aa9a0a9b42175644b1a1.
[2021-06-09 19:05:38] [INFO] [create_file_timeline.py:90] <module>: Skipping the file "resolv/res_send.c" in the neutral commit c44496df2f090a56d3bf75df930592dac6bba46f since it will be vulnerable in the next commit 71840409ea45ab9e49d0ac70dfc1c355accf355f.
[2021-06-09 19:05:46] [INFO] [create_file_timeline.py:134] <module>: Updating the results for the index 50 (2014-06-11 21:12:52)...
[2021-06-09 19:06:13] [INFO] [create_file_timeline.py:134] <module>: Updating the results for the index 60 (2014-11-19 16:44:12)...
[2021-06-09 19:06:41] [INFO] [create_file_timeline.py:90] <module>: Skipping the file "localedata/xfrm-test.c" in the neutral commit 11e3417af6e354f1942c68a271ae51e892b2814d since it will be vulnerable in the next commit c60ec0e016f9e2444c7bc2703fc6b671a26f0f5e.
[2021-06-09 19:07:18] [INFO] [create_file_timeline.py:90] <module>: Skipping the file "string/strxfrm_l.c" in the neutral commit 11e3417af6e354f1942c68a271ae51e892b2814d since it will be vulnerable in the next commit c60ec0e016f9e2444c7bc2703fc6b671a26f0f5e.
[2021-06-09 19:08:46] [INFO] [create_file_timeline.py:134] <module>: Updating the results for the index 70 (2015-02-26 13:55:24)...
[2021-06-09 19:09:20] [INFO] [create_file_timeline.py:134] <module>: Updating the results for the index 80 (2015-09-22 11:40:17)...
[2021-06-09 19:09:26] [INFO] [create_file_timeline.py:90] <module>: Skipping the file "include/stdlib.h" in the neutral commit a014cecd82b71b70a6a843e250e06b541ad524f7 since it will be vulnerable in the next commit a7f0c5ae4184916f0e145de3aefc794bf2e280ad.
[2021-06-09 19:09:38] [INFO] [create_file_timeline.py:90] <module>: Skipping the file "stdlib/strtod_l.c" in the neutral commit a014cecd82b71b70a6a843e250e06b541ad524f7 since it will be vulnerable in the next commit a7f0c5ae4184916f0e145de3aefc794bf2e280ad.
[2021-06-09 19:10:40] [INFO] [create_file_timeline.py:90] <module>: Skipping the file "misc/hsearch_r.c" in the neutral commit 8f5e8b01a1da2a207228f2072c934fa5918554b8 since it will be vulnerable in the next commit 8a71d2e27fd067a85059aefb93c9ce83142b03e9.
[2021-06-09 19:12:59] [INFO] [create_file_timeline.py:134] <module>: Updating the results for the index 90 (2016-01-28 12:59:11)...
[2021-06-09 19:13:01] [INFO] [create_file_timeline.py:90] <module>: Skipping the file "resolv/res_init.c" in the neutral commit e9db92d3acfe1822d56d11abcea5bfc4c41cf6ca since it will be vulnerable in the next commit 2beb1010e4cc7083f8e253db8af615476c9959fd.
[2021-06-09 19:13:09] [INFO] [create_file_timeline.py:134] <module>: Updating the results for the index 100 (2016-04-29 08:35:34)...
[2021-06-09 19:13:14] [INFO] [create_file_timeline.py:90] <module>: Skipping the file "include/arpa/nameser_compat.h" in the neutral commit bc779a1a5b3035133024b21e2f339fe4219fb11c since it will be vulnerable in the next commit 3c589b1a8a4401e258ba23a03fcbcc79b82393ab.
[2021-06-09 19:13:25] [INFO] [create_file_timeline.py:90] <module>: Skipping the file "resolv/nss_dns/dns-host.c" in the neutral commit bc779a1a5b3035133024b21e2f339fe4219fb11c since it will be vulnerable in the next commit 3c589b1a8a4401e258ba23a03fcbcc79b82393ab.
[2021-06-09 19:17:51] [INFO] [create_file_timeline.py:90] <module>: Skipping the file "resolv/res_mkquery.c" in the neutral commit d42eed4a044e5e10dfb885cf9891c2518a72a491 since it will be vulnerable in the next commit c803cb9b24c6cea15698768e4301e963b98e742c.
[2021-06-09 19:17:51] [INFO] [create_file_timeline.py:90] <module>: Skipping the file "resolv/res_query.c" in the neutral commit d42eed4a044e5e10dfb885cf9891c2518a72a491 since it will be vulnerable in the next commit c803cb9b24c6cea15698768e4301e963b98e742c.
[2021-06-09 19:17:51] [INFO] [create_file_timeline.py:90] <module>: Skipping the file "resolv/resolv-internal.h" in the neutral commit d42eed4a044e5e10dfb885cf9891c2518a72a491 since it will be vulnerable in the next commit c803cb9b24c6cea15698768e4301e963b98e742c.
[2021-06-09 19:17:53] [INFO] [create_file_timeline.py:90] <module>: Skipping the file "support/resolv_test.c" in the neutral commit d42eed4a044e5e10dfb885cf9891c2518a72a491 since it will be vulnerable in the next commit c803cb9b24c6cea15698768e4301e963b98e742c.
[2021-06-09 19:18:24] [INFO] [create_file_timeline.py:90] <module>: Skipping the file "posix/glob.c" in the neutral commit e14a27723cc3a154d67f3f26e719d08c0ba9ad25 since it will be vulnerable in the next commit 6d43de4b85b11d26a19bebe4f55f31be16e3d419.
[2021-06-09 19:19:19] [INFO] [create_file_timeline.py:134] <module>: Updating the results for the index 110 (2017-04-13 11:09:38)...
[2021-06-09 19:19:25] [INFO] [create_file_timeline.py:90] <module>: Skipping the file "malloc/malloc.c" in the neutral commit 2fac6a6cd50c22ac28c97d0864306594807ade3e since it will be vulnerable in the next commit 18305fba5575a09063652014cfc483b898d8bdcd.
[2021-06-09 19:19:40] [INFO] [create_file_timeline.py:90] <module>: Skipping the file "elf/dl-load.c" in the neutral commit 34697694e8a93b325b18f25f7dcded55d6baeaf6 since it will be vulnerable in the next commit c48831d0eebf876d986919baf2d9240a79192837.
[2021-06-09 19:19:52] [INFO] [create_file_timeline.py:134] <module>: Updating the results for the index 120 (2017-11-30 12:31:45)...
[2021-06-09 19:20:48] [INFO] [create_file_timeline.py:90] <module>: Skipping the file "malloc/malloc.c" in the neutral commit 3e3c904daef69b8bf7d5cc07f793c9f07c3553ef since it will be vulnerable in the next commit 80647883cf5847c8b6b0197e9703eb04222496b6.
[2021-06-09 19:25:03] [INFO] [create_file_timeline.py:90] <module>: Skipping the file "stdlib/canonicalize.c" in the neutral commit cd66c0e584c6d692bc8347b5e72723d02b8a8ada since it will be vulnerable in the next commit aaee3cd88ed58f332f261021d78d071db6265e85.
[2021-06-09 19:25:26] [INFO] [create_file_timeline.py:134] <module>: Updating the results for the index 130 (2018-05-22 08:37:59)...
[2021-06-09 19:25:35] [INFO] [create_file_timeline.py:90] <module>: Skipping the file "stdlib/test-bz22786.c" in the neutral commit ed983107bbc62245b06b99f02e69acf36a0baa3e since it will be vulnerable in the next commit 09c12efcafd1e08c290e63e2095c772ce35117be.
[2021-06-09 19:26:14] [INFO] [create_file_timeline.py:134] <module>: Updating the results for the index 140 (2018-10-19 11:30:44)...
[2021-06-09 19:28:09] [INFO] [create_file_timeline.py:90] <module>: Skipping the file "nscd/gai.c" in the neutral commit 899478c2bfa00c5df8d8bedb52effbb065700278 since it will be vulnerable in the next commit 5165de69c0908e28a380cbd4bb054e55ea4abc95.
[2021-06-09 19:28:09] [INFO] [create_file_timeline.py:90] <module>: Skipping the file "nscd/gethstbynm3_r.c" in the neutral commit 899478c2bfa00c5df8d8bedb52effbb065700278 since it will be vulnerable in the next commit 5165de69c0908e28a380cbd4bb054e55ea4abc95.
[2021-06-09 19:28:10] [INFO] [create_file_timeline.py:90] <module>: Skipping the file "nss/digits_dots.c" in the neutral commit 899478c2bfa00c5df8d8bedb52effbb065700278 since it will be vulnerable in the next commit 5165de69c0908e28a380cbd4bb054e55ea4abc95.
[2021-06-09 19:28:22] [INFO] [create_file_timeline.py:90] <module>: Skipping the file "resolv/inet_addr.c" in the neutral commit 899478c2bfa00c5df8d8bedb52effbb065700278 since it will be vulnerable in the next commit 5165de69c0908e28a380cbd4bb054e55ea4abc95.
[2021-06-09 19:28:23] [INFO] [create_file_timeline.py:90] <module>: Skipping the file "resolv/res_init.c" in the neutral commit 899478c2bfa00c5df8d8bedb52effbb065700278 since it will be vulnerable in the next commit 5165de69c0908e28a380cbd4bb054e55ea4abc95.
[2021-06-09 19:30:12] [INFO] [create_file_timeline.py:90] <module>: Skipping the file "sysdeps/posix/getaddrinfo.c" in the neutral commit 899478c2bfa00c5df8d8bedb52effbb065700278 since it will be vulnerable in the next commit 5165de69c0908e28a380cbd4bb054e55ea4abc95.
[2021-06-09 19:32:44] [INFO] [create_file_timeline.py:90] <module>: Skipping the file "iconv/gconv_charset.h" in the neutral commit 583dd860d5b833037175247230a328f0050dbfe9 since it will be vulnerable in the next commit 94d9c76e4acc798894ea23d9ac049ce7ce995ec0.
[2021-06-09 19:32:45] [INFO] [create_file_timeline.py:90] <module>: Skipping the file "iconv/gconv_int.h" in the neutral commit 583dd860d5b833037175247230a328f0050dbfe9 since it will be vulnerable in the next commit 94d9c76e4acc798894ea23d9ac049ce7ce995ec0.
[2021-06-09 19:32:45] [INFO] [create_file_timeline.py:90] <module>: Skipping the file "iconv/gconv_open.c" in the neutral commit 583dd860d5b833037175247230a328f0050dbfe9 since it will be vulnerable in the next commit 94d9c76e4acc798894ea23d9ac049ce7ce995ec0.
[2021-06-09 19:32:45] [INFO] [create_file_timeline.py:90] <module>: Skipping the file "iconv/iconv_open.c" in the neutral commit 583dd860d5b833037175247230a328f0050dbfe9 since it will be vulnerable in the next commit 94d9c76e4acc798894ea23d9ac049ce7ce995ec0.
[2021-06-09 19:32:45] [INFO] [create_file_timeline.py:90] <module>: Skipping the file "iconv/iconv_prog.c" in the neutral commit 583dd860d5b833037175247230a328f0050dbfe9 since it will be vulnerable in the next commit 94d9c76e4acc798894ea23d9ac049ce7ce995ec0.
[2021-06-09 19:33:08] [INFO] [create_file_timeline.py:90] <module>: Skipping the file "intl/dcigettext.c" in the neutral commit 583dd860d5b833037175247230a328f0050dbfe9 since it will be vulnerable in the next commit 94d9c76e4acc798894ea23d9ac049ce7ce995ec0.
[2021-06-09 19:39:36] [INFO] [create_file_timeline.py:134] <module>: Updating the results for the index 150 (2020-07-07 18:31:48)...
[2021-06-09 19:42:28] [INFO] [create_file_timeline.py:90] <module>: Skipping the file "stdlib/canonicalize.c" in the neutral commit 7d4ec75e111291851620c6aa2c4460647b7fd50d since it will be vulnerable in the next commit 448a256359e951fd2e81ccb2926e3f2b1d7a09de.
[2021-06-09 19:42:33] [INFO] [create_file_timeline.py:90] <module>: Skipping the file "stdlib/test-bz22786.c" in the neutral commit 7d4ec75e111291851620c6aa2c4460647b7fd50d since it will be vulnerable in the next commit 448a256359e951fd2e81ccb2926e3f2b1d7a09de.
[2021-06-09 19:45:37] [INFO] [create_file_timeline.py:90] <module>: Skipping the file "sysdeps/unix/sysv/linux/faccessat.c" in the neutral commit 7d4ec75e111291851620c6aa2c4460647b7fd50d since it will be vulnerable in the next commit 448a256359e951fd2e81ccb2926e3f2b1d7a09de.
[2021-06-09 19:46:51] [INFO] [create_file_timeline.py:143] <module>: Locating any consecutive commits.
[2021-06-09 19:46:51] [INFO] [create_file_timeline.py:175] <module>: Removed 1 neutral files that were actually vulnerable between the consecutive commits 40 and 41 (1159a193696ad48ec86e5895f6dee3e539619c0e): ['malloc/malloc.c']
[2021-06-09 19:46:51] [INFO] [create_file_timeline.py:175] <module>: Removed 1 neutral files that were actually vulnerable between the consecutive commits 42 and 43 (55e17aadc1ef17a1df9626fb0e9fba290ece3331): ['malloc/malloc.c']
[2021-06-09 19:46:51] [INFO] [create_file_timeline.py:178] <module>: The consecutive commits 78 and 79 (e07aabba73ea62e7dfa0512507c92efb851fbdbe) do not have vulnerabilities in common: "['CVE-2015-1781']" vs "['CVE-2015-5277']".
[2021-06-09 19:46:51] [INFO] [create_file_timeline.py:175] <module>: Removed 0 neutral files that were actually vulnerable between the consecutive commits 130 and 131 (9aaaab7c6e4176e61c59b0a63c6ba906d875dc0e): []
[2021-06-09 19:46:52] [INFO] [create_file_timeline.py:183] <module>: Finished running for the project "Glibc".
[2021-06-09 19:46:52] [INFO] [create_file_timeline.py:29] <module>: Creating the file timeline for the project "Apache HTTP Server" using the information in "/home/admin/estagio-2020-2021/estagio-software-vulnerabilities-2020-2021/scripts/output/final/apache/affected-files-4-apache-master-branch-20210327184447.csv".
[2021-06-09 19:47:12] [INFO] [create_file_timeline.py:90] <module>: Skipping the file "modules/mappers/mod_rewrite.c" in the neutral commit db68a0c656fd42876e5fa5979b0637904785485d since it will be vulnerable in the next commit 79c25adcdaf5b10a51eba5b32eaa81ffff9125eb.
[2021-06-09 19:47:13] [INFO] [create_file_timeline.py:134] <module>: Updating the results for the index 0 (1996-07-03 06:18:15)...
[2021-06-09 19:47:14] [INFO] [create_file_timeline.py:90] <module>: Skipping the file "modules/cache/mod_mem_cache.c" in the neutral commit 862dd4e3e7a3391afd6fe392e4ab568d73b9c873 since it will be vulnerable in the next commit 5ebab647ff9d54fd719d0312a321e9f7ab8b17e1.
[2021-06-09 19:47:16] [INFO] [create_file_timeline.py:90] <module>: Skipping the file "modules/ssl/ssl_engine_init.c" in the neutral commit 9a29cd5f657671998da41c51e1933d23312ad310 since it will be vulnerable in the next commit 4ca6d1cb48a74bfab63a5adac931f9620e683b0e.
[2021-06-09 19:47:16] [INFO] [create_file_timeline.py:90] <module>: Skipping the file "modules/ssl/ssl_engine_io.c" in the neutral commit 9a29cd5f657671998da41c51e1933d23312ad310 since it will be vulnerable in the next commit 4ca6d1cb48a74bfab63a5adac931f9620e683b0e.
[2021-06-09 19:47:16] [INFO] [create_file_timeline.py:90] <module>: Skipping the file "modules/ssl/ssl_engine_kernel.c" in the neutral commit 9a29cd5f657671998da41c51e1933d23312ad310 since it will be vulnerable in the next commit 4ca6d1cb48a74bfab63a5adac931f9620e683b0e.
[2021-06-09 19:47:16] [INFO] [create_file_timeline.py:90] <module>: Skipping the file "modules/ssl/ssl_private.h" in the neutral commit 9a29cd5f657671998da41c51e1933d23312ad310 since it will be vulnerable in the next commit 4ca6d1cb48a74bfab63a5adac931f9620e683b0e.
[2021-06-09 19:47:19] [INFO] [create_file_timeline.py:90] <module>: Skipping the file "modules/loggers/mod_log_config.c" in the neutral commit 29525f5d2c0514611cb8c5b616fd88d6fc0ce6a0 since it will be vulnerable in the next commit 7f188926f73457ae029d572fd7b6e790e8f4fde6.
[2021-06-09 19:47:20] [INFO] [create_file_timeline.py:134] <module>: Updating the results for the index 10 (2010-03-02 04:46:13)...
[2021-06-09 19:47:21] [INFO] [create_file_timeline.py:90] <module>: Skipping the file "modules/dav/main/util.c" in the neutral commit 885e76bebb7f8a1eeb5c72d3c217dd94fd6a8556 since it will be vulnerable in the next commit be6ef336b248743839cbaf7c2cf2b369121cddfb.
[2021-06-09 19:47:23] [INFO] [create_file_timeline.py:90] <module>: Skipping the file "modules/filters/mod_deflate.c" in the neutral commit 02780d57bd9287c472c9ce5c25c6e46d04d67ea6 since it will be vulnerable in the next commit b2605d20c42fe882a42f55d059286f64927ac30d.
[2021-06-09 19:47:24] [INFO] [create_file_timeline.py:90] <module>: Skipping the file "include/ap_mmn.h" in the neutral commit c0be5abcd369a29528c9e9f3cc5b74753a3ec4a5 since it will be vulnerable in the next commit 3b365793c19aff95d1cf9bbea19f138752264d12.
[2021-06-09 19:47:24] [INFO] [create_file_timeline.py:90] <module>: Skipping the file "include/httpd.h" in the neutral commit c0be5abcd369a29528c9e9f3cc5b74753a3ec4a5 since it will be vulnerable in the next commit 3b365793c19aff95d1cf9bbea19f138752264d12.
[2021-06-09 19:47:24] [INFO] [create_file_timeline.py:90] <module>: Skipping the file "modules/loggers/mod_log_config.c" in the neutral commit c0be5abcd369a29528c9e9f3cc5b74753a3ec4a5 since it will be vulnerable in the next commit 3b365793c19aff95d1cf9bbea19f138752264d12.
[2021-06-09 19:47:24] [INFO] [create_file_timeline.py:90] <module>: Skipping the file "modules/proxy/mod_proxy_http.c" in the neutral commit c0be5abcd369a29528c9e9f3cc5b74753a3ec4a5 since it will be vulnerable in the next commit 3b365793c19aff95d1cf9bbea19f138752264d12.
[2021-06-09 19:47:24] [INFO] [create_file_timeline.py:134] <module>: Updating the results for the index 20 (2014-07-14 20:08:25)...
[2021-06-09 19:47:24] [INFO] [create_file_timeline.py:90] <module>: Skipping the file "modules/aaa/mod_authnz_fcgi.c" in the neutral commit 8cc5e00f9ead2e8f915a567aeb756c5cca357188 since it will be vulnerable in the next commit 31e1a51f0f614de2d40711a0bd4324c6b39ffc66.
[2021-06-09 19:47:24] [INFO] [create_file_timeline.py:90] <module>: Skipping the file "modules/proxy/mod_proxy_fcgi.c" in the neutral commit 8cc5e00f9ead2e8f915a567aeb756c5cca357188 since it will be vulnerable in the next commit 31e1a51f0f614de2d40711a0bd4324c6b39ffc66.
[2021-06-09 19:47:25] [INFO] [create_file_timeline.py:90] <module>: Skipping the file "modules/lua/lua_request.c" in the neutral commit 38535f55b12814315ba5ded4a6180e11e821134e since it will be vulnerable in the next commit 8f40799093982ce366269ae49d4dc4b837378f4c.
[2021-06-09 19:47:26] [INFO] [create_file_timeline.py:90] <module>: Skipping the file "include/ap_mmn.h" in the neutral commit be0f5335e3e73eb63253b050fdc23f252f5c8ae3 since it will be vulnerable in the next commit a6027e56924bb6227c1fdbf6f91e7e2438338be6.
[2021-06-09 19:47:26] [INFO] [create_file_timeline.py:134] <module>: Updating the results for the index 30 (2015-03-05 02:33:16)...
[2021-06-09 19:47:28] [INFO] [create_file_timeline.py:90] <module>: Skipping the file "modules/http2/h2_session.c" in the neutral commit db81019ab88734ed35fa70294a0cfa7a19743f73 since it will be vulnerable in the next commit 2829dd2368bb169204e28f5baa4e2619b360f80a.
[2021-06-09 19:47:28] [INFO] [create_file_timeline.py:90] <module>: Skipping the file "modules/http2/h2_stream.c" in the neutral commit db81019ab88734ed35fa70294a0cfa7a19743f73 since it will be vulnerable in the next commit 2829dd2368bb169204e28f5baa4e2619b360f80a.
[2021-06-09 19:47:29] [INFO] [create_file_timeline.py:143] <module>: Locating any consecutive commits.
[2021-06-09 19:47:29] [INFO] [create_file_timeline.py:178] <module>: The consecutive commits 8 and 9 (1ea89a333a6f69e8c55459213c653b614dda5b7b) do not have vulnerabilities in common: "['CVE-2010-0425']" vs "['CVE-2010-0408']".
[2021-06-09 19:47:29] [INFO] [create_file_timeline.py:178] <module>: The consecutive commits 18 and 19 (6346ece4d953e367f08263a5f2a814e2a9f1a946) do not have vulnerabilities in common: "['CVE-2014-0118']" vs "['CVE-2014-0231']".
[2021-06-09 19:47:29] [INFO] [create_file_timeline.py:183] <module>: Finished running for the project "Apache HTTP Server".
[2021-06-09 19:47:29] [INFO] [create_file_timeline.py:29] <module>: Creating the file timeline for the project "Xen" using the information in "/home/admin/estagio-2020-2021/estagio-software-vulnerabilities-2020-2021/scripts/output/final/xen/affected-files-3-xen-master-branch-20210327184447.csv".
[2021-06-09 19:53:32] [INFO] [create_file_timeline.py:90] <module>: Skipping the file "xen/arch/x86/irq.c" in the neutral commit 93081dee186d6bb3e1ede0a179085b8504846896 since it will be vulnerable in the next commit 231d7f4098c8ac9cdb78f18fcb820d8618c8b0c2.
[2021-06-09 19:53:37] [INFO] [create_file_timeline.py:134] <module>: Updating the results for the index 0 (1970-01-01 00:00:00)...
[2021-06-09 19:53:38] [INFO] [create_file_timeline.py:134] <module>: Updating the results for the index 10 (2014-02-06 15:44:41)...
[2021-06-09 19:53:39] [INFO] [create_file_timeline.py:90] <module>: Skipping the file "xen/arch/x86/hvm/hvm.c" in the neutral commit d883c179a74111a6804baf8cb8224235242a88fc since it will be vulnerable in the next commit a3e12a091147a0804b55c73064beb7e11785ab04.
[2021-06-09 19:53:39] [INFO] [create_file_timeline.py:90] <module>: Skipping the file "xen/arch/x86/mm/p2m.c" in the neutral commit d883c179a74111a6804baf8cb8224235242a88fc since it will be vulnerable in the next commit a3e12a091147a0804b55c73064beb7e11785ab04.
[2021-06-09 19:53:40] [INFO] [create_file_timeline.py:90] <module>: Skipping the file "xen/arch/arm/traps.c" in the neutral commit 0fe53c4f279e1a8ef913e71ed000236d21ce96de since it will be vulnerable in the next commit 8cfc8e520679e029bed51ccc2540a136fc0fbd9b.
[2021-06-09 19:53:41] [INFO] [create_file_timeline.py:134] <module>: Updating the results for the index 20 (2014-04-14 19:46:43)...
[2021-06-09 19:53:42] [INFO] [create_file_timeline.py:90] <module>: Skipping the file "xen/arch/x86/hvm/hvm.c" in the neutral commit bf70db7cea3794cf2f3c8d714b460bba86b04791 since it will be vulnerable in the next commit 31ee951a3bee6e7cc21f94f900fe989e3701a79a.
[2021-06-09 19:53:42] [INFO] [create_file_timeline.py:134] <module>: Updating the results for the index 30 (2014-04-29 13:11:31)...
[2021-06-09 19:53:44] [INFO] [create_file_timeline.py:90] <module>: Skipping the file "xen/arch/x86/hvm/irq.c" in the neutral commit 2cd6bf3653a2b983c90bf3af42d199c499db4165 since it will be vulnerable in the next commit bc421a32559da877253f1bfa2d0776bf5b737c70.
[2021-06-09 19:53:45] [INFO] [create_file_timeline.py:90] <module>: Skipping the file "xen/common/page_alloc.c" in the neutral commit 0fbaa84f60af1c27dcc78a6154d64227381e72e9 since it will be vulnerable in the next commit 5157e9dfd52682a7376c0c6a9c13ea413c06047e.
[2021-06-09 19:53:46] [INFO] [create_file_timeline.py:90] <module>: Skipping the file "xen/arch/arm/domain.c" in the neutral commit 4bd78937ec324bcef4e29ef951e0ff9815770de1 since it will be vulnerable in the next commit 0e7acfd1b4790623766e05e5b6aa6df155b27bc9.
[2021-06-09 19:53:46] [INFO] [create_file_timeline.py:134] <module>: Updating the results for the index 40 (2014-06-17 13:21:10)...
[2021-06-09 19:53:47] [INFO] [create_file_timeline.py:90] <module>: Skipping the file "xen/arch/x86/domain.c" in the neutral commit 9cf5ff44a38b36a316b506758dbf6887de0e4a56 since it will be vulnerable in the next commit f093fcf90f420b18429dcbc6c91f9393171634ce.
[2021-06-09 19:53:47] [INFO] [create_file_timeline.py:90] <module>: Skipping the file "xen/arch/x86/domctl.c" in the neutral commit 9cf5ff44a38b36a316b506758dbf6887de0e4a56 since it will be vulnerable in the next commit f093fcf90f420b18429dcbc6c91f9393171634ce.
[2021-06-09 19:53:47] [INFO] [create_file_timeline.py:90] <module>: Skipping the file "xen/arch/x86/mm/hap/hap.c" in the neutral commit 9cf5ff44a38b36a316b506758dbf6887de0e4a56 since it will be vulnerable in the next commit f093fcf90f420b18429dcbc6c91f9393171634ce.
[2021-06-09 19:53:47] [INFO] [create_file_timeline.py:90] <module>: Skipping the file "xen/arch/x86/mm/paging.c" in the neutral commit 9cf5ff44a38b36a316b506758dbf6887de0e4a56 since it will be vulnerable in the next commit f093fcf90f420b18429dcbc6c91f9393171634ce.
[2021-06-09 19:53:47] [INFO] [create_file_timeline.py:90] <module>: Skipping the file "xen/common/domain.c" in the neutral commit 9cf5ff44a38b36a316b506758dbf6887de0e4a56 since it will be vulnerable in the next commit f093fcf90f420b18429dcbc6c91f9393171634ce.
[2021-06-09 19:53:47] [INFO] [create_file_timeline.py:90] <module>: Skipping the file "xen/include/asm-x86/domain.h" in the neutral commit 9cf5ff44a38b36a316b506758dbf6887de0e4a56 since it will be vulnerable in the next commit f093fcf90f420b18429dcbc6c91f9393171634ce.
[2021-06-09 19:53:48] [INFO] [create_file_timeline.py:134] <module>: Updating the results for the index 50 (2014-08-12 13:37:25)...
[2021-06-09 19:53:50] [INFO] [create_file_timeline.py:90] <module>: Skipping the file "xen/include/asm-x86/hvm/domain.h" in the neutral commit a4e0cea6fced50e251453dfe52e1b9dde77a84f5 since it will be vulnerable in the next commit 7d7147762282c387aeb0e78bc4f7818b85dbee76.
[2021-06-09 19:53:50] [INFO] [create_file_timeline.py:90] <module>: Skipping the file "xen/arch/x86/hvm/hvm.c" in the neutral commit 346d4545569928b652c40c7815c1732676f8587c since it will be vulnerable in the next commit b6e6ccfaa95109c26c8027e5c5b1c8e97d6ae87f.
[2021-06-09 19:53:51] [INFO] [create_file_timeline.py:134] <module>: Updating the results for the index 60 (2014-09-23 12:33:50)...
[2021-06-09 19:53:52] [INFO] [create_file_timeline.py:90] <module>: Skipping the file "xen/arch/x86/mm.c" in the neutral commit 070493dfd2788e061b53f074b7ba97507fbcbf65 since it will be vulnerable in the next commit 0540b854f6733759593e829bc3f13c9b45974e32.
[2021-06-09 19:53:52] [INFO] [create_file_timeline.py:134] <module>: Updating the results for the index 70 (2014-11-20 16:38:46)...
[2021-06-09 19:53:53] [INFO] [create_file_timeline.py:90] <module>: Skipping the file "xen/arch/x86/hvm/hvm.c" in the neutral commit 2a549b9c8aa48dc39d7c97e5a93978b781b3a1db since it will be vulnerable in the next commit 8233ca53adf008da54c01d55d3309c4b0999ddb5.
[2021-06-09 19:53:54] [INFO] [create_file_timeline.py:90] <module>: Skipping the file "xen/arch/arm/vgic-v3.c" in the neutral commit d3c151fd3a4365fc6107198bfc975807d40d157d since it will be vulnerable in the next commit 9f7798eb6ea20ba94617772ed0f3b8862b826533.
[2021-06-09 19:53:55] [INFO] [create_file_timeline.py:134] <module>: Updating the results for the index 80 (2015-01-19 14:01:09)...
[2021-06-09 19:53:57] [INFO] [create_file_timeline.py:90] <module>: Skipping the file "tools/libxl/libxl_dm.c" in the neutral commit bcf92a5382b75fd964c1f8678b2d9a3abe6dec39 since it will be vulnerable in the next commit 156e90e8f9ad74c7f91633630a882bdbb6caf5ff.
[2021-06-09 19:53:57] [INFO] [create_file_timeline.py:134] <module>: Updating the results for the index 90 (2015-03-10 12:45:51)...
[2021-06-09 19:53:58] [INFO] [create_file_timeline.py:90] <module>: Skipping the file "tools/libxc/xc_domain.c" in the neutral commit c1245e9d5bf311b5a3267ea4b077a16561fcf439 since it will be vulnerable in the next commit 3dca8a17f639f4b53cd2eeb687cec4e9f83acf3d.
[2021-06-09 19:53:59] [INFO] [create_file_timeline.py:90] <module>: Skipping the file "xen/arch/x86/domctl.c" in the neutral commit 131a0ea637e323b1adc5f076165f349612298afa since it will be vulnerable in the next commit bf68adcadaa2b0885c5d2f1c8e2e068e209eb041.
[2021-06-09 19:54:02] [INFO] [create_file_timeline.py:134] <module>: Updating the results for the index 100 (2015-04-21 07:03:15)...
[2021-06-09 19:54:05] [INFO] [create_file_timeline.py:90] <module>: Skipping the file "xen/arch/arm/mm.c" in the neutral commit 1f0721377952fc038b48f175d7061ec701359aac since it will be vulnerable in the next commit 7d418eab3b6dbdeec84bf73af301dca54368547a.
[2021-06-09 19:54:08] [INFO] [create_file_timeline.py:90] <module>: Skipping the file "tools/libxl/libxl_dm.c" in the neutral commit afc13fe5e21d18c09e44f8ae6f7f4484e9f1de7f since it will be vulnerable in the next commit f304da48779ef71bca723619ddf0b3bf6ae15c8a.
[2021-06-09 19:54:09] [INFO] [create_file_timeline.py:90] <module>: Skipping the file "xen/arch/arm/domain.c" in the neutral commit fa30003c13577b7ae4bbb46252ec1cbabd65c645 since it will be vulnerable in the next commit 79fbab823fde327c6b766529c1b06b509457dc92.
[2021-06-09 19:54:10] [INFO] [create_file_timeline.py:134] <module>: Updating the results for the index 110 (2015-10-29 12:31:10)...
[2021-06-09 19:54:10] [INFO] [create_file_timeline.py:134] <module>: Updating the results for the index 120 (2015-10-29 12:36:25)...
[2021-06-09 19:54:12] [INFO] [create_file_timeline.py:90] <module>: Skipping the file "xen/include/asm-x86/config.h" in the neutral commit bd2239d9fa975a1ee5bcd27c218ae042cd0a57bc since it will be vulnerable in the next commit 3c80d6f3c61eb0f8072f70b0a9a8c8c7adf17572.
[2021-06-09 19:54:13] [INFO] [create_file_timeline.py:134] <module>: Updating the results for the index 130 (2015-12-08 13:00:33)...
[2021-06-09 19:54:13] [INFO] [create_file_timeline.py:90] <module>: Skipping the file "xen/arch/x86/domain.c" in the neutral commit 40412e3c99722229f1ec93cd95fc8486d778f5df since it will be vulnerable in the next commit 7458d585358834cfb6c6fabb02009a646d42f105.
[2021-06-09 19:54:15] [INFO] [create_file_timeline.py:90] <module>: Skipping the file "xen/arch/x86/mm.c" in the neutral commit 5c1048565ba5b240f47203bdb67572bee73d639e since it will be vulnerable in the next commit 1949868d640427dc91bfb23741d78eb1d86841c8.
[2021-06-09 19:54:15] [INFO] [create_file_timeline.py:134] <module>: Updating the results for the index 140 (2016-01-20 12:49:23)...
[2021-06-09 19:54:16] [INFO] [create_file_timeline.py:90] <module>: Skipping the file "xen/arch/x86/hvm/mtrr.c" in the neutral commit bf05e88ed7342a91cceba050b6c622accb809842 since it will be vulnerable in the next commit f5365e6a175355cc5ef889e00345e4c524de57df.
[2021-06-09 19:54:16] [INFO] [create_file_timeline.py:90] <module>: Skipping the file "xen/arch/x86/mm.c" in the neutral commit bf05e88ed7342a91cceba050b6c622accb809842 since it will be vulnerable in the next commit f5365e6a175355cc5ef889e00345e4c524de57df.
[2021-06-09 19:54:16] [INFO] [create_file_timeline.py:90] <module>: Skipping the file "xen/arch/x86/mm/p2m-pt.c" in the neutral commit bf05e88ed7342a91cceba050b6c622accb809842 since it will be vulnerable in the next commit f5365e6a175355cc5ef889e00345e4c524de57df.
[2021-06-09 19:54:16] [INFO] [create_file_timeline.py:90] <module>: Skipping the file "xen/arch/x86/mm/shadow/multi.c" in the neutral commit bf05e88ed7342a91cceba050b6c622accb809842 since it will be vulnerable in the next commit f5365e6a175355cc5ef889e00345e4c524de57df.
[2021-06-09 19:54:16] [INFO] [create_file_timeline.py:90] <module>: Skipping the file "xen/arch/x86/mm/shadow/types.h" in the neutral commit bf05e88ed7342a91cceba050b6c622accb809842 since it will be vulnerable in the next commit f5365e6a175355cc5ef889e00345e4c524de57df.
[2021-06-09 19:54:18] [INFO] [create_file_timeline.py:90] <module>: Skipping the file "xen/arch/x86/i387.c" in the neutral commit ffbbfda37782a2408953af1a3e00ada80bb141bc since it will be vulnerable in the next commit 04119085f5a2a135e5161535b8821e1aa0d7db8a.
[2021-06-09 19:54:19] [INFO] [create_file_timeline.py:90] <module>: Skipping the file "xen/arch/x86/xstate.c" in the neutral commit ffbbfda37782a2408953af1a3e00ada80bb141bc since it will be vulnerable in the next commit 04119085f5a2a135e5161535b8821e1aa0d7db8a.
[2021-06-09 19:54:21] [INFO] [create_file_timeline.py:90] <module>: Skipping the file "xen/arch/x86/cpu/common.c" in the neutral commit 7bd9dc3adfbb014c55f0928ebb3b20950ca9c019 since it will be vulnerable in the next commit 4e4689e74d012b737bbca820cfe52c689c7d9cef.
[2021-06-09 19:54:21] [INFO] [create_file_timeline.py:90] <module>: Skipping the file "xen/arch/x86/hvm/hvm.c" in the neutral commit 7bd9dc3adfbb014c55f0928ebb3b20950ca9c019 since it will be vulnerable in the next commit 4e4689e74d012b737bbca820cfe52c689c7d9cef.
[2021-06-09 19:54:21] [INFO] [create_file_timeline.py:90] <module>: Skipping the file "xen/include/asm-x86/domain.h" in the neutral commit 7bd9dc3adfbb014c55f0928ebb3b20950ca9c019 since it will be vulnerable in the next commit 4e4689e74d012b737bbca820cfe52c689c7d9cef.
[2021-06-09 19:54:21] [INFO] [create_file_timeline.py:90] <module>: Skipping the file "xen/include/asm-x86/processor.h" in the neutral commit 7bd9dc3adfbb014c55f0928ebb3b20950ca9c019 since it will be vulnerable in the next commit 4e4689e74d012b737bbca820cfe52c689c7d9cef.
[2021-06-09 19:54:23] [INFO] [create_file_timeline.py:134] <module>: Updating the results for the index 150 (2016-03-14 11:05:48)...
[2021-06-09 19:54:23] [INFO] [create_file_timeline.py:90] <module>: Skipping the file "tools/libxl/libxl_create.c" in the neutral commit 46699c7393bd991234b5642763c5c24b6b39a6c4 since it will be vulnerable in the next commit 181677977fc35ddb848ae4d440fbb72e8afc8a1e.
[2021-06-09 19:54:23] [INFO] [create_file_timeline.py:90] <module>: Skipping the file "tools/libxl/libxl_internal.h" in the neutral commit 46699c7393bd991234b5642763c5c24b6b39a6c4 since it will be vulnerable in the next commit 181677977fc35ddb848ae4d440fbb72e8afc8a1e.
[2021-06-09 19:54:24] [INFO] [create_file_timeline.py:134] <module>: Updating the results for the index 160 (2016-05-04 14:30:32)...
[2021-06-09 19:54:24] [INFO] [create_file_timeline.py:134] <module>: Updating the results for the index 170 (2016-05-03 14:52:53)...
[2021-06-09 19:54:24] [INFO] [create_file_timeline.py:134] <module>: Updating the results for the index 180 (2016-04-29 16:18:44)...
[2021-06-09 19:54:25] [INFO] [create_file_timeline.py:134] <module>: Updating the results for the index 190 (2016-04-29 18:10:45)...
[2021-06-09 19:54:25] [INFO] [create_file_timeline.py:134] <module>: Updating the results for the index 200 (2016-05-03 14:40:18)...
[2021-06-09 19:54:25] [INFO] [create_file_timeline.py:134] <module>: Updating the results for the index 210 (2016-05-05 15:17:26)...
[2021-06-09 19:54:27] [INFO] [create_file_timeline.py:90] <module>: Skipping the file "xen/arch/x86/mm.c" in the neutral commit 9ab1bd9ab64799816c8223a5f210b7a767ab4ccc since it will be vulnerable in the next commit d5438accceecc8172db2d37d98b695eb8bc43afc.
[2021-06-09 19:54:29] [INFO] [create_file_timeline.py:90] <module>: Skipping the file "xen/arch/x86/mm.c" in the neutral commit e1bff4c2ea3b32464510ac00c320bba28a8dbcca since it will be vulnerable in the next commit f8b4d961d5661d2edfaccadf66988596bfbc44c6.
[2021-06-09 19:54:30] [INFO] [create_file_timeline.py:134] <module>: Updating the results for the index 220 (2016-09-08 12:14:53)...
[2021-06-09 19:54:33] [INFO] [create_file_timeline.py:90] <module>: Skipping the file "tools/tests/x86_emulator/test_x86_emulator.c" in the neutral commit a9f3b3bad17d91e2067fc00d51b0302349570d08 since it will be vulnerable in the next commit d1fd8b09de4bb7e82573b816ba0434d62db28239.
[2021-06-09 19:54:33] [INFO] [create_file_timeline.py:90] <module>: Skipping the file "xen/arch/x86/hvm/emulate.c" in the neutral commit a9f3b3bad17d91e2067fc00d51b0302349570d08 since it will be vulnerable in the next commit d1fd8b09de4bb7e82573b816ba0434d62db28239.
[2021-06-09 19:54:33] [INFO] [create_file_timeline.py:90] <module>: Skipping the file "xen/arch/x86/x86_emulate/x86_emulate.c" in the neutral commit a9f3b3bad17d91e2067fc00d51b0302349570d08 since it will be vulnerable in the next commit d1fd8b09de4bb7e82573b816ba0434d62db28239.
[2021-06-09 19:54:33] [INFO] [create_file_timeline.py:90] <module>: Skipping the file "xen/arch/x86/x86_emulate/x86_emulate.h" in the neutral commit a9f3b3bad17d91e2067fc00d51b0302349570d08 since it will be vulnerable in the next commit d1fd8b09de4bb7e82573b816ba0434d62db28239.
[2021-06-09 19:54:34] [INFO] [create_file_timeline.py:90] <module>: Skipping the file "xen/arch/x86/hvm/hvm.c" in the neutral commit 3ab81e01104d7c05e239f3bd9329c4fc87a463f4 since it will be vulnerable in the next commit f678e2c78110e73431217306bbd33c736802d700.
[2021-06-09 19:54:34] [INFO] [create_file_timeline.py:90] <module>: Skipping the file "xen/arch/x86/hvm/svm/svm.c" in the neutral commit 3ab81e01104d7c05e239f3bd9329c4fc87a463f4 since it will be vulnerable in the next commit f678e2c78110e73431217306bbd33c736802d700.
[2021-06-09 19:54:34] [INFO] [create_file_timeline.py:90] <module>: Skipping the file "xen/arch/x86/hvm/vmx/vmx.c" in the neutral commit 3ab81e01104d7c05e239f3bd9329c4fc87a463f4 since it will be vulnerable in the next commit f678e2c78110e73431217306bbd33c736802d700.
[2021-06-09 19:54:34] [INFO] [create_file_timeline.py:90] <module>: Skipping the file "xen/arch/x86/x86_emulate/x86_emulate.c" in the neutral commit 3ab81e01104d7c05e239f3bd9329c4fc87a463f4 since it will be vulnerable in the next commit f678e2c78110e73431217306bbd33c736802d700.
[2021-06-09 19:54:34] [INFO] [create_file_timeline.py:134] <module>: Updating the results for the index 230 (2016-11-22 12:45:44)...
[2021-06-09 19:54:35] [INFO] [create_file_timeline.py:134] <module>: Updating the results for the index 240 (2016-11-22 12:51:16)...
[2021-06-09 19:54:37] [INFO] [create_file_timeline.py:90] <module>: Skipping the file "xen/arch/x86/x86_emulate/x86_emulate.c" in the neutral commit 6aaff7b407ca76dcfc4fe81f2afe9d1594cb0d6b since it will be vulnerable in the next commit 7469686ccc959765542cd10551f9bd7a602f2cbd.
[2021-06-09 19:54:39] [INFO] [create_file_timeline.py:134] <module>: Updating the results for the index 250 (2016-12-21 15:47:19)...
[2021-06-09 19:54:43] [INFO] [create_file_timeline.py:90] <module>: Skipping the file "xen/common/memory.c" in the neutral commit 93e1435290867703c50acad1f54b9208df473562 since it will be vulnerable in the next commit cde048340afa125514f77368f62fbea9805a68f9.
[2021-06-09 19:54:45] [INFO] [create_file_timeline.py:90] <module>: Skipping the file "xen/arch/arm/traps.c" in the neutral commit 938fd2586eb081bcbd694f4c1f09ae6a263b0d90 since it will be vulnerable in the next commit ba39e9b2108319d2b7b842781106386b8ed62fab.
[2021-06-09 19:54:46] [INFO] [create_file_timeline.py:90] <module>: Skipping the file "xen/arch/x86/mm.c" in the neutral commit eaf537342c909875c10f49b06e17493655410681 since it will be vulnerable in the next commit 461b2165346de236fff2d00d1c318062f1daab08.
[2021-06-09 19:54:47] [INFO] [create_file_timeline.py:134] <module>: Updating the results for the index 260 (2017-06-20 12:29:51)...
[2021-06-09 19:54:48] [INFO] [create_file_timeline.py:134] <module>: Updating the results for the index 270 (2017-06-20 12:36:51)...
[2021-06-09 19:54:48] [INFO] [create_file_timeline.py:134] <module>: Updating the results for the index 280 (2017-06-20 12:45:33)...
[2021-06-09 19:54:50] [INFO] [create_file_timeline.py:90] <module>: Skipping the file "xen/arch/x86/mm.c" in the neutral commit 11fc7ccb7217ccfb79edb727d1349618bcb0602d since it will be vulnerable in the next commit df8c142211b4559b136f377f58142214288fef8e.
[2021-06-09 19:54:51] [INFO] [create_file_timeline.py:134] <module>: Updating the results for the index 290 (2017-08-15 13:07:25)...
[2021-06-09 19:54:51] [INFO] [create_file_timeline.py:90] <module>: Skipping the file "xen/common/grant_table.c" in the neutral commit 6e2a4c73564ab907b732059adb317d6ca2d138a2 since it will be vulnerable in the next commit f859e4a3b9088a76fe733fd0312b0922f90b85e1.
[2021-06-09 19:54:52] [INFO] [create_file_timeline.py:134] <module>: Updating the results for the index 300 (2017-08-11 18:02:51)...
[2021-06-09 19:54:53] [INFO] [create_file_timeline.py:90] <module>: Skipping the file "xen/common/memory.c" in the neutral commit 59546c1897a90fe9af5ebbbb05ead8d98b4d17b9 since it will be vulnerable in the next commit 19cee44abfdf162a25d86f999d9a50bcfdf468bc.
[2021-06-09 19:54:53] [INFO] [create_file_timeline.py:90] <module>: Skipping the file "xen/common/page_alloc.c" in the neutral commit 59546c1897a90fe9af5ebbbb05ead8d98b4d17b9 since it will be vulnerable in the next commit 19cee44abfdf162a25d86f999d9a50bcfdf468bc.
[2021-06-09 19:54:54] [INFO] [create_file_timeline.py:90] <module>: Skipping the file "tools/libxl/libxl_sched.c" in the neutral commit 16b1414de91b5a82a0996c67f6db3af7d7e32873 since it will be vulnerable in the next commit 839cbe6628c818166cc99d941b83860c2e7cc94e.
[2021-06-09 19:54:55] [INFO] [create_file_timeline.py:90] <module>: Skipping the file "tools/xl/xl_cmdtable.c" in the neutral commit 16b1414de91b5a82a0996c67f6db3af7d7e32873 since it will be vulnerable in the next commit 839cbe6628c818166cc99d941b83860c2e7cc94e.
[2021-06-09 19:54:55] [INFO] [create_file_timeline.py:90] <module>: Skipping the file "tools/xl/xl_sched.c" in the neutral commit 16b1414de91b5a82a0996c67f6db3af7d7e32873 since it will be vulnerable in the next commit 839cbe6628c818166cc99d941b83860c2e7cc94e.
[2021-06-09 19:54:55] [INFO] [create_file_timeline.py:90] <module>: Skipping the file "xen/arch/x86/cpu/intel.c" in the neutral commit 16b1414de91b5a82a0996c67f6db3af7d7e32873 since it will be vulnerable in the next commit 839cbe6628c818166cc99d941b83860c2e7cc94e.
[2021-06-09 19:54:55] [INFO] [create_file_timeline.py:90] <module>: Skipping the file "xen/arch/x86/pv/emul-priv-op.c" in the neutral commit 16b1414de91b5a82a0996c67f6db3af7d7e32873 since it will be vulnerable in the next commit 839cbe6628c818166cc99d941b83860c2e7cc94e.
[2021-06-09 19:54:55] [INFO] [create_file_timeline.py:90] <module>: Skipping the file "xen/common/sched_credit2.c" in the neutral commit 16b1414de91b5a82a0996c67f6db3af7d7e32873 since it will be vulnerable in the next commit 839cbe6628c818166cc99d941b83860c2e7cc94e.
[2021-06-09 19:54:56] [INFO] [create_file_timeline.py:90] <module>: Skipping the file "xen/include/public/domctl.h" in the neutral commit 16b1414de91b5a82a0996c67f6db3af7d7e32873 since it will be vulnerable in the next commit 839cbe6628c818166cc99d941b83860c2e7cc94e.
[2021-06-09 19:54:56] [INFO] [create_file_timeline.py:134] <module>: Updating the results for the index 310 (2017-09-12 12:45:13)...
