[2021-07-07 21:16:49] [INFO] [common.py:73] <module>: Initializing the common module.
[2021-07-07 21:16:49] [INFO] [common.py:133] <module>: Changing the recursion limit from 1000 to 1000000 at the user's request.
[2021-07-07 21:16:49] [INFO] [project.py:33] <module>: Loading libclang from "/usr/lib/x86_64-linux-gnu/libclang-10.so.1".
[2021-07-07 21:16:49] [INFO] [project.py:42] <module>: Loaded libclang successfully.
[2021-07-07 21:16:49] [INFO] [project.py:118] get_project_list_from_config: Ignoring the project "glibc".
[2021-07-07 21:16:49] [INFO] [project.py:118] get_project_list_from_config: Ignoring the project "apache".
[2021-07-07 21:16:49] [INFO] [project.py:118] get_project_list_from_config: Ignoring the project "xen".
[2021-07-07 21:16:49] [INFO] [project.py:125] get_project_list_from_config: Loading the project "kernel" with the following configurations: {'short_name': 'kernel', 'database_id': 2, 'database_name': 'kernel', 'github_data_name': 'linux', 'vendor_id': 33, 'product_id': 47, 'url_pattern': 'linux|kernel|redhat', 'master_branch': 'master', 'language': 'c', 'include_directory_path': 'include', 'repository_path': '/home/admin/estagio-2020-2021/estagio-software-vulnerabilities-2020-2021/repositories/linux', 'output_directory_path': 'output/final', 'scrape_all_branches': False}
[2021-07-07 21:16:49] [INFO] [project.py:87] __init__: Loaded the project "Linux Kernel" located in "/home/admin/estagio-2020-2021/estagio-software-vulnerabilities-2020-2021/repositories/linux".
[2021-07-07 21:16:49] [INFO] [project.py:118] get_project_list_from_config: Ignoring the project "mozilla".
[2021-07-07 21:16:52] [INFO] [generate_metrics.py:38] <module>: Generating metrics with Understand version 837 for the project "Linux Kernel" using the information in "/home/admin/estagio-2020-2021/estagio-software-vulnerabilities-2020-2021/scripts/output/final/kernel/file-timeline-2-kernel-master-branch-20210327184447.csv.xz".
[2021-07-07 21:17:10] [INFO] [generate_metrics.py:141] <module>: Generated the metrics to "/home/admin/estagio-2020-2021/estagio-software-vulnerabilities-2020-2021/scripts/output/final/kernel/metrics/metrics-t2733-a1-v1-2-kernel-master-branch-20210327184447.csv".
[2021-07-07 21:22:41] [WARNING] [sats.py:165] generate_project_metrics: Could not parse the metrics in "/home/admin/estagio-2020-2021/estagio-software-vulnerabilities-2020-2021/scripts/output/final/kernel/metrics/metrics-t2734-a0-v0-2-kernel-master-branch-20210327184447.csv" with the error: ParserError('Error tokenizing data. C error: Expected 74 fields in line 3664, saw 75\n')
[2021-07-07 21:22:46] [INFO] [generate_metrics.py:141] <module>: Generated the metrics to "/home/admin/estagio-2020-2021/estagio-software-vulnerabilities-2020-2021/scripts/output/final/kernel/metrics/metrics-t2734-a0-v0-2-kernel-master-branch-20210327184447.csv".
[2021-07-07 21:22:52] [INFO] [generate_metrics.py:141] <module>: Generated the metrics to "/home/admin/estagio-2020-2021/estagio-software-vulnerabilities-2020-2021/scripts/output/final/kernel/metrics/metrics-t2734-a1-v0-2-kernel-master-branch-20210327184447.csv".
[2021-07-07 21:22:58] [INFO] [generate_metrics.py:141] <module>: Generated the metrics to "/home/admin/estagio-2020-2021/estagio-software-vulnerabilities-2020-2021/scripts/output/final/kernel/metrics/metrics-t2735-a1-v1-2-kernel-master-branch-20210327184447.csv".
[2021-07-07 21:28:41] [WARNING] [sats.py:165] generate_project_metrics: Could not parse the metrics in "/home/admin/estagio-2020-2021/estagio-software-vulnerabilities-2020-2021/scripts/output/final/kernel/metrics/metrics-t2736-a0-v0-2-kernel-master-branch-20210327184447.csv" with the error: ParserError('Error tokenizing data. C error: Expected 74 fields in line 3571, saw 75\n')
[2021-07-07 21:28:46] [INFO] [generate_metrics.py:141] <module>: Generated the metrics to "/home/admin/estagio-2020-2021/estagio-software-vulnerabilities-2020-2021/scripts/output/final/kernel/metrics/metrics-t2736-a0-v0-2-kernel-master-branch-20210327184447.csv".
[2021-07-07 21:28:52] [INFO] [generate_metrics.py:141] <module>: Generated the metrics to "/home/admin/estagio-2020-2021/estagio-software-vulnerabilities-2020-2021/scripts/output/final/kernel/metrics/metrics-t2736-a1-v0-2-kernel-master-branch-20210327184447.csv".
[2021-07-07 21:28:57] [INFO] [generate_metrics.py:141] <module>: Generated the metrics to "/home/admin/estagio-2020-2021/estagio-software-vulnerabilities-2020-2021/scripts/output/final/kernel/metrics/metrics-t2737-a1-v1-2-kernel-master-branch-20210327184447.csv".
[2021-07-07 21:33:04] [INFO] [generate_metrics.py:141] <module>: Generated the metrics to "/home/admin/estagio-2020-2021/estagio-software-vulnerabilities-2020-2021/scripts/output/final/kernel/metrics/metrics-t2738-a0-v0-2-kernel-master-branch-20210327184447.csv".
[2021-07-07 21:33:10] [INFO] [generate_metrics.py:141] <module>: Generated the metrics to "/home/admin/estagio-2020-2021/estagio-software-vulnerabilities-2020-2021/scripts/output/final/kernel/metrics/metrics-t2738-a1-v0-2-kernel-master-branch-20210327184447.csv".
[2021-07-07 21:33:15] [INFO] [generate_metrics.py:141] <module>: Generated the metrics to "/home/admin/estagio-2020-2021/estagio-software-vulnerabilities-2020-2021/scripts/output/final/kernel/metrics/metrics-t2739-a1-v1-2-kernel-master-branch-20210327184447.csv".
[2021-07-07 21:35:57] [WARNING] [sats.py:165] generate_project_metrics: Could not parse the metrics in "/home/admin/estagio-2020-2021/estagio-software-vulnerabilities-2020-2021/scripts/output/final/kernel/metrics/metrics-t2740-a0-v0-2-kernel-master-branch-20210327184447.csv" with the error: ParserError('Error tokenizing data. C error: Expected 74 fields in line 3527, saw 75\n')
[2021-07-07 21:36:00] [INFO] [generate_metrics.py:141] <module>: Generated the metrics to "/home/admin/estagio-2020-2021/estagio-software-vulnerabilities-2020-2021/scripts/output/final/kernel/metrics/metrics-t2740-a0-v0-2-kernel-master-branch-20210327184447.csv".
[2021-07-07 21:36:06] [INFO] [generate_metrics.py:141] <module>: Generated the metrics to "/home/admin/estagio-2020-2021/estagio-software-vulnerabilities-2020-2021/scripts/output/final/kernel/metrics/metrics-t2740-a1-v0-2-kernel-master-branch-20210327184447.csv".
[2021-07-07 21:36:11] [INFO] [generate_metrics.py:141] <module>: Generated the metrics to "/home/admin/estagio-2020-2021/estagio-software-vulnerabilities-2020-2021/scripts/output/final/kernel/metrics/metrics-t2741-a1-v1-2-kernel-master-branch-20210327184447.csv".
[2021-07-07 21:38:37] [INFO] [generate_metrics.py:141] <module>: Generated the metrics to "/home/admin/estagio-2020-2021/estagio-software-vulnerabilities-2020-2021/scripts/output/final/kernel/metrics/metrics-t2742-a0-v0-2-kernel-master-branch-20210327184447.csv".
[2021-07-07 21:38:43] [INFO] [generate_metrics.py:141] <module>: Generated the metrics to "/home/admin/estagio-2020-2021/estagio-software-vulnerabilities-2020-2021/scripts/output/final/kernel/metrics/metrics-t2742-a1-v0-2-kernel-master-branch-20210327184447.csv".
[2021-07-07 21:38:48] [INFO] [generate_metrics.py:141] <module>: Generated the metrics to "/home/admin/estagio-2020-2021/estagio-software-vulnerabilities-2020-2021/scripts/output/final/kernel/metrics/metrics-t2743-a1-v1-2-kernel-master-branch-20210327184447.csv".
[2021-07-07 22:23:10] [WARNING] [sats.py:165] generate_project_metrics: Could not parse the metrics in "/home/admin/estagio-2020-2021/estagio-software-vulnerabilities-2020-2021/scripts/output/final/kernel/metrics/metrics-t2744-a0-v0-2-kernel-master-branch-20210327184447.csv" with the error: ParserError('Error tokenizing data. C error: Expected 74 fields in line 18557, saw 75\n')
[2021-07-07 22:24:01] [INFO] [generate_metrics.py:141] <module>: Generated the metrics to "/home/admin/estagio-2020-2021/estagio-software-vulnerabilities-2020-2021/scripts/output/final/kernel/metrics/metrics-t2744-a0-v0-2-kernel-master-branch-20210327184447.csv".
[2021-07-07 22:24:22] [INFO] [generate_metrics.py:141] <module>: Generated the metrics to "/home/admin/estagio-2020-2021/estagio-software-vulnerabilities-2020-2021/scripts/output/final/kernel/metrics/metrics-t2744-a1-v0-2-kernel-master-branch-20210327184447.csv".
[2021-07-07 22:24:30] [INFO] [generate_metrics.py:141] <module>: Generated the metrics to "/home/admin/estagio-2020-2021/estagio-software-vulnerabilities-2020-2021/scripts/output/final/kernel/metrics/metrics-t2745-a1-v1-2-kernel-master-branch-20210327184447.csv".
[2021-07-07 22:24:35] [INFO] [generate_metrics.py:141] <module>: Generated the metrics to "/home/admin/estagio-2020-2021/estagio-software-vulnerabilities-2020-2021/scripts/output/final/kernel/metrics/metrics-t2746-a0-v0-2-kernel-master-branch-20210327184447.csv".
[2021-07-07 22:24:40] [INFO] [generate_metrics.py:141] <module>: Generated the metrics to "/home/admin/estagio-2020-2021/estagio-software-vulnerabilities-2020-2021/scripts/output/final/kernel/metrics/metrics-t2746-a1-v0-2-kernel-master-branch-20210327184447.csv".
[2021-07-07 22:24:44] [INFO] [generate_metrics.py:141] <module>: Generated the metrics to "/home/admin/estagio-2020-2021/estagio-software-vulnerabilities-2020-2021/scripts/output/final/kernel/metrics/metrics-t2747-a1-v1-2-kernel-master-branch-20210327184447.csv".
[2021-07-07 22:24:49] [INFO] [generate_metrics.py:141] <module>: Generated the metrics to "/home/admin/estagio-2020-2021/estagio-software-vulnerabilities-2020-2021/scripts/output/final/kernel/metrics/metrics-t2748-a0-v0-2-kernel-master-branch-20210327184447.csv".
[2021-07-07 22:24:53] [INFO] [generate_metrics.py:141] <module>: Generated the metrics to "/home/admin/estagio-2020-2021/estagio-software-vulnerabilities-2020-2021/scripts/output/final/kernel/metrics/metrics-t2748-a1-v0-2-kernel-master-branch-20210327184447.csv".
[2021-07-07 22:24:58] [INFO] [generate_metrics.py:141] <module>: Generated the metrics to "/home/admin/estagio-2020-2021/estagio-software-vulnerabilities-2020-2021/scripts/output/final/kernel/metrics/metrics-t2749-a1-v1-2-kernel-master-branch-20210327184447.csv".
[2021-07-07 22:25:04] [INFO] [generate_metrics.py:141] <module>: Generated the metrics to "/home/admin/estagio-2020-2021/estagio-software-vulnerabilities-2020-2021/scripts/output/final/kernel/metrics/metrics-t2750-a0-v0-2-kernel-master-branch-20210327184447.csv".
[2021-07-07 22:25:08] [INFO] [generate_metrics.py:141] <module>: Generated the metrics to "/home/admin/estagio-2020-2021/estagio-software-vulnerabilities-2020-2021/scripts/output/final/kernel/metrics/metrics-t2750-a1-v0-2-kernel-master-branch-20210327184447.csv".
[2021-07-07 22:25:13] [INFO] [generate_metrics.py:141] <module>: Generated the metrics to "/home/admin/estagio-2020-2021/estagio-software-vulnerabilities-2020-2021/scripts/output/final/kernel/metrics/metrics-t2751-a1-v1-2-kernel-master-branch-20210327184447.csv".
[2021-07-07 22:25:19] [INFO] [generate_metrics.py:141] <module>: Generated the metrics to "/home/admin/estagio-2020-2021/estagio-software-vulnerabilities-2020-2021/scripts/output/final/kernel/metrics/metrics-t2752-a0-v0-2-kernel-master-branch-20210327184447.csv".
[2021-07-07 22:25:27] [INFO] [generate_metrics.py:141] <module>: Generated the metrics to "/home/admin/estagio-2020-2021/estagio-software-vulnerabilities-2020-2021/scripts/output/final/kernel/metrics/metrics-t2752-a1-v0-2-kernel-master-branch-20210327184447.csv".
[2021-07-07 22:25:32] [INFO] [generate_metrics.py:141] <module>: Generated the metrics to "/home/admin/estagio-2020-2021/estagio-software-vulnerabilities-2020-2021/scripts/output/final/kernel/metrics/metrics-t2753-a1-v1-2-kernel-master-branch-20210327184447.csv".
[2021-07-07 22:33:17] [INFO] [generate_metrics.py:141] <module>: Generated the metrics to "/home/admin/estagio-2020-2021/estagio-software-vulnerabilities-2020-2021/scripts/output/final/kernel/metrics/metrics-t2754-a0-v0-2-kernel-master-branch-20210327184447.csv".
[2021-07-07 22:33:24] [INFO] [generate_metrics.py:141] <module>: Generated the metrics to "/home/admin/estagio-2020-2021/estagio-software-vulnerabilities-2020-2021/scripts/output/final/kernel/metrics/metrics-t2754-a1-v0-2-kernel-master-branch-20210327184447.csv".
[2021-07-07 22:33:29] [INFO] [generate_metrics.py:141] <module>: Generated the metrics to "/home/admin/estagio-2020-2021/estagio-software-vulnerabilities-2020-2021/scripts/output/final/kernel/metrics/metrics-t2755-a1-v1-2-kernel-master-branch-20210327184447.csv".
[2021-07-07 22:38:27] [INFO] [generate_metrics.py:141] <module>: Generated the metrics to "/home/admin/estagio-2020-2021/estagio-software-vulnerabilities-2020-2021/scripts/output/final/kernel/metrics/metrics-t2756-a0-v0-2-kernel-master-branch-20210327184447.csv".
[2021-07-07 22:38:32] [INFO] [generate_metrics.py:141] <module>: Generated the metrics to "/home/admin/estagio-2020-2021/estagio-software-vulnerabilities-2020-2021/scripts/output/final/kernel/metrics/metrics-t2756-a1-v0-2-kernel-master-branch-20210327184447.csv".
[2021-07-07 22:38:37] [INFO] [generate_metrics.py:141] <module>: Generated the metrics to "/home/admin/estagio-2020-2021/estagio-software-vulnerabilities-2020-2021/scripts/output/final/kernel/metrics/metrics-t2757-a1-v1-2-kernel-master-branch-20210327184447.csv".
[2021-07-07 22:38:42] [INFO] [generate_metrics.py:141] <module>: Generated the metrics to "/home/admin/estagio-2020-2021/estagio-software-vulnerabilities-2020-2021/scripts/output/final/kernel/metrics/metrics-t2758-a1-v0-2-kernel-master-branch-20210327184447.csv".
[2021-07-07 22:38:46] [INFO] [generate_metrics.py:141] <module>: Generated the metrics to "/home/admin/estagio-2020-2021/estagio-software-vulnerabilities-2020-2021/scripts/output/final/kernel/metrics/metrics-t2759-a1-v1-2-kernel-master-branch-20210327184447.csv".
[2021-07-07 22:41:22] [INFO] [generate_metrics.py:141] <module>: Generated the metrics to "/home/admin/estagio-2020-2021/estagio-software-vulnerabilities-2020-2021/scripts/output/final/kernel/metrics/metrics-t2760-a0-v0-2-kernel-master-branch-20210327184447.csv".
[2021-07-07 22:41:28] [INFO] [generate_metrics.py:141] <module>: Generated the metrics to "/home/admin/estagio-2020-2021/estagio-software-vulnerabilities-2020-2021/scripts/output/final/kernel/metrics/metrics-t2760-a1-v0-2-kernel-master-branch-20210327184447.csv".
[2021-07-07 22:41:34] [INFO] [generate_metrics.py:141] <module>: Generated the metrics to "/home/admin/estagio-2020-2021/estagio-software-vulnerabilities-2020-2021/scripts/output/final/kernel/metrics/metrics-t2761-a1-v1-2-kernel-master-branch-20210327184447.csv".
[2021-07-07 22:49:40] [INFO] [generate_metrics.py:141] <module>: Generated the metrics to "/home/admin/estagio-2020-2021/estagio-software-vulnerabilities-2020-2021/scripts/output/final/kernel/metrics/metrics-t2762-a0-v0-2-kernel-master-branch-20210327184447.csv".
[2021-07-07 22:49:46] [INFO] [generate_metrics.py:141] <module>: Generated the metrics to "/home/admin/estagio-2020-2021/estagio-software-vulnerabilities-2020-2021/scripts/output/final/kernel/metrics/metrics-t2762-a1-v0-2-kernel-master-branch-20210327184447.csv".
[2021-07-07 22:49:52] [INFO] [generate_metrics.py:141] <module>: Generated the metrics to "/home/admin/estagio-2020-2021/estagio-software-vulnerabilities-2020-2021/scripts/output/final/kernel/metrics/metrics-t2763-a1-v1-2-kernel-master-branch-20210327184447.csv".
[2021-07-07 22:49:57] [INFO] [generate_metrics.py:141] <module>: Generated the metrics to "/home/admin/estagio-2020-2021/estagio-software-vulnerabilities-2020-2021/scripts/output/final/kernel/metrics/metrics-t2764-a0-v0-2-kernel-master-branch-20210327184447.csv".
[2021-07-07 22:50:02] [INFO] [generate_metrics.py:141] <module>: Generated the metrics to "/home/admin/estagio-2020-2021/estagio-software-vulnerabilities-2020-2021/scripts/output/final/kernel/metrics/metrics-t2764-a1-v0-2-kernel-master-branch-20210327184447.csv".
[2021-07-07 22:50:06] [INFO] [generate_metrics.py:141] <module>: Generated the metrics to "/home/admin/estagio-2020-2021/estagio-software-vulnerabilities-2020-2021/scripts/output/final/kernel/metrics/metrics-t2765-a1-v1-2-kernel-master-branch-20210327184447.csv".
[2021-07-07 22:58:14] [INFO] [generate_metrics.py:141] <module>: Generated the metrics to "/home/admin/estagio-2020-2021/estagio-software-vulnerabilities-2020-2021/scripts/output/final/kernel/metrics/metrics-t2766-a0-v0-2-kernel-master-branch-20210327184447.csv".
[2021-07-07 22:58:21] [INFO] [generate_metrics.py:141] <module>: Generated the metrics to "/home/admin/estagio-2020-2021/estagio-software-vulnerabilities-2020-2021/scripts/output/final/kernel/metrics/metrics-t2766-a1-v0-2-kernel-master-branch-20210327184447.csv".
[2021-07-07 22:58:27] [INFO] [generate_metrics.py:141] <module>: Generated the metrics to "/home/admin/estagio-2020-2021/estagio-software-vulnerabilities-2020-2021/scripts/output/final/kernel/metrics/metrics-t2767-a1-v1-2-kernel-master-branch-20210327184447.csv".
[2021-07-07 22:58:36] [INFO] [generate_metrics.py:141] <module>: Generated the metrics to "/home/admin/estagio-2020-2021/estagio-software-vulnerabilities-2020-2021/scripts/output/final/kernel/metrics/metrics-t2768-a0-v0-2-kernel-master-branch-20210327184447.csv".
[2021-07-07 22:58:40] [INFO] [generate_metrics.py:141] <module>: Generated the metrics to "/home/admin/estagio-2020-2021/estagio-software-vulnerabilities-2020-2021/scripts/output/final/kernel/metrics/metrics-t2768-a1-v0-2-kernel-master-branch-20210327184447.csv".
[2021-07-07 22:58:45] [INFO] [generate_metrics.py:141] <module>: Generated the metrics to "/home/admin/estagio-2020-2021/estagio-software-vulnerabilities-2020-2021/scripts/output/final/kernel/metrics/metrics-t2769-a1-v1-2-kernel-master-branch-20210327184447.csv".
[2021-07-07 23:45:58] [WARNING] [sats.py:165] generate_project_metrics: Could not parse the metrics in "/home/admin/estagio-2020-2021/estagio-software-vulnerabilities-2020-2021/scripts/output/final/kernel/metrics/metrics-t2770-a0-v0-2-kernel-master-branch-20210327184447.csv" with the error: ParserError('Error tokenizing data. C error: Expected 74 fields in line 18224, saw 75\n')
[2021-07-07 23:46:38] [INFO] [generate_metrics.py:141] <module>: Generated the metrics to "/home/admin/estagio-2020-2021/estagio-software-vulnerabilities-2020-2021/scripts/output/final/kernel/metrics/metrics-t2770-a0-v0-2-kernel-master-branch-20210327184447.csv".
[2021-07-07 23:46:59] [INFO] [generate_metrics.py:141] <module>: Generated the metrics to "/home/admin/estagio-2020-2021/estagio-software-vulnerabilities-2020-2021/scripts/output/final/kernel/metrics/metrics-t2770-a1-v0-2-kernel-master-branch-20210327184447.csv".
[2021-07-07 23:47:08] [INFO] [generate_metrics.py:141] <module>: Generated the metrics to "/home/admin/estagio-2020-2021/estagio-software-vulnerabilities-2020-2021/scripts/output/final/kernel/metrics/metrics-t2771-a1-v1-2-kernel-master-branch-20210327184447.csv".
[2021-07-08 00:52:39] [WARNING] [sats.py:165] generate_project_metrics: Could not parse the metrics in "/home/admin/estagio-2020-2021/estagio-software-vulnerabilities-2020-2021/scripts/output/final/kernel/metrics/metrics-t2772-a0-v0-2-kernel-master-branch-20210327184447.csv" with the error: ParserError('Error tokenizing data. C error: Expected 74 fields in line 21099, saw 75\n')
[2021-07-08 00:53:45] [INFO] [generate_metrics.py:141] <module>: Generated the metrics to "/home/admin/estagio-2020-2021/estagio-software-vulnerabilities-2020-2021/scripts/output/final/kernel/metrics/metrics-t2772-a0-v0-2-kernel-master-branch-20210327184447.csv".
[2021-07-08 00:54:08] [INFO] [generate_metrics.py:141] <module>: Generated the metrics to "/home/admin/estagio-2020-2021/estagio-software-vulnerabilities-2020-2021/scripts/output/final/kernel/metrics/metrics-t2772-a1-v0-2-kernel-master-branch-20210327184447.csv".
[2021-07-08 00:54:17] [INFO] [generate_metrics.py:141] <module>: Generated the metrics to "/home/admin/estagio-2020-2021/estagio-software-vulnerabilities-2020-2021/scripts/output/final/kernel/metrics/metrics-t2773-a1-v1-2-kernel-master-branch-20210327184447.csv".
[2021-07-08 01:05:15] [WARNING] [sats.py:165] generate_project_metrics: Could not parse the metrics in "/home/admin/estagio-2020-2021/estagio-software-vulnerabilities-2020-2021/scripts/output/final/kernel/metrics/metrics-t2774-a0-v0-2-kernel-master-branch-20210327184447.csv" with the error: ParserError('Error tokenizing data. C error: Expected 74 fields in line 8726, saw 75\n')
[2021-07-08 01:05:33] [INFO] [generate_metrics.py:141] <module>: Generated the metrics to "/home/admin/estagio-2020-2021/estagio-software-vulnerabilities-2020-2021/scripts/output/final/kernel/metrics/metrics-t2774-a0-v0-2-kernel-master-branch-20210327184447.csv".
[2021-07-08 01:05:41] [INFO] [generate_metrics.py:141] <module>: Generated the metrics to "/home/admin/estagio-2020-2021/estagio-software-vulnerabilities-2020-2021/scripts/output/final/kernel/metrics/metrics-t2774-a1-v0-2-kernel-master-branch-20210327184447.csv".
[2021-07-08 01:05:48] [INFO] [generate_metrics.py:141] <module>: Generated the metrics to "/home/admin/estagio-2020-2021/estagio-software-vulnerabilities-2020-2021/scripts/output/final/kernel/metrics/metrics-t2775-a1-v1-2-kernel-master-branch-20210327184447.csv".
[2021-07-08 01:05:54] [INFO] [generate_metrics.py:141] <module>: Generated the metrics to "/home/admin/estagio-2020-2021/estagio-software-vulnerabilities-2020-2021/scripts/output/final/kernel/metrics/metrics-t2776-a0-v0-2-kernel-master-branch-20210327184447.csv".
[2021-07-08 01:05:58] [INFO] [generate_metrics.py:141] <module>: Generated the metrics to "/home/admin/estagio-2020-2021/estagio-software-vulnerabilities-2020-2021/scripts/output/final/kernel/metrics/metrics-t2776-a1-v0-2-kernel-master-branch-20210327184447.csv".
[2021-07-08 01:06:03] [INFO] [generate_metrics.py:141] <module>: Generated the metrics to "/home/admin/estagio-2020-2021/estagio-software-vulnerabilities-2020-2021/scripts/output/final/kernel/metrics/metrics-t2777-a1-v1-2-kernel-master-branch-20210327184447.csv".
[2021-07-08 01:06:25] [INFO] [generate_metrics.py:141] <module>: Generated the metrics to "/home/admin/estagio-2020-2021/estagio-software-vulnerabilities-2020-2021/scripts/output/final/kernel/metrics/metrics-t2778-a0-v0-2-kernel-master-branch-20210327184447.csv".
[2021-07-08 01:06:30] [INFO] [generate_metrics.py:141] <module>: Generated the metrics to "/home/admin/estagio-2020-2021/estagio-software-vulnerabilities-2020-2021/scripts/output/final/kernel/metrics/metrics-t2778-a1-v0-2-kernel-master-branch-20210327184447.csv".
[2021-07-08 01:06:34] [INFO] [generate_metrics.py:141] <module>: Generated the metrics to "/home/admin/estagio-2020-2021/estagio-software-vulnerabilities-2020-2021/scripts/output/final/kernel/metrics/metrics-t2779-a1-v1-2-kernel-master-branch-20210327184447.csv".
[2021-07-08 01:22:29] [ERROR] [sats.py:57] run: Failed to run the command "/home/admin/estagio-2020-2021/sats/understand/4.0.837/scitools/bin/linux64/und -quiet -db /home/admin/estagio-2020-2021/estagio-software-vulnerabilities-2020-2021/scripts/output/final/kernel/kernel.udb create -languages c++ settings -metrics all -metricsWriteColumnTitles on -metricsShowFunctionParameterTypes on -metricsShowDeclaredInFile on -metricsFileNameDisplayMode NoPath -metricsDeclaredInFileDisplayMode FullPath -metricsOutputFile /home/admin/estagio-2020-2021/estagio-software-vulnerabilities-2020-2021/scripts/output/final/kernel/metrics/metrics-t2780-a0-v0-2-kernel-master-branch-20210327184447.csv add @/tmp/tmpwdwyizw1 analyze metrics" with the error code 137 and the error message "/home/admin/estagio-2020-2021/sats/understand/4.0.837/scitools/bin/linux64/und: line 5: 991769 Killed                  $0.bin "$@"
".
[2021-07-08 01:22:29] [ERROR] [generate_metrics.py:144] <module>: Failed to generate the metrics for the commit de9f869616dd95e95c00bdd6b0fcd3421e8a4323 to "/home/admin/estagio-2020-2021/estagio-software-vulnerabilities-2020-2021/scripts/output/final/kernel/metrics/metrics-t2780-a0-v0-2-kernel-master-branch-20210327184447.csv".
[2021-07-08 01:22:47] [INFO] [generate_metrics.py:141] <module>: Generated the metrics to "/home/admin/estagio-2020-2021/estagio-software-vulnerabilities-2020-2021/scripts/output/final/kernel/metrics/metrics-t2780-a1-v0-2-kernel-master-branch-20210327184447.csv".
[2021-07-08 01:22:58] [INFO] [generate_metrics.py:141] <module>: Generated the metrics to "/home/admin/estagio-2020-2021/estagio-software-vulnerabilities-2020-2021/scripts/output/final/kernel/metrics/metrics-t2781-a1-v1-2-kernel-master-branch-20210327184447.csv".
[2021-07-08 01:39:02] [ERROR] [sats.py:57] run: Failed to run the command "/home/admin/estagio-2020-2021/sats/understand/4.0.837/scitools/bin/linux64/und -quiet -db /home/admin/estagio-2020-2021/estagio-software-vulnerabilities-2020-2021/scripts/output/final/kernel/kernel.udb create -languages c++ settings -metrics all -metricsWriteColumnTitles on -metricsShowFunctionParameterTypes on -metricsShowDeclaredInFile on -metricsFileNameDisplayMode NoPath -metricsDeclaredInFileDisplayMode FullPath -metricsOutputFile /home/admin/estagio-2020-2021/estagio-software-vulnerabilities-2020-2021/scripts/output/final/kernel/metrics/metrics-t2782-a0-v0-2-kernel-master-branch-20210327184447.csv add @/tmp/tmp8qlymhu3 analyze metrics" with the error code 137 and the error message "/home/admin/estagio-2020-2021/sats/understand/4.0.837/scitools/bin/linux64/und: line 5: 992068 Killed                  $0.bin "$@"
".
[2021-07-08 01:39:02] [ERROR] [generate_metrics.py:144] <module>: Failed to generate the metrics for the commit ca72d88378b2f2444d3ec145dd442d449d3fefbc to "/home/admin/estagio-2020-2021/estagio-software-vulnerabilities-2020-2021/scripts/output/final/kernel/metrics/metrics-t2782-a0-v0-2-kernel-master-branch-20210327184447.csv".
[2021-07-08 01:39:23] [INFO] [generate_metrics.py:141] <module>: Generated the metrics to "/home/admin/estagio-2020-2021/estagio-software-vulnerabilities-2020-2021/scripts/output/final/kernel/metrics/metrics-t2782-a1-v0-2-kernel-master-branch-20210327184447.csv".
[2021-07-08 01:39:32] [INFO] [generate_metrics.py:141] <module>: Generated the metrics to "/home/admin/estagio-2020-2021/estagio-software-vulnerabilities-2020-2021/scripts/output/final/kernel/metrics/metrics-t2783-a1-v1-2-kernel-master-branch-20210327184447.csv".
[2021-07-08 01:39:47] [INFO] [generate_metrics.py:141] <module>: Generated the metrics to "/home/admin/estagio-2020-2021/estagio-software-vulnerabilities-2020-2021/scripts/output/final/kernel/metrics/metrics-t2784-a0-v0-2-kernel-master-branch-20210327184447.csv".
[2021-07-08 01:39:51] [INFO] [generate_metrics.py:141] <module>: Generated the metrics to "/home/admin/estagio-2020-2021/estagio-software-vulnerabilities-2020-2021/scripts/output/final/kernel/metrics/metrics-t2784-a1-v0-2-kernel-master-branch-20210327184447.csv".
[2021-07-08 01:39:57] [INFO] [generate_metrics.py:141] <module>: Generated the metrics to "/home/admin/estagio-2020-2021/estagio-software-vulnerabilities-2020-2021/scripts/output/final/kernel/metrics/metrics-t2785-a1-v1-2-kernel-master-branch-20210327184447.csv".
[2021-07-08 01:40:03] [INFO] [generate_metrics.py:141] <module>: Generated the metrics to "/home/admin/estagio-2020-2021/estagio-software-vulnerabilities-2020-2021/scripts/output/final/kernel/metrics/metrics-t2786-a1-v0-2-kernel-master-branch-20210327184447.csv".
[2021-07-08 01:40:08] [INFO] [generate_metrics.py:141] <module>: Generated the metrics to "/home/admin/estagio-2020-2021/estagio-software-vulnerabilities-2020-2021/scripts/output/final/kernel/metrics/metrics-t2787-a1-v1-2-kernel-master-branch-20210327184447.csv".
[2021-07-08 01:40:13] [INFO] [generate_metrics.py:141] <module>: Generated the metrics to "/home/admin/estagio-2020-2021/estagio-software-vulnerabilities-2020-2021/scripts/output/final/kernel/metrics/metrics-t2788-a0-v0-2-kernel-master-branch-20210327184447.csv".
[2021-07-08 01:40:17] [INFO] [generate_metrics.py:141] <module>: Generated the metrics to "/home/admin/estagio-2020-2021/estagio-software-vulnerabilities-2020-2021/scripts/output/final/kernel/metrics/metrics-t2788-a1-v0-2-kernel-master-branch-20210327184447.csv".
[2021-07-08 01:40:22] [INFO] [generate_metrics.py:141] <module>: Generated the metrics to "/home/admin/estagio-2020-2021/estagio-software-vulnerabilities-2020-2021/scripts/output/final/kernel/metrics/metrics-t2789-a1-v1-2-kernel-master-branch-20210327184447.csv".
[2021-07-08 01:40:26] [INFO] [generate_metrics.py:141] <module>: Generated the metrics to "/home/admin/estagio-2020-2021/estagio-software-vulnerabilities-2020-2021/scripts/output/final/kernel/metrics/metrics-t2790-a0-v0-2-kernel-master-branch-20210327184447.csv".
[2021-07-08 01:40:31] [INFO] [generate_metrics.py:141] <module>: Generated the metrics to "/home/admin/estagio-2020-2021/estagio-software-vulnerabilities-2020-2021/scripts/output/final/kernel/metrics/metrics-t2790-a1-v0-2-kernel-master-branch-20210327184447.csv".
[2021-07-08 01:40:36] [INFO] [generate_metrics.py:141] <module>: Generated the metrics to "/home/admin/estagio-2020-2021/estagio-software-vulnerabilities-2020-2021/scripts/output/final/kernel/metrics/metrics-t2791-a1-v1-2-kernel-master-branch-20210327184447.csv".
[2021-07-08 02:03:52] [WARNING] [sats.py:165] generate_project_metrics: Could not parse the metrics in "/home/admin/estagio-2020-2021/estagio-software-vulnerabilities-2020-2021/scripts/output/final/kernel/metrics/metrics-t2792-a0-v0-2-kernel-master-branch-20210327184447.csv" with the error: ParserError('Error tokenizing data. C error: Expected 74 fields in line 11443, saw 75\n')
[2021-07-08 02:04:31] [INFO] [generate_metrics.py:141] <module>: Generated the metrics to "/home/admin/estagio-2020-2021/estagio-software-vulnerabilities-2020-2021/scripts/output/final/kernel/metrics/metrics-t2792-a0-v0-2-kernel-master-branch-20210327184447.csv".
[2021-07-08 02:04:49] [INFO] [generate_metrics.py:141] <module>: Generated the metrics to "/home/admin/estagio-2020-2021/estagio-software-vulnerabilities-2020-2021/scripts/output/final/kernel/metrics/metrics-t2792-a1-v0-2-kernel-master-branch-20210327184447.csv".
[2021-07-08 02:04:57] [INFO] [generate_metrics.py:141] <module>: Generated the metrics to "/home/admin/estagio-2020-2021/estagio-software-vulnerabilities-2020-2021/scripts/output/final/kernel/metrics/metrics-t2793-a1-v1-2-kernel-master-branch-20210327184447.csv".
[2021-07-08 02:52:13] [WARNING] [sats.py:165] generate_project_metrics: Could not parse the metrics in "/home/admin/estagio-2020-2021/estagio-software-vulnerabilities-2020-2021/scripts/output/final/kernel/metrics/metrics-t2794-a0-v0-2-kernel-master-branch-20210327184447.csv" with the error: ParserError('Error tokenizing data. C error: Expected 74 fields in line 13993, saw 75\n')
[2021-07-08 02:53:16] [INFO] [generate_metrics.py:141] <module>: Generated the metrics to "/home/admin/estagio-2020-2021/estagio-software-vulnerabilities-2020-2021/scripts/output/final/kernel/metrics/metrics-t2794-a0-v0-2-kernel-master-branch-20210327184447.csv".
[2021-07-08 02:53:36] [INFO] [generate_metrics.py:141] <module>: Generated the metrics to "/home/admin/estagio-2020-2021/estagio-software-vulnerabilities-2020-2021/scripts/output/final/kernel/metrics/metrics-t2794-a1-v0-2-kernel-master-branch-20210327184447.csv".
[2021-07-08 02:53:44] [INFO] [generate_metrics.py:141] <module>: Generated the metrics to "/home/admin/estagio-2020-2021/estagio-software-vulnerabilities-2020-2021/scripts/output/final/kernel/metrics/metrics-t2795-a1-v1-2-kernel-master-branch-20210327184447.csv".
[2021-07-08 03:09:52] [WARNING] [sats.py:165] generate_project_metrics: Could not parse the metrics in "/home/admin/estagio-2020-2021/estagio-software-vulnerabilities-2020-2021/scripts/output/final/kernel/metrics/metrics-t2796-a0-v0-2-kernel-master-branch-20210327184447.csv" with the error: ParserError('Error tokenizing data. C error: Expected 74 fields in line 11432, saw 75\n')
[2021-07-08 03:10:08] [INFO] [generate_metrics.py:141] <module>: Generated the metrics to "/home/admin/estagio-2020-2021/estagio-software-vulnerabilities-2020-2021/scripts/output/final/kernel/metrics/metrics-t2796-a0-v0-2-kernel-master-branch-20210327184447.csv".
[2021-07-08 03:10:20] [INFO] [generate_metrics.py:141] <module>: Generated the metrics to "/home/admin/estagio-2020-2021/estagio-software-vulnerabilities-2020-2021/scripts/output/final/kernel/metrics/metrics-t2796-a1-v0-2-kernel-master-branch-20210327184447.csv".
[2021-07-08 03:10:26] [INFO] [generate_metrics.py:141] <module>: Generated the metrics to "/home/admin/estagio-2020-2021/estagio-software-vulnerabilities-2020-2021/scripts/output/final/kernel/metrics/metrics-t2797-a1-v1-2-kernel-master-branch-20210327184447.csv".
[2021-07-08 03:24:55] [ERROR] [sats.py:57] run: Failed to run the command "/home/admin/estagio-2020-2021/sats/understand/4.0.837/scitools/bin/linux64/und -quiet -db /home/admin/estagio-2020-2021/estagio-software-vulnerabilities-2020-2021/scripts/output/final/kernel/kernel.udb create -languages c++ settings -metrics all -metricsWriteColumnTitles on -metricsShowFunctionParameterTypes on -metricsShowDeclaredInFile on -metricsFileNameDisplayMode NoPath -metricsDeclaredInFileDisplayMode FullPath -metricsOutputFile /home/admin/estagio-2020-2021/estagio-software-vulnerabilities-2020-2021/scripts/output/final/kernel/metrics/metrics-t2798-a0-v0-2-kernel-master-branch-20210327184447.csv add @/tmp/tmp5m_4hx3u analyze metrics" with the error code 137 and the error message "/home/admin/estagio-2020-2021/sats/understand/4.0.837/scitools/bin/linux64/und: line 5: 995966 Killed                  $0.bin "$@"
".
[2021-07-08 03:24:55] [ERROR] [generate_metrics.py:144] <module>: Failed to generate the metrics for the commit 04f25edb48c441fc278ecc154c270f16966cbb90 to "/home/admin/estagio-2020-2021/estagio-software-vulnerabilities-2020-2021/scripts/output/final/kernel/metrics/metrics-t2798-a0-v0-2-kernel-master-branch-20210327184447.csv".
[2021-07-08 03:25:12] [INFO] [generate_metrics.py:141] <module>: Generated the metrics to "/home/admin/estagio-2020-2021/estagio-software-vulnerabilities-2020-2021/scripts/output/final/kernel/metrics/metrics-t2798-a1-v0-2-kernel-master-branch-20210327184447.csv".
[2021-07-08 03:25:22] [INFO] [generate_metrics.py:141] <module>: Generated the metrics to "/home/admin/estagio-2020-2021/estagio-software-vulnerabilities-2020-2021/scripts/output/final/kernel/metrics/metrics-t2799-a1-v1-2-kernel-master-branch-20210327184447.csv".
[2021-07-08 03:42:10] [ERROR] [sats.py:57] run: Failed to run the command "/home/admin/estagio-2020-2021/sats/understand/4.0.837/scitools/bin/linux64/und -quiet -db /home/admin/estagio-2020-2021/estagio-software-vulnerabilities-2020-2021/scripts/output/final/kernel/kernel.udb create -languages c++ settings -metrics all -metricsWriteColumnTitles on -metricsShowFunctionParameterTypes on -metricsShowDeclaredInFile on -metricsFileNameDisplayMode NoPath -metricsDeclaredInFileDisplayMode FullPath -metricsOutputFile /home/admin/estagio-2020-2021/estagio-software-vulnerabilities-2020-2021/scripts/output/final/kernel/metrics/metrics-t2800-a0-v0-2-kernel-master-branch-20210327184447.csv add @/tmp/tmp_28x4iij analyze metrics" with the error code 137 and the error message "/home/admin/estagio-2020-2021/sats/understand/4.0.837/scitools/bin/linux64/und: line 5: 996464 Killed                  $0.bin "$@"
".
[2021-07-08 03:42:10] [ERROR] [generate_metrics.py:144] <module>: Failed to generate the metrics for the commit 3450121997ce872eb7f1248417225827ea249710 to "/home/admin/estagio-2020-2021/estagio-software-vulnerabilities-2020-2021/scripts/output/final/kernel/metrics/metrics-t2800-a0-v0-2-kernel-master-branch-20210327184447.csv".
[2021-07-08 03:42:30] [INFO] [generate_metrics.py:141] <module>: Generated the metrics to "/home/admin/estagio-2020-2021/estagio-software-vulnerabilities-2020-2021/scripts/output/final/kernel/metrics/metrics-t2800-a1-v0-2-kernel-master-branch-20210327184447.csv".
[2021-07-08 03:42:39] [INFO] [generate_metrics.py:141] <module>: Generated the metrics to "/home/admin/estagio-2020-2021/estagio-software-vulnerabilities-2020-2021/scripts/output/final/kernel/metrics/metrics-t2801-a1-v1-2-kernel-master-branch-20210327184447.csv".
[2021-07-08 03:42:55] [INFO] [generate_metrics.py:141] <module>: Generated the metrics to "/home/admin/estagio-2020-2021/estagio-software-vulnerabilities-2020-2021/scripts/output/final/kernel/metrics/metrics-t2802-a0-v0-2-kernel-master-branch-20210327184447.csv".
[2021-07-08 03:43:00] [INFO] [generate_metrics.py:141] <module>: Generated the metrics to "/home/admin/estagio-2020-2021/estagio-software-vulnerabilities-2020-2021/scripts/output/final/kernel/metrics/metrics-t2802-a1-v0-2-kernel-master-branch-20210327184447.csv".
[2021-07-08 03:43:05] [INFO] [generate_metrics.py:141] <module>: Generated the metrics to "/home/admin/estagio-2020-2021/estagio-software-vulnerabilities-2020-2021/scripts/output/final/kernel/metrics/metrics-t2803-a1-v1-2-kernel-master-branch-20210327184447.csv".
[2021-07-08 03:43:10] [INFO] [generate_metrics.py:141] <module>: Generated the metrics to "/home/admin/estagio-2020-2021/estagio-software-vulnerabilities-2020-2021/scripts/output/final/kernel/metrics/metrics-t2804-a1-v0-2-kernel-master-branch-20210327184447.csv".
[2021-07-08 03:43:15] [INFO] [generate_metrics.py:141] <module>: Generated the metrics to "/home/admin/estagio-2020-2021/estagio-software-vulnerabilities-2020-2021/scripts/output/final/kernel/metrics/metrics-t2805-a1-v1-2-kernel-master-branch-20210327184447.csv".
[2021-07-08 05:49:15] [WARNING] [sats.py:165] generate_project_metrics: Could not parse the metrics in "/home/admin/estagio-2020-2021/estagio-software-vulnerabilities-2020-2021/scripts/output/final/kernel/metrics/metrics-t2806-a0-v0-2-kernel-master-branch-20210327184447.csv" with the error: ParserError('Error tokenizing data. C error: Expected 74 fields in line 26994, saw 75\n')
[2021-07-08 05:50:04] [INFO] [generate_metrics.py:141] <module>: Generated the metrics to "/home/admin/estagio-2020-2021/estagio-software-vulnerabilities-2020-2021/scripts/output/final/kernel/metrics/metrics-t2806-a0-v0-2-kernel-master-branch-20210327184447.csv".
[2021-07-08 05:50:24] [INFO] [generate_metrics.py:141] <module>: Generated the metrics to "/home/admin/estagio-2020-2021/estagio-software-vulnerabilities-2020-2021/scripts/output/final/kernel/metrics/metrics-t2806-a1-v0-2-kernel-master-branch-20210327184447.csv".
[2021-07-08 05:50:32] [INFO] [generate_metrics.py:141] <module>: Generated the metrics to "/home/admin/estagio-2020-2021/estagio-software-vulnerabilities-2020-2021/scripts/output/final/kernel/metrics/metrics-t2807-a1-v1-2-kernel-master-branch-20210327184447.csv".
[2021-07-08 06:33:28] [WARNING] [sats.py:165] generate_project_metrics: Could not parse the metrics in "/home/admin/estagio-2020-2021/estagio-software-vulnerabilities-2020-2021/scripts/output/final/kernel/metrics/metrics-t2808-a0-v0-2-kernel-master-branch-20210327184447.csv" with the error: ParserError('Error tokenizing data. C error: Expected 74 fields in line 156223, saw 75\n')
[2021-07-08 06:34:03] [INFO] [generate_metrics.py:141] <module>: Generated the metrics to "/home/admin/estagio-2020-2021/estagio-software-vulnerabilities-2020-2021/scripts/output/final/kernel/metrics/metrics-t2808-a0-v0-2-kernel-master-branch-20210327184447.csv".
[2021-07-08 06:34:23] [INFO] [generate_metrics.py:141] <module>: Generated the metrics to "/home/admin/estagio-2020-2021/estagio-software-vulnerabilities-2020-2021/scripts/output/final/kernel/metrics/metrics-t2808-a1-v0-2-kernel-master-branch-20210327184447.csv".
[2021-07-08 06:34:31] [INFO] [generate_metrics.py:141] <module>: Generated the metrics to "/home/admin/estagio-2020-2021/estagio-software-vulnerabilities-2020-2021/scripts/output/final/kernel/metrics/metrics-t2809-a1-v1-2-kernel-master-branch-20210327184447.csv".
[2021-07-08 06:34:39] [INFO] [generate_metrics.py:141] <module>: Generated the metrics to "/home/admin/estagio-2020-2021/estagio-software-vulnerabilities-2020-2021/scripts/output/final/kernel/metrics/metrics-t2810-a0-v0-2-kernel-master-branch-20210327184447.csv".
[2021-07-08 06:34:44] [INFO] [generate_metrics.py:141] <module>: Generated the metrics to "/home/admin/estagio-2020-2021/estagio-software-vulnerabilities-2020-2021/scripts/output/final/kernel/metrics/metrics-t2810-a1-v0-2-kernel-master-branch-20210327184447.csv".
[2021-07-08 06:34:48] [INFO] [generate_metrics.py:141] <module>: Generated the metrics to "/home/admin/estagio-2020-2021/estagio-software-vulnerabilities-2020-2021/scripts/output/final/kernel/metrics/metrics-t2811-a1-v1-2-kernel-master-branch-20210327184447.csv".
[2021-07-08 06:34:53] [INFO] [generate_metrics.py:141] <module>: Generated the metrics to "/home/admin/estagio-2020-2021/estagio-software-vulnerabilities-2020-2021/scripts/output/final/kernel/metrics/metrics-t2812-a1-v0-2-kernel-master-branch-20210327184447.csv".
[2021-07-08 06:34:58] [INFO] [generate_metrics.py:141] <module>: Generated the metrics to "/home/admin/estagio-2020-2021/estagio-software-vulnerabilities-2020-2021/scripts/output/final/kernel/metrics/metrics-t2813-a1-v1-2-kernel-master-branch-20210327184447.csv".
[2021-07-08 07:23:30] [WARNING] [sats.py:165] generate_project_metrics: Could not parse the metrics in "/home/admin/estagio-2020-2021/estagio-software-vulnerabilities-2020-2021/scripts/output/final/kernel/metrics/metrics-t2814-a0-v0-2-kernel-master-branch-20210327184447.csv" with the error: ParserError('Error tokenizing data. C error: Expected 74 fields in line 26843, saw 75\n')
[2021-07-08 07:24:25] [INFO] [generate_metrics.py:141] <module>: Generated the metrics to "/home/admin/estagio-2020-2021/estagio-software-vulnerabilities-2020-2021/scripts/output/final/kernel/metrics/metrics-t2814-a0-v0-2-kernel-master-branch-20210327184447.csv".
[2021-07-08 07:24:45] [INFO] [generate_metrics.py:141] <module>: Generated the metrics to "/home/admin/estagio-2020-2021/estagio-software-vulnerabilities-2020-2021/scripts/output/final/kernel/metrics/metrics-t2814-a1-v0-2-kernel-master-branch-20210327184447.csv".
[2021-07-08 07:24:53] [INFO] [generate_metrics.py:141] <module>: Generated the metrics to "/home/admin/estagio-2020-2021/estagio-software-vulnerabilities-2020-2021/scripts/output/final/kernel/metrics/metrics-t2815-a1-v1-2-kernel-master-branch-20210327184447.csv".
[2021-07-08 07:29:08] [INFO] [generate_metrics.py:141] <module>: Generated the metrics to "/home/admin/estagio-2020-2021/estagio-software-vulnerabilities-2020-2021/scripts/output/final/kernel/metrics/metrics-t2816-a0-v0-2-kernel-master-branch-20210327184447.csv".
[2021-07-08 07:29:14] [INFO] [generate_metrics.py:141] <module>: Generated the metrics to "/home/admin/estagio-2020-2021/estagio-software-vulnerabilities-2020-2021/scripts/output/final/kernel/metrics/metrics-t2816-a1-v0-2-kernel-master-branch-20210327184447.csv".
[2021-07-08 07:29:19] [INFO] [generate_metrics.py:141] <module>: Generated the metrics to "/home/admin/estagio-2020-2021/estagio-software-vulnerabilities-2020-2021/scripts/output/final/kernel/metrics/metrics-t2817-a1-v1-2-kernel-master-branch-20210327184447.csv".
[2021-07-08 07:29:46] [INFO] [generate_metrics.py:141] <module>: Generated the metrics to "/home/admin/estagio-2020-2021/estagio-software-vulnerabilities-2020-2021/scripts/output/final/kernel/metrics/metrics-t2818-a0-v0-2-kernel-master-branch-20210327184447.csv".
[2021-07-08 07:29:51] [INFO] [generate_metrics.py:141] <module>: Generated the metrics to "/home/admin/estagio-2020-2021/estagio-software-vulnerabilities-2020-2021/scripts/output/final/kernel/metrics/metrics-t2818-a1-v0-2-kernel-master-branch-20210327184447.csv".
[2021-07-08 07:29:55] [INFO] [generate_metrics.py:141] <module>: Generated the metrics to "/home/admin/estagio-2020-2021/estagio-software-vulnerabilities-2020-2021/scripts/output/final/kernel/metrics/metrics-t2819-a1-v1-2-kernel-master-branch-20210327184447.csv".
[2021-07-08 07:34:34] [INFO] [generate_metrics.py:141] <module>: Generated the metrics to "/home/admin/estagio-2020-2021/estagio-software-vulnerabilities-2020-2021/scripts/output/final/kernel/metrics/metrics-t2820-a0-v0-2-kernel-master-branch-20210327184447.csv".
[2021-07-08 07:34:40] [INFO] [generate_metrics.py:141] <module>: Generated the metrics to "/home/admin/estagio-2020-2021/estagio-software-vulnerabilities-2020-2021/scripts/output/final/kernel/metrics/metrics-t2820-a1-v0-2-kernel-master-branch-20210327184447.csv".
[2021-07-08 07:34:45] [INFO] [generate_metrics.py:141] <module>: Generated the metrics to "/home/admin/estagio-2020-2021/estagio-software-vulnerabilities-2020-2021/scripts/output/final/kernel/metrics/metrics-t2821-a1-v1-2-kernel-master-branch-20210327184447.csv".
[2021-07-08 07:34:50] [INFO] [generate_metrics.py:141] <module>: Generated the metrics to "/home/admin/estagio-2020-2021/estagio-software-vulnerabilities-2020-2021/scripts/output/final/kernel/metrics/metrics-t2822-a1-v0-2-kernel-master-branch-20210327184447.csv".
[2021-07-08 07:34:55] [INFO] [generate_metrics.py:141] <module>: Generated the metrics to "/home/admin/estagio-2020-2021/estagio-software-vulnerabilities-2020-2021/scripts/output/final/kernel/metrics/metrics-t2823-a1-v1-2-kernel-master-branch-20210327184447.csv".
[2021-07-08 08:07:31] [WARNING] [sats.py:165] generate_project_metrics: Could not parse the metrics in "/home/admin/estagio-2020-2021/estagio-software-vulnerabilities-2020-2021/scripts/output/final/kernel/metrics/metrics-t2824-a0-v0-2-kernel-master-branch-20210327184447.csv" with the error: ParserError('Error tokenizing data. C error: Expected 74 fields in line 9407, saw 75\n')
[2021-07-08 08:07:56] [INFO] [generate_metrics.py:141] <module>: Generated the metrics to "/home/admin/estagio-2020-2021/estagio-software-vulnerabilities-2020-2021/scripts/output/final/kernel/metrics/metrics-t2824-a0-v0-2-kernel-master-branch-20210327184447.csv".
[2021-07-08 08:08:13] [INFO] [generate_metrics.py:141] <module>: Generated the metrics to "/home/admin/estagio-2020-2021/estagio-software-vulnerabilities-2020-2021/scripts/output/final/kernel/metrics/metrics-t2824-a1-v0-2-kernel-master-branch-20210327184447.csv".
[2021-07-08 08:08:20] [INFO] [generate_metrics.py:141] <module>: Generated the metrics to "/home/admin/estagio-2020-2021/estagio-software-vulnerabilities-2020-2021/scripts/output/final/kernel/metrics/metrics-t2825-a1-v1-2-kernel-master-branch-20210327184447.csv".
[2021-07-08 08:08:25] [INFO] [generate_metrics.py:141] <module>: Generated the metrics to "/home/admin/estagio-2020-2021/estagio-software-vulnerabilities-2020-2021/scripts/output/final/kernel/metrics/metrics-t2826-a1-v0-2-kernel-master-branch-20210327184447.csv".
[2021-07-08 08:08:30] [INFO] [generate_metrics.py:141] <module>: Generated the metrics to "/home/admin/estagio-2020-2021/estagio-software-vulnerabilities-2020-2021/scripts/output/final/kernel/metrics/metrics-t2827-a1-v1-2-kernel-master-branch-20210327184447.csv".
[2021-07-08 08:08:34] [INFO] [generate_metrics.py:141] <module>: Generated the metrics to "/home/admin/estagio-2020-2021/estagio-software-vulnerabilities-2020-2021/scripts/output/final/kernel/metrics/metrics-t2828-a0-v0-2-kernel-master-branch-20210327184447.csv".
[2021-07-08 08:08:39] [INFO] [generate_metrics.py:141] <module>: Generated the metrics to "/home/admin/estagio-2020-2021/estagio-software-vulnerabilities-2020-2021/scripts/output/final/kernel/metrics/metrics-t2828-a1-v0-2-kernel-master-branch-20210327184447.csv".
[2021-07-08 08:08:43] [INFO] [generate_metrics.py:141] <module>: Generated the metrics to "/home/admin/estagio-2020-2021/estagio-software-vulnerabilities-2020-2021/scripts/output/final/kernel/metrics/metrics-t2829-a1-v1-2-kernel-master-branch-20210327184447.csv".
[2021-07-08 08:08:48] [INFO] [generate_metrics.py:141] <module>: Generated the metrics to "/home/admin/estagio-2020-2021/estagio-software-vulnerabilities-2020-2021/scripts/output/final/kernel/metrics/metrics-t2830-a0-v0-2-kernel-master-branch-20210327184447.csv".
[2021-07-08 08:08:53] [INFO] [generate_metrics.py:141] <module>: Generated the metrics to "/home/admin/estagio-2020-2021/estagio-software-vulnerabilities-2020-2021/scripts/output/final/kernel/metrics/metrics-t2830-a1-v0-2-kernel-master-branch-20210327184447.csv".
[2021-07-08 08:08:57] [INFO] [generate_metrics.py:141] <module>: Generated the metrics to "/home/admin/estagio-2020-2021/estagio-software-vulnerabilities-2020-2021/scripts/output/final/kernel/metrics/metrics-t2831-a1-v1-2-kernel-master-branch-20210327184447.csv".
[2021-07-08 08:09:02] [INFO] [generate_metrics.py:141] <module>: Generated the metrics to "/home/admin/estagio-2020-2021/estagio-software-vulnerabilities-2020-2021/scripts/output/final/kernel/metrics/metrics-t2832-a1-v0-2-kernel-master-branch-20210327184447.csv".
[2021-07-08 08:09:06] [INFO] [generate_metrics.py:141] <module>: Generated the metrics to "/home/admin/estagio-2020-2021/estagio-software-vulnerabilities-2020-2021/scripts/output/final/kernel/metrics/metrics-t2833-a1-v1-2-kernel-master-branch-20210327184447.csv".
[2021-07-08 08:09:11] [INFO] [generate_metrics.py:141] <module>: Generated the metrics to "/home/admin/estagio-2020-2021/estagio-software-vulnerabilities-2020-2021/scripts/output/final/kernel/metrics/metrics-t2834-a1-v0-2-kernel-master-branch-20210327184447.csv".
[2021-07-08 08:09:15] [INFO] [generate_metrics.py:141] <module>: Generated the metrics to "/home/admin/estagio-2020-2021/estagio-software-vulnerabilities-2020-2021/scripts/output/final/kernel/metrics/metrics-t2835-a1-v1-2-kernel-master-branch-20210327184447.csv".
[2021-07-08 08:09:20] [INFO] [generate_metrics.py:141] <module>: Generated the metrics to "/home/admin/estagio-2020-2021/estagio-software-vulnerabilities-2020-2021/scripts/output/final/kernel/metrics/metrics-t2836-a1-v0-2-kernel-master-branch-20210327184447.csv".
[2021-07-08 08:09:31] [INFO] [generate_metrics.py:147] <module>: Finished running for the project "Linux Kernel".
