[2021-07-13 20:34:11] [INFO] [common.py:73] <module>: Initializing the common module.
[2021-07-13 20:34:11] [INFO] [common.py:133] <module>: Changing the recursion limit from 1000 to 1000000 at the user's request.
[2021-07-13 20:34:11] [INFO] [project.py:33] <module>: Loading libclang from "/usr/lib/x86_64-linux-gnu/libclang-10.so.1".
[2021-07-13 20:34:11] [INFO] [project.py:42] <module>: Loaded libclang successfully.
[2021-07-13 20:34:11] [INFO] [project.py:118] get_project_list_from_config: Ignoring the project "glibc".
[2021-07-13 20:34:11] [INFO] [project.py:118] get_project_list_from_config: Ignoring the project "apache".
[2021-07-13 20:34:11] [INFO] [project.py:118] get_project_list_from_config: Ignoring the project "xen".
[2021-07-13 20:34:11] [INFO] [project.py:118] get_project_list_from_config: Ignoring the project "kernel".
[2021-07-13 20:34:11] [INFO] [project.py:125] get_project_list_from_config: Loading the project "mozilla" with the following configurations: {'short_name': 'mozilla', 'database_id': 1, 'database_name': 'mozilla', 'github_data_name': 'mozilla', 'vendor_id': 452, 'product_id': None, 'url_pattern': 'mozilla', 'master_branch': 'master', 'language': 'c++', 'include_directory_path': None, 'repository_path': '/home/admin/estagio-2020-2021/estagio-software-vulnerabilities-2020-2021/repositories/gecko-dev', 'output_directory_path': 'output/final', 'scrape_all_branches': False}
[2021-07-13 20:34:11] [INFO] [project.py:87] __init__: Loaded the project "Mozilla" located in "/home/admin/estagio-2020-2021/estagio-software-vulnerabilities-2020-2021/repositories/gecko-dev".
[2021-07-13 20:34:14] [INFO] [generate_metrics.py:38] <module>: Generating metrics with Understand version 837 for the project "Mozilla" using the information in "/home/admin/estagio-2020-2021/estagio-software-vulnerabilities-2020-2021/scripts/output/final/mozilla/file-timeline-1-mozilla-master-branch-20210401212440.csv.xz".
[2021-07-13 20:34:34] [INFO] [generate_metrics.py:141] <module>: Generated the metrics to "/home/admin/estagio-2020-2021/estagio-software-vulnerabilities-2020-2021/scripts/output/final/mozilla/metrics/metrics-t695-a1-v1-1-mozilla-master-branch-20210401212440.csv".
[2021-07-13 20:36:22] [INFO] [generate_metrics.py:141] <module>: Generated the metrics to "/home/admin/estagio-2020-2021/estagio-software-vulnerabilities-2020-2021/scripts/output/final/mozilla/metrics/metrics-t696-a0-v0-1-mozilla-master-branch-20210401212440.csv".
[2021-07-13 20:36:29] [INFO] [generate_metrics.py:141] <module>: Generated the metrics to "/home/admin/estagio-2020-2021/estagio-software-vulnerabilities-2020-2021/scripts/output/final/mozilla/metrics/metrics-t696-a1-v0-1-mozilla-master-branch-20210401212440.csv".
[2021-07-13 20:36:35] [INFO] [generate_metrics.py:141] <module>: Generated the metrics to "/home/admin/estagio-2020-2021/estagio-software-vulnerabilities-2020-2021/scripts/output/final/mozilla/metrics/metrics-t697-a1-v1-1-mozilla-master-branch-20210401212440.csv".
[2021-07-13 20:36:41] [INFO] [generate_metrics.py:141] <module>: Generated the metrics to "/home/admin/estagio-2020-2021/estagio-software-vulnerabilities-2020-2021/scripts/output/final/mozilla/metrics/metrics-t698-a0-v0-1-mozilla-master-branch-20210401212440.csv".
[2021-07-13 20:36:46] [INFO] [generate_metrics.py:141] <module>: Generated the metrics to "/home/admin/estagio-2020-2021/estagio-software-vulnerabilities-2020-2021/scripts/output/final/mozilla/metrics/metrics-t698-a1-v0-1-mozilla-master-branch-20210401212440.csv".
[2021-07-13 20:36:52] [INFO] [generate_metrics.py:141] <module>: Generated the metrics to "/home/admin/estagio-2020-2021/estagio-software-vulnerabilities-2020-2021/scripts/output/final/mozilla/metrics/metrics-t699-a1-v1-1-mozilla-master-branch-20210401212440.csv".
[2021-07-13 20:37:15] [INFO] [generate_metrics.py:141] <module>: Generated the metrics to "/home/admin/estagio-2020-2021/estagio-software-vulnerabilities-2020-2021/scripts/output/final/mozilla/metrics/metrics-t700-a0-v0-1-mozilla-master-branch-20210401212440.csv".
[2021-07-13 20:37:22] [INFO] [generate_metrics.py:141] <module>: Generated the metrics to "/home/admin/estagio-2020-2021/estagio-software-vulnerabilities-2020-2021/scripts/output/final/mozilla/metrics/metrics-t700-a1-v0-1-mozilla-master-branch-20210401212440.csv".
[2021-07-13 20:37:28] [INFO] [generate_metrics.py:141] <module>: Generated the metrics to "/home/admin/estagio-2020-2021/estagio-software-vulnerabilities-2020-2021/scripts/output/final/mozilla/metrics/metrics-t701-a1-v1-1-mozilla-master-branch-20210401212440.csv".
[2021-07-13 20:37:34] [INFO] [generate_metrics.py:141] <module>: Generated the metrics to "/home/admin/estagio-2020-2021/estagio-software-vulnerabilities-2020-2021/scripts/output/final/mozilla/metrics/metrics-t702-a0-v0-1-mozilla-master-branch-20210401212440.csv".
[2021-07-13 20:37:40] [INFO] [generate_metrics.py:141] <module>: Generated the metrics to "/home/admin/estagio-2020-2021/estagio-software-vulnerabilities-2020-2021/scripts/output/final/mozilla/metrics/metrics-t702-a1-v0-1-mozilla-master-branch-20210401212440.csv".
[2021-07-13 20:37:45] [INFO] [generate_metrics.py:141] <module>: Generated the metrics to "/home/admin/estagio-2020-2021/estagio-software-vulnerabilities-2020-2021/scripts/output/final/mozilla/metrics/metrics-t703-a1-v1-1-mozilla-master-branch-20210401212440.csv".
[2021-07-13 20:39:09] [INFO] [generate_metrics.py:141] <module>: Generated the metrics to "/home/admin/estagio-2020-2021/estagio-software-vulnerabilities-2020-2021/scripts/output/final/mozilla/metrics/metrics-t704-a0-v0-1-mozilla-master-branch-20210401212440.csv".
[2021-07-13 20:39:15] [INFO] [generate_metrics.py:141] <module>: Generated the metrics to "/home/admin/estagio-2020-2021/estagio-software-vulnerabilities-2020-2021/scripts/output/final/mozilla/metrics/metrics-t704-a1-v0-1-mozilla-master-branch-20210401212440.csv".
[2021-07-13 20:39:22] [INFO] [generate_metrics.py:141] <module>: Generated the metrics to "/home/admin/estagio-2020-2021/estagio-software-vulnerabilities-2020-2021/scripts/output/final/mozilla/metrics/metrics-t705-a1-v1-1-mozilla-master-branch-20210401212440.csv".
[2021-07-13 20:40:22] [INFO] [generate_metrics.py:141] <module>: Generated the metrics to "/home/admin/estagio-2020-2021/estagio-software-vulnerabilities-2020-2021/scripts/output/final/mozilla/metrics/metrics-t706-a0-v0-1-mozilla-master-branch-20210401212440.csv".
[2021-07-13 20:40:29] [INFO] [generate_metrics.py:141] <module>: Generated the metrics to "/home/admin/estagio-2020-2021/estagio-software-vulnerabilities-2020-2021/scripts/output/final/mozilla/metrics/metrics-t706-a1-v0-1-mozilla-master-branch-20210401212440.csv".
[2021-07-13 20:40:36] [INFO] [generate_metrics.py:141] <module>: Generated the metrics to "/home/admin/estagio-2020-2021/estagio-software-vulnerabilities-2020-2021/scripts/output/final/mozilla/metrics/metrics-t707-a1-v1-1-mozilla-master-branch-20210401212440.csv".
[2021-07-13 20:41:31] [INFO] [generate_metrics.py:141] <module>: Generated the metrics to "/home/admin/estagio-2020-2021/estagio-software-vulnerabilities-2020-2021/scripts/output/final/mozilla/metrics/metrics-t708-a0-v0-1-mozilla-master-branch-20210401212440.csv".
[2021-07-13 20:41:38] [INFO] [generate_metrics.py:141] <module>: Generated the metrics to "/home/admin/estagio-2020-2021/estagio-software-vulnerabilities-2020-2021/scripts/output/final/mozilla/metrics/metrics-t708-a1-v0-1-mozilla-master-branch-20210401212440.csv".
[2021-07-13 20:41:44] [INFO] [generate_metrics.py:141] <module>: Generated the metrics to "/home/admin/estagio-2020-2021/estagio-software-vulnerabilities-2020-2021/scripts/output/final/mozilla/metrics/metrics-t709-a1-v1-1-mozilla-master-branch-20210401212440.csv".
[2021-07-13 20:44:30] [INFO] [generate_metrics.py:141] <module>: Generated the metrics to "/home/admin/estagio-2020-2021/estagio-software-vulnerabilities-2020-2021/scripts/output/final/mozilla/metrics/metrics-t710-a0-v0-1-mozilla-master-branch-20210401212440.csv".
[2021-07-13 20:44:37] [INFO] [generate_metrics.py:141] <module>: Generated the metrics to "/home/admin/estagio-2020-2021/estagio-software-vulnerabilities-2020-2021/scripts/output/final/mozilla/metrics/metrics-t710-a1-v0-1-mozilla-master-branch-20210401212440.csv".
[2021-07-13 20:44:44] [INFO] [generate_metrics.py:141] <module>: Generated the metrics to "/home/admin/estagio-2020-2021/estagio-software-vulnerabilities-2020-2021/scripts/output/final/mozilla/metrics/metrics-t711-a1-v1-1-mozilla-master-branch-20210401212440.csv".
[2021-07-13 20:46:51] [INFO] [generate_metrics.py:141] <module>: Generated the metrics to "/home/admin/estagio-2020-2021/estagio-software-vulnerabilities-2020-2021/scripts/output/final/mozilla/metrics/metrics-t712-a0-v0-1-mozilla-master-branch-20210401212440.csv".
[2021-07-13 20:46:58] [INFO] [generate_metrics.py:141] <module>: Generated the metrics to "/home/admin/estagio-2020-2021/estagio-software-vulnerabilities-2020-2021/scripts/output/final/mozilla/metrics/metrics-t712-a1-v0-1-mozilla-master-branch-20210401212440.csv".
[2021-07-13 20:47:04] [INFO] [generate_metrics.py:141] <module>: Generated the metrics to "/home/admin/estagio-2020-2021/estagio-software-vulnerabilities-2020-2021/scripts/output/final/mozilla/metrics/metrics-t713-a1-v1-1-mozilla-master-branch-20210401212440.csv".
[2021-07-13 20:48:29] [INFO] [generate_metrics.py:141] <module>: Generated the metrics to "/home/admin/estagio-2020-2021/estagio-software-vulnerabilities-2020-2021/scripts/output/final/mozilla/metrics/metrics-t714-a0-v0-1-mozilla-master-branch-20210401212440.csv".
[2021-07-13 20:48:35] [INFO] [generate_metrics.py:141] <module>: Generated the metrics to "/home/admin/estagio-2020-2021/estagio-software-vulnerabilities-2020-2021/scripts/output/final/mozilla/metrics/metrics-t714-a1-v0-1-mozilla-master-branch-20210401212440.csv".
[2021-07-13 20:48:41] [INFO] [generate_metrics.py:141] <module>: Generated the metrics to "/home/admin/estagio-2020-2021/estagio-software-vulnerabilities-2020-2021/scripts/output/final/mozilla/metrics/metrics-t715-a1-v1-1-mozilla-master-branch-20210401212440.csv".
[2021-07-13 20:50:00] [INFO] [generate_metrics.py:141] <module>: Generated the metrics to "/home/admin/estagio-2020-2021/estagio-software-vulnerabilities-2020-2021/scripts/output/final/mozilla/metrics/metrics-t716-a0-v0-1-mozilla-master-branch-20210401212440.csv".
[2021-07-13 20:50:06] [INFO] [generate_metrics.py:141] <module>: Generated the metrics to "/home/admin/estagio-2020-2021/estagio-software-vulnerabilities-2020-2021/scripts/output/final/mozilla/metrics/metrics-t716-a1-v0-1-mozilla-master-branch-20210401212440.csv".
[2021-07-13 20:50:11] [INFO] [generate_metrics.py:141] <module>: Generated the metrics to "/home/admin/estagio-2020-2021/estagio-software-vulnerabilities-2020-2021/scripts/output/final/mozilla/metrics/metrics-t717-a1-v1-1-mozilla-master-branch-20210401212440.csv".
[2021-07-13 20:50:17] [INFO] [generate_metrics.py:141] <module>: Generated the metrics to "/home/admin/estagio-2020-2021/estagio-software-vulnerabilities-2020-2021/scripts/output/final/mozilla/metrics/metrics-t718-a1-v0-1-mozilla-master-branch-20210401212440.csv".
[2021-07-13 20:50:22] [INFO] [generate_metrics.py:141] <module>: Generated the metrics to "/home/admin/estagio-2020-2021/estagio-software-vulnerabilities-2020-2021/scripts/output/final/mozilla/metrics/metrics-t719-a1-v1-1-mozilla-master-branch-20210401212440.csv".
[2021-07-13 20:52:00] [INFO] [generate_metrics.py:141] <module>: Generated the metrics to "/home/admin/estagio-2020-2021/estagio-software-vulnerabilities-2020-2021/scripts/output/final/mozilla/metrics/metrics-t720-a0-v0-1-mozilla-master-branch-20210401212440.csv".
[2021-07-13 20:52:06] [INFO] [generate_metrics.py:141] <module>: Generated the metrics to "/home/admin/estagio-2020-2021/estagio-software-vulnerabilities-2020-2021/scripts/output/final/mozilla/metrics/metrics-t720-a1-v0-1-mozilla-master-branch-20210401212440.csv".
[2021-07-13 20:52:12] [INFO] [generate_metrics.py:141] <module>: Generated the metrics to "/home/admin/estagio-2020-2021/estagio-software-vulnerabilities-2020-2021/scripts/output/final/mozilla/metrics/metrics-t721-a1-v1-1-mozilla-master-branch-20210401212440.csv".
