[2021-07-12 17:33:21] [INFO] [common.py:73] <module>: Initializing the common module.
[2021-07-12 17:33:21] [INFO] [common.py:133] <module>: Changing the recursion limit from 1000 to 1000000 at the user's request.
[2021-07-12 17:33:22] [INFO] [project.py:33] <module>: Loading libclang from "/usr/lib/x86_64-linux-gnu/libclang-10.so.1".
[2021-07-12 17:33:22] [INFO] [project.py:42] <module>: Loaded libclang successfully.
[2021-07-12 17:33:22] [INFO] [project.py:118] get_project_list_from_config: Ignoring the project "glibc".
[2021-07-12 17:33:22] [INFO] [project.py:118] get_project_list_from_config: Ignoring the project "apache".
[2021-07-12 17:33:22] [INFO] [project.py:118] get_project_list_from_config: Ignoring the project "xen".
[2021-07-12 17:33:22] [INFO] [project.py:125] get_project_list_from_config: Loading the project "kernel" with the following configurations: {'short_name': 'kernel', 'database_id': 2, 'database_name': 'kernel', 'github_data_name': 'linux', 'vendor_id': 33, 'product_id': 47, 'url_pattern': 'linux|kernel|redhat', 'master_branch': 'master', 'language': 'c', 'include_directory_path': 'include', 'repository_path': '/home/admin/estagio-2020-2021/estagio-software-vulnerabilities-2020-2021/repositories/linux', 'output_directory_path': 'output/final', 'scrape_all_branches': False}
[2021-07-12 17:33:22] [INFO] [project.py:87] __init__: Loaded the project "Linux Kernel" located in "/home/admin/estagio-2020-2021/estagio-software-vulnerabilities-2020-2021/repositories/linux".
[2021-07-12 17:33:22] [INFO] [project.py:118] get_project_list_from_config: Ignoring the project "mozilla".
[2021-07-12 17:33:26] [INFO] [generate_metrics.py:38] <module>: Generating metrics with Understand version 837 for the project "Linux Kernel" using the information in "/home/admin/estagio-2020-2021/estagio-software-vulnerabilities-2020-2021/scripts/output/final/kernel/file-timeline-2-kernel-master-branch-20210327184447.csv.xz".
[2021-07-12 18:37:24] [WARNING] [sats.py:165] generate_project_metrics: Could not parse the metrics in "/home/admin/estagio-2020-2021/estagio-software-vulnerabilities-2020-2021/scripts/output/final/kernel/metrics/metrics-t2390-a0-v0-2-kernel-master-branch-20210327184447.csv" with the error: ParserError('Error tokenizing data. C error: Expected 74 fields in line 217629, saw 75\n')
[2021-07-12 18:38:17] [INFO] [generate_metrics.py:141] <module>: Generated the metrics to "/home/admin/estagio-2020-2021/estagio-software-vulnerabilities-2020-2021/scripts/output/final/kernel/metrics/metrics-t2390-a0-v0-2-kernel-master-branch-20210327184447.csv".
[2021-07-12 18:38:33] [INFO] [generate_metrics.py:141] <module>: Generated the metrics to "/home/admin/estagio-2020-2021/estagio-software-vulnerabilities-2020-2021/scripts/output/final/kernel/metrics/metrics-t2390-a1-v0-2-kernel-master-branch-20210327184447.csv".
[2021-07-12 19:48:47] [WARNING] [sats.py:165] generate_project_metrics: Could not parse the metrics in "/home/admin/estagio-2020-2021/estagio-software-vulnerabilities-2020-2021/scripts/output/final/kernel/metrics/metrics-t2392-a0-v0-2-kernel-master-branch-20210327184447.csv" with the error: ParserError('Error tokenizing data. C error: Expected 74 fields in line 24407, saw 75\n')
[2021-07-12 19:49:47] [INFO] [generate_metrics.py:141] <module>: Generated the metrics to "/home/admin/estagio-2020-2021/estagio-software-vulnerabilities-2020-2021/scripts/output/final/kernel/metrics/metrics-t2392-a0-v0-2-kernel-master-branch-20210327184447.csv".
[2021-07-12 19:50:01] [INFO] [generate_metrics.py:141] <module>: Generated the metrics to "/home/admin/estagio-2020-2021/estagio-software-vulnerabilities-2020-2021/scripts/output/final/kernel/metrics/metrics-t2392-a1-v0-2-kernel-master-branch-20210327184447.csv".
[2021-07-12 20:53:03] [WARNING] [sats.py:165] generate_project_metrics: Could not parse the metrics in "/home/admin/estagio-2020-2021/estagio-software-vulnerabilities-2020-2021/scripts/output/final/kernel/metrics/metrics-t2396-a0-v0-2-kernel-master-branch-20210327184447.csv" with the error: ParserError('Error tokenizing data. C error: Expected 74 fields in line 218511, saw 75\n')
[2021-07-12 20:53:54] [INFO] [generate_metrics.py:141] <module>: Generated the metrics to "/home/admin/estagio-2020-2021/estagio-software-vulnerabilities-2020-2021/scripts/output/final/kernel/metrics/metrics-t2396-a0-v0-2-kernel-master-branch-20210327184447.csv".
[2021-07-12 20:54:08] [INFO] [generate_metrics.py:141] <module>: Generated the metrics to "/home/admin/estagio-2020-2021/estagio-software-vulnerabilities-2020-2021/scripts/output/final/kernel/metrics/metrics-t2396-a1-v0-2-kernel-master-branch-20210327184447.csv".
[2021-07-12 22:02:26] [WARNING] [sats.py:165] generate_project_metrics: Could not parse the metrics in "/home/admin/estagio-2020-2021/estagio-software-vulnerabilities-2020-2021/scripts/output/final/kernel/metrics/metrics-t2398-a0-v0-2-kernel-master-branch-20210327184447.csv" with the error: ParserError('Error tokenizing data. C error: Expected 74 fields in line 24498, saw 75\n')
[2021-07-12 22:03:22] [INFO] [generate_metrics.py:141] <module>: Generated the metrics to "/home/admin/estagio-2020-2021/estagio-software-vulnerabilities-2020-2021/scripts/output/final/kernel/metrics/metrics-t2398-a0-v0-2-kernel-master-branch-20210327184447.csv".
[2021-07-12 22:03:36] [INFO] [generate_metrics.py:141] <module>: Generated the metrics to "/home/admin/estagio-2020-2021/estagio-software-vulnerabilities-2020-2021/scripts/output/final/kernel/metrics/metrics-t2398-a1-v0-2-kernel-master-branch-20210327184447.csv".
[2021-07-12 23:19:06] [WARNING] [sats.py:165] generate_project_metrics: Could not parse the metrics in "/home/admin/estagio-2020-2021/estagio-software-vulnerabilities-2020-2021/scripts/output/final/kernel/metrics/metrics-t2780-a0-v0-2-kernel-master-branch-20210327184447.csv" with the error: ParserError('Error tokenizing data. C error: Expected 74 fields in line 24241, saw 75\n')
[2021-07-12 23:20:17] [INFO] [generate_metrics.py:141] <module>: Generated the metrics to "/home/admin/estagio-2020-2021/estagio-software-vulnerabilities-2020-2021/scripts/output/final/kernel/metrics/metrics-t2780-a0-v0-2-kernel-master-branch-20210327184447.csv".
[2021-07-12 23:20:33] [INFO] [generate_metrics.py:141] <module>: Generated the metrics to "/home/admin/estagio-2020-2021/estagio-software-vulnerabilities-2020-2021/scripts/output/final/kernel/metrics/metrics-t2780-a1-v0-2-kernel-master-branch-20210327184447.csv".
[2021-07-13 00:37:41] [WARNING] [sats.py:165] generate_project_metrics: Could not parse the metrics in "/home/admin/estagio-2020-2021/estagio-software-vulnerabilities-2020-2021/scripts/output/final/kernel/metrics/metrics-t2782-a0-v0-2-kernel-master-branch-20210327184447.csv" with the error: ParserError('Error tokenizing data. C error: Expected 74 fields in line 24716, saw 75\n')
[2021-07-13 00:38:49] [INFO] [generate_metrics.py:141] <module>: Generated the metrics to "/home/admin/estagio-2020-2021/estagio-software-vulnerabilities-2020-2021/scripts/output/final/kernel/metrics/metrics-t2782-a0-v0-2-kernel-master-branch-20210327184447.csv".
[2021-07-13 00:39:04] [INFO] [generate_metrics.py:141] <module>: Generated the metrics to "/home/admin/estagio-2020-2021/estagio-software-vulnerabilities-2020-2021/scripts/output/final/kernel/metrics/metrics-t2782-a1-v0-2-kernel-master-branch-20210327184447.csv".
[2021-07-13 01:52:05] [WARNING] [sats.py:165] generate_project_metrics: Could not parse the metrics in "/home/admin/estagio-2020-2021/estagio-software-vulnerabilities-2020-2021/scripts/output/final/kernel/metrics/metrics-t2798-a0-v0-2-kernel-master-branch-20210327184447.csv" with the error: ParserError('Error tokenizing data. C error: Expected 74 fields in line 20891, saw 75\n')
[2021-07-13 01:53:14] [INFO] [generate_metrics.py:141] <module>: Generated the metrics to "/home/admin/estagio-2020-2021/estagio-software-vulnerabilities-2020-2021/scripts/output/final/kernel/metrics/metrics-t2798-a0-v0-2-kernel-master-branch-20210327184447.csv".
[2021-07-13 01:53:29] [INFO] [generate_metrics.py:141] <module>: Generated the metrics to "/home/admin/estagio-2020-2021/estagio-software-vulnerabilities-2020-2021/scripts/output/final/kernel/metrics/metrics-t2798-a1-v0-2-kernel-master-branch-20210327184447.csv".
[2021-07-13 01:53:37] [INFO] [generate_metrics.py:147] <module>: Finished running for the project "Linux Kernel".
