[2021-07-20 15:32:39] [INFO] [common.py:73] <module>: Initializing the common module.
[2021-07-20 15:32:39] [INFO] [common.py:133] <module>: Changing the recursion limit from 1000 to 1000000 at the user's request.
[2021-07-20 15:32:39] [INFO] [project.py:33] <module>: Loading libclang from "/usr/lib/x86_64-linux-gnu/libclang-10.so.1".
[2021-07-20 15:32:39] [INFO] [project.py:42] <module>: Loaded libclang successfully.
[2021-07-20 15:32:39] [INFO] [project.py:118] get_project_list_from_config: Ignoring the project "glibc".
[2021-07-20 15:32:39] [INFO] [project.py:118] get_project_list_from_config: Ignoring the project "apache".
[2021-07-20 15:32:39] [INFO] [project.py:118] get_project_list_from_config: Ignoring the project "xen".
[2021-07-20 15:32:39] [INFO] [project.py:118] get_project_list_from_config: Ignoring the project "kernel".
[2021-07-20 15:32:39] [INFO] [project.py:125] get_project_list_from_config: Loading the project "mozilla" with the following configurations: {'short_name': 'mozilla', 'database_id': 1, 'database_name': 'mozilla', 'github_data_name': 'mozilla', 'vendor_id': 452, 'product_id': None, 'url_pattern': 'mozilla', 'master_branch': 'master', 'language': 'c++', 'include_directory_path': None, 'repository_path': '/home/admin/estagio-2020-2021/estagio-software-vulnerabilities-2020-2021/repositories/gecko-dev', 'output_directory_path': 'output/final', 'scrape_all_branches': False}
[2021-07-20 15:32:39] [INFO] [project.py:87] __init__: Loaded the project "Mozilla" located in "/home/admin/estagio-2020-2021/estagio-software-vulnerabilities-2020-2021/repositories/gecko-dev".
[2021-07-20 15:32:42] [INFO] [generate_metrics.py:38] <module>: Generating metrics with Understand version 837 for the project "Mozilla" using the information in "/home/admin/estagio-2020-2021/estagio-software-vulnerabilities-2020-2021/scripts/output/final/mozilla/file-timeline-1-mozilla-master-branch-20210401212440.csv.xz".
[2021-07-20 15:48:33] [INFO] [generate_metrics.py:141] <module>: Generated the metrics to "/home/admin/estagio-2020-2021/estagio-software-vulnerabilities-2020-2021/scripts/output/final/mozilla/metrics/metrics-t2348-a0-v0-1-mozilla-master-branch-20210401212440.csv".
[2021-07-20 15:48:42] [INFO] [generate_metrics.py:141] <module>: Generated the metrics to "/home/admin/estagio-2020-2021/estagio-software-vulnerabilities-2020-2021/scripts/output/final/mozilla/metrics/metrics-t2348-a1-v0-1-mozilla-master-branch-20210401212440.csv".
[2021-07-20 16:02:05] [INFO] [generate_metrics.py:141] <module>: Generated the metrics to "/home/admin/estagio-2020-2021/estagio-software-vulnerabilities-2020-2021/scripts/output/final/mozilla/metrics/metrics-t2350-a0-v0-1-mozilla-master-branch-20210401212440.csv".
[2021-07-20 16:02:14] [INFO] [generate_metrics.py:141] <module>: Generated the metrics to "/home/admin/estagio-2020-2021/estagio-software-vulnerabilities-2020-2021/scripts/output/final/mozilla/metrics/metrics-t2350-a1-v0-1-mozilla-master-branch-20210401212440.csv".
[2021-07-20 16:03:01] [ERROR] [sats.py:57] run: Failed to run the command "/home/admin/estagio-2020-2021/sats/understand/4.0.837/scitools/bin/linux64/und -quiet -db /home/admin/estagio-2020-2021/estagio-software-vulnerabilities-2020-2021/scripts/output/final/mozilla/mozilla.udb create -languages c++ settings -metrics all -metricsWriteColumnTitles on -metricsShowFunctionParameterTypes on -metricsShowDeclaredInFile on -metricsFileNameDisplayMode NoPath -metricsDeclaredInFileDisplayMode FullPath -metricsOutputFile /home/admin/estagio-2020-2021/estagio-software-vulnerabilities-2020-2021/scripts/output/final/mozilla/metrics/metrics-t3114-a0-v0-1-mozilla-master-branch-20210401212440.csv add @/tmp/tmpnuen0y5_ analyze metrics" with the error code 139 and the error message "/home/admin/estagio-2020-2021/sats/understand/4.0.837/scitools/bin/linux64/und: line 5: 305454 Segmentation fault      (core dumped) $0.bin "$@"
".
[2021-07-20 16:03:01] [ERROR] [generate_metrics.py:144] <module>: Failed to generate the metrics for the commit dfcae948017c9c7b07761b8dda863e33a31aa2a2 to "/home/admin/estagio-2020-2021/estagio-software-vulnerabilities-2020-2021/scripts/output/final/mozilla/metrics/metrics-t3114-a0-v0-1-mozilla-master-branch-20210401212440.csv".
[2021-07-20 16:03:07] [INFO] [generate_metrics.py:141] <module>: Generated the metrics to "/home/admin/estagio-2020-2021/estagio-software-vulnerabilities-2020-2021/scripts/output/final/mozilla/metrics/metrics-t3114-a1-v0-1-mozilla-master-branch-20210401212440.csv".
[2021-07-20 16:24:54] [INFO] [generate_metrics.py:141] <module>: Generated the metrics to "/home/admin/estagio-2020-2021/estagio-software-vulnerabilities-2020-2021/scripts/output/final/mozilla/metrics/metrics-t3792-a0-v0-1-mozilla-master-branch-20210401212440.csv".
[2021-07-20 16:25:05] [INFO] [generate_metrics.py:141] <module>: Generated the metrics to "/home/admin/estagio-2020-2021/estagio-software-vulnerabilities-2020-2021/scripts/output/final/mozilla/metrics/metrics-t3792-a1-v0-1-mozilla-master-branch-20210401212440.csv".
[2021-07-20 16:25:27] [INFO] [generate_metrics.py:147] <module>: Finished running for the project "Mozilla".
