[2021-07-20 02:47:02] [INFO] [common.py:73] <module>: Initializing the common module.
[2021-07-20 02:47:02] [INFO] [common.py:133] <module>: Changing the recursion limit from 1000 to 1000000 at the user's request.
[2021-07-20 02:47:02] [INFO] [project.py:33] <module>: Loading libclang from "/usr/lib/x86_64-linux-gnu/libclang-10.so.1".
[2021-07-20 02:47:02] [INFO] [project.py:42] <module>: Loaded libclang successfully.
[2021-07-20 02:47:02] [INFO] [project.py:118] get_project_list_from_config: Ignoring the project "glibc".
[2021-07-20 02:47:02] [INFO] [project.py:118] get_project_list_from_config: Ignoring the project "apache".
[2021-07-20 02:47:02] [INFO] [project.py:118] get_project_list_from_config: Ignoring the project "xen".
[2021-07-20 02:47:02] [INFO] [project.py:118] get_project_list_from_config: Ignoring the project "kernel".
[2021-07-20 02:47:02] [INFO] [project.py:125] get_project_list_from_config: Loading the project "mozilla" with the following configurations: {'short_name': 'mozilla', 'database_id': 1, 'database_name': 'mozilla', 'github_data_name': 'mozilla', 'vendor_id': 452, 'product_id': None, 'url_pattern': 'mozilla', 'master_branch': 'master', 'language': 'c++', 'include_directory_path': None, 'repository_path': '/home/admin/estagio-2020-2021/estagio-software-vulnerabilities-2020-2021/repositories/gecko-dev', 'output_directory_path': 'output/final', 'scrape_all_branches': False}
[2021-07-20 02:47:02] [INFO] [project.py:87] __init__: Loaded the project "Mozilla" located in "/home/admin/estagio-2020-2021/estagio-software-vulnerabilities-2020-2021/repositories/gecko-dev".
[2021-07-20 02:47:05] [INFO] [generate_metrics.py:38] <module>: Generating metrics with Understand version 837 for the project "Mozilla" using the information in "/home/admin/estagio-2020-2021/estagio-software-vulnerabilities-2020-2021/scripts/output/final/mozilla/file-timeline-1-mozilla-master-branch-20210401212440.csv.xz".
[2021-07-20 02:47:24] [WARNING] [sats.py:130] generate_project_metrics: Skipping the file path "/home/admin/estagio-2020-2021/estagio-software-vulnerabilities-2020-2021/repositories/gecko-dev/content/html/content/src/nsHTMLDNSPrefetch.cpp" since it does not exist on disk.
[2021-07-20 02:47:24] [WARNING] [sats.py:130] generate_project_metrics: Skipping the file path "/home/admin/estagio-2020-2021/estagio-software-vulnerabilities-2020-2021/repositories/gecko-dev/content/html/content/src/nsHTMLDNSPrefetch.h" since it does not exist on disk.
[2021-07-20 02:47:24] [WARNING] [sats.py:130] generate_project_metrics: Skipping the file path "/home/admin/estagio-2020-2021/estagio-software-vulnerabilities-2020-2021/repositories/gecko-dev/netwerk/base/src/nsDNSPrefetch.cpp" since it does not exist on disk.
[2021-07-20 02:47:24] [WARNING] [sats.py:130] generate_project_metrics: Skipping the file path "/home/admin/estagio-2020-2021/estagio-software-vulnerabilities-2020-2021/repositories/gecko-dev/netwerk/base/src/nsDNSPrefetch.h" since it does not exist on disk.
[2021-07-20 02:47:27] [ERROR] [generate_metrics.py:144] <module>: Failed to generate the metrics for the commit 05ec1c59e29568852bce0db1a8de5e1234b91fb2 to "/home/admin/estagio-2020-2021/estagio-software-vulnerabilities-2020-2021/scripts/output/final/mozilla/metrics/metrics-t185-a1-v1-1-mozilla-master-branch-20210401212440.csv".
[2021-07-20 02:49:32] [ERROR] [sats.py:57] run: Failed to run the command "/home/admin/estagio-2020-2021/sats/understand/4.0.837/scitools/bin/linux64/und -quiet -db /home/admin/estagio-2020-2021/estagio-software-vulnerabilities-2020-2021/scripts/output/final/mozilla/mozilla.udb create -languages c++ settings -metrics all -metricsWriteColumnTitles on -metricsShowFunctionParameterTypes on -metricsShowDeclaredInFile on -metricsFileNameDisplayMode NoPath -metricsDeclaredInFileDisplayMode FullPath -metricsOutputFile /home/admin/estagio-2020-2021/estagio-software-vulnerabilities-2020-2021/scripts/output/final/mozilla/metrics/metrics-t2348-a0-v0-1-mozilla-master-branch-20210401212440.csv add @/tmp/tmp2ckz7w70 analyze metrics" with the error code 139 and the error message "/home/admin/estagio-2020-2021/sats/understand/4.0.837/scitools/bin/linux64/und: line 5: 303040 Segmentation fault      (core dumped) $0.bin "$@"
".
[2021-07-20 02:49:32] [ERROR] [generate_metrics.py:144] <module>: Failed to generate the metrics for the commit 7e4522563664c4555bee5e6865a32dc1771ca423 to "/home/admin/estagio-2020-2021/estagio-software-vulnerabilities-2020-2021/scripts/output/final/mozilla/metrics/metrics-t2348-a0-v0-1-mozilla-master-branch-20210401212440.csv".
[2021-07-20 02:49:39] [INFO] [generate_metrics.py:141] <module>: Generated the metrics to "/home/admin/estagio-2020-2021/estagio-software-vulnerabilities-2020-2021/scripts/output/final/mozilla/metrics/metrics-t2348-a1-v0-1-mozilla-master-branch-20210401212440.csv".
[2021-07-20 02:51:15] [ERROR] [sats.py:57] run: Failed to run the command "/home/admin/estagio-2020-2021/sats/understand/4.0.837/scitools/bin/linux64/und -quiet -db /home/admin/estagio-2020-2021/estagio-software-vulnerabilities-2020-2021/scripts/output/final/mozilla/mozilla.udb create -languages c++ settings -metrics all -metricsWriteColumnTitles on -metricsShowFunctionParameterTypes on -metricsShowDeclaredInFile on -metricsFileNameDisplayMode NoPath -metricsDeclaredInFileDisplayMode FullPath -metricsOutputFile /home/admin/estagio-2020-2021/estagio-software-vulnerabilities-2020-2021/scripts/output/final/mozilla/metrics/metrics-t2350-a0-v0-1-mozilla-master-branch-20210401212440.csv add @/tmp/tmp0886w0jz analyze metrics" with the error code 139 and the error message "/home/admin/estagio-2020-2021/sats/understand/4.0.837/scitools/bin/linux64/und: line 5: 303205 Segmentation fault      (core dumped) $0.bin "$@"
".
[2021-07-20 02:51:15] [ERROR] [generate_metrics.py:144] <module>: Failed to generate the metrics for the commit d09f1827031b6f9a9a6e99e037e13eabe67dda98 to "/home/admin/estagio-2020-2021/estagio-software-vulnerabilities-2020-2021/scripts/output/final/mozilla/metrics/metrics-t2350-a0-v0-1-mozilla-master-branch-20210401212440.csv".
[2021-07-20 02:51:21] [INFO] [generate_metrics.py:141] <module>: Generated the metrics to "/home/admin/estagio-2020-2021/estagio-software-vulnerabilities-2020-2021/scripts/output/final/mozilla/metrics/metrics-t2350-a1-v0-1-mozilla-master-branch-20210401212440.csv".
[2021-07-20 02:52:05] [ERROR] [sats.py:57] run: Failed to run the command "/home/admin/estagio-2020-2021/sats/understand/4.0.837/scitools/bin/linux64/und -quiet -db /home/admin/estagio-2020-2021/estagio-software-vulnerabilities-2020-2021/scripts/output/final/mozilla/mozilla.udb create -languages c++ settings -metrics all -metricsWriteColumnTitles on -metricsShowFunctionParameterTypes on -metricsShowDeclaredInFile on -metricsFileNameDisplayMode NoPath -metricsDeclaredInFileDisplayMode FullPath -metricsOutputFile /home/admin/estagio-2020-2021/estagio-software-vulnerabilities-2020-2021/scripts/output/final/mozilla/metrics/metrics-t3114-a0-v0-1-mozilla-master-branch-20210401212440.csv add @/tmp/tmp99iu1mls analyze metrics" with the error code 139 and the error message "/home/admin/estagio-2020-2021/sats/understand/4.0.837/scitools/bin/linux64/und: line 5: 303356 Segmentation fault      (core dumped) $0.bin "$@"
".
[2021-07-20 02:52:05] [ERROR] [generate_metrics.py:144] <module>: Failed to generate the metrics for the commit dfcae948017c9c7b07761b8dda863e33a31aa2a2 to "/home/admin/estagio-2020-2021/estagio-software-vulnerabilities-2020-2021/scripts/output/final/mozilla/metrics/metrics-t3114-a0-v0-1-mozilla-master-branch-20210401212440.csv".
[2021-07-20 02:52:11] [INFO] [generate_metrics.py:141] <module>: Generated the metrics to "/home/admin/estagio-2020-2021/estagio-software-vulnerabilities-2020-2021/scripts/output/final/mozilla/metrics/metrics-t3114-a1-v0-1-mozilla-master-branch-20210401212440.csv".
[2021-07-20 03:35:20] [INFO] [generate_metrics.py:141] <module>: Generated the metrics to "/home/admin/estagio-2020-2021/estagio-software-vulnerabilities-2020-2021/scripts/output/final/mozilla/metrics/metrics-t3464-a0-v0-1-mozilla-master-branch-20210401212440.csv".
[2021-07-20 03:35:35] [INFO] [generate_metrics.py:141] <module>: Generated the metrics to "/home/admin/estagio-2020-2021/estagio-software-vulnerabilities-2020-2021/scripts/output/final/mozilla/metrics/metrics-t3464-a1-v0-1-mozilla-master-branch-20210401212440.csv".
[2021-07-20 03:39:15] [INFO] [generate_metrics.py:141] <module>: Generated the metrics to "/home/admin/estagio-2020-2021/estagio-software-vulnerabilities-2020-2021/scripts/output/final/mozilla/metrics/metrics-t3508-a0-v0-1-mozilla-master-branch-20210401212440.csv".
[2021-07-20 03:39:23] [INFO] [generate_metrics.py:141] <module>: Generated the metrics to "/home/admin/estagio-2020-2021/estagio-software-vulnerabilities-2020-2021/scripts/output/final/mozilla/metrics/metrics-t3508-a1-v0-1-mozilla-master-branch-20210401212440.csv".
[2021-07-20 03:55:52] [INFO] [generate_metrics.py:141] <module>: Generated the metrics to "/home/admin/estagio-2020-2021/estagio-software-vulnerabilities-2020-2021/scripts/output/final/mozilla/metrics/metrics-t3644-a0-v0-1-mozilla-master-branch-20210401212440.csv".
[2021-07-20 03:56:04] [INFO] [generate_metrics.py:141] <module>: Generated the metrics to "/home/admin/estagio-2020-2021/estagio-software-vulnerabilities-2020-2021/scripts/output/final/mozilla/metrics/metrics-t3644-a1-v0-1-mozilla-master-branch-20210401212440.csv".
[2021-07-20 04:14:39] [INFO] [generate_metrics.py:141] <module>: Generated the metrics to "/home/admin/estagio-2020-2021/estagio-software-vulnerabilities-2020-2021/scripts/output/final/mozilla/metrics/metrics-t3724-a0-v0-1-mozilla-master-branch-20210401212440.csv".
[2021-07-20 04:14:50] [INFO] [generate_metrics.py:141] <module>: Generated the metrics to "/home/admin/estagio-2020-2021/estagio-software-vulnerabilities-2020-2021/scripts/output/final/mozilla/metrics/metrics-t3724-a1-v0-1-mozilla-master-branch-20210401212440.csv".
[2021-07-20 04:16:19] [ERROR] [sats.py:57] run: Failed to run the command "/home/admin/estagio-2020-2021/sats/understand/4.0.837/scitools/bin/linux64/und -quiet -db /home/admin/estagio-2020-2021/estagio-software-vulnerabilities-2020-2021/scripts/output/final/mozilla/mozilla.udb create -languages c++ settings -metrics all -metricsWriteColumnTitles on -metricsShowFunctionParameterTypes on -metricsShowDeclaredInFile on -metricsFileNameDisplayMode NoPath -metricsDeclaredInFileDisplayMode FullPath -metricsOutputFile /home/admin/estagio-2020-2021/estagio-software-vulnerabilities-2020-2021/scripts/output/final/mozilla/metrics/metrics-t3792-a0-v0-1-mozilla-master-branch-20210401212440.csv add @/tmp/tmp3ah4j7f9 analyze metrics" with the error code 139 and the error message "/home/admin/estagio-2020-2021/sats/understand/4.0.837/scitools/bin/linux64/und: line 5: 303784 Segmentation fault      (core dumped) $0.bin "$@"
".
[2021-07-20 04:16:19] [ERROR] [generate_metrics.py:144] <module>: Failed to generate the metrics for the commit ca09368d227d6bf72d9ea7e0adee1a1983536665 to "/home/admin/estagio-2020-2021/estagio-software-vulnerabilities-2020-2021/scripts/output/final/mozilla/metrics/metrics-t3792-a0-v0-1-mozilla-master-branch-20210401212440.csv".
[2021-07-20 04:16:27] [INFO] [generate_metrics.py:141] <module>: Generated the metrics to "/home/admin/estagio-2020-2021/estagio-software-vulnerabilities-2020-2021/scripts/output/final/mozilla/metrics/metrics-t3792-a1-v0-1-mozilla-master-branch-20210401212440.csv".
[2021-07-20 04:59:49] [INFO] [generate_metrics.py:141] <module>: Generated the metrics to "/home/admin/estagio-2020-2021/estagio-software-vulnerabilities-2020-2021/scripts/output/final/mozilla/metrics/metrics-t3796-a0-v0-1-mozilla-master-branch-20210401212440.csv".
[2021-07-20 05:00:01] [INFO] [generate_metrics.py:141] <module>: Generated the metrics to "/home/admin/estagio-2020-2021/estagio-software-vulnerabilities-2020-2021/scripts/output/final/mozilla/metrics/metrics-t3796-a1-v0-1-mozilla-master-branch-20210401212440.csv".
[2021-07-20 05:19:08] [INFO] [generate_metrics.py:141] <module>: Generated the metrics to "/home/admin/estagio-2020-2021/estagio-software-vulnerabilities-2020-2021/scripts/output/final/mozilla/metrics/metrics-t3874-a0-v0-1-mozilla-master-branch-20210401212440.csv".
[2021-07-20 05:19:19] [INFO] [generate_metrics.py:141] <module>: Generated the metrics to "/home/admin/estagio-2020-2021/estagio-software-vulnerabilities-2020-2021/scripts/output/final/mozilla/metrics/metrics-t3874-a1-v0-1-mozilla-master-branch-20210401212440.csv".
[2021-07-20 05:24:42] [INFO] [generate_metrics.py:141] <module>: Generated the metrics to "/home/admin/estagio-2020-2021/estagio-software-vulnerabilities-2020-2021/scripts/output/final/mozilla/metrics/metrics-t4622-a0-v0-1-mozilla-master-branch-20210401212440.csv".
[2021-07-20 05:24:51] [INFO] [generate_metrics.py:141] <module>: Generated the metrics to "/home/admin/estagio-2020-2021/estagio-software-vulnerabilities-2020-2021/scripts/output/final/mozilla/metrics/metrics-t4622-a1-v0-1-mozilla-master-branch-20210401212440.csv".
[2021-07-20 05:25:25] [INFO] [generate_metrics.py:147] <module>: Finished running for the project "Mozilla".
