[2021-06-07 04:50:29] [INFO] [common.py:73] <module>: Initializing the common module.
[2021-06-07 04:50:29] [INFO] [common.py:133] <module>: Changing the recursion limit from 1000 to 1000000 at the user's request.
[2021-06-07 04:50:30] [INFO] [project.py:34] <module>: Loading libclang from "/usr/lib/x86_64-linux-gnu/libclang-10.so.1".
[2021-06-07 04:50:30] [INFO] [project.py:43] <module>: Loaded libclang successfully.
[2021-06-07 04:50:30] [INFO] [database.py:34] __init__: Connecting to the database with the following configurations: {'host': '127.0.0.1', 'port': '3306', 'user': 'admin', 'password': '', 'database': 'software'}
[2021-06-07 04:50:30] [INFO] [database.py:42] __init__: Autocommit is False.
[2021-06-07 04:50:30] [INFO] [project.py:135] get_project_list_from_config: Loading the project "glibc" with the following configurations: {'short_name': 'glibc', 'database_id': 5, 'database_name': 'glibc', 'vendor_id': 72, 'product_id': 767, 'url_pattern': 'sourceware', 'master_branch': 'master', 'language': 'c', 'include_directory_path': 'include', 'repository_path': '/home/admin/estagio-2020-2021/estagio-software-vulnerabilities-2020-2021/repositories/glibc', 'output_directory_path': 'output_final', 'scrape_all_branches': False}
[2021-06-07 04:50:30] [INFO] [project.py:89] __init__: Loaded the project "Glibc" located in "/home/admin/estagio-2020-2021/estagio-software-vulnerabilities-2020-2021/repositories/glibc".
[2021-06-07 04:50:30] [INFO] [project.py:135] get_project_list_from_config: Loading the project "apache" with the following configurations: {'short_name': 'apache', 'database_id': 4, 'database_name': 'httpd', 'vendor_id': 45, 'product_id': 66, 'url_pattern': 'apache', 'master_branch': 'trunk', 'language': 'c', 'include_directory_path': 'include', 'repository_path': '/home/admin/estagio-2020-2021/estagio-software-vulnerabilities-2020-2021/repositories/httpd', 'output_directory_path': 'output_final', 'scrape_all_branches': False}
[2021-06-07 04:50:30] [INFO] [project.py:89] __init__: Loaded the project "Apache HTTP Server" located in "/home/admin/estagio-2020-2021/estagio-software-vulnerabilities-2020-2021/repositories/httpd".
[2021-06-07 04:50:30] [INFO] [project.py:135] get_project_list_from_config: Loading the project "xen" with the following configurations: {'short_name': 'xen', 'database_id': 3, 'database_name': 'xen', 'vendor_id': 6276, 'product_id': None, 'url_pattern': 'xen', 'master_branch': 'master', 'language': 'c', 'include_directory_path': 'xen/include', 'repository_path': '/home/admin/estagio-2020-2021/estagio-software-vulnerabilities-2020-2021/repositories/xen', 'output_directory_path': 'output_final', 'scrape_all_branches': False}
[2021-06-07 04:50:30] [INFO] [project.py:89] __init__: Loaded the project "Xen" located in "/home/admin/estagio-2020-2021/estagio-software-vulnerabilities-2020-2021/repositories/xen".
[2021-06-07 04:50:30] [INFO] [project.py:135] get_project_list_from_config: Loading the project "kernel" with the following configurations: {'short_name': 'kernel', 'database_id': 2, 'database_name': 'kernel', 'vendor_id': 33, 'product_id': 47, 'url_pattern': 'linux|kernel|redhat', 'master_branch': 'master', 'language': 'c', 'include_directory_path': 'include', 'repository_path': '/home/admin/estagio-2020-2021/estagio-software-vulnerabilities-2020-2021/repositories/linux', 'output_directory_path': 'output_final', 'scrape_all_branches': False}
[2021-06-07 04:50:30] [INFO] [project.py:89] __init__: Loaded the project "Linux Kernel" located in "/home/admin/estagio-2020-2021/estagio-software-vulnerabilities-2020-2021/repositories/linux".
[2021-06-07 04:50:30] [INFO] [project.py:135] get_project_list_from_config: Loading the project "mozilla" with the following configurations: {'short_name': 'mozilla', 'database_id': 1, 'database_name': 'mozilla', 'vendor_id': 452, 'product_id': None, 'url_pattern': 'mozilla', 'master_branch': 'master', 'language': 'c++', 'include_directory_path': None, 'repository_path': '/home/admin/estagio-2020-2021/estagio-software-vulnerabilities-2020-2021/repositories/gecko-dev', 'output_directory_path': 'output_final', 'scrape_all_branches': False}
[2021-06-07 04:50:30] [INFO] [project.py:89] __init__: Loaded the project "Mozilla" located in "/home/admin/estagio-2020-2021/estagio-software-vulnerabilities-2020-2021/repositories/gecko-dev".
[2021-06-07 14:09:54] [INFO] [import_extra_time_files_functions_classes_in_database.py:35] <module>: Imported the data from "/home/admin/estagio-2020-2021/dataset/scripts/kernel/EXTRA-TIME-FUNCTIONS1001.sql" successfully.
[2021-06-08 12:39:46] [INFO] [import_extra_time_files_functions_classes_in_database.py:35] <module>: Imported the data from "/home/admin/estagio-2020-2021/dataset/scripts/kernel/EXTRA-TIME-FUNCTIONS1000.sql" successfully.
[2021-06-08 20:27:55] [INFO] [import_extra_time_files_functions_classes_in_database.py:35] <module>: Imported the data from "/home/admin/estagio-2020-2021/dataset/scripts/kernel/EXTRA-TIME-CLASS1001.sql" successfully.
[2021-06-09 20:08:44] [INFO] [import_extra_time_files_functions_classes_in_database.py:35] <module>: Imported the data from "/home/admin/estagio-2020-2021/dataset/scripts/kernel/EXTRA-TIME-CLASS1000.sql" successfully.
[2021-06-09 20:11:27] [INFO] [import_extra_time_files_functions_classes_in_database.py:35] <module>: Imported the data from "/home/admin/estagio-2020-2021/dataset/scripts/xen/EXTRA-TIME-FUNCTIONS1001.sql" successfully.
[2021-06-09 20:14:12] [INFO] [import_extra_time_files_functions_classes_in_database.py:35] <module>: Imported the data from "/home/admin/estagio-2020-2021/dataset/scripts/xen/EXTRA-TIME-FUNCTIONS1000.sql" successfully.
[2021-06-10 02:37:21] [INFO] [import_extra_time_files_functions_classes_in_database.py:35] <module>: Imported the data from "/home/admin/estagio-2020-2021/dataset/scripts/xen/EXTRA-TIME-CLASS1001.sql" successfully.
[2021-06-10 09:00:13] [INFO] [import_extra_time_files_functions_classes_in_database.py:35] <module>: Imported the data from "/home/admin/estagio-2020-2021/dataset/scripts/xen/EXTRA-TIME-CLASS1000.sql" successfully.
[2021-06-10 09:00:36] [INFO] [import_extra_time_files_functions_classes_in_database.py:35] <module>: Imported the data from "/home/admin/estagio-2020-2021/dataset/scripts/glibc/EXTRA-TIME-FUNCTIONS1001.sql" successfully.
[2021-06-10 09:01:02] [INFO] [import_extra_time_files_functions_classes_in_database.py:35] <module>: Imported the data from "/home/admin/estagio-2020-2021/dataset/scripts/glibc/EXTRA-TIME-FUNCTIONS1000.sql" successfully.
[2021-06-10 10:20:57] [INFO] [import_extra_time_files_functions_classes_in_database.py:35] <module>: Imported the data from "/home/admin/estagio-2020-2021/dataset/scripts/glibc/EXTRA-TIME-CLASS1001.sql" successfully.
[2021-06-10 11:38:54] [INFO] [import_extra_time_files_functions_classes_in_database.py:35] <module>: Imported the data from "/home/admin/estagio-2020-2021/dataset/scripts/glibc/EXTRA-TIME-CLASS1000.sql" successfully.
[2021-06-10 11:39:04] [INFO] [import_extra_time_files_functions_classes_in_database.py:35] <module>: Imported the data from "/home/admin/estagio-2020-2021/dataset/scripts/httpd/EXTRA-TIME-FUNCTIONS1001.sql" successfully.
[2021-06-10 11:39:17] [INFO] [import_extra_time_files_functions_classes_in_database.py:35] <module>: Imported the data from "/home/admin/estagio-2020-2021/dataset/scripts/httpd/EXTRA-TIME-FUNCTIONS1000.sql" successfully.
[2021-06-10 13:29:47] [INFO] [import_extra_time_files_functions_classes_in_database.py:35] <module>: Imported the data from "/home/admin/estagio-2020-2021/dataset/scripts/httpd/EXTRA-TIME-CLASS1001.sql" successfully.
[2021-06-10 15:19:01] [INFO] [import_extra_time_files_functions_classes_in_database.py:35] <module>: Imported the data from "/home/admin/estagio-2020-2021/dataset/scripts/httpd/EXTRA-TIME-CLASS1000.sql" successfully.
[2021-06-11 09:59:35] [INFO] [import_extra_time_files_functions_classes_in_database.py:35] <module>: Imported the data from "/home/admin/estagio-2020-2021/dataset/scripts/mozilla/EXTRA-TIME-FUNCTIONS1001.sql" successfully.
[2021-06-12 07:54:08] [INFO] [import_extra_time_files_functions_classes_in_database.py:35] <module>: Imported the data from "/home/admin/estagio-2020-2021/dataset/scripts/mozilla/EXTRA-TIME-FUNCTIONS1000.sql" successfully.
[2021-06-14 13:53:06] [INFO] [import_extra_time_files_functions_classes_in_database.py:35] <module>: Imported the data from "/home/admin/estagio-2020-2021/dataset/scripts/mozilla/EXTRA-TIME-CLASS1001.sql" successfully.
[2021-06-17 09:11:18] [INFO] [import_extra_time_files_functions_classes_in_database.py:35] <module>: Imported the data from "/home/admin/estagio-2020-2021/dataset/scripts/mozilla/EXTRA-TIME-CLASS1000.sql" successfully.
