[2021-10-11 23:08:37] [INFO] [common.py:75] <module>: Initializing the common module.
[2021-10-11 23:08:37] [INFO] [common.py:135] <module>: Changing the recursion limit from 1000 to 1000000 at the user's request.
[2021-10-11 23:08:38] [INFO] [project.py:33] <module>: Loading libclang from "/usr/lib/x86_64-linux-gnu/libclang-10.so.1".
[2021-10-11 23:08:38] [INFO] [project.py:42] <module>: Loaded libclang successfully.
[2021-10-11 23:08:38] [INFO] [InstanceConfig.py:18] <module>: Initializing the instance configuration.
[2021-10-11 23:08:38] [INFO] [project.py:119] get_project_list_from_config: Ignoring the project "Glibc" (glibc).
[2021-10-11 23:08:38] [INFO] [project.py:119] get_project_list_from_config: Ignoring the project "Apache HTTP Server" (apache).
[2021-10-11 23:08:38] [INFO] [project.py:126] get_project_list_from_config: Loading the project "Xen" (xen) with the following configurations: {'short_name': 'xen', 'database_id': 3, 'database_name': 'xen', 'github_data_name': 'xen', 'vendor_id': 6276, 'product_id': None, 'url_pattern': 'xen', 'master_branch': 'master', 'language': 'c', 'include_directory_path': 'xen/include', 'repository_path': '/home/admin/estagio-2020-2021/estagio-software-vulnerabilities-2020-2021/repositories/xen', 'output_directory_path': 'output/final', 'scrape_all_branches': False}
[2021-10-11 23:08:38] [ERROR] [project.py:90] __init__: Failed to get the repository for the project "Xen"" with the error: NoSuchPathError('/home/admin/estagio-2020-2021/estagio-software-vulnerabilities-2020-2021/repositories/xen')
[2021-10-11 23:08:38] [INFO] [project.py:119] get_project_list_from_config: Ignoring the project "Linux Kernel" (kernel).
[2021-10-11 23:08:38] [INFO] [project.py:119] get_project_list_from_config: Ignoring the project "Mozilla" (mozilla).
[2021-10-11 23:08:40] [INFO] [InstanceBatchExecution.py:131] __init__: Found the following function datasets: ['propheticus-dataset-function-20211008025615']
[2021-10-11 23:08:40] [INFO] [InstanceBatchExecution.py:164] __init__: Adding the batch configuration: ['propheticus-dataset-function-20211008025615'], binary_label, ['variance'], [], random_forests, [None]
[2021-10-11 23:08:40] [INFO] [InstanceBatchExecution.py:164] __init__: Adding the batch configuration: ['propheticus-dataset-function-20211008025615'], binary_label, ['variance'], [], bagging, [None]
[2021-10-11 23:08:40] [INFO] [InstanceBatchExecution.py:164] __init__: Adding the batch configuration: ['propheticus-dataset-function-20211008025615'], binary_label, ['variance'], [], xgboost, [None]
[2021-10-11 23:08:40] [INFO] [InstanceBatchExecution.py:164] __init__: Adding the batch configuration: ['propheticus-dataset-function-20211008025615'], binary_label, ['variance'], ['RandomUnderSampler'], random_forests, [None]
[2021-10-11 23:08:40] [INFO] [InstanceBatchExecution.py:164] __init__: Adding the batch configuration: ['propheticus-dataset-function-20211008025615'], binary_label, ['variance'], ['RandomUnderSampler'], bagging, [None]
[2021-10-11 23:08:40] [INFO] [InstanceBatchExecution.py:164] __init__: Adding the batch configuration: ['propheticus-dataset-function-20211008025615'], binary_label, ['variance'], ['RandomUnderSampler'], xgboost, [None]
[2021-10-11 23:08:40] [INFO] [InstanceBatchExecution.py:164] __init__: Adding the batch configuration: ['propheticus-dataset-function-20211008025615'], binary_label, ['variance'], ['RandomOverSampler'], random_forests, [None]
[2021-10-11 23:08:40] [INFO] [InstanceBatchExecution.py:164] __init__: Adding the batch configuration: ['propheticus-dataset-function-20211008025615'], binary_label, ['variance'], ['RandomOverSampler'], bagging, [None]
[2021-10-11 23:08:40] [INFO] [InstanceBatchExecution.py:164] __init__: Adding the batch configuration: ['propheticus-dataset-function-20211008025615'], binary_label, ['variance'], ['RandomOverSampler'], xgboost, [None]
[2021-10-11 23:08:40] [INFO] [InstanceBatchExecution.py:164] __init__: Adding the batch configuration: ['propheticus-dataset-function-20211008025615'], binary_label, ['correlation'], [], random_forests, [None]
[2021-10-11 23:08:40] [INFO] [InstanceBatchExecution.py:164] __init__: Adding the batch configuration: ['propheticus-dataset-function-20211008025615'], binary_label, ['correlation'], [], bagging, [None]
[2021-10-11 23:08:40] [INFO] [InstanceBatchExecution.py:164] __init__: Adding the batch configuration: ['propheticus-dataset-function-20211008025615'], binary_label, ['correlation'], [], xgboost, [None]
[2021-10-11 23:08:40] [INFO] [InstanceBatchExecution.py:164] __init__: Adding the batch configuration: ['propheticus-dataset-function-20211008025615'], binary_label, ['correlation'], ['RandomUnderSampler'], random_forests, [None]
[2021-10-11 23:08:40] [INFO] [InstanceBatchExecution.py:164] __init__: Adding the batch configuration: ['propheticus-dataset-function-20211008025615'], binary_label, ['correlation'], ['RandomUnderSampler'], bagging, [None]
[2021-10-11 23:08:40] [INFO] [InstanceBatchExecution.py:164] __init__: Adding the batch configuration: ['propheticus-dataset-function-20211008025615'], binary_label, ['correlation'], ['RandomUnderSampler'], xgboost, [None]
[2021-10-11 23:08:40] [INFO] [InstanceBatchExecution.py:164] __init__: Adding the batch configuration: ['propheticus-dataset-function-20211008025615'], binary_label, ['correlation'], ['RandomOverSampler'], random_forests, [None]
[2021-10-11 23:08:40] [INFO] [InstanceBatchExecution.py:164] __init__: Adding the batch configuration: ['propheticus-dataset-function-20211008025615'], binary_label, ['correlation'], ['RandomOverSampler'], bagging, [None]
[2021-10-11 23:08:40] [INFO] [InstanceBatchExecution.py:164] __init__: Adding the batch configuration: ['propheticus-dataset-function-20211008025615'], binary_label, ['correlation'], ['RandomOverSampler'], xgboost, [None]
[2021-10-11 23:08:40] [INFO] [InstanceBatchExecution.py:167] __init__: Added a total of 18 batch configurations.
