[2021-09-12 04:57:36] [INFO] [common.py:74] <module>: Initializing the common module.
[2021-09-12 04:57:36] [INFO] [common.py:134] <module>: Changing the recursion limit from 1000 to 1000000 at the user's request.
[2021-09-12 04:57:36] [INFO] [project.py:33] <module>: Loading libclang from "/usr/lib/x86_64-linux-gnu/libclang-10.so.1".
[2021-09-12 04:57:36] [INFO] [project.py:42] <module>: Loaded libclang successfully.
[2021-09-12 04:57:37] [INFO] [database.py:34] __init__: Connecting to the database with the following configurations: {'host': '127.0.0.1', 'port': '3306', 'user': 'admin', 'password': '', 'database': 'software', 'sql_mode': 'ONLY_FULL_GROUP_BY,NO_ZERO_IN_DATE,NO_ZERO_DATE,ERROR_FOR_DIVISION_BY_ZERO,NO_ENGINE_SUBSTITUTION'}
[2021-09-12 04:57:37] [INFO] [database.py:42] __init__: Autocommit is False.
[2021-09-12 04:57:37] [INFO] [collect_and_insert_alerts_in_database.py:54] collect_and_insert_alerts_in_database: Found the following SATs: {'Cppcheck': 1, 'Flawfinder': 2}
[2021-09-12 04:57:37] [INFO] [project.py:119] get_project_list_from_config: Ignoring the project "Glibc" (glibc).
[2021-09-12 04:57:37] [INFO] [project.py:119] get_project_list_from_config: Ignoring the project "Apache HTTP Server" (apache).
[2021-09-12 04:57:37] [INFO] [project.py:119] get_project_list_from_config: Ignoring the project "Xen" (xen).
[2021-09-12 04:57:37] [INFO] [project.py:126] get_project_list_from_config: Loading the project "Linux Kernel" (kernel) with the following configurations: {'short_name': 'kernel', 'database_id': 2, 'database_name': 'kernel', 'github_data_name': 'linux', 'vendor_id': 33, 'product_id': 47, 'url_pattern': 'linux|kernel|redhat', 'master_branch': 'master', 'language': 'c', 'include_directory_path': 'include', 'repository_path': '/home/admin/estagio-2020-2021/estagio-software-vulnerabilities-2020-2021/repositories/linux', 'output_directory_path': 'output/final', 'scrape_all_branches': False}
[2021-09-12 04:57:37] [INFO] [project.py:87] __init__: Loaded the project "Linux Kernel" located in "/home/admin/estagio-2020-2021/estagio-software-vulnerabilities-2020-2021/repositories/linux".
[2021-09-12 04:57:37] [INFO] [project.py:119] get_project_list_from_config: Ignoring the project "Mozilla" (mozilla).
[2021-09-12 04:57:38] [INFO] [collect_and_insert_alerts_in_database.py:153] collect_and_insert_alerts_in_database: Inserting the alerts from "linux/cppcheck/complete_scan/previous_commit/part1/cppcheck-99-1be9a950c646c9092fb3618197f7b6bfb50e82aa-1.csv.zip".
[2021-09-12 06:39:12] [INFO] [collect_and_insert_alerts_in_database.py:153] collect_and_insert_alerts_in_database: Inserting the alerts from "linux/cppcheck/complete_scan/previous_commit/part1/cppcheck-98-d974baa398f34393db76be45f7d4d04fbdbb4a0a-1.csv.zip".
[2021-09-12 08:12:07] [INFO] [collect_and_insert_alerts_in_database.py:153] collect_and_insert_alerts_in_database: Inserting the alerts from "linux/cppcheck/complete_scan/previous_commit/part1/cppcheck-97-410dd3cf4c9b36f27ed4542ee18b1af5e68645a4-1.csv.zip".
[2021-09-12 10:14:56] [INFO] [collect_and_insert_alerts_in_database.py:153] collect_and_insert_alerts_in_database: Inserting the alerts from "linux/cppcheck/complete_scan/previous_commit/part1/cppcheck-96-0d0826019e529f21c84687521d03f60cd241ca7d-1.csv.zip".
[2021-09-12 11:23:26] [INFO] [collect_and_insert_alerts_in_database.py:153] collect_and_insert_alerts_in_database: Inserting the alerts from "linux/cppcheck/complete_scan/previous_commit/part1/cppcheck-95-d3217b15a19a4779c39b212358a5c71d725822ee-1.csv.zip".
[2021-09-12 12:29:31] [INFO] [collect_and_insert_alerts_in_database.py:153] collect_and_insert_alerts_in_database: Inserting the alerts from "linux/cppcheck/complete_scan/previous_commit/part1/cppcheck-94-3cf521f7dc87c031617fd47e4b7aa2593c2f3daf-1.csv.zip".
[2021-09-12 13:35:54] [INFO] [collect_and_insert_alerts_in_database.py:153] collect_and_insert_alerts_in_database: Inserting the alerts from "linux/cppcheck/complete_scan/previous_commit/part1/cppcheck-93-4442dc8a92b8f9ad8ee9e7f8438f4c04c03a22dc-1.csv.zip".
[2021-09-12 14:36:51] [INFO] [collect_and_insert_alerts_in_database.py:153] collect_and_insert_alerts_in_database: Inserting the alerts from "linux/cppcheck/complete_scan/previous_commit/part1/cppcheck-92-295dc39d941dc2ae53d5c170365af4c9d5c16212-1.csv.zip".
[2021-09-12 15:52:13] [INFO] [collect_and_insert_alerts_in_database.py:153] collect_and_insert_alerts_in_database: Inserting the alerts from "linux/cppcheck/complete_scan/previous_commit/part1/cppcheck-91-c03aa9f6e1f938618e6db2e23afef0574efeeb65-1.csv.zip".
[2021-09-12 17:02:34] [INFO] [collect_and_insert_alerts_in_database.py:153] collect_and_insert_alerts_in_database: Inserting the alerts from "linux/cppcheck/complete_scan/previous_commit/part1/cppcheck-90-18f39e7be0121317550d03e267e3ebd4dbfbb3ce-1.csv.zip".
[2021-09-12 18:19:19] [INFO] [collect_and_insert_alerts_in_database.py:153] collect_and_insert_alerts_in_database: Inserting the alerts from "linux/cppcheck/complete_scan/previous_commit/part1/cppcheck-9-23b133bdc452aa441fcb9b82cbf6dd05cfd342d0-1.csv.zip".
[2021-09-12 19:28:40] [INFO] [collect_and_insert_alerts_in_database.py:153] collect_and_insert_alerts_in_database: Inserting the alerts from "linux/cppcheck/complete_scan/previous_commit/part1/cppcheck-89-a6138db815df5ee542d848318e5dae681590fccd-1.csv.zip".
[2021-09-12 20:44:45] [INFO] [collect_and_insert_alerts_in_database.py:153] collect_and_insert_alerts_in_database: Inserting the alerts from "linux/cppcheck/complete_scan/previous_commit/part1/cppcheck-88-3a87aa2f10bd7f1408e1849bdb59c41dd63a9fe9-1.csv.zip".
[2021-09-12 20:46:41] [INFO] [collect_and_insert_alerts_in_database.py:153] collect_and_insert_alerts_in_database: Inserting the alerts from "linux/cppcheck/complete_scan/previous_commit/part1/cppcheck-87-9566d6742852c527bf5af38af5cbb878dad75705-1.csv.zip".
[2021-09-12 22:00:44] [INFO] [collect_and_insert_alerts_in_database.py:153] collect_and_insert_alerts_in_database: Inserting the alerts from "linux/cppcheck/complete_scan/previous_commit/part1/cppcheck-86-8d0207652cbe27d1f962050737848e5ad4671958-1.csv.zip".
[2021-09-12 23:13:16] [WARNING] [collect_and_insert_alerts_in_database.py:146] collect_and_insert_alerts_in_database: Skipping the patch with the commit 137f7df8cead00688524c82360930845396b8a2 (before, "cppcheck-85-137f7df8cead00688524c82360930845396b8a21-1.csv.zip") in the project "Linux Kernel" since it does not exist in the database.
[2021-09-12 23:13:18] [INFO] [collect_and_insert_alerts_in_database.py:153] collect_and_insert_alerts_in_database: Inserting the alerts from "linux/cppcheck/complete_scan/previous_commit/part1/cppcheck-84-086ba77a6db00ed858ff07451bedee197df868c9-1.csv.zip".
[2021-09-13 01:21:36] [INFO] [collect_and_insert_alerts_in_database.py:153] collect_and_insert_alerts_in_database: Inserting the alerts from "linux/cppcheck/complete_scan/previous_commit/part1/cppcheck-83-c27a3e4d667fdcad3db7b104f75659478e0c68d8-1.csv.zip".
[2021-09-13 04:23:10] [INFO] [collect_and_insert_alerts_in_database.py:153] collect_and_insert_alerts_in_database: Inserting the alerts from "linux/cppcheck/complete_scan/previous_commit/part1/cppcheck-82-600ddd6825543962fb807884169e57b580dba208-1.csv.zip".
[2021-09-13 05:28:16] [INFO] [collect_and_insert_alerts_in_database.py:153] collect_and_insert_alerts_in_database: Inserting the alerts from "linux/cppcheck/complete_scan/previous_commit/part1/cppcheck-815-0d3d077cd4f1154e63a9858e47fe3fb1ad0c03e5-1.csv.zip".
