[2021-09-18 04:33:12] [INFO] [common.py:74] <module>: Initializing the common module.
[2021-09-18 04:33:12] [INFO] [common.py:134] <module>: Changing the recursion limit from 1000 to 1000000 at the user's request.
[2021-09-18 04:33:12] [INFO] [project.py:33] <module>: Loading libclang from "/usr/lib/x86_64-linux-gnu/libclang-10.so.1".
[2021-09-18 04:33:13] [INFO] [project.py:42] <module>: Loaded libclang successfully.
[2021-09-18 04:33:13] [INFO] [sats.py:105] get_sat_info_from_config: Ignoring the SAT "Cppcheck".
[2021-09-18 04:33:13] [INFO] [database.py:34] __init__: Connecting to the database with the following configurations: {'host': '127.0.0.1', 'port': '3306', 'user': 'admin', 'password': '', 'database': 'software', 'sql_mode': 'ONLY_FULL_GROUP_BY,NO_ZERO_IN_DATE,NO_ZERO_DATE,ERROR_FOR_DIVISION_BY_ZERO,NO_ENGINE_SUBSTITUTION'}
[2021-09-18 04:33:13] [INFO] [database.py:42] __init__: Autocommit is False.
[2021-09-18 04:33:13] [INFO] [collect_and_insert_alerts_in_database.py:54] collect_and_insert_alerts_in_database: Found the following SATs: {'Cppcheck': 1, 'Flawfinder': 2}
[2021-09-18 04:33:13] [INFO] [project.py:119] get_project_list_from_config: Ignoring the project "Glibc" (glibc).
[2021-09-18 04:33:13] [INFO] [project.py:119] get_project_list_from_config: Ignoring the project "Apache HTTP Server" (apache).
[2021-09-18 04:33:13] [INFO] [project.py:119] get_project_list_from_config: Ignoring the project "Xen" (xen).
[2021-09-18 04:33:13] [INFO] [project.py:119] get_project_list_from_config: Ignoring the project "Linux Kernel" (kernel).
[2021-09-18 04:33:13] [INFO] [project.py:126] get_project_list_from_config: Loading the project "Mozilla" (mozilla) with the following configurations: {'short_name': 'mozilla', 'database_id': 1, 'database_name': 'mozilla', 'github_data_name': 'mozilla', 'vendor_id': 452, 'product_id': None, 'url_pattern': 'mozilla', 'master_branch': 'master', 'language': 'c++', 'include_directory_path': None, 'repository_path': '/home/admin/estagio-2020-2021/estagio-software-vulnerabilities-2020-2021/repositories/gecko-dev', 'output_directory_path': 'output/final', 'scrape_all_branches': False}
[2021-09-18 04:33:13] [INFO] [project.py:87] __init__: Loaded the project "Mozilla" located in "/home/admin/estagio-2020-2021/estagio-software-vulnerabilities-2020-2021/repositories/gecko-dev".
[2021-09-18 04:33:13] [INFO] [sats.py:224] __init__: Loaded Cppcheck version 1.90.
[2021-09-18 04:33:13] [INFO] [sats.py:335] __init__: Loaded Flawfinder version 2.0.10.
[2021-09-18 04:33:14] [INFO] [collect_and_insert_alerts_in_database.py:153] collect_and_insert_alerts_in_database: Inserting the alerts from "mozilla/flawfinder/complete_scan/previous_commit/part5/flawfinder-99-48bb8e02c7ac52308ce477028cb0287fac888128-1.csv.zip".
[2021-09-18 04:33:14] [WARNING] [collect_and_insert_alerts_in_database.py:146] collect_and_insert_alerts_in_database: Skipping the patch with the commit 1d8cd72e694740f6ad98b0e4de3eb532c2371ba (before, "flawfinder-98-1d8cd72e694740f6ad98b0e4de3eb532c2371ba1-1.csv.zip") in the project "Mozilla" since it does not exist in the database.
[2021-09-18 04:33:14] [INFO] [collect_and_insert_alerts_in_database.py:153] collect_and_insert_alerts_in_database: Inserting the alerts from "mozilla/flawfinder/complete_scan/previous_commit/part5/flawfinder-97-494f074b53c740e0cf5e8ec3fdaceef615202d53-1.csv.zip".
[2021-09-18 04:33:14] [WARNING] [collect_and_insert_alerts_in_database.py:146] collect_and_insert_alerts_in_database: Skipping the patch with the commit 8c6aa977979c7d57ff039b368df98ccc255d510 (before, "flawfinder-96-8c6aa977979c7d57ff039b368df98ccc255d5101-1.csv.zip") in the project "Mozilla" since it does not exist in the database.
[2021-09-18 04:33:14] [INFO] [collect_and_insert_alerts_in_database.py:153] collect_and_insert_alerts_in_database: Inserting the alerts from "mozilla/flawfinder/complete_scan/previous_commit/part5/flawfinder-95-1a2da7cf6b99c56255963ce92a30a5bf85fe9af3-1.csv.zip".
[2021-09-18 04:33:14] [INFO] [collect_and_insert_alerts_in_database.py:153] collect_and_insert_alerts_in_database: Inserting the alerts from "mozilla/flawfinder/complete_scan/previous_commit/part5/flawfinder-94-81b5848031cddd79af91ca107ac380b3d118621b-1.csv.zip".
[2021-09-18 04:33:15] [INFO] [collect_and_insert_alerts_in_database.py:153] collect_and_insert_alerts_in_database: Inserting the alerts from "mozilla/flawfinder/complete_scan/previous_commit/part5/flawfinder-93-c7f8358db87b8b38953e334e737168605ce370e9-1.csv.zip".
[2021-09-18 04:33:15] [INFO] [collect_and_insert_alerts_in_database.py:153] collect_and_insert_alerts_in_database: Inserting the alerts from "mozilla/flawfinder/complete_scan/previous_commit/part5/flawfinder-92-e537c7dee2aef91fa4f7b940e8c75aeb215b6ea7-1.csv.zip".
[2021-09-18 04:33:15] [INFO] [collect_and_insert_alerts_in_database.py:153] collect_and_insert_alerts_in_database: Inserting the alerts from "mozilla/flawfinder/complete_scan/previous_commit/part5/flawfinder-91-714c763d13076fdb51f88bc9b47e9b5de5009103-1.csv.zip".
[2021-09-18 04:33:15] [INFO] [collect_and_insert_alerts_in_database.py:153] collect_and_insert_alerts_in_database: Inserting the alerts from "mozilla/flawfinder/complete_scan/previous_commit/part5/flawfinder-90-8026fd51f12cfb9b88c905aef8d6b3a2e7b85450-1.csv.zip".
[2021-09-18 04:33:16] [INFO] [collect_and_insert_alerts_in_database.py:153] collect_and_insert_alerts_in_database: Inserting the alerts from "mozilla/flawfinder/complete_scan/previous_commit/part5/flawfinder-9-4dbb614775571ea335502f5b8968f17c71a43e1b-1.csv.zip".
[2021-09-18 04:33:16] [INFO] [collect_and_insert_alerts_in_database.py:153] collect_and_insert_alerts_in_database: Inserting the alerts from "mozilla/flawfinder/complete_scan/previous_commit/part5/flawfinder-89-ef3c58e0e688d84e1a9ce8fd5b1d927db93edbc5-1.csv.zip".
[2021-09-18 04:33:16] [INFO] [collect_and_insert_alerts_in_database.py:153] collect_and_insert_alerts_in_database: Inserting the alerts from "mozilla/flawfinder/complete_scan/previous_commit/part5/flawfinder-88-26329414af8474b4cf4649153b7e82c55d6a3d17-1.csv.zip".
[2021-09-18 04:33:16] [INFO] [collect_and_insert_alerts_in_database.py:153] collect_and_insert_alerts_in_database: Inserting the alerts from "mozilla/flawfinder/complete_scan/previous_commit/part5/flawfinder-87-1407489a4b68d6fc83433064ce17a12c56888d40-1.csv.zip".
[2021-09-18 04:33:17] [INFO] [collect_and_insert_alerts_in_database.py:153] collect_and_insert_alerts_in_database: Inserting the alerts from "mozilla/flawfinder/complete_scan/previous_commit/part5/flawfinder-86-6575d66c4189e9cd4ba23ee76726fee894d036e6-1.csv.zip".
[2021-09-18 04:33:17] [INFO] [collect_and_insert_alerts_in_database.py:153] collect_and_insert_alerts_in_database: Inserting the alerts from "mozilla/flawfinder/complete_scan/previous_commit/part5/flawfinder-85-8f64f065cc55b32eb784624bbd75b6aa96825ebc-1.csv.zip".
[2021-09-18 04:33:17] [INFO] [collect_and_insert_alerts_in_database.py:153] collect_and_insert_alerts_in_database: Inserting the alerts from "mozilla/flawfinder/complete_scan/previous_commit/part5/flawfinder-84-f9aeb462d4b4f3df1686d023bf18b00985d36bde-1.csv.zip".
[2021-09-18 04:33:17] [INFO] [collect_and_insert_alerts_in_database.py:153] collect_and_insert_alerts_in_database: Inserting the alerts from "mozilla/flawfinder/complete_scan/previous_commit/part5/flawfinder-83-a7f36965a38bffd9aeb8bedc119944e5ed3601f3-1.csv.zip".
[2021-09-18 04:33:18] [INFO] [collect_and_insert_alerts_in_database.py:153] collect_and_insert_alerts_in_database: Inserting the alerts from "mozilla/flawfinder/complete_scan/previous_commit/part5/flawfinder-82-b6c9f7de6561c8fa5b539d6335b13bda2fa227fa-1.csv.zip".
[2021-09-18 04:33:18] [INFO] [collect_and_insert_alerts_in_database.py:153] collect_and_insert_alerts_in_database: Inserting the alerts from "mozilla/flawfinder/complete_scan/previous_commit/part5/flawfinder-81-2e497a02f6d48047ae12c7162154d0f21e3187f5-1.csv.zip".
[2021-09-18 04:33:18] [INFO] [collect_and_insert_alerts_in_database.py:153] collect_and_insert_alerts_in_database: Inserting the alerts from "mozilla/flawfinder/complete_scan/previous_commit/part5/flawfinder-80-d3e4e6067c7f719eaa8f77f01962a7663b3a251f-1.csv.zip".
[2021-09-18 04:33:18] [INFO] [collect_and_insert_alerts_in_database.py:153] collect_and_insert_alerts_in_database: Inserting the alerts from "mozilla/flawfinder/complete_scan/previous_commit/part5/flawfinder-8-4956d679078766fba6766b424dce89800f47e06d-1.csv.zip".
[2021-09-18 04:33:18] [INFO] [collect_and_insert_alerts_in_database.py:153] collect_and_insert_alerts_in_database: Inserting the alerts from "mozilla/flawfinder/complete_scan/previous_commit/part5/flawfinder-79-93b34037724515cbe95e1298d84961740610bfc9-1.csv.zip".
[2021-09-18 04:33:19] [INFO] [collect_and_insert_alerts_in_database.py:153] collect_and_insert_alerts_in_database: Inserting the alerts from "mozilla/flawfinder/complete_scan/previous_commit/part5/flawfinder-78-7996b144ff2f4e49e9ac40868b5f1d4a8623ae12-1.csv.zip".
[2021-09-18 04:33:19] [WARNING] [collect_and_insert_alerts_in_database.py:146] collect_and_insert_alerts_in_database: Skipping the patch with the commit 222e1893c30860ea024e58139e6853d72b9c3b (before, "flawfinder-77-222e1893c30860ea024e58139e6853d72b9c3b11-1.csv.zip") in the project "Mozilla" since it does not exist in the database.
[2021-09-18 04:33:19] [INFO] [collect_and_insert_alerts_in_database.py:153] collect_and_insert_alerts_in_database: Inserting the alerts from "mozilla/flawfinder/complete_scan/previous_commit/part5/flawfinder-76-3c59d52401660ef8ad51b35e92a919963a865020-1.csv.zip".
[2021-09-18 04:33:19] [INFO] [collect_and_insert_alerts_in_database.py:153] collect_and_insert_alerts_in_database: Inserting the alerts from "mozilla/flawfinder/complete_scan/previous_commit/part5/flawfinder-75-0d38343e358934c6ff85a3d1605a40f94e08e637-1.csv.zip".
[2021-09-18 04:33:19] [INFO] [collect_and_insert_alerts_in_database.py:153] collect_and_insert_alerts_in_database: Inserting the alerts from "mozilla/flawfinder/complete_scan/previous_commit/part5/flawfinder-74-86a9ddb711f577fe2e7b5209ec7cf2b75b30108a-1.csv.zip".
[2021-09-18 04:33:20] [INFO] [collect_and_insert_alerts_in_database.py:153] collect_and_insert_alerts_in_database: Inserting the alerts from "mozilla/flawfinder/complete_scan/previous_commit/part5/flawfinder-73-b4030794fa2787ec5e444501bc9024ea530aebad-1.csv.zip".
[2021-09-18 04:33:20] [INFO] [collect_and_insert_alerts_in_database.py:153] collect_and_insert_alerts_in_database: Inserting the alerts from "mozilla/flawfinder/complete_scan/previous_commit/part5/flawfinder-72-1744b5cba296e13c66e403ac0d3b446006b8bbe9-1.csv.zip".
[2021-09-18 04:33:20] [INFO] [collect_and_insert_alerts_in_database.py:153] collect_and_insert_alerts_in_database: Inserting the alerts from "mozilla/flawfinder/complete_scan/previous_commit/part5/flawfinder-71-92398fc309dc235c095dee23625d652272eca2f9-1.csv.zip".
[2021-09-18 04:33:20] [INFO] [collect_and_insert_alerts_in_database.py:153] collect_and_insert_alerts_in_database: Inserting the alerts from "mozilla/flawfinder/complete_scan/previous_commit/part5/flawfinder-70-8d4be05939ec497d196b9b634b0b98cc8c9ac5fa-1.csv.zip".
[2021-09-18 04:33:21] [INFO] [collect_and_insert_alerts_in_database.py:153] collect_and_insert_alerts_in_database: Inserting the alerts from "mozilla/flawfinder/complete_scan/previous_commit/part5/flawfinder-7-52cc80c4fefb9073367f4ce56e56a5edbab00e8a-1.csv.zip".
[2021-09-18 04:33:21] [INFO] [collect_and_insert_alerts_in_database.py:153] collect_and_insert_alerts_in_database: Inserting the alerts from "mozilla/flawfinder/complete_scan/previous_commit/part5/flawfinder-69-7b8023dcab92ecc1963957c54848c75bc5f29ee2-1.csv.zip".
[2021-09-18 04:33:21] [INFO] [collect_and_insert_alerts_in_database.py:153] collect_and_insert_alerts_in_database: Inserting the alerts from "mozilla/flawfinder/complete_scan/previous_commit/part5/flawfinder-68-59cae193e58822ccd3d5ec80ccdd7e2bffede797-1.csv.zip".
[2021-09-18 04:33:21] [INFO] [collect_and_insert_alerts_in_database.py:153] collect_and_insert_alerts_in_database: Inserting the alerts from "mozilla/flawfinder/complete_scan/previous_commit/part5/flawfinder-67-d33cebae08d01f3fe88664c14211193d8fef7e28-1.csv.zip".
[2021-09-18 04:33:22] [INFO] [collect_and_insert_alerts_in_database.py:153] collect_and_insert_alerts_in_database: Inserting the alerts from "mozilla/flawfinder/complete_scan/previous_commit/part5/flawfinder-66-b4af4fd8f913d600b67e23990a77fed0fe85e2df-1.csv.zip".
[2021-09-18 04:33:22] [INFO] [collect_and_insert_alerts_in_database.py:153] collect_and_insert_alerts_in_database: Inserting the alerts from "mozilla/flawfinder/complete_scan/previous_commit/part5/flawfinder-65-13d734067878b73e2d1375e163ef9468888bf1d6-1.csv.zip".
[2021-09-18 04:33:22] [INFO] [collect_and_insert_alerts_in_database.py:153] collect_and_insert_alerts_in_database: Inserting the alerts from "mozilla/flawfinder/complete_scan/previous_commit/part5/flawfinder-64-d368c9c43ed24ceea000c2f3022f4d3aeb15c2e8-1.csv.zip".
[2021-09-18 04:33:22] [INFO] [collect_and_insert_alerts_in_database.py:153] collect_and_insert_alerts_in_database: Inserting the alerts from "mozilla/flawfinder/complete_scan/previous_commit/part5/flawfinder-63-b82282fd5babb2c0541583c364919b68525a19aa-1.csv.zip".
[2021-09-18 04:33:23] [INFO] [collect_and_insert_alerts_in_database.py:153] collect_and_insert_alerts_in_database: Inserting the alerts from "mozilla/flawfinder/complete_scan/previous_commit/part5/flawfinder-62-0294a21add93f8c4e226d0d2891f458709d1298f-1.csv.zip".
[2021-09-18 04:33:23] [INFO] [collect_and_insert_alerts_in_database.py:153] collect_and_insert_alerts_in_database: Inserting the alerts from "mozilla/flawfinder/complete_scan/previous_commit/part5/flawfinder-61-2b3039c02109bb365aa8d7b1d23141f514efc9a6-1.csv.zip".
[2021-09-18 04:33:23] [INFO] [collect_and_insert_alerts_in_database.py:153] collect_and_insert_alerts_in_database: Inserting the alerts from "mozilla/flawfinder/complete_scan/previous_commit/part5/flawfinder-60-6ac81c37ea404104d8cc27adf0ef1efe1530f3a7-1.csv.zip".
[2021-09-18 04:33:23] [INFO] [collect_and_insert_alerts_in_database.py:153] collect_and_insert_alerts_in_database: Inserting the alerts from "mozilla/flawfinder/complete_scan/previous_commit/part5/flawfinder-6-bcf0c87a3a2411e8071952aa3c1f9dfae5c9d029-1.csv.zip".
[2021-09-18 04:33:24] [INFO] [collect_and_insert_alerts_in_database.py:153] collect_and_insert_alerts_in_database: Inserting the alerts from "mozilla/flawfinder/complete_scan/previous_commit/part5/flawfinder-59-14eb0311b4e38a7e535531b7da33a4645cd646d2-1.csv.zip".
[2021-09-18 04:33:24] [INFO] [collect_and_insert_alerts_in_database.py:153] collect_and_insert_alerts_in_database: Inserting the alerts from "mozilla/flawfinder/complete_scan/previous_commit/part5/flawfinder-58-f863b85f64f5798ba84e5af7afc234af754a095d-1.csv.zip".
[2021-09-18 04:33:24] [WARNING] [collect_and_insert_alerts_in_database.py:146] collect_and_insert_alerts_in_database: Skipping the patch with the commit 63c732760f9602fa5ac1587ee8263c92c59b3ea (before, "flawfinder-57-63c732760f9602fa5ac1587ee8263c92c59b3ea1-1.csv.zip") in the project "Mozilla" since it does not exist in the database.
[2021-09-18 04:33:24] [INFO] [collect_and_insert_alerts_in_database.py:153] collect_and_insert_alerts_in_database: Inserting the alerts from "mozilla/flawfinder/complete_scan/previous_commit/part5/flawfinder-56-8be94b2873c2e499d41cc61d74c7e3d42138815f-1.csv.zip".
[2021-09-18 04:33:24] [INFO] [collect_and_insert_alerts_in_database.py:153] collect_and_insert_alerts_in_database: Inserting the alerts from "mozilla/flawfinder/complete_scan/previous_commit/part5/flawfinder-55-652dc1dd6108d4b4a112e75cb243edc2c1a54f97-1.csv.zip".
[2021-09-18 04:33:25] [INFO] [collect_and_insert_alerts_in_database.py:153] collect_and_insert_alerts_in_database: Inserting the alerts from "mozilla/flawfinder/complete_scan/previous_commit/part5/flawfinder-54-cdf2be05f96afa87677f7cf0298032d2db877c4b-1.csv.zip".
[2021-09-18 04:33:25] [WARNING] [collect_and_insert_alerts_in_database.py:146] collect_and_insert_alerts_in_database: Skipping the patch with the commit b7f7f14dddba5bd592fd8c10453894198062557 (before, "flawfinder-53-b7f7f14dddba5bd592fd8c104538941980625571-1.csv.zip") in the project "Mozilla" since it does not exist in the database.
[2021-09-18 04:33:25] [INFO] [collect_and_insert_alerts_in_database.py:153] collect_and_insert_alerts_in_database: Inserting the alerts from "mozilla/flawfinder/complete_scan/previous_commit/part5/flawfinder-52-2a6ba34badf85fb14d7e32271952791e3ba74ef5-1.csv.zip".
[2021-09-18 04:33:25] [INFO] [collect_and_insert_alerts_in_database.py:153] collect_and_insert_alerts_in_database: Inserting the alerts from "mozilla/flawfinder/complete_scan/previous_commit/part5/flawfinder-51-3680a695168945d9bae4e60565a01a65795e9cee-1.csv.zip".
[2021-09-18 04:33:25] [WARNING] [collect_and_insert_alerts_in_database.py:146] collect_and_insert_alerts_in_database: Skipping the patch with the commit 6468a50bc701d62d4b4178e1f67297d1a39ee9 (before, "flawfinder-50-6468a50bc701d62d4b4178e1f67297d1a39ee911-1.csv.zip") in the project "Mozilla" since it does not exist in the database.
[2021-09-18 04:33:25] [INFO] [collect_and_insert_alerts_in_database.py:153] collect_and_insert_alerts_in_database: Inserting the alerts from "mozilla/flawfinder/complete_scan/previous_commit/part5/flawfinder-5-4caf42b88d0624048911096bc6019bb87ec016ff-1.csv.zip".
[2021-09-18 04:33:26] [INFO] [collect_and_insert_alerts_in_database.py:153] collect_and_insert_alerts_in_database: Inserting the alerts from "mozilla/flawfinder/complete_scan/previous_commit/part5/flawfinder-49-f3053729c9e624c470a9af8b03b69c3afb8d5833-1.csv.zip".
[2021-09-18 04:33:26] [INFO] [collect_and_insert_alerts_in_database.py:153] collect_and_insert_alerts_in_database: Inserting the alerts from "mozilla/flawfinder/complete_scan/previous_commit/part5/flawfinder-48-7120f32f23200f8b82894fb8830c44f7cb70a139-1.csv.zip".
[2021-09-18 04:33:26] [INFO] [collect_and_insert_alerts_in_database.py:153] collect_and_insert_alerts_in_database: Inserting the alerts from "mozilla/flawfinder/complete_scan/previous_commit/part5/flawfinder-47-b239813eabde16d3d7a530998313c97959a19df9-1.csv.zip".
[2021-09-18 04:33:26] [INFO] [collect_and_insert_alerts_in_database.py:153] collect_and_insert_alerts_in_database: Inserting the alerts from "mozilla/flawfinder/complete_scan/previous_commit/part5/flawfinder-46-290894f3c9ef9c8658549baeb805ac154672775c-1.csv.zip".
[2021-09-18 04:33:26] [INFO] [collect_and_insert_alerts_in_database.py:153] collect_and_insert_alerts_in_database: Inserting the alerts from "mozilla/flawfinder/complete_scan/previous_commit/part5/flawfinder-45-79107aea645dbef7adc49ab45df2e1a1e6a63c96-1.csv.zip".
[2021-09-18 04:33:27] [INFO] [collect_and_insert_alerts_in_database.py:153] collect_and_insert_alerts_in_database: Inserting the alerts from "mozilla/flawfinder/complete_scan/previous_commit/part5/flawfinder-44-8944f6c3024f868dac84a898a752f7b2f67aeafe-1.csv.zip".
[2021-09-18 04:33:27] [INFO] [collect_and_insert_alerts_in_database.py:153] collect_and_insert_alerts_in_database: Inserting the alerts from "mozilla/flawfinder/complete_scan/previous_commit/part5/flawfinder-43-cb611a9aff8d624e6b61b02dbe4ff07952404f5d-1.csv.zip".
[2021-09-18 04:33:27] [INFO] [collect_and_insert_alerts_in_database.py:153] collect_and_insert_alerts_in_database: Inserting the alerts from "mozilla/flawfinder/complete_scan/previous_commit/part5/flawfinder-42-554fd69bd2b69d20893bfda1b99d70ca9b28092d-1.csv.zip".
[2021-09-18 04:33:27] [INFO] [collect_and_insert_alerts_in_database.py:153] collect_and_insert_alerts_in_database: Inserting the alerts from "mozilla/flawfinder/complete_scan/previous_commit/part5/flawfinder-41-eddd7a4f4eae32465795a3b0a8d674db272faffe-1.csv.zip".
[2021-09-18 04:33:28] [INFO] [collect_and_insert_alerts_in_database.py:153] collect_and_insert_alerts_in_database: Inserting the alerts from "mozilla/flawfinder/complete_scan/previous_commit/part5/flawfinder-40-99ad73e4743db77d2fecbaf187864c61fb354abd-1.csv.zip".
[2021-09-18 04:33:28] [INFO] [collect_and_insert_alerts_in_database.py:153] collect_and_insert_alerts_in_database: Inserting the alerts from "mozilla/flawfinder/complete_scan/previous_commit/part5/flawfinder-4-c04074e14f1cd8cfb8acd804375e0a66c9fa2dd5-1.csv.zip".
[2021-09-18 04:33:28] [INFO] [collect_and_insert_alerts_in_database.py:153] collect_and_insert_alerts_in_database: Inserting the alerts from "mozilla/flawfinder/complete_scan/previous_commit/part5/flawfinder-39-012ef9e1c1fba44bfea9bd75f59c2d09c95321d5-1.csv.zip".
[2021-09-18 04:33:28] [INFO] [collect_and_insert_alerts_in_database.py:153] collect_and_insert_alerts_in_database: Inserting the alerts from "mozilla/flawfinder/complete_scan/previous_commit/part5/flawfinder-38-d43805d4f63a77636e3b7cdd22c5cf848f9af480-1.csv.zip".
[2021-09-18 04:33:29] [INFO] [collect_and_insert_alerts_in_database.py:153] collect_and_insert_alerts_in_database: Inserting the alerts from "mozilla/flawfinder/complete_scan/previous_commit/part5/flawfinder-37-f48bc2cbf26288a373ea3b3c7b9354a677ed3dfa-1.csv.zip".
[2021-09-18 04:33:29] [INFO] [collect_and_insert_alerts_in_database.py:153] collect_and_insert_alerts_in_database: Inserting the alerts from "mozilla/flawfinder/complete_scan/previous_commit/part5/flawfinder-36-10775852824c91c33d3846540d40e72c5f32284c-1.csv.zip".
[2021-09-18 04:33:29] [INFO] [collect_and_insert_alerts_in_database.py:153] collect_and_insert_alerts_in_database: Inserting the alerts from "mozilla/flawfinder/complete_scan/previous_commit/part5/flawfinder-35-d9ad239a35bf2ef3f32a0ee61ec6963f70d47e45-1.csv.zip".
[2021-09-18 04:33:29] [INFO] [collect_and_insert_alerts_in_database.py:153] collect_and_insert_alerts_in_database: Inserting the alerts from "mozilla/flawfinder/complete_scan/previous_commit/part5/flawfinder-34-4879996ea6f56bb375d0310f7753821840b627fb-1.csv.zip".
[2021-09-18 04:33:30] [INFO] [collect_and_insert_alerts_in_database.py:153] collect_and_insert_alerts_in_database: Inserting the alerts from "mozilla/flawfinder/complete_scan/previous_commit/part5/flawfinder-33-0628887ea095a5b1d441fd6015f53c5e860ff39b-1.csv.zip".
[2021-09-18 04:33:30] [INFO] [collect_and_insert_alerts_in_database.py:153] collect_and_insert_alerts_in_database: Inserting the alerts from "mozilla/flawfinder/complete_scan/previous_commit/part5/flawfinder-32-3d704b608a20c6329c79a2aadc4ed96a3046d61c-1.csv.zip".
[2021-09-18 04:33:30] [INFO] [collect_and_insert_alerts_in_database.py:153] collect_and_insert_alerts_in_database: Inserting the alerts from "mozilla/flawfinder/complete_scan/previous_commit/part5/flawfinder-31-26bc5a86f4d134729bee2aeecd9a6dc2f4e3b33b-1.csv.zip".
[2021-09-18 04:33:30] [INFO] [collect_and_insert_alerts_in_database.py:153] collect_and_insert_alerts_in_database: Inserting the alerts from "mozilla/flawfinder/complete_scan/previous_commit/part5/flawfinder-30-aad387a7cd0a3dec4ce3b30719660578f997bc16-1.csv.zip".
[2021-09-18 04:33:30] [INFO] [collect_and_insert_alerts_in_database.py:153] collect_and_insert_alerts_in_database: Inserting the alerts from "mozilla/flawfinder/complete_scan/previous_commit/part5/flawfinder-3-3d582144b3510515bf2509062b2317191e5377ff-1.csv.zip".
[2021-09-18 04:33:31] [INFO] [collect_and_insert_alerts_in_database.py:153] collect_and_insert_alerts_in_database: Inserting the alerts from "mozilla/flawfinder/complete_scan/previous_commit/part5/flawfinder-29-f008a7d4713f2f64b5d704485b16b30bf47c8217-1.csv.zip".
[2021-09-18 04:33:31] [INFO] [collect_and_insert_alerts_in_database.py:153] collect_and_insert_alerts_in_database: Inserting the alerts from "mozilla/flawfinder/complete_scan/previous_commit/part5/flawfinder-28-c6cd05d5eb33914d3d6e3aa45f30a73ffa9bb290-1.csv.zip".
[2021-09-18 04:33:31] [INFO] [collect_and_insert_alerts_in_database.py:153] collect_and_insert_alerts_in_database: Inserting the alerts from "mozilla/flawfinder/complete_scan/previous_commit/part5/flawfinder-27-250d4b1ff839c2bbb4dc34b275f3a37a2b076b78-1.csv.zip".
[2021-09-18 04:33:31] [INFO] [collect_and_insert_alerts_in_database.py:153] collect_and_insert_alerts_in_database: Inserting the alerts from "mozilla/flawfinder/complete_scan/previous_commit/part5/flawfinder-26-d226db3321a34ddda0af58725cddf46363977e34-1.csv.zip".
[2021-09-18 04:33:32] [INFO] [collect_and_insert_alerts_in_database.py:153] collect_and_insert_alerts_in_database: Inserting the alerts from "mozilla/flawfinder/complete_scan/previous_commit/part5/flawfinder-25-66481a7a297c194f23b6650657e7fa1eab03c736-1.csv.zip".
[2021-09-18 04:33:32] [INFO] [collect_and_insert_alerts_in_database.py:153] collect_and_insert_alerts_in_database: Inserting the alerts from "mozilla/flawfinder/complete_scan/previous_commit/part5/flawfinder-24-9cdb2834a8f3f8cd95f4cea09d7e752752190a64-1.csv.zip".
[2021-09-18 04:33:32] [INFO] [collect_and_insert_alerts_in_database.py:153] collect_and_insert_alerts_in_database: Inserting the alerts from "mozilla/flawfinder/complete_scan/previous_commit/part5/flawfinder-23-c524a4da7c0f1f6b5183bc58ad7b4f5bb74f1e68-1.csv.zip".
[2021-09-18 04:33:32] [INFO] [collect_and_insert_alerts_in_database.py:153] collect_and_insert_alerts_in_database: Inserting the alerts from "mozilla/flawfinder/complete_scan/previous_commit/part5/flawfinder-224-0a38e48eb356f34053d6754c3e07d67c3845f2f3-1.csv.zip".
[2021-09-18 04:33:33] [INFO] [collect_and_insert_alerts_in_database.py:153] collect_and_insert_alerts_in_database: Inserting the alerts from "mozilla/flawfinder/complete_scan/previous_commit/part5/flawfinder-223-3acaa3cda8743008853384728807540c00bf5c3b-1.csv.zip".
[2021-09-18 04:33:33] [INFO] [collect_and_insert_alerts_in_database.py:153] collect_and_insert_alerts_in_database: Inserting the alerts from "mozilla/flawfinder/complete_scan/previous_commit/part5/flawfinder-222-2a3f8f47606758286eeab802835b1cdcc5357596-1.csv.zip".
[2021-09-18 04:33:33] [INFO] [collect_and_insert_alerts_in_database.py:153] collect_and_insert_alerts_in_database: Inserting the alerts from "mozilla/flawfinder/complete_scan/previous_commit/part5/flawfinder-221-a09c2fa5e029e4a42ff024e8e4eb2a63cb9e4889-1.csv.zip".
[2021-09-18 04:33:33] [INFO] [collect_and_insert_alerts_in_database.py:153] collect_and_insert_alerts_in_database: Inserting the alerts from "mozilla/flawfinder/complete_scan/previous_commit/part5/flawfinder-220-c39174d54657ef09f67109222fd5103dbf8a7389-1.csv.zip".
[2021-09-18 04:33:34] [INFO] [collect_and_insert_alerts_in_database.py:153] collect_and_insert_alerts_in_database: Inserting the alerts from "mozilla/flawfinder/complete_scan/previous_commit/part5/flawfinder-22-fa152ffab7ef421308bcebba073e2e91bdc3d1e6-1.csv.zip".
[2021-09-18 04:33:34] [INFO] [collect_and_insert_alerts_in_database.py:153] collect_and_insert_alerts_in_database: Inserting the alerts from "mozilla/flawfinder/complete_scan/previous_commit/part5/flawfinder-219-7b142a3c2bb5ba927376b9744bc94a55c47b4ca0-1.csv.zip".
[2021-09-18 04:33:34] [INFO] [collect_and_insert_alerts_in_database.py:153] collect_and_insert_alerts_in_database: Inserting the alerts from "mozilla/flawfinder/complete_scan/previous_commit/part5/flawfinder-218-f26100717f55a50b78308bb281bb7f77b47cf10b-1.csv.zip".
[2021-09-18 04:33:34] [INFO] [collect_and_insert_alerts_in_database.py:153] collect_and_insert_alerts_in_database: Inserting the alerts from "mozilla/flawfinder/complete_scan/previous_commit/part5/flawfinder-217-f4903d08bd9e2eadd0b25019c04e371bf5127dcb-1.csv.zip".
[2021-09-18 04:33:35] [INFO] [collect_and_insert_alerts_in_database.py:153] collect_and_insert_alerts_in_database: Inserting the alerts from "mozilla/flawfinder/complete_scan/previous_commit/part5/flawfinder-216-2c99c9a0383dd5d19d6406462c631ab1a976d362-1.csv.zip".
[2021-09-18 04:33:35] [INFO] [collect_and_insert_alerts_in_database.py:153] collect_and_insert_alerts_in_database: Inserting the alerts from "mozilla/flawfinder/complete_scan/previous_commit/part5/flawfinder-215-8dd6475840d65de96199aa9a5dc3b23934475e2a-1.csv.zip".
[2021-09-18 04:33:35] [INFO] [collect_and_insert_alerts_in_database.py:153] collect_and_insert_alerts_in_database: Inserting the alerts from "mozilla/flawfinder/complete_scan/previous_commit/part5/flawfinder-214-0af11985dff50ea248ed3b80c89e31020ee5e3cd-1.csv.zip".
[2021-09-18 04:33:35] [INFO] [collect_and_insert_alerts_in_database.py:153] collect_and_insert_alerts_in_database: Inserting the alerts from "mozilla/flawfinder/complete_scan/previous_commit/part5/flawfinder-213-59a2b619f025cb1a38339589bab98111ae596647-1.csv.zip".
[2021-09-18 04:33:35] [INFO] [collect_and_insert_alerts_in_database.py:153] collect_and_insert_alerts_in_database: Inserting the alerts from "mozilla/flawfinder/complete_scan/previous_commit/part5/flawfinder-212-0204171ff0f7e00b6c1a0cde85da2b3d15196d79-1.csv.zip".
[2021-09-18 04:33:36] [INFO] [collect_and_insert_alerts_in_database.py:153] collect_and_insert_alerts_in_database: Inserting the alerts from "mozilla/flawfinder/complete_scan/previous_commit/part5/flawfinder-211-18e9f3ba804eb5b0e53ae2d50fbee37a5eeb3ed4-1.csv.zip".
[2021-09-18 04:33:36] [INFO] [collect_and_insert_alerts_in_database.py:153] collect_and_insert_alerts_in_database: Inserting the alerts from "mozilla/flawfinder/complete_scan/previous_commit/part5/flawfinder-210-b904ee7e69fdce0a1357d0a24240fe8468bf441c-1.csv.zip".
[2021-09-18 04:33:36] [WARNING] [collect_and_insert_alerts_in_database.py:146] collect_and_insert_alerts_in_database: Skipping the patch with the commit 6761a93bcb8278c80921338fa2f8a2e4cf8f612 (before, "flawfinder-21-6761a93bcb8278c80921338fa2f8a2e4cf8f6121-1.csv.zip") in the project "Mozilla" since it does not exist in the database.
[2021-09-18 04:33:36] [INFO] [collect_and_insert_alerts_in_database.py:153] collect_and_insert_alerts_in_database: Inserting the alerts from "mozilla/flawfinder/complete_scan/previous_commit/part5/flawfinder-209-3623f75636a5230dab06aca599fa6b2d046e92f5-1.csv.zip".
[2021-09-18 04:33:36] [INFO] [collect_and_insert_alerts_in_database.py:153] collect_and_insert_alerts_in_database: Inserting the alerts from "mozilla/flawfinder/complete_scan/previous_commit/part5/flawfinder-208-ac791bf6a10978a66d5590d2a912e6af7f5c63ce-1.csv.zip".
[2021-09-18 04:33:37] [INFO] [collect_and_insert_alerts_in_database.py:153] collect_and_insert_alerts_in_database: Inserting the alerts from "mozilla/flawfinder/complete_scan/previous_commit/part5/flawfinder-207-c60f80108908a62ddf1d414622301977c514ac8c-1.csv.zip".
[2021-09-18 04:33:37] [INFO] [collect_and_insert_alerts_in_database.py:153] collect_and_insert_alerts_in_database: Inserting the alerts from "mozilla/flawfinder/complete_scan/previous_commit/part5/flawfinder-206-ebfa2175cc7ce593f484332b6230808590924909-1.csv.zip".
[2021-09-18 04:33:37] [INFO] [collect_and_insert_alerts_in_database.py:153] collect_and_insert_alerts_in_database: Inserting the alerts from "mozilla/flawfinder/complete_scan/previous_commit/part5/flawfinder-205-f17219eabd71bde8e71be063c36b6f368bf32d94-1.csv.zip".
[2021-09-18 04:33:37] [WARNING] [collect_and_insert_alerts_in_database.py:146] collect_and_insert_alerts_in_database: Skipping the patch with the commit b24a8cb8e40f5ac2d0b5cfe11af2fd83cd9a0b8 (before, "flawfinder-204-b24a8cb8e40f5ac2d0b5cfe11af2fd83cd9a0b81-1.csv.zip") in the project "Mozilla" since it does not exist in the database.
[2021-09-18 04:33:37] [INFO] [collect_and_insert_alerts_in_database.py:153] collect_and_insert_alerts_in_database: Inserting the alerts from "mozilla/flawfinder/complete_scan/previous_commit/part5/flawfinder-203-3eed61b8a1d0548d996a8dc91375e121a57c53e6-1.csv.zip".
[2021-09-18 04:33:38] [INFO] [collect_and_insert_alerts_in_database.py:153] collect_and_insert_alerts_in_database: Inserting the alerts from "mozilla/flawfinder/complete_scan/previous_commit/part5/flawfinder-202-3961c47023d97e92b826fa19778c13a4f9cc8d6b-1.csv.zip".
[2021-09-18 04:33:38] [INFO] [collect_and_insert_alerts_in_database.py:153] collect_and_insert_alerts_in_database: Inserting the alerts from "mozilla/flawfinder/complete_scan/previous_commit/part5/flawfinder-201-ff200aa350e31664d3c4ed14d58f0ddebc5e5c64-1.csv.zip".
[2021-09-18 04:33:38] [INFO] [collect_and_insert_alerts_in_database.py:153] collect_and_insert_alerts_in_database: Inserting the alerts from "mozilla/flawfinder/complete_scan/previous_commit/part5/flawfinder-200-b8705a848162eb3efa35af29d3e9536dc5b85823-1.csv.zip".
[2021-09-18 04:33:38] [INFO] [collect_and_insert_alerts_in_database.py:153] collect_and_insert_alerts_in_database: Inserting the alerts from "mozilla/flawfinder/complete_scan/previous_commit/part5/flawfinder-20-cdd8fe10d47cc29f367f45cb3f49702f586d5365-1.csv.zip".
[2021-09-18 04:33:39] [INFO] [collect_and_insert_alerts_in_database.py:153] collect_and_insert_alerts_in_database: Inserting the alerts from "mozilla/flawfinder/complete_scan/previous_commit/part5/flawfinder-2-d74c8673ea1985a30ad1efbc3e27faa7fb32cca2-1.csv.zip".
[2021-09-18 04:33:39] [INFO] [collect_and_insert_alerts_in_database.py:153] collect_and_insert_alerts_in_database: Inserting the alerts from "mozilla/flawfinder/complete_scan/previous_commit/part5/flawfinder-199-03b41fa512866692a81e1386fde54139fa0d66f4-1.csv.zip".
[2021-09-18 04:33:39] [INFO] [collect_and_insert_alerts_in_database.py:153] collect_and_insert_alerts_in_database: Inserting the alerts from "mozilla/flawfinder/complete_scan/previous_commit/part5/flawfinder-198-21a98d921b055b72b8965ecddc56f79d617de984-1.csv.zip".
[2021-09-18 04:33:39] [INFO] [collect_and_insert_alerts_in_database.py:153] collect_and_insert_alerts_in_database: Inserting the alerts from "mozilla/flawfinder/complete_scan/previous_commit/part5/flawfinder-197-e561d233e9bfe5697cb8263e28b206dca96c0ca9-1.csv.zip".
[2021-09-18 04:33:40] [INFO] [collect_and_insert_alerts_in_database.py:153] collect_and_insert_alerts_in_database: Inserting the alerts from "mozilla/flawfinder/complete_scan/previous_commit/part5/flawfinder-196-c8d10536804e8dfcb04fcef11d21e225f988bef2-1.csv.zip".
[2021-09-18 04:33:40] [INFO] [collect_and_insert_alerts_in_database.py:153] collect_and_insert_alerts_in_database: Inserting the alerts from "mozilla/flawfinder/complete_scan/previous_commit/part5/flawfinder-195-e5907275481f6ccbdedbe5a556849acb066fa14d-1.csv.zip".
[2021-09-18 04:33:40] [INFO] [collect_and_insert_alerts_in_database.py:153] collect_and_insert_alerts_in_database: Inserting the alerts from "mozilla/flawfinder/complete_scan/previous_commit/part5/flawfinder-194-532113a26a58040ce2e30d7bc788c5c34319eebd-1.csv.zip".
[2021-09-18 04:33:40] [INFO] [collect_and_insert_alerts_in_database.py:153] collect_and_insert_alerts_in_database: Inserting the alerts from "mozilla/flawfinder/complete_scan/previous_commit/part5/flawfinder-193-268a1d9df4da7d61e05b0bbb4632e4c0d4c653a4-1.csv.zip".
[2021-09-18 04:33:41] [WARNING] [collect_and_insert_alerts_in_database.py:146] collect_and_insert_alerts_in_database: Skipping the patch with the commit 45bb7b88236e3d26c875d9ba21f7a477b725e20 (before, "flawfinder-192-45bb7b88236e3d26c875d9ba21f7a477b725e201-1.csv.zip") in the project "Mozilla" since it does not exist in the database.
[2021-09-18 04:33:41] [INFO] [collect_and_insert_alerts_in_database.py:153] collect_and_insert_alerts_in_database: Inserting the alerts from "mozilla/flawfinder/complete_scan/previous_commit/part5/flawfinder-191-a2d7f3a3280ccd08a56f130f5856ca6b650ff767-1.csv.zip".
[2021-09-18 04:33:41] [INFO] [collect_and_insert_alerts_in_database.py:153] collect_and_insert_alerts_in_database: Inserting the alerts from "mozilla/flawfinder/complete_scan/previous_commit/part5/flawfinder-190-cd1c25bb790ec2cd8c87be71366605318e815665-1.csv.zip".
[2021-09-18 04:33:41] [INFO] [collect_and_insert_alerts_in_database.py:153] collect_and_insert_alerts_in_database: Inserting the alerts from "mozilla/flawfinder/complete_scan/previous_commit/part5/flawfinder-19-5c76874a46dc462a5d963352fde630c2375ce98f-1.csv.zip".
[2021-09-18 04:33:41] [INFO] [collect_and_insert_alerts_in_database.py:153] collect_and_insert_alerts_in_database: Inserting the alerts from "mozilla/flawfinder/complete_scan/previous_commit/part5/flawfinder-189-6bd2b36d88d4288b7ae00901745e39736d88e1a9-1.csv.zip".
[2021-09-18 04:33:41] [INFO] [collect_and_insert_alerts_in_database.py:153] collect_and_insert_alerts_in_database: Inserting the alerts from "mozilla/flawfinder/complete_scan/previous_commit/part5/flawfinder-188-1be553941515a246fd445f0767f640cf1c0b0d47-1.csv.zip".
[2021-09-18 04:33:42] [INFO] [collect_and_insert_alerts_in_database.py:153] collect_and_insert_alerts_in_database: Inserting the alerts from "mozilla/flawfinder/complete_scan/previous_commit/part5/flawfinder-187-779ae5beb372a692fbd26a7eaba3234f2117cff0-1.csv.zip".
[2021-09-18 04:33:42] [INFO] [collect_and_insert_alerts_in_database.py:153] collect_and_insert_alerts_in_database: Inserting the alerts from "mozilla/flawfinder/complete_scan/previous_commit/part5/flawfinder-186-49c638ad36f38f2b153272b3c813b317bd9694ec-1.csv.zip".
[2021-09-18 04:33:42] [INFO] [collect_and_insert_alerts_in_database.py:153] collect_and_insert_alerts_in_database: Inserting the alerts from "mozilla/flawfinder/complete_scan/previous_commit/part5/flawfinder-185-d7915fa3057fa2ed97c90a7a65ac2f38af246957-1.csv.zip".
[2021-09-18 04:33:42] [INFO] [collect_and_insert_alerts_in_database.py:153] collect_and_insert_alerts_in_database: Inserting the alerts from "mozilla/flawfinder/complete_scan/previous_commit/part5/flawfinder-184-3761608ad2e4eae2775133afdf5afd5b4bbd7832-1.csv.zip".
[2021-09-18 04:33:43] [INFO] [collect_and_insert_alerts_in_database.py:153] collect_and_insert_alerts_in_database: Inserting the alerts from "mozilla/flawfinder/complete_scan/previous_commit/part5/flawfinder-183-6035570881f46062135b68ddd0e1f23c38812dd8-1.csv.zip".
[2021-09-18 04:33:43] [INFO] [collect_and_insert_alerts_in_database.py:153] collect_and_insert_alerts_in_database: Inserting the alerts from "mozilla/flawfinder/complete_scan/previous_commit/part5/flawfinder-182-c2c31c421b0c5bdd870b0a7f529e07888a13db47-1.csv.zip".
[2021-09-18 04:33:43] [INFO] [collect_and_insert_alerts_in_database.py:153] collect_and_insert_alerts_in_database: Inserting the alerts from "mozilla/flawfinder/complete_scan/previous_commit/part5/flawfinder-181-a39708b997fabbde472c6634aa2f30cb820c1c49-1.csv.zip".
[2021-09-18 04:33:43] [INFO] [collect_and_insert_alerts_in_database.py:153] collect_and_insert_alerts_in_database: Inserting the alerts from "mozilla/flawfinder/complete_scan/previous_commit/part5/flawfinder-180-752be3958fc6f6eb83eaa4a35fae1a99dc54746e-1.csv.zip".
[2021-09-18 04:33:44] [INFO] [collect_and_insert_alerts_in_database.py:153] collect_and_insert_alerts_in_database: Inserting the alerts from "mozilla/flawfinder/complete_scan/previous_commit/part5/flawfinder-18-bded2d68fdbdcf59dd4ce55826a1341f617cc443-1.csv.zip".
[2021-09-18 04:33:44] [INFO] [collect_and_insert_alerts_in_database.py:153] collect_and_insert_alerts_in_database: Inserting the alerts from "mozilla/flawfinder/complete_scan/previous_commit/part5/flawfinder-179-601d226fe3690ff57287580431fd9a937298be80-1.csv.zip".
[2021-09-18 04:33:44] [INFO] [collect_and_insert_alerts_in_database.py:153] collect_and_insert_alerts_in_database: Inserting the alerts from "mozilla/flawfinder/complete_scan/previous_commit/part5/flawfinder-178-59aaa3ef97d97e1d9d53601be06c9fa5ff72d916-1.csv.zip".
[2021-09-18 04:33:44] [INFO] [collect_and_insert_alerts_in_database.py:153] collect_and_insert_alerts_in_database: Inserting the alerts from "mozilla/flawfinder/complete_scan/previous_commit/part5/flawfinder-177-369406707f9fef96ac8405fb9cbb58da4bcc4f1d-1.csv.zip".
[2021-09-18 04:33:45] [INFO] [collect_and_insert_alerts_in_database.py:153] collect_and_insert_alerts_in_database: Inserting the alerts from "mozilla/flawfinder/complete_scan/previous_commit/part5/flawfinder-176-cdabe87d66d1606a34d2c5e2b2a99505d909ec1c-1.csv.zip".
[2021-09-18 04:33:45] [INFO] [collect_and_insert_alerts_in_database.py:153] collect_and_insert_alerts_in_database: Inserting the alerts from "mozilla/flawfinder/complete_scan/previous_commit/part5/flawfinder-175-324a5a5901af9d01737fac3fd063297c3b873253-1.csv.zip".
[2021-09-18 04:33:45] [INFO] [collect_and_insert_alerts_in_database.py:153] collect_and_insert_alerts_in_database: Inserting the alerts from "mozilla/flawfinder/complete_scan/previous_commit/part5/flawfinder-174-67fc2c30797036217de91cdb4b6d77a876bed7db-1.csv.zip".
[2021-09-18 04:33:45] [INFO] [collect_and_insert_alerts_in_database.py:153] collect_and_insert_alerts_in_database: Inserting the alerts from "mozilla/flawfinder/complete_scan/previous_commit/part5/flawfinder-173-01cd14e8404f932db5b011abca6be854a72a6ccf-1.csv.zip".
[2021-09-18 04:33:45] [INFO] [collect_and_insert_alerts_in_database.py:153] collect_and_insert_alerts_in_database: Inserting the alerts from "mozilla/flawfinder/complete_scan/previous_commit/part5/flawfinder-172-b0993c3f95cff78ec9993b8df400d379655560b6-1.csv.zip".
[2021-09-18 04:33:46] [INFO] [collect_and_insert_alerts_in_database.py:153] collect_and_insert_alerts_in_database: Inserting the alerts from "mozilla/flawfinder/complete_scan/previous_commit/part5/flawfinder-171-f9ecc88a7ec8faefbe6aaed7807a56488a0480e4-1.csv.zip".
[2021-09-18 04:33:46] [INFO] [collect_and_insert_alerts_in_database.py:153] collect_and_insert_alerts_in_database: Inserting the alerts from "mozilla/flawfinder/complete_scan/previous_commit/part5/flawfinder-170-03ac7a3a7bb776f37af31bd12c6a55bc2e674ca7-1.csv.zip".
[2021-09-18 04:33:46] [INFO] [collect_and_insert_alerts_in_database.py:153] collect_and_insert_alerts_in_database: Inserting the alerts from "mozilla/flawfinder/complete_scan/previous_commit/part5/flawfinder-17-93c4d245a20713a105df3b662f3601d394efb198-1.csv.zip".
[2021-09-18 04:33:46] [INFO] [collect_and_insert_alerts_in_database.py:153] collect_and_insert_alerts_in_database: Inserting the alerts from "mozilla/flawfinder/complete_scan/previous_commit/part5/flawfinder-169-0e903787dab6c6cb3a73bcc76a05e1fd827b1f2b-1.csv.zip".
[2021-09-18 04:33:47] [INFO] [collect_and_insert_alerts_in_database.py:153] collect_and_insert_alerts_in_database: Inserting the alerts from "mozilla/flawfinder/complete_scan/previous_commit/part5/flawfinder-168-8fda14347fdf3c13e951a12c980b691958323549-1.csv.zip".
[2021-09-18 04:33:47] [INFO] [collect_and_insert_alerts_in_database.py:153] collect_and_insert_alerts_in_database: Inserting the alerts from "mozilla/flawfinder/complete_scan/previous_commit/part5/flawfinder-167-49a5ea07d9b1348afbdb663c1634573b01a5eaa7-1.csv.zip".
[2021-09-18 04:33:47] [INFO] [collect_and_insert_alerts_in_database.py:153] collect_and_insert_alerts_in_database: Inserting the alerts from "mozilla/flawfinder/complete_scan/previous_commit/part5/flawfinder-166-50d28b2321ccc084ce24cc2579d51a9fe184cc3c-1.csv.zip".
[2021-09-18 04:33:47] [INFO] [collect_and_insert_alerts_in_database.py:153] collect_and_insert_alerts_in_database: Inserting the alerts from "mozilla/flawfinder/complete_scan/previous_commit/part5/flawfinder-165-9a7f0772210d3b68ad85fa36c89af0cbe7a72a5a-1.csv.zip".
[2021-09-18 04:33:48] [INFO] [collect_and_insert_alerts_in_database.py:153] collect_and_insert_alerts_in_database: Inserting the alerts from "mozilla/flawfinder/complete_scan/previous_commit/part5/flawfinder-164-1063b8aee36e758b22a8093d64f62262766e1fba-1.csv.zip".
[2021-09-18 04:33:48] [INFO] [collect_and_insert_alerts_in_database.py:153] collect_and_insert_alerts_in_database: Inserting the alerts from "mozilla/flawfinder/complete_scan/previous_commit/part5/flawfinder-163-9e0663f5554cdd6e6e6fae55dccec4f8c120c018-1.csv.zip".
[2021-09-18 04:33:48] [INFO] [collect_and_insert_alerts_in_database.py:153] collect_and_insert_alerts_in_database: Inserting the alerts from "mozilla/flawfinder/complete_scan/previous_commit/part5/flawfinder-162-ea4a0e3afc6aa2d2c81297d93c655478bc32f108-1.csv.zip".
[2021-09-18 04:33:48] [INFO] [collect_and_insert_alerts_in_database.py:153] collect_and_insert_alerts_in_database: Inserting the alerts from "mozilla/flawfinder/complete_scan/previous_commit/part5/flawfinder-161-d29cff7e183fdf89106cdd01d25ba09aa2fea7ca-1.csv.zip".
[2021-09-18 04:33:49] [INFO] [collect_and_insert_alerts_in_database.py:153] collect_and_insert_alerts_in_database: Inserting the alerts from "mozilla/flawfinder/complete_scan/previous_commit/part5/flawfinder-160-ace4e930e16486f54c456c54b842de00c3460e80-1.csv.zip".
[2021-09-18 04:33:49] [INFO] [collect_and_insert_alerts_in_database.py:153] collect_and_insert_alerts_in_database: Inserting the alerts from "mozilla/flawfinder/complete_scan/previous_commit/part5/flawfinder-16-f5f492a80caeb8ad45fa177d341e6155599b68b2-1.csv.zip".
[2021-09-18 04:33:49] [INFO] [collect_and_insert_alerts_in_database.py:153] collect_and_insert_alerts_in_database: Inserting the alerts from "mozilla/flawfinder/complete_scan/previous_commit/part5/flawfinder-159-a03f43622dc11ce39d18ca384d00f086112bb2d9-1.csv.zip".
[2021-09-18 04:33:49] [INFO] [collect_and_insert_alerts_in_database.py:153] collect_and_insert_alerts_in_database: Inserting the alerts from "mozilla/flawfinder/complete_scan/previous_commit/part5/flawfinder-158-7de2c5899ed03d92c553135a9c990013dfb5480f-1.csv.zip".
[2021-09-18 04:33:49] [WARNING] [collect_and_insert_alerts_in_database.py:146] collect_and_insert_alerts_in_database: Skipping the patch with the commit ceecd61c1605a5e769d918f92352cb74dc8298a (before, "flawfinder-157-ceecd61c1605a5e769d918f92352cb74dc8298a1-1.csv.zip") in the project "Mozilla" since it does not exist in the database.
[2021-09-18 04:33:49] [INFO] [collect_and_insert_alerts_in_database.py:153] collect_and_insert_alerts_in_database: Inserting the alerts from "mozilla/flawfinder/complete_scan/previous_commit/part5/flawfinder-156-c010fd41c08dc415d1185fd6b3db82846d7e89ec-1.csv.zip".
[2021-09-18 04:33:50] [INFO] [collect_and_insert_alerts_in_database.py:153] collect_and_insert_alerts_in_database: Inserting the alerts from "mozilla/flawfinder/complete_scan/previous_commit/part5/flawfinder-155-fb1756d92cc0a1d959786c6252fdea3173ef9cae-1.csv.zip".
[2021-09-18 04:33:50] [INFO] [collect_and_insert_alerts_in_database.py:153] collect_and_insert_alerts_in_database: Inserting the alerts from "mozilla/flawfinder/complete_scan/previous_commit/part5/flawfinder-154-8aab67710128dcd25522b1ab843a661d336bb72c-1.csv.zip".
[2021-09-18 04:33:50] [INFO] [collect_and_insert_alerts_in_database.py:153] collect_and_insert_alerts_in_database: Inserting the alerts from "mozilla/flawfinder/complete_scan/previous_commit/part5/flawfinder-153-64de926d460164d41269812742a1376ba7bafda6-1.csv.zip".
[2021-09-18 04:33:50] [INFO] [collect_and_insert_alerts_in_database.py:153] collect_and_insert_alerts_in_database: Inserting the alerts from "mozilla/flawfinder/complete_scan/previous_commit/part5/flawfinder-152-c0e48637d27b853d4a600b3c81d897b201421390-1.csv.zip".
[2021-09-18 04:33:51] [INFO] [collect_and_insert_alerts_in_database.py:153] collect_and_insert_alerts_in_database: Inserting the alerts from "mozilla/flawfinder/complete_scan/previous_commit/part5/flawfinder-151-5a6b723bff065e926aa3d5fd049804005d7638b8-1.csv.zip".
[2021-09-18 04:33:51] [INFO] [collect_and_insert_alerts_in_database.py:153] collect_and_insert_alerts_in_database: Inserting the alerts from "mozilla/flawfinder/complete_scan/previous_commit/part5/flawfinder-150-a7895c75ea74c08fc7d4eea407db3f7ab10fa3cc-1.csv.zip".
[2021-09-18 04:33:51] [INFO] [collect_and_insert_alerts_in_database.py:153] collect_and_insert_alerts_in_database: Inserting the alerts from "mozilla/flawfinder/complete_scan/previous_commit/part5/flawfinder-15-db8e759c6654a09aa851384768d580fb632b7274-1.csv.zip".
[2021-09-18 04:33:51] [INFO] [collect_and_insert_alerts_in_database.py:153] collect_and_insert_alerts_in_database: Inserting the alerts from "mozilla/flawfinder/complete_scan/previous_commit/part5/flawfinder-149-7ccb094a3093e7368af280082ba13afec3248e9b-1.csv.zip".
[2021-09-18 04:33:52] [INFO] [collect_and_insert_alerts_in_database.py:153] collect_and_insert_alerts_in_database: Inserting the alerts from "mozilla/flawfinder/complete_scan/previous_commit/part5/flawfinder-148-8dc4d88166ea8126dc26ccae78c9be2bd2018250-1.csv.zip".
[2021-09-18 04:33:52] [INFO] [collect_and_insert_alerts_in_database.py:153] collect_and_insert_alerts_in_database: Inserting the alerts from "mozilla/flawfinder/complete_scan/previous_commit/part5/flawfinder-147-3eedff1868e24acfb6239643c37f1d91aff46015-1.csv.zip".
[2021-09-18 04:33:52] [INFO] [collect_and_insert_alerts_in_database.py:153] collect_and_insert_alerts_in_database: Inserting the alerts from "mozilla/flawfinder/complete_scan/previous_commit/part5/flawfinder-146-e9805c30533f79c6c8bb137e767a10301e39e50f-1.csv.zip".
[2021-09-18 04:33:52] [INFO] [collect_and_insert_alerts_in_database.py:153] collect_and_insert_alerts_in_database: Inserting the alerts from "mozilla/flawfinder/complete_scan/previous_commit/part5/flawfinder-145-050942c49cdfbe3247cfc09c33a2d26d68e34664-1.csv.zip".
[2021-09-18 04:33:53] [INFO] [collect_and_insert_alerts_in_database.py:153] collect_and_insert_alerts_in_database: Inserting the alerts from "mozilla/flawfinder/complete_scan/previous_commit/part5/flawfinder-144-09a107bc24cb812e5bcb0d2ea121a8707d7b89ba-1.csv.zip".
[2021-09-18 04:33:53] [INFO] [collect_and_insert_alerts_in_database.py:153] collect_and_insert_alerts_in_database: Inserting the alerts from "mozilla/flawfinder/complete_scan/previous_commit/part5/flawfinder-143-0d0616cad12b1af8d1c04dfdc657a182c6afd1f8-1.csv.zip".
[2021-09-18 04:33:53] [INFO] [collect_and_insert_alerts_in_database.py:153] collect_and_insert_alerts_in_database: Inserting the alerts from "mozilla/flawfinder/complete_scan/previous_commit/part5/flawfinder-142-7b8229b86bb69152d6720a8df02cc614691eb89c-1.csv.zip".
[2021-09-18 04:33:53] [WARNING] [collect_and_insert_alerts_in_database.py:146] collect_and_insert_alerts_in_database: Skipping the patch with the commit eee7fe032d765d781822b040ccc6e584abe8405 (before, "flawfinder-141-eee7fe032d765d781822b040ccc6e584abe84051-1.csv.zip") in the project "Mozilla" since it does not exist in the database.
[2021-09-18 04:33:53] [INFO] [collect_and_insert_alerts_in_database.py:153] collect_and_insert_alerts_in_database: Inserting the alerts from "mozilla/flawfinder/complete_scan/previous_commit/part5/flawfinder-140-fdf1d9bbb2518dc4f17d79d0d10b48b33ab3376d-1.csv.zip".
[2021-09-18 04:33:54] [INFO] [collect_and_insert_alerts_in_database.py:153] collect_and_insert_alerts_in_database: Inserting the alerts from "mozilla/flawfinder/complete_scan/previous_commit/part5/flawfinder-14-e768233bc4bd189be6f376bf218f125c4f8f18df-1.csv.zip".
[2021-09-18 04:33:54] [INFO] [collect_and_insert_alerts_in_database.py:153] collect_and_insert_alerts_in_database: Inserting the alerts from "mozilla/flawfinder/complete_scan/previous_commit/part5/flawfinder-139-870f0bfda710a028a2e383a1197accaba62a53d6-1.csv.zip".
[2021-09-18 04:33:54] [INFO] [collect_and_insert_alerts_in_database.py:153] collect_and_insert_alerts_in_database: Inserting the alerts from "mozilla/flawfinder/complete_scan/previous_commit/part5/flawfinder-138-6301585f22278606956b6a106dc5f6585f4551c6-1.csv.zip".
[2021-09-18 04:33:55] [INFO] [collect_and_insert_alerts_in_database.py:153] collect_and_insert_alerts_in_database: Inserting the alerts from "mozilla/flawfinder/complete_scan/previous_commit/part5/flawfinder-137-97193c41783b64edfbb3eb71cc27a4ab9121e419-1.csv.zip".
[2021-09-18 04:33:55] [WARNING] [collect_and_insert_alerts_in_database.py:146] collect_and_insert_alerts_in_database: Skipping the patch with the commit 58495709d9274888658a3091cbc84481c824ade (before, "flawfinder-136-58495709d9274888658a3091cbc84481c824ade1-1.csv.zip") in the project "Mozilla" since it does not exist in the database.
[2021-09-18 04:33:55] [INFO] [collect_and_insert_alerts_in_database.py:153] collect_and_insert_alerts_in_database: Inserting the alerts from "mozilla/flawfinder/complete_scan/previous_commit/part5/flawfinder-135-9d5b27393d928048e5a0a9d6519098ec0040802a-1.csv.zip".
[2021-09-18 04:33:55] [INFO] [collect_and_insert_alerts_in_database.py:153] collect_and_insert_alerts_in_database: Inserting the alerts from "mozilla/flawfinder/complete_scan/previous_commit/part5/flawfinder-134-6c6e70fcbc1d8165d2fbf3f4715625c15a9d8eef-1.csv.zip".
[2021-09-18 04:33:55] [INFO] [collect_and_insert_alerts_in_database.py:153] collect_and_insert_alerts_in_database: Inserting the alerts from "mozilla/flawfinder/complete_scan/previous_commit/part5/flawfinder-133-9fcd68ce86ab0f260b63c287bb58a3733757b022-1.csv.zip".
[2021-09-18 04:33:56] [INFO] [collect_and_insert_alerts_in_database.py:153] collect_and_insert_alerts_in_database: Inserting the alerts from "mozilla/flawfinder/complete_scan/previous_commit/part5/flawfinder-132-e6ddc950f8b50d2506ada9ba1f64431df8e38ce6-1.csv.zip".
[2021-09-18 04:33:56] [INFO] [collect_and_insert_alerts_in_database.py:153] collect_and_insert_alerts_in_database: Inserting the alerts from "mozilla/flawfinder/complete_scan/previous_commit/part5/flawfinder-131-fc530ca3167058f975212a75c0524f50d0321f24-1.csv.zip".
[2021-09-18 04:33:56] [INFO] [collect_and_insert_alerts_in_database.py:153] collect_and_insert_alerts_in_database: Inserting the alerts from "mozilla/flawfinder/complete_scan/previous_commit/part5/flawfinder-130-2f14d46de832018db2084cc7a84618526ce24e15-1.csv.zip".
[2021-09-18 04:33:56] [INFO] [collect_and_insert_alerts_in_database.py:153] collect_and_insert_alerts_in_database: Inserting the alerts from "mozilla/flawfinder/complete_scan/previous_commit/part5/flawfinder-13-f2e7c8b77ab13830a70c7120d2d16a6971f904e3-1.csv.zip".
[2021-09-18 04:33:57] [INFO] [collect_and_insert_alerts_in_database.py:153] collect_and_insert_alerts_in_database: Inserting the alerts from "mozilla/flawfinder/complete_scan/previous_commit/part5/flawfinder-129-fa3809ad7db5b48b820248668ce20ea042eee587-1.csv.zip".
[2021-09-18 04:33:57] [INFO] [collect_and_insert_alerts_in_database.py:153] collect_and_insert_alerts_in_database: Inserting the alerts from "mozilla/flawfinder/complete_scan/previous_commit/part5/flawfinder-128-b222e049c604fbd6845d687ef10fd3d215a37798-1.csv.zip".
[2021-09-18 04:33:57] [INFO] [collect_and_insert_alerts_in_database.py:153] collect_and_insert_alerts_in_database: Inserting the alerts from "mozilla/flawfinder/complete_scan/previous_commit/part5/flawfinder-127-bb4ddb115c16ea4e26d93d05228b369c5f478cfa-1.csv.zip".
[2021-09-18 04:33:57] [INFO] [collect_and_insert_alerts_in_database.py:153] collect_and_insert_alerts_in_database: Inserting the alerts from "mozilla/flawfinder/complete_scan/previous_commit/part5/flawfinder-126-2c140e4d73af6953b16053d6d4c05a63e14fccc6-1.csv.zip".
[2021-09-18 04:33:58] [INFO] [collect_and_insert_alerts_in_database.py:153] collect_and_insert_alerts_in_database: Inserting the alerts from "mozilla/flawfinder/complete_scan/previous_commit/part5/flawfinder-125-f843e126251777bced06a337c9d49852b2712427-1.csv.zip".
[2021-09-18 04:33:58] [INFO] [collect_and_insert_alerts_in_database.py:153] collect_and_insert_alerts_in_database: Inserting the alerts from "mozilla/flawfinder/complete_scan/previous_commit/part5/flawfinder-124-855803da5c88c45ed3ed508bb442269c4182a91d-1.csv.zip".
[2021-09-18 04:33:58] [INFO] [collect_and_insert_alerts_in_database.py:153] collect_and_insert_alerts_in_database: Inserting the alerts from "mozilla/flawfinder/complete_scan/previous_commit/part5/flawfinder-123-ec9d567f1449970fd2f4231e1c6ed52d7f8fb7a8-1.csv.zip".
[2021-09-18 04:33:58] [INFO] [collect_and_insert_alerts_in_database.py:153] collect_and_insert_alerts_in_database: Inserting the alerts from "mozilla/flawfinder/complete_scan/previous_commit/part5/flawfinder-122-f17fbddf9adb25a5fba4c395b2c6624831cbf984-1.csv.zip".
[2021-09-18 04:33:58] [INFO] [collect_and_insert_alerts_in_database.py:153] collect_and_insert_alerts_in_database: Inserting the alerts from "mozilla/flawfinder/complete_scan/previous_commit/part5/flawfinder-121-4e824013111a05a30dba2ee672fdac179918a6ae-1.csv.zip".
[2021-09-18 04:33:59] [INFO] [collect_and_insert_alerts_in_database.py:153] collect_and_insert_alerts_in_database: Inserting the alerts from "mozilla/flawfinder/complete_scan/previous_commit/part5/flawfinder-120-a3780b29c4fecabb1e5d99e10d1b234dd41cea4c-1.csv.zip".
[2021-09-18 04:33:59] [INFO] [collect_and_insert_alerts_in_database.py:153] collect_and_insert_alerts_in_database: Inserting the alerts from "mozilla/flawfinder/complete_scan/previous_commit/part5/flawfinder-12-9aa633008da1081c89d73ee5f602f839c9d26777-1.csv.zip".
[2021-09-18 04:33:59] [INFO] [collect_and_insert_alerts_in_database.py:153] collect_and_insert_alerts_in_database: Inserting the alerts from "mozilla/flawfinder/complete_scan/previous_commit/part5/flawfinder-119-e4fe2d6393b9e5bb9c8f7b97d72f33f587113582-1.csv.zip".
[2021-09-18 04:33:59] [INFO] [collect_and_insert_alerts_in_database.py:153] collect_and_insert_alerts_in_database: Inserting the alerts from "mozilla/flawfinder/complete_scan/previous_commit/part5/flawfinder-118-432b48c35a06a4e94e3e6b4470d4628f95241bca-1.csv.zip".
[2021-09-18 04:34:00] [WARNING] [collect_and_insert_alerts_in_database.py:146] collect_and_insert_alerts_in_database: Skipping the patch with the commit f627214d566ceb3e7d940722d31cf3a35d956fa (before, "flawfinder-117-f627214d566ceb3e7d940722d31cf3a35d956fa1-1.csv.zip") in the project "Mozilla" since it does not exist in the database.
[2021-09-18 04:34:00] [INFO] [collect_and_insert_alerts_in_database.py:153] collect_and_insert_alerts_in_database: Inserting the alerts from "mozilla/flawfinder/complete_scan/previous_commit/part5/flawfinder-116-7c6388d1ad13a509c9c2b5cacd800b8f60b6a773-1.csv.zip".
[2021-09-18 04:34:00] [INFO] [collect_and_insert_alerts_in_database.py:153] collect_and_insert_alerts_in_database: Inserting the alerts from "mozilla/flawfinder/complete_scan/previous_commit/part5/flawfinder-115-9c6490795fb9b48820993ba2a51d9816a9108d3c-1.csv.zip".
[2021-09-18 04:34:00] [INFO] [collect_and_insert_alerts_in_database.py:153] collect_and_insert_alerts_in_database: Inserting the alerts from "mozilla/flawfinder/complete_scan/previous_commit/part5/flawfinder-114-24cafeec62f630e20dfe59979e37193d1b33c0df-1.csv.zip".
[2021-09-18 04:34:00] [INFO] [collect_and_insert_alerts_in_database.py:153] collect_and_insert_alerts_in_database: Inserting the alerts from "mozilla/flawfinder/complete_scan/previous_commit/part5/flawfinder-113-d58a56cb9b36afd30b1d2c055c49fb96dead586b-1.csv.zip".
[2021-09-18 04:34:01] [INFO] [collect_and_insert_alerts_in_database.py:153] collect_and_insert_alerts_in_database: Inserting the alerts from "mozilla/flawfinder/complete_scan/previous_commit/part5/flawfinder-112-1bd67c4267122132081cbe24b48f6d13aa5a2098-1.csv.zip".
[2021-09-18 04:34:01] [INFO] [collect_and_insert_alerts_in_database.py:153] collect_and_insert_alerts_in_database: Inserting the alerts from "mozilla/flawfinder/complete_scan/previous_commit/part5/flawfinder-111-58c1a94839970325b9498c5f588ebb09132bc47d-1.csv.zip".
[2021-09-18 04:34:01] [INFO] [collect_and_insert_alerts_in_database.py:153] collect_and_insert_alerts_in_database: Inserting the alerts from "mozilla/flawfinder/complete_scan/previous_commit/part5/flawfinder-110-2f19628734e0ea48db71ccec15f9153c6c951c2a-1.csv.zip".
[2021-09-18 04:34:02] [INFO] [collect_and_insert_alerts_in_database.py:153] collect_and_insert_alerts_in_database: Inserting the alerts from "mozilla/flawfinder/complete_scan/previous_commit/part5/flawfinder-11-355ed44adc5725e0e8cf533280a711ad2bdda459-1.csv.zip".
[2021-09-18 04:34:02] [INFO] [collect_and_insert_alerts_in_database.py:153] collect_and_insert_alerts_in_database: Inserting the alerts from "mozilla/flawfinder/complete_scan/previous_commit/part5/flawfinder-109-c8125c8fa5c79cfc91adba0b47f9bd10ce5df305-1.csv.zip".
[2021-09-18 04:34:02] [INFO] [collect_and_insert_alerts_in_database.py:153] collect_and_insert_alerts_in_database: Inserting the alerts from "mozilla/flawfinder/complete_scan/previous_commit/part5/flawfinder-108-baf174ef193178ec2988c251b4b18b6685e849c5-1.csv.zip".
[2021-09-18 04:34:03] [INFO] [collect_and_insert_alerts_in_database.py:153] collect_and_insert_alerts_in_database: Inserting the alerts from "mozilla/flawfinder/complete_scan/previous_commit/part5/flawfinder-107-c390635e193575b8ebbff0a412eea54b8f2d9c3b-1.csv.zip".
[2021-09-18 04:34:03] [INFO] [collect_and_insert_alerts_in_database.py:153] collect_and_insert_alerts_in_database: Inserting the alerts from "mozilla/flawfinder/complete_scan/previous_commit/part5/flawfinder-106-ba3f9989ec5dc1e11d410e914f252a811fb0a437-1.csv.zip".
[2021-09-18 04:34:03] [INFO] [collect_and_insert_alerts_in_database.py:153] collect_and_insert_alerts_in_database: Inserting the alerts from "mozilla/flawfinder/complete_scan/previous_commit/part5/flawfinder-105-b8ee2d988e4bc7ae1cb36c043a16d562640d0ffe-1.csv.zip".
[2021-09-18 04:34:04] [INFO] [collect_and_insert_alerts_in_database.py:153] collect_and_insert_alerts_in_database: Inserting the alerts from "mozilla/flawfinder/complete_scan/previous_commit/part5/flawfinder-104-6a92d27239f7bd6c1b5e908f564c3b9e93816d32-1.csv.zip".
[2021-09-18 04:34:04] [INFO] [collect_and_insert_alerts_in_database.py:153] collect_and_insert_alerts_in_database: Inserting the alerts from "mozilla/flawfinder/complete_scan/previous_commit/part5/flawfinder-103-f8972997f6fc84df0ff64088da9463ea2a29a149-1.csv.zip".
[2021-09-18 04:34:04] [INFO] [collect_and_insert_alerts_in_database.py:153] collect_and_insert_alerts_in_database: Inserting the alerts from "mozilla/flawfinder/complete_scan/previous_commit/part5/flawfinder-102-34646edc7884c5e60fcdf6844bf8dc4bae89797f-1.csv.zip".
[2021-09-18 04:34:04] [INFO] [collect_and_insert_alerts_in_database.py:153] collect_and_insert_alerts_in_database: Inserting the alerts from "mozilla/flawfinder/complete_scan/previous_commit/part5/flawfinder-101-8a6cab48a92c04d1481704d9da9d5d1ed05e0b73-1.csv.zip".
[2021-09-18 04:34:05] [INFO] [collect_and_insert_alerts_in_database.py:153] collect_and_insert_alerts_in_database: Inserting the alerts from "mozilla/flawfinder/complete_scan/previous_commit/part5/flawfinder-100-35b53a22df6d449eb6796991d596225525aace19-1.csv.zip".
[2021-09-18 04:34:05] [INFO] [collect_and_insert_alerts_in_database.py:153] collect_and_insert_alerts_in_database: Inserting the alerts from "mozilla/flawfinder/complete_scan/previous_commit/part5/flawfinder-10-2ab8c242dcd7f481cf039eb63488f14720513a39-1.csv.zip".
[2021-09-18 04:34:05] [INFO] [collect_and_insert_alerts_in_database.py:153] collect_and_insert_alerts_in_database: Inserting the alerts from "mozilla/flawfinder/complete_scan/previous_commit/part5/flawfinder-1-eb27aad2c1cb9234792b9a92a55c6dc8510d060e-1.csv.zip".
[2021-09-18 04:34:05] [INFO] [collect_and_insert_alerts_in_database.py:153] collect_and_insert_alerts_in_database: Inserting the alerts from "mozilla/flawfinder/complete_scan/previous_commit/part5/flawfinder-0-9aa1a400d0701e1df01a388b9c7d82cd0dbfe0d5-1.csv.zip".
[2021-09-18 04:34:07] [INFO] [collect_and_insert_alerts_in_database.py:153] collect_and_insert_alerts_in_database: Inserting the alerts from "mozilla/flawfinder/complete_scan/previous_commit/part4/flawfinder-1999-33a3692644d9b60091b2900dbf7090c34e03517a-1.csv.zip".
[2021-09-18 04:34:07] [INFO] [collect_and_insert_alerts_in_database.py:158] collect_and_insert_alerts_in_database: Retrieving the file "mozilla/flawfinder/complete_scan/previous_commit/part4/flawfinder-1999-33a3692644d9b60091b2900dbf7090c34e03517a-1.csv.zip" as a Git blob since its size (1428810) is too large to request via the API.
[2021-09-18 04:34:59] [WARNING] [database.py:75] execute_query: Failed to execute the query "
																			INSERT IGNORE INTO RULE (RULE_NAME, RULE_CATEGORY, SAT_ID)
																			VALUES (%(RULE_NAME)s, %(RULE_CATEGORY)s, %(SAT_ID)s);
																			" with the error: DatabaseError(1205, '1205 (HY000): Lock wait timeout exceeded; try restarting transaction', 'HY000')
[2021-09-18 04:34:59] [ERROR] [collect_and_insert_alerts_in_database.py:194] insert_rule_and_cwe_info: Failed to insert the rule with the error code 1205 and the parameters: {'RULE_NAME': 'chmod', 'RULE_CATEGORY': 'race', 'ALERT_SEVERITY_LEVEL': '5', 'ALERT_LINE': '188', 'ALERT_MESSAGE': 'This accepts filename arguments; if an attacker can move those files, a race condition results. (CWE-362)', 'FILE_PATH': 'config/nsinstall.c', 'R_ID': 1, 'P_COMMIT': '33a3692644d9b60091b2900dbf7090c34e03517a', 'P_OCCURRENCE': 'before', 'SAT_ID': 2}.
[2021-09-18 04:35:50] [WARNING] [database.py:75] execute_query: Failed to execute the query "
																					INSERT IGNORE INTO RULE_CWE_INFO (RULE_ID, V_CWE)
																					VALUES
																					(
																						%(RULE_ID)s,
																						%(V_CWE)s
																					);
																					" with the error: DatabaseError(1205, '1205 (HY000): Lock wait timeout exceeded; try restarting transaction', 'HY000')
[2021-09-18 04:35:50] [ERROR] [collect_and_insert_alerts_in_database.py:236] insert_rule_and_cwe_info: Failed to insert the key (1304594, 362) in RULE_CWE_INFO with the error code 1205 and the parameters: {'RULE_NAME': 'chmod', 'RULE_CATEGORY': 'race', 'ALERT_SEVERITY_LEVEL': '5', 'ALERT_LINE': '188', 'ALERT_MESSAGE': 'This accepts filename arguments; if an attacker can move those files, a race condition results. (CWE-362)', 'FILE_PATH': 'config/nsinstall.c', 'R_ID': 1, 'P_COMMIT': '33a3692644d9b60091b2900dbf7090c34e03517a', 'P_OCCURRENCE': 'before', 'SAT_ID': 2}.
[2021-09-18 04:36:41] [WARNING] [database.py:75] execute_query: Failed to execute the query "
																			INSERT IGNORE INTO RULE (RULE_NAME, RULE_CATEGORY, SAT_ID)
																			VALUES (%(RULE_NAME)s, %(RULE_CATEGORY)s, %(SAT_ID)s);
																			" with the error: DatabaseError(1205, '1205 (HY000): Lock wait timeout exceeded; try restarting transaction', 'HY000')
[2021-09-18 04:36:41] [ERROR] [collect_and_insert_alerts_in_database.py:194] insert_rule_and_cwe_info: Failed to insert the rule with the error code 1205 and the parameters: {'RULE_NAME': 'chmod', 'RULE_CATEGORY': 'race', 'ALERT_SEVERITY_LEVEL': '5', 'ALERT_LINE': '200', 'ALERT_MESSAGE': 'This accepts filename arguments; if an attacker can move those files, a race condition results. (CWE-362)', 'FILE_PATH': 'config/nsinstall.c', 'R_ID': 1, 'P_COMMIT': '33a3692644d9b60091b2900dbf7090c34e03517a', 'P_OCCURRENCE': 'before', 'SAT_ID': 2}.
[2021-09-18 04:37:32] [WARNING] [database.py:75] execute_query: Failed to execute the query "
																					INSERT IGNORE INTO RULE_CWE_INFO (RULE_ID, V_CWE)
																					VALUES
																					(
																						%(RULE_ID)s,
																						%(V_CWE)s
																					);
																					" with the error: DatabaseError(1205, '1205 (HY000): Lock wait timeout exceeded; try restarting transaction', 'HY000')
[2021-09-18 04:37:32] [ERROR] [collect_and_insert_alerts_in_database.py:236] insert_rule_and_cwe_info: Failed to insert the key (1304594, 362) in RULE_CWE_INFO with the error code 1205 and the parameters: {'RULE_NAME': 'chmod', 'RULE_CATEGORY': 'race', 'ALERT_SEVERITY_LEVEL': '5', 'ALERT_LINE': '200', 'ALERT_MESSAGE': 'This accepts filename arguments; if an attacker can move those files, a race condition results. (CWE-362)', 'FILE_PATH': 'config/nsinstall.c', 'R_ID': 1, 'P_COMMIT': '33a3692644d9b60091b2900dbf7090c34e03517a', 'P_OCCURRENCE': 'before', 'SAT_ID': 2}.
