[2021-10-06 23:49:50] [INFO] [common.py:75] <module>: Initializing the common module.
[2021-10-06 23:49:50] [INFO] [common.py:135] <module>: Changing the recursion limit from 1000 to 1000000 at the user's request.
[2021-10-06 23:49:50] [INFO] [project.py:33] <module>: Loading libclang from "/usr/lib/x86_64-linux-gnu/libclang-10.so.1".
[2021-10-06 23:49:50] [INFO] [project.py:42] <module>: Loaded libclang successfully.
[2021-10-06 23:49:50] [INFO] [database.py:34] __init__: Connecting to the database with the following configurations: {'host': '127.0.0.1', 'port': '3306', 'user': 'admin', 'password': '', 'database': 'software', 'sql_mode': 'ONLY_FULL_GROUP_BY,NO_ZERO_IN_DATE,NO_ZERO_DATE,ERROR_FOR_DIVISION_BY_ZERO,NO_ENGINE_SUBSTITUTION'}
[2021-10-06 23:49:50] [INFO] [database.py:42] __init__: Autocommit is False.
[2021-10-06 23:49:50] [INFO] [insert_alerts_in_database.py:41] insert_alerts_in_database: Found the following SATs: {'Cppcheck': 1, 'Flawfinder': 2}
[2021-10-06 23:49:50] [INFO] [project.py:119] get_project_list_from_config: Ignoring the project "Glibc" (glibc).
[2021-10-06 23:49:50] [INFO] [project.py:119] get_project_list_from_config: Ignoring the project "Apache HTTP Server" (apache).
[2021-10-06 23:49:50] [INFO] [project.py:119] get_project_list_from_config: Ignoring the project "Xen" (xen).
[2021-10-06 23:49:50] [INFO] [project.py:126] get_project_list_from_config: Loading the project "Linux Kernel" (kernel) with the following configurations: {'short_name': 'kernel', 'database_id': 2, 'database_name': 'kernel', 'github_data_name': 'linux', 'vendor_id': 33, 'product_id': 47, 'url_pattern': 'linux|kernel|redhat', 'master_branch': 'master', 'language': 'c', 'include_directory_path': 'include', 'repository_path': '/home/admin/estagio-2020-2021/estagio-software-vulnerabilities-2020-2021/repositories/linux', 'output_directory_path': 'output/final', 'scrape_all_branches': False}
[2021-10-06 23:49:50] [ERROR] [project.py:90] __init__: Failed to get the repository for the project "Linux Kernel"" with the error: NoSuchPathError('/home/admin/estagio-2020-2021/estagio-software-vulnerabilities-2020-2021/repositories/linux')
[2021-10-06 23:49:50] [INFO] [project.py:119] get_project_list_from_config: Ignoring the project "Mozilla" (mozilla).
[2021-10-06 23:49:51] [INFO] [sats.py:224] __init__: Loaded Cppcheck version 1.90.
[2021-10-06 23:49:51] [INFO] [sats.py:335] __init__: Loaded Flawfinder version 2.0.10.
[2021-10-06 23:49:51] [INFO] [sats.py:105] get_sat_info_from_config: Ignoring the SAT "Cppcheck".
[2021-10-06 23:49:51] [INFO] [insert_alerts_in_database.py:96] insert_alerts_in_database: Starting the insertion of 1293 CSV alert files.
[2021-10-06 23:49:51] [INFO] [insert_alerts_in_database.py:140] insert_alerts_in_database: Inserting the alerts 1 of 1293 from "/home/admin/estagio-2020-2021/estagio-software-vulnerabilities-2020-2021/repositories/uc-phd-josep-data/linux/flawfinder/complete_scan/current_commit/part1/flawfinder-76-f2e323ec96077642d397bb1c355def536d489d16.csv.zip" (after).
[2021-10-07 00:52:18] [INFO] [insert_alerts_in_database.py:137] insert_alerts_in_database: Skipping the alerts for the commit 5b6698b0e4a37053de35cc24ee695b98a7eb712b (before, "flawfinder-65-5b6698b0e4a37053de35cc24ee695b98a7eb712b-1.csv.zip") in the project "Linux Kernel" since they already exist.
[2021-10-07 00:52:18] [INFO] [insert_alerts_in_database.py:140] insert_alerts_in_database: Inserting the alerts 3 of 1293 from "/home/admin/estagio-2020-2021/estagio-software-vulnerabilities-2020-2021/repositories/uc-phd-josep-data/linux/flawfinder/complete_scan/current_commit/part1/flawfinder-75-0e5cc9a40ada6046e6bc3bdfcd0c0d7e4b706b14.csv.zip" (after).
[2021-10-07 01:55:54] [INFO] [insert_alerts_in_database.py:137] insert_alerts_in_database: Skipping the alerts for the commit 6b8d9117ccb4f81b1244aafa7bc70ef8fa45fc49 (before, "flawfinder-64-6b8d9117ccb4f81b1244aafa7bc70ef8fa45fc49-1.csv.zip") in the project "Linux Kernel" since they already exist.
[2021-10-07 01:55:54] [INFO] [insert_alerts_in_database.py:140] insert_alerts_in_database: Inserting the alerts 5 of 1293 from "/home/admin/estagio-2020-2021/estagio-software-vulnerabilities-2020-2021/repositories/uc-phd-josep-data/linux/flawfinder/complete_scan/current_commit/part1/flawfinder-74-f647d7c155f069c1a068030255c300663516420e.csv.zip" (after).
[2021-10-07 02:58:31] [INFO] [insert_alerts_in_database.py:137] insert_alerts_in_database: Skipping the alerts for the commit db27ebb111e9f69efece08e4cb6a34ff980f8896 (before, "flawfinder-63-db27ebb111e9f69efece08e4cb6a34ff980f8896-1.csv.zip") in the project "Linux Kernel" since they already exist.
[2021-10-07 02:58:31] [INFO] [insert_alerts_in_database.py:140] insert_alerts_in_database: Inserting the alerts 7 of 1293 from "/home/admin/estagio-2020-2021/estagio-software-vulnerabilities-2020-2021/repositories/uc-phd-josep-data/linux/flawfinder/complete_scan/current_commit/part1/flawfinder-735-59de2bebabc5027f93df999d59cc65df591c3e6e.csv.zip" (after).
[2021-10-07 03:23:30] [INFO] [insert_alerts_in_database.py:137] insert_alerts_in_database: Skipping the alerts for the commit 4e7c22d447bb6d7e37bfe39ff658486ae78e8d77 (before, "flawfinder-62-4e7c22d447bb6d7e37bfe39ff658486ae78e8d77-1.csv.zip") in the project "Linux Kernel" since they already exist.
[2021-10-07 03:23:30] [WARNING] [insert_alerts_in_database.py:133] insert_alerts_in_database: Skipping the patch with the commit 76a67ec6fb79ff3570dcb5342142c160982999 (after, "flawfinder-734-76a67ec6fb79ff3570dcb5342142c16098299911.csv.zip") in the project "Linux Kernel" since it does not exist in the database.
[2021-10-07 03:23:30] [WARNING] [insert_alerts_in_database.py:133] insert_alerts_in_database: Skipping the patch with the commit 9206de95b1ea68357996ec02be5db0638a0de2c (before, "flawfinder-618-9206de95b1ea68357996ec02be5db0638a0de2c1-1.csv.zip") in the project "Linux Kernel" since it does not exist in the database.
[2021-10-07 03:23:30] [INFO] [insert_alerts_in_database.py:140] insert_alerts_in_database: Inserting the alerts 11 of 1293 from "/home/admin/estagio-2020-2021/estagio-software-vulnerabilities-2020-2021/repositories/uc-phd-josep-data/linux/flawfinder/complete_scan/current_commit/part1/flawfinder-733-8a459e44ad837018ea5c34a9efe8eb4ad27ded26.csv.zip" (after).
[2021-10-07 03:42:40] [INFO] [insert_alerts_in_database.py:140] insert_alerts_in_database: Inserting the alerts 12 of 1293 from "/home/admin/estagio-2020-2021/estagio-software-vulnerabilities-2020-2021/repositories/uc-phd-josep-data/linux/flawfinder/complete_scan/previous_commit/part1/flawfinder-617-8c7b49b3ecd48923eb64ff57e07a1cdb74782970-1.csv.zip" (before).
[2021-10-07 04:13:32] [INFO] [insert_alerts_in_database.py:140] insert_alerts_in_database: Inserting the alerts 13 of 1293 from "/home/admin/estagio-2020-2021/estagio-software-vulnerabilities-2020-2021/repositories/uc-phd-josep-data/linux/flawfinder/complete_scan/current_commit/part1/flawfinder-732-9fcb95a105758b81ef0131cd18e2db5149f13e95.csv.zip" (after).
[2021-10-07 04:35:32] [INFO] [insert_alerts_in_database.py:140] insert_alerts_in_database: Inserting the alerts 14 of 1293 from "/home/admin/estagio-2020-2021/estagio-software-vulnerabilities-2020-2021/repositories/uc-phd-josep-data/linux/flawfinder/complete_scan/previous_commit/part1/flawfinder-616-f8b7256096a20436f6d0926747e3ac3d64c81d24-1.csv.zip" (before).
[2021-10-07 05:06:44] [INFO] [insert_alerts_in_database.py:140] insert_alerts_in_database: Inserting the alerts 15 of 1293 from "/home/admin/estagio-2020-2021/estagio-software-vulnerabilities-2020-2021/repositories/uc-phd-josep-data/linux/flawfinder/complete_scan/current_commit/part1/flawfinder-731-e6b8bc09ba2075cd91fbffefcd2778b1a00bd76f.csv.zip" (after).
[2021-10-07 05:31:24] [INFO] [insert_alerts_in_database.py:140] insert_alerts_in_database: Inserting the alerts 16 of 1293 from "/home/admin/estagio-2020-2021/estagio-software-vulnerabilities-2020-2021/repositories/uc-phd-josep-data/linux/flawfinder/complete_scan/previous_commit/part1/flawfinder-615-aa65607373a4daf2010e8c3867b6317619f3c1a3-1.csv.zip" (before).
[2021-10-07 06:02:17] [INFO] [insert_alerts_in_database.py:140] insert_alerts_in_database: Inserting the alerts 17 of 1293 from "/home/admin/estagio-2020-2021/estagio-software-vulnerabilities-2020-2021/repositories/uc-phd-josep-data/linux/flawfinder/complete_scan/current_commit/part1/flawfinder-730-06a279d636734da32bb62dd2f7b0ade666f65d7c.csv.zip" (after).
[2021-10-07 06:26:06] [WARNING] [insert_alerts_in_database.py:133] insert_alerts_in_database: Skipping the patch with the commit 0067bd8a55862ac9dd212bd1c4f6f5bff1ca130 (before, "flawfinder-614-0067bd8a55862ac9dd212bd1c4f6f5bff1ca1301-1.csv.zip") in the project "Linux Kernel" since it does not exist in the database.
[2021-10-07 06:26:06] [INFO] [insert_alerts_in_database.py:140] insert_alerts_in_database: Inserting the alerts 19 of 1293 from "/home/admin/estagio-2020-2021/estagio-software-vulnerabilities-2020-2021/repositories/uc-phd-josep-data/linux/flawfinder/complete_scan/current_commit/part1/flawfinder-73-ee53664bda169f519ce3c6a22d378f0b946c8178.csv.zip" (after).
[2021-10-07 07:25:39] [INFO] [insert_alerts_in_database.py:140] insert_alerts_in_database: Inserting the alerts 20 of 1293 from "/home/admin/estagio-2020-2021/estagio-software-vulnerabilities-2020-2021/repositories/uc-phd-josep-data/linux/flawfinder/complete_scan/previous_commit/part1/flawfinder-613-bb52d6694002b9d632bb355f64daa045c6293a4e-1.csv.zip" (before).
[2021-10-07 07:55:36] [INFO] [insert_alerts_in_database.py:140] insert_alerts_in_database: Inserting the alerts 21 of 1293 from "/home/admin/estagio-2020-2021/estagio-software-vulnerabilities-2020-2021/repositories/uc-phd-josep-data/linux/flawfinder/complete_scan/current_commit/part1/flawfinder-729-4ec110281379826c5cf6ed14735e47027c3c5765.csv.zip" (after).
[2021-10-07 08:17:45] [INFO] [insert_alerts_in_database.py:140] insert_alerts_in_database: Inserting the alerts 22 of 1293 from "/home/admin/estagio-2020-2021/estagio-software-vulnerabilities-2020-2021/repositories/uc-phd-josep-data/linux/flawfinder/complete_scan/previous_commit/part1/flawfinder-612-54f5de709984bae0d31d823ff03de755f9dcac54-1.csv.zip" (before).
[2021-10-07 08:47:50] [INFO] [insert_alerts_in_database.py:140] insert_alerts_in_database: Inserting the alerts 23 of 1293 from "/home/admin/estagio-2020-2021/estagio-software-vulnerabilities-2020-2021/repositories/uc-phd-josep-data/linux/flawfinder/complete_scan/current_commit/part1/flawfinder-728-a17d5232de7b53d34229de79ec22f4bb04adb7e4.csv.zip" (after).
[2021-10-07 09:09:58] [INFO] [insert_alerts_in_database.py:140] insert_alerts_in_database: Inserting the alerts 24 of 1293 from "/home/admin/estagio-2020-2021/estagio-software-vulnerabilities-2020-2021/repositories/uc-phd-josep-data/linux/flawfinder/complete_scan/previous_commit/part1/flawfinder-611-1a0ef85f84feb13f07b604fcf5b90ef7c2b5c82f-1.csv.zip" (before).
[2021-10-07 09:40:10] [INFO] [insert_alerts_in_database.py:140] insert_alerts_in_database: Inserting the alerts 25 of 1293 from "/home/admin/estagio-2020-2021/estagio-software-vulnerabilities-2020-2021/repositories/uc-phd-josep-data/linux/flawfinder/complete_scan/current_commit/part1/flawfinder-727-8faece5f906725c10e7a1f6caf84452abadbdc7b.csv.zip" (after).
[2021-10-07 10:04:07] [INFO] [insert_alerts_in_database.py:140] insert_alerts_in_database: Inserting the alerts 26 of 1293 from "/home/admin/estagio-2020-2021/estagio-software-vulnerabilities-2020-2021/repositories/uc-phd-josep-data/linux/flawfinder/complete_scan/previous_commit/part1/flawfinder-610-ecc1a8993751de4e82eb18640d631dae1f626bd6-1.csv.zip" (before).
[2021-10-07 10:34:19] [INFO] [insert_alerts_in_database.py:140] insert_alerts_in_database: Inserting the alerts 27 of 1293 from "/home/admin/estagio-2020-2021/estagio-software-vulnerabilities-2020-2021/repositories/uc-phd-josep-data/linux/flawfinder/complete_scan/current_commit/part1/flawfinder-726-fdff73f094e7220602cc3f8959c7230517976412.csv.zip" (after).
[2021-10-07 10:58:13] [INFO] [insert_alerts_in_database.py:140] insert_alerts_in_database: Inserting the alerts 28 of 1293 from "/home/admin/estagio-2020-2021/estagio-software-vulnerabilities-2020-2021/repositories/uc-phd-josep-data/linux/flawfinder/complete_scan/previous_commit/part1/flawfinder-61-f3747379accba8e95d70cec0eae0582c8c182050-1.csv.zip" (before).
[2021-10-07 12:09:59] [INFO] [insert_alerts_in_database.py:140] insert_alerts_in_database: Inserting the alerts 29 of 1293 from "/home/admin/estagio-2020-2021/estagio-software-vulnerabilities-2020-2021/repositories/uc-phd-josep-data/linux/flawfinder/complete_scan/current_commit/part1/flawfinder-725-48735d8d8bd701b1e0cd3d49c21e5e385ddcb077.csv.zip" (after).
[2021-10-07 12:31:15] [INFO] [insert_alerts_in_database.py:140] insert_alerts_in_database: Inserting the alerts 30 of 1293 from "/home/admin/estagio-2020-2021/estagio-software-vulnerabilities-2020-2021/repositories/uc-phd-josep-data/linux/flawfinder/complete_scan/previous_commit/part1/flawfinder-609-e77414e0aad6a1b063ba5e5750c582c75327ea6a-1.csv.zip" (before).
[2021-10-07 13:01:42] [INFO] [insert_alerts_in_database.py:140] insert_alerts_in_database: Inserting the alerts 31 of 1293 from "/home/admin/estagio-2020-2021/estagio-software-vulnerabilities-2020-2021/repositories/uc-phd-josep-data/linux/flawfinder/complete_scan/current_commit/part1/flawfinder-724-910c9e41186762de3717baaf392ab5ff0c454496.csv.zip" (after).
[2021-10-07 13:02:27] [INFO] [insert_alerts_in_database.py:140] insert_alerts_in_database: Inserting the alerts 32 of 1293 from "/home/admin/estagio-2020-2021/estagio-software-vulnerabilities-2020-2021/repositories/uc-phd-josep-data/linux/flawfinder/complete_scan/previous_commit/part1/flawfinder-608-0ec62d290912bb4b989be7563851bc364ec73b56-1.csv.zip" (before).
[2021-10-07 13:32:48] [INFO] [insert_alerts_in_database.py:140] insert_alerts_in_database: Inserting the alerts 33 of 1293 from "/home/admin/estagio-2020-2021/estagio-software-vulnerabilities-2020-2021/repositories/uc-phd-josep-data/linux/flawfinder/complete_scan/current_commit/part1/flawfinder-723-649f1ee6c705aab644035a7998d7b574193a598a.csv.zip" (after).
[2021-10-07 13:53:21] [INFO] [insert_alerts_in_database.py:140] insert_alerts_in_database: Inserting the alerts 34 of 1293 from "/home/admin/estagio-2020-2021/estagio-software-vulnerabilities-2020-2021/repositories/uc-phd-josep-data/linux/flawfinder/complete_scan/previous_commit/part1/flawfinder-607-2c6a10161d0b5fc047b5bd81b03693b9af99fab5-1.csv.zip" (before).
[2021-10-07 14:23:47] [INFO] [insert_alerts_in_database.py:140] insert_alerts_in_database: Inserting the alerts 35 of 1293 from "/home/admin/estagio-2020-2021/estagio-software-vulnerabilities-2020-2021/repositories/uc-phd-josep-data/linux/flawfinder/complete_scan/current_commit/part1/flawfinder-722-efc7ffcb4237f8cb9938909041c4ed38f6e1bf40.csv.zip" (after).
[2021-10-07 14:44:20] [INFO] [insert_alerts_in_database.py:140] insert_alerts_in_database: Inserting the alerts 36 of 1293 from "/home/admin/estagio-2020-2021/estagio-software-vulnerabilities-2020-2021/repositories/uc-phd-josep-data/linux/flawfinder/complete_scan/previous_commit/part1/flawfinder-606-564b3bffc619dcbdd160de597b0547a7017ea010-1.csv.zip" (before).
[2021-10-07 15:15:28] [INFO] [insert_alerts_in_database.py:140] insert_alerts_in_database: Inserting the alerts 37 of 1293 from "/home/admin/estagio-2020-2021/estagio-software-vulnerabilities-2020-2021/repositories/uc-phd-josep-data/linux/flawfinder/complete_scan/current_commit/part1/flawfinder-721-7c2500f17d65092d93345f3996cf82ebca17e9ff.csv.zip" (after).
[2021-10-07 15:36:06] [INFO] [insert_alerts_in_database.py:140] insert_alerts_in_database: Inserting the alerts 38 of 1293 from "/home/admin/estagio-2020-2021/estagio-software-vulnerabilities-2020-2021/repositories/uc-phd-josep-data/linux/flawfinder/complete_scan/previous_commit/part1/flawfinder-605-f106af4e90eadd76cfc0b5325f659619e08fb762-1.csv.zip" (before).
[2021-10-07 16:07:22] [INFO] [insert_alerts_in_database.py:140] insert_alerts_in_database: Inserting the alerts 39 of 1293 from "/home/admin/estagio-2020-2021/estagio-software-vulnerabilities-2020-2021/repositories/uc-phd-josep-data/linux/flawfinder/complete_scan/current_commit/part1/flawfinder-720-ea30e11970a96cfe5e32c03a29332554573b4a10.csv.zip" (after).
[2021-10-07 16:32:59] [INFO] [insert_alerts_in_database.py:140] insert_alerts_in_database: Inserting the alerts 40 of 1293 from "/home/admin/estagio-2020-2021/estagio-software-vulnerabilities-2020-2021/repositories/uc-phd-josep-data/linux/flawfinder/complete_scan/previous_commit/part1/flawfinder-604-c4caa778157dbbf04116f0ac2111e389b5cd7a29-1.csv.zip" (before).
[2021-10-07 17:04:17] [INFO] [insert_alerts_in_database.py:140] insert_alerts_in_database: Inserting the alerts 41 of 1293 from "/home/admin/estagio-2020-2021/estagio-software-vulnerabilities-2020-2021/repositories/uc-phd-josep-data/linux/flawfinder/complete_scan/current_commit/part1/flawfinder-72-eee5cc2702929fd41cce28058dc6d6717f723f87.csv.zip" (after).
