[2021-09-23 16:21:47] [INFO] [common.py:74] <module>: Initializing the common module.
[2021-09-23 16:21:47] [INFO] [common.py:134] <module>: Changing the recursion limit from 1000 to 1000000 at the user's request.
[2021-09-23 16:21:48] [INFO] [project.py:33] <module>: Loading libclang from "/usr/lib/x86_64-linux-gnu/libclang-10.so.1".
[2021-09-23 16:21:48] [INFO] [project.py:42] <module>: Loaded libclang successfully.
[2021-09-23 16:21:48] [INFO] [sats.py:105] get_sat_info_from_config: Ignoring the SAT "Cppcheck".
[2021-09-23 16:21:48] [INFO] [database.py:34] __init__: Connecting to the database with the following configurations: {'host': '127.0.0.1', 'port': '3306', 'user': 'admin', 'password': '', 'database': 'software', 'sql_mode': 'ONLY_FULL_GROUP_BY,NO_ZERO_IN_DATE,NO_ZERO_DATE,ERROR_FOR_DIVISION_BY_ZERO,NO_ENGINE_SUBSTITUTION'}
[2021-09-23 16:21:48] [INFO] [database.py:42] __init__: Autocommit is False.
[2021-09-23 16:21:48] [INFO] [insert_alerts_in_database.py:45] insert_alerts_in_database: Found the following SATs: {'Cppcheck': 1, 'Flawfinder': 2}
[2021-09-23 16:21:48] [INFO] [project.py:119] get_project_list_from_config: Ignoring the project "Glibc" (glibc).
[2021-09-23 16:21:48] [INFO] [project.py:119] get_project_list_from_config: Ignoring the project "Apache HTTP Server" (apache).
[2021-09-23 16:21:48] [INFO] [project.py:119] get_project_list_from_config: Ignoring the project "Xen" (xen).
[2021-09-23 16:21:48] [INFO] [project.py:126] get_project_list_from_config: Loading the project "Linux Kernel" (kernel) with the following configurations: {'short_name': 'kernel', 'database_id': 2, 'database_name': 'kernel', 'github_data_name': 'linux', 'vendor_id': 33, 'product_id': 47, 'url_pattern': 'linux|kernel|redhat', 'master_branch': 'master', 'language': 'c', 'include_directory_path': 'include', 'repository_path': '/home/admin/estagio-2020-2021/estagio-software-vulnerabilities-2020-2021/repositories/linux', 'output_directory_path': 'output/final', 'scrape_all_branches': False}
[2021-09-23 16:21:48] [INFO] [project.py:87] __init__: Loaded the project "Linux Kernel" located in "/home/admin/estagio-2020-2021/estagio-software-vulnerabilities-2020-2021/repositories/linux".
[2021-09-23 16:21:48] [INFO] [project.py:119] get_project_list_from_config: Ignoring the project "Mozilla" (mozilla).
[2021-09-23 16:21:48] [INFO] [sats.py:224] __init__: Loaded Cppcheck version 1.90.
[2021-09-23 16:21:48] [INFO] [sats.py:335] __init__: Loaded Flawfinder version 2.0.10.
[2021-09-23 16:22:49] [WARNING] [insert_alerts_in_database.py:127] insert_alerts_in_database: Skipping the patch with the commit ce07d891a0891d3c0d0c2d73d577490486b809e (after, "flawfinder-99-ce07d891a0891d3c0d0c2d73d577490486b809e1.csv.zip") in the project "Linux Kernel" since it does not exist in the database.
[2021-09-23 16:23:50] [INFO] [insert_alerts_in_database.py:134] insert_alerts_in_database: Inserting the alerts 2 of 1457 from "/home/admin/estagio-2020-2021/estagio-software-vulnerabilities-2020-2021/repositories/uc-phd-josep-data/linux/flawfinder/complete_scan/current_commit/part2/flawfinder-98-cd4a40174b71acd021877341684d8bb1dc8ea4ae.csv.zip".
[2021-09-23 16:28:41] [INFO] [insert_alerts_in_database.py:134] insert_alerts_in_database: Inserting the alerts 3 of 1457 from "/home/admin/estagio-2020-2021/estagio-software-vulnerabilities-2020-2021/repositories/uc-phd-josep-data/linux/flawfinder/complete_scan/current_commit/part2/flawfinder-97-0f2af21aae11972fa924374ddcf52e88347cf5a8.csv.zip".
[2021-09-23 16:36:29] [INFO] [insert_alerts_in_database.py:134] insert_alerts_in_database: Inserting the alerts 4 of 1457 from "/home/admin/estagio-2020-2021/estagio-software-vulnerabilities-2020-2021/repositories/uc-phd-josep-data/linux/flawfinder/complete_scan/current_commit/part2/flawfinder-96-4de930efc23b92ddf88ce91c405ee645fe6e27ea.csv.zip".
[2021-09-23 16:41:52] [WARNING] [insert_alerts_in_database.py:127] insert_alerts_in_database: Skipping the patch with the commit 8fff105e13041e49b82f92eef034f363a6b1c07 (after, "flawfinder-95-8fff105e13041e49b82f92eef034f363a6b1c071.csv.zip") in the project "Linux Kernel" since it does not exist in the database.
[2021-09-23 16:42:53] [INFO] [insert_alerts_in_database.py:134] insert_alerts_in_database: Inserting the alerts 6 of 1457 from "/home/admin/estagio-2020-2021/estagio-software-vulnerabilities-2020-2021/repositories/uc-phd-josep-data/linux/flawfinder/complete_scan/current_commit/part2/flawfinder-94-af6fc858a35b90e89ea7a7ee58e66628c55c776b.csv.zip".
[2021-09-23 16:47:46] [INFO] [insert_alerts_in_database.py:134] insert_alerts_in_database: Inserting the alerts 7 of 1457 from "/home/admin/estagio-2020-2021/estagio-software-vulnerabilities-2020-2021/repositories/uc-phd-josep-data/linux/flawfinder/complete_scan/current_commit/part2/flawfinder-93-06c8173eb92bbfc03a0fe8bb64315857d0badd06.csv.zip".
[2021-09-23 16:52:57] [INFO] [insert_alerts_in_database.py:134] insert_alerts_in_database: Inserting the alerts 8 of 1457 from "/home/admin/estagio-2020-2021/estagio-software-vulnerabilities-2020-2021/repositories/uc-phd-josep-data/linux/flawfinder/complete_scan/current_commit/part2/flawfinder-92-f63a8daa5812afef4f06c962351687e1ff9ccb2b.csv.zip".
[2021-09-23 16:59:31] [WARNING] [insert_alerts_in_database.py:127] insert_alerts_in_database: Skipping the patch with the commit c3c87e770458aa004bd7ed3f29945ff436fd65 (after, "flawfinder-91-c3c87e770458aa004bd7ed3f29945ff436fd6511.csv.zip") in the project "Linux Kernel" since it does not exist in the database.
[2021-09-23 17:00:32] [INFO] [insert_alerts_in_database.py:134] insert_alerts_in_database: Inserting the alerts 10 of 1457 from "/home/admin/estagio-2020-2021/estagio-software-vulnerabilities-2020-2021/repositories/uc-phd-josep-data/linux/flawfinder/complete_scan/current_commit/part2/flawfinder-90-c623b33b4e9599c6ac5076f7db7369eb9869aa04.csv.zip".
[2021-09-23 17:07:06] [INFO] [insert_alerts_in_database.py:134] insert_alerts_in_database: Inserting the alerts 11 of 1457 from "/home/admin/estagio-2020-2021/estagio-software-vulnerabilities-2020-2021/repositories/uc-phd-josep-data/linux/flawfinder/complete_scan/current_commit/part2/flawfinder-9-dd12f48d4e8774415b528d3991ae47c28f26e1ac.csv.zip".
[2021-09-23 17:10:02] [INFO] [insert_alerts_in_database.py:134] insert_alerts_in_database: Inserting the alerts 12 of 1457 from "/home/admin/estagio-2020-2021/estagio-software-vulnerabilities-2020-2021/repositories/uc-phd-josep-data/linux/flawfinder/complete_scan/current_commit/part2/flawfinder-89-a2f18db0c68fec96631c10cad9384c196e9008ac.csv.zip".
[2021-09-23 17:22:43] [INFO] [insert_alerts_in_database.py:134] insert_alerts_in_database: Inserting the alerts 13 of 1457 from "/home/admin/estagio-2020-2021/estagio-software-vulnerabilities-2020-2021/repositories/uc-phd-josep-data/linux/flawfinder/complete_scan/current_commit/part2/flawfinder-88-71bb99a02b32b4cc4265118e85f6035ca72923f0.csv.zip".
[2021-09-23 17:28:06] [INFO] [insert_alerts_in_database.py:134] insert_alerts_in_database: Inserting the alerts 14 of 1457 from "/home/admin/estagio-2020-2021/estagio-software-vulnerabilities-2020-2021/repositories/uc-phd-josep-data/linux/flawfinder/complete_scan/current_commit/part2/flawfinder-87-60a2362f769cf549dc466134efe71c8bf9fbaaba.csv.zip".
[2021-09-23 17:37:23] [INFO] [insert_alerts_in_database.py:134] insert_alerts_in_database: Inserting the alerts 15 of 1457 from "/home/admin/estagio-2020-2021/estagio-software-vulnerabilities-2020-2021/repositories/uc-phd-josep-data/linux/flawfinder/complete_scan/current_commit/part2/flawfinder-86-ca5358ef75fc69fee5322a38a340f5739d997c10.csv.zip".
[2021-09-23 17:42:18] [INFO] [insert_alerts_in_database.py:134] insert_alerts_in_database: Inserting the alerts 16 of 1457 from "/home/admin/estagio-2020-2021/estagio-software-vulnerabilities-2020-2021/repositories/uc-phd-josep-data/linux/flawfinder/complete_scan/current_commit/part2/flawfinder-85-946e51f2bf37f1656916eb75bd0742ba33983c28.csv.zip".
[2021-09-23 17:47:11] [WARNING] [insert_alerts_in_database.py:127] insert_alerts_in_database: Skipping the patch with the commit 69c433ed2ecd2d3264efd7afec4439524b31912 (after, "flawfinder-84-69c433ed2ecd2d3264efd7afec4439524b319121.csv.zip") in the project "Linux Kernel" since it does not exist in the database.
[2021-09-23 17:48:12] [WARNING] [insert_alerts_in_database.py:127] insert_alerts_in_database: Skipping the patch with the commit c06cfb08b88dfbe13be44a69ae2fdc3a7c902d8 (after, "flawfinder-83-c06cfb08b88dfbe13be44a69ae2fdc3a7c902d81.csv.zip") in the project "Linux Kernel" since it does not exist in the database.
[2021-09-23 17:49:14] [INFO] [insert_alerts_in_database.py:134] insert_alerts_in_database: Inserting the alerts 19 of 1457 from "/home/admin/estagio-2020-2021/estagio-software-vulnerabilities-2020-2021/repositories/uc-phd-josep-data/linux/flawfinder/complete_scan/current_commit/part2/flawfinder-82-6217e5ede23285ddfee10d2e4ba0cc2d4c046205.csv.zip".
[2021-09-23 17:55:41] [INFO] [insert_alerts_in_database.py:134] insert_alerts_in_database: Inserting the alerts 20 of 1457 from "/home/admin/estagio-2020-2021/estagio-software-vulnerabilities-2020-2021/repositories/uc-phd-josep-data/linux/flawfinder/complete_scan/current_commit/part2/flawfinder-81-9709674e68646cee5a24e3000b3558d25412203a.csv.zip".
[2021-09-23 18:06:23] [INFO] [insert_alerts_in_database.py:134] insert_alerts_in_database: Inserting the alerts 21 of 1457 from "/home/admin/estagio-2020-2021/estagio-software-vulnerabilities-2020-2021/repositories/uc-phd-josep-data/linux/flawfinder/complete_scan/current_commit/part2/flawfinder-80-54a217887a7b658e2650c3feff22756ab80c7339.csv.zip".
[2021-09-23 18:11:11] [INFO] [insert_alerts_in_database.py:134] insert_alerts_in_database: Inserting the alerts 22 of 1457 from "/home/admin/estagio-2020-2021/estagio-software-vulnerabilities-2020-2021/repositories/uc-phd-josep-data/linux/flawfinder/complete_scan/current_commit/part2/flawfinder-8-6fc0b4a7a73a81e74d0004732df358f4f9975be2.csv.zip".
[2021-09-23 18:14:21] [INFO] [insert_alerts_in_database.py:134] insert_alerts_in_database: Inserting the alerts 23 of 1457 from "/home/admin/estagio-2020-2021/estagio-software-vulnerabilities-2020-2021/repositories/uc-phd-josep-data/linux/flawfinder/complete_scan/current_commit/part2/flawfinder-79-b3eaa9fc5cd0a4d74b18f6b8dc617aeaf1873270.csv.zip".
[2021-09-23 18:36:25] [INFO] [insert_alerts_in_database.py:134] insert_alerts_in_database: Inserting the alerts 24 of 1457 from "/home/admin/estagio-2020-2021/estagio-software-vulnerabilities-2020-2021/repositories/uc-phd-josep-data/linux/flawfinder/complete_scan/current_commit/part2/flawfinder-78-13fbca4c6ecd96ec1a1cfa2e4f2ce191fe928a5e.csv.zip".
[2021-09-23 18:41:15] [INFO] [insert_alerts_in_database.py:134] insert_alerts_in_database: Inserting the alerts 25 of 1457 from "/home/admin/estagio-2020-2021/estagio-software-vulnerabilities-2020-2021/repositories/uc-phd-josep-data/linux/flawfinder/complete_scan/current_commit/part2/flawfinder-77-5a0fdfada3a2aa50d7b947a2e958bf00cbe0d830.csv.zip".
[2021-09-23 18:48:35] [INFO] [insert_alerts_in_database.py:134] insert_alerts_in_database: Inserting the alerts 26 of 1457 from "/home/admin/estagio-2020-2021/estagio-software-vulnerabilities-2020-2021/repositories/uc-phd-josep-data/linux/flawfinder/complete_scan/current_commit/part2/flawfinder-76-4efbc454ba68def5ef285b26ebfcfdb605b52755.csv.zip".
[2021-09-23 18:54:08] [INFO] [insert_alerts_in_database.py:134] insert_alerts_in_database: Inserting the alerts 27 of 1457 from "/home/admin/estagio-2020-2021/estagio-software-vulnerabilities-2020-2021/repositories/uc-phd-josep-data/linux/flawfinder/complete_scan/current_commit/part2/flawfinder-75-cf872776fc84128bb779ce2b83a37c884c3203ae.csv.zip".
[2021-09-23 18:59:08] [INFO] [insert_alerts_in_database.py:134] insert_alerts_in_database: Inserting the alerts 28 of 1457 from "/home/admin/estagio-2020-2021/estagio-software-vulnerabilities-2020-2021/repositories/uc-phd-josep-data/linux/flawfinder/complete_scan/current_commit/part2/flawfinder-74-0ea1ec713f04bdfac343c9702b21cd3a7c711826.csv.zip".
[2021-09-23 19:07:57] [INFO] [insert_alerts_in_database.py:134] insert_alerts_in_database: Inserting the alerts 29 of 1457 from "/home/admin/estagio-2020-2021/estagio-software-vulnerabilities-2020-2021/repositories/uc-phd-josep-data/linux/flawfinder/complete_scan/current_commit/part2/flawfinder-73-f2e5ddcc0d12f9c4c7b254358ad245c9dddce13b.csv.zip".
[2021-09-23 19:12:40] [INFO] [insert_alerts_in_database.py:134] insert_alerts_in_database: Inserting the alerts 30 of 1457 from "/home/admin/estagio-2020-2021/estagio-software-vulnerabilities-2020-2021/repositories/uc-phd-josep-data/linux/flawfinder/complete_scan/current_commit/part2/flawfinder-72-a4780adeefd042482f624f5e0d577bf9cdcbb760.csv.zip".
[2021-09-23 19:21:33] [INFO] [insert_alerts_in_database.py:134] insert_alerts_in_database: Inserting the alerts 31 of 1457 from "/home/admin/estagio-2020-2021/estagio-software-vulnerabilities-2020-2021/repositories/uc-phd-josep-data/linux/flawfinder/complete_scan/current_commit/part2/flawfinder-71-c88e739b1fad662240e99ecbd0bdaac871717987.csv.zip".
[2021-09-23 19:26:38] [INFO] [insert_alerts_in_database.py:134] insert_alerts_in_database: Inserting the alerts 32 of 1457 from "/home/admin/estagio-2020-2021/estagio-software-vulnerabilities-2020-2021/repositories/uc-phd-josep-data/linux/flawfinder/complete_scan/current_commit/part2/flawfinder-70-b35cc8225845112a616e3a2266d2fde5ab13d3ab.csv.zip".
[2021-09-23 19:34:17] [WARNING] [insert_alerts_in_database.py:127] insert_alerts_in_database: Skipping the patch with the commit 71ae18ec690953e9ba7107c7cc44589c2cc0d9f (after, "flawfinder-7-71ae18ec690953e9ba7107c7cc44589c2cc0d9f1.csv.zip") in the project "Linux Kernel" since it does not exist in the database.
[2021-09-23 19:35:18] [INFO] [insert_alerts_in_database.py:134] insert_alerts_in_database: Inserting the alerts 34 of 1457 from "/home/admin/estagio-2020-2021/estagio-software-vulnerabilities-2020-2021/repositories/uc-phd-josep-data/linux/flawfinder/complete_scan/current_commit/part2/flawfinder-69-20e1db19db5d6b9e4e83021595eab0dc8f107bef.csv.zip".
[2021-09-23 19:40:27] [INFO] [insert_alerts_in_database.py:134] insert_alerts_in_database: Inserting the alerts 35 of 1457 from "/home/admin/estagio-2020-2021/estagio-software-vulnerabilities-2020-2021/repositories/uc-phd-josep-data/linux/flawfinder/complete_scan/current_commit/part2/flawfinder-68-a70b52ec1aaeaf60f4739edb1b422827cb6f3893.csv.zip".
[2021-09-23 19:59:42] [INFO] [insert_alerts_in_database.py:134] insert_alerts_in_database: Inserting the alerts 36 of 1457 from "/home/admin/estagio-2020-2021/estagio-software-vulnerabilities-2020-2021/repositories/uc-phd-josep-data/linux/flawfinder/complete_scan/current_commit/part2/flawfinder-67-82981930125abfd39d7c8378a9cfdf5e1be2002b.csv.zip".
[2021-09-23 20:04:22] [INFO] [insert_alerts_in_database.py:134] insert_alerts_in_database: Inserting the alerts 37 of 1457 from "/home/admin/estagio-2020-2021/estagio-software-vulnerabilities-2020-2021/repositories/uc-phd-josep-data/linux/flawfinder/complete_scan/current_commit/part2/flawfinder-66-2da424b0773cea3db47e1e81db71eeebde8269d4.csv.zip".
[2021-09-23 20:15:36] [INFO] [insert_alerts_in_database.py:134] insert_alerts_in_database: Inserting the alerts 38 of 1457 from "/home/admin/estagio-2020-2021/estagio-software-vulnerabilities-2020-2021/repositories/uc-phd-josep-data/linux/flawfinder/complete_scan/current_commit/part2/flawfinder-65-bc5b8a9003132ae44559edd63a1623b7b99dfb68.csv.zip".
[2021-09-23 20:20:46] [INFO] [insert_alerts_in_database.py:134] insert_alerts_in_database: Inserting the alerts 39 of 1457 from "/home/admin/estagio-2020-2021/estagio-software-vulnerabilities-2020-2021/repositories/uc-phd-josep-data/linux/flawfinder/complete_scan/current_commit/part2/flawfinder-640-3a359798b176183ef09efb7a3dc59abad1cc7104.csv.zip".
[2021-09-23 20:26:23] [INFO] [insert_alerts_in_database.py:134] insert_alerts_in_database: Inserting the alerts 40 of 1457 from "/home/admin/estagio-2020-2021/estagio-software-vulnerabilities-2020-2021/repositories/uc-phd-josep-data/linux/flawfinder/complete_scan/current_commit/part2/flawfinder-64-c290f8358acaeffd8e0c551ddcc24d1206143376.csv.zip".
[2021-09-23 20:32:54] [INFO] [insert_alerts_in_database.py:134] insert_alerts_in_database: Inserting the alerts 41 of 1457 from "/home/admin/estagio-2020-2021/estagio-software-vulnerabilities-2020-2021/repositories/uc-phd-josep-data/linux/flawfinder/complete_scan/current_commit/part2/flawfinder-639-0edc3f703f7bcaf550774b5d43ab727bcd0fe06b.csv.zip".
[2021-09-23 20:38:33] [INFO] [insert_alerts_in_database.py:134] insert_alerts_in_database: Inserting the alerts 42 of 1457 from "/home/admin/estagio-2020-2021/estagio-software-vulnerabilities-2020-2021/repositories/uc-phd-josep-data/linux/flawfinder/complete_scan/current_commit/part2/flawfinder-638-b91ee4aa2a2199ba4d4650706c272985a5a32d80.csv.zip".
