[2021-04-27 21:56:13] [INFO] <module>: Initializing "common_scraping"...
[2021-04-27 21:56:13] [INFO] <module>: Loading libclang from "C:\Program Files (x86)\LLVM\bin".
[2021-04-27 21:56:13] [INFO] <module>: Loaded libclang successfully.
[2021-04-27 21:56:13] [INFO] get_project_list_from_config: Loading the project "glibc" with the following configurations: {'short_name': 'glibc', 'database_id': 5, 'vendor_id': 72, 'product_id': 767, 'url_pattern': 'sourceware', 'master_branch': 'master', 'language': 'c', 'include_directory_path': 'include', 'repository_path': 'C:\\Work\\GitHub\\estagio-software-vulnerabilities-2020-2021\\repositories\\glibc', 'output_directory_path': 'output_final', 'scrape_all_branches': False}
[2021-04-27 21:56:13] [INFO] __init__: Loaded the project "Glibc" located in "C:\Work\GitHub\estagio-software-vulnerabilities-2020-2021\repositories\glibc".
[2021-04-27 21:56:13] [INFO] get_project_list_from_config: Loading the project "apache" with the following configurations: {'short_name': 'apache', 'database_id': 4, 'vendor_id': 45, 'product_id': 66, 'url_pattern': 'apache', 'master_branch': 'trunk', 'language': 'c', 'include_directory_path': 'include', 'repository_path': 'C:\\Work\\GitHub\\estagio-software-vulnerabilities-2020-2021\\repositories\\httpd', 'output_directory_path': 'output_final', 'scrape_all_branches': False}
[2021-04-27 21:56:13] [INFO] __init__: Loaded the project "Apache HTTP Server" located in "C:\Work\GitHub\estagio-software-vulnerabilities-2020-2021\repositories\httpd".
[2021-04-27 21:56:13] [INFO] get_project_list_from_config: Loading the project "xen" with the following configurations: {'short_name': 'xen', 'database_id': 3, 'vendor_id': 6276, 'product_id': None, 'url_pattern': 'xen', 'master_branch': 'master', 'language': 'c', 'include_directory_path': 'xen/include', 'repository_path': 'C:\\Work\\GitHub\\estagio-software-vulnerabilities-2020-2021\\repositories\\xen', 'output_directory_path': 'output_final', 'scrape_all_branches': False}
[2021-04-27 21:56:13] [INFO] __init__: Loaded the project "Xen" located in "C:\Work\GitHub\estagio-software-vulnerabilities-2020-2021\repositories\xen".
[2021-04-27 21:56:13] [INFO] get_project_list_from_config: Loading the project "kernel" with the following configurations: {'short_name': 'kernel', 'database_id': 2, 'vendor_id': 33, 'product_id': 47, 'url_pattern': 'linux|kernel|redhat', 'master_branch': 'master', 'language': 'c', 'include_directory_path': 'include', 'repository_path': 'C:\\Work\\GitHub\\estagio-software-vulnerabilities-2020-2021\\repositories\\linux', 'output_directory_path': 'output_final', 'scrape_all_branches': False}
[2021-04-27 21:56:13] [INFO] __init__: Loaded the project "Linux Kernel" located in "C:\Work\GitHub\estagio-software-vulnerabilities-2020-2021\repositories\linux".
[2021-04-27 21:56:13] [INFO] get_project_list_from_config: Loading the project "mozilla" with the following configurations: {'short_name': 'mozilla', 'database_id': 1, 'vendor_id': 452, 'product_id': None, 'url_pattern': 'mozilla', 'master_branch': 'master', 'language': 'c++', 'include_directory_path': None, 'repository_path': 'C:\\Work\\GitHub\\estagio-software-vulnerabilities-2020-2021\\repositories\\gecko-dev', 'output_directory_path': 'output_final', 'scrape_all_branches': False}
[2021-04-27 21:56:13] [INFO] __init__: Loaded the project "Mozilla" located in "C:\Work\GitHub\estagio-software-vulnerabilities-2020-2021\repositories\gecko-dev".
[2021-04-27 21:56:13] [INFO] list_and_save_neutral_commits_to_csv_file: Finding affected neutral commits for the project "Glibc" using the information in "C:\Work\GitHub\estagio-software-vulnerabilities-2020-2021\scripts\scraping\output_final\glibc\affected-files-5-glibc-master-branch-20210327184447.csv".
[2021-04-27 21:56:13] [INFO] list_and_save_neutral_commits_to_csv_file: Finished running for the project "Glibc".
[2021-04-27 21:56:13] [INFO] list_and_save_neutral_commits_to_csv_file: Finding affected neutral commits for the project "Apache HTTP Server" using the information in "C:\Work\GitHub\estagio-software-vulnerabilities-2020-2021\scripts\scraping\output_final\apache\affected-files-4-apache-master-branch-20210327184447.csv".
[2021-04-27 21:56:13] [INFO] list_and_save_neutral_commits_to_csv_file: Finished running for the project "Apache HTTP Server".
[2021-04-27 21:56:13] [INFO] list_and_save_neutral_commits_to_csv_file: Finding affected neutral commits for the project "Xen" using the information in "C:\Work\GitHub\estagio-software-vulnerabilities-2020-2021\scripts\scraping\output_final\xen\affected-files-3-xen-master-branch-20210327184447.csv".
[2021-04-27 21:56:13] [INFO] list_and_save_neutral_commits_to_csv_file: Finished running for the project "Xen".
[2021-04-27 21:56:13] [INFO] list_and_save_neutral_commits_to_csv_file: Finding affected neutral commits for the project "Linux Kernel" using the information in "C:\Work\GitHub\estagio-software-vulnerabilities-2020-2021\scripts\scraping\output_final\kernel\affected-files-2-kernel-master-branch-20210327184447.csv".
[2021-04-27 21:56:13] [INFO] list_and_save_neutral_commits_to_csv_file: Finished running for the project "Linux Kernel".
[2021-04-27 21:56:13] [INFO] list_and_save_neutral_commits_to_csv_file: Finding affected neutral commits for the project "Mozilla" using the information in "C:\Work\GitHub\estagio-software-vulnerabilities-2020-2021\scripts\scraping\output_final\mozilla\affected-files-1-mozilla-master-branch-20210401212440.csv".
[2021-04-27 21:56:13] [INFO] list_and_save_neutral_commits_to_csv_file: Finished running for the project "Mozilla".
