[2021-09-06 18:47:52] [INFO] [common.py:74] <module>: Initializing the common module.
[2021-09-06 18:47:52] [INFO] [common.py:134] <module>: Changing the recursion limit from 1000 to 1000000 at the user's request.
[2021-09-06 18:47:52] [INFO] [project.py:33] <module>: Loading libclang from "/usr/lib/x86_64-linux-gnu/libclang-10.so.1".
[2021-09-06 18:47:52] [INFO] [project.py:42] <module>: Loaded libclang successfully.
[2021-09-06 18:47:52] [INFO] [database.py:34] __init__: Connecting to the database with the following configurations: {'host': '127.0.0.1', 'port': '3306', 'user': 'admin', 'password': '', 'database': 'software', 'sql_mode': 'ONLY_FULL_GROUP_BY,NO_ZERO_IN_DATE,NO_ZERO_DATE,ERROR_FOR_DIVISION_BY_ZERO,NO_ENGINE_SUBSTITUTION'}
[2021-09-06 18:47:52] [INFO] [database.py:42] __init__: Autocommit is False.
[2021-09-06 18:47:52] [INFO] [project.py:126] get_project_list_from_config: Loading the project "Glibc" (glibc) with the following configurations: {'short_name': 'glibc', 'database_id': 5, 'database_name': 'glibc', 'github_data_name': 'glibc', 'vendor_id': 72, 'product_id': 767, 'url_pattern': 'sourceware', 'master_branch': 'master', 'language': 'c', 'include_directory_path': 'include', 'repository_path': '/home/admin/estagio-2020-2021/estagio-software-vulnerabilities-2020-2021/repositories/glibc', 'output_directory_path': 'output/final', 'scrape_all_branches': False}
[2021-09-06 18:47:52] [INFO] [project.py:87] __init__: Loaded the project "Glibc" located in "/home/admin/estagio-2020-2021/estagio-software-vulnerabilities-2020-2021/repositories/glibc".
[2021-09-06 18:47:52] [INFO] [project.py:126] get_project_list_from_config: Loading the project "Apache HTTP Server" (apache) with the following configurations: {'short_name': 'apache', 'database_id': 4, 'database_name': 'httpd', 'github_data_name': 'httpd', 'vendor_id': 45, 'product_id': 66, 'url_pattern': 'apache', 'master_branch': 'trunk', 'language': 'c', 'include_directory_path': 'include', 'repository_path': '/home/admin/estagio-2020-2021/estagio-software-vulnerabilities-2020-2021/repositories/httpd', 'output_directory_path': 'output/final', 'scrape_all_branches': False}
[2021-09-06 18:47:52] [INFO] [project.py:87] __init__: Loaded the project "Apache HTTP Server" located in "/home/admin/estagio-2020-2021/estagio-software-vulnerabilities-2020-2021/repositories/httpd".
[2021-09-06 18:47:52] [INFO] [project.py:126] get_project_list_from_config: Loading the project "Xen" (xen) with the following configurations: {'short_name': 'xen', 'database_id': 3, 'database_name': 'xen', 'github_data_name': 'xen', 'vendor_id': 6276, 'product_id': None, 'url_pattern': 'xen', 'master_branch': 'master', 'language': 'c', 'include_directory_path': 'xen/include', 'repository_path': '/home/admin/estagio-2020-2021/estagio-software-vulnerabilities-2020-2021/repositories/xen', 'output_directory_path': 'output/final', 'scrape_all_branches': False}
[2021-09-06 18:47:52] [INFO] [project.py:87] __init__: Loaded the project "Xen" located in "/home/admin/estagio-2020-2021/estagio-software-vulnerabilities-2020-2021/repositories/xen".
[2021-09-06 18:47:52] [INFO] [project.py:126] get_project_list_from_config: Loading the project "Linux Kernel" (kernel) with the following configurations: {'short_name': 'kernel', 'database_id': 2, 'database_name': 'kernel', 'github_data_name': 'linux', 'vendor_id': 33, 'product_id': 47, 'url_pattern': 'linux|kernel|redhat', 'master_branch': 'master', 'language': 'c', 'include_directory_path': 'include', 'repository_path': '/home/admin/estagio-2020-2021/estagio-software-vulnerabilities-2020-2021/repositories/linux', 'output_directory_path': 'output/final', 'scrape_all_branches': False}
[2021-09-06 18:47:52] [INFO] [project.py:87] __init__: Loaded the project "Linux Kernel" located in "/home/admin/estagio-2020-2021/estagio-software-vulnerabilities-2020-2021/repositories/linux".
[2021-09-06 18:47:52] [INFO] [project.py:126] get_project_list_from_config: Loading the project "Mozilla" (mozilla) with the following configurations: {'short_name': 'mozilla', 'database_id': 1, 'database_name': 'mozilla', 'github_data_name': 'mozilla', 'vendor_id': 452, 'product_id': None, 'url_pattern': 'mozilla', 'master_branch': 'master', 'language': 'c++', 'include_directory_path': None, 'repository_path': '/home/admin/estagio-2020-2021/estagio-software-vulnerabilities-2020-2021/repositories/gecko-dev', 'output_directory_path': 'output/final', 'scrape_all_branches': False}
[2021-09-06 18:47:52] [INFO] [project.py:87] __init__: Loaded the project "Mozilla" located in "/home/admin/estagio-2020-2021/estagio-software-vulnerabilities-2020-2021/repositories/gecko-dev".
[2021-09-06 18:47:52] [INFO] [alter_functions_and_classes_in_database.py:28] alter_functions_and_classes_in_database: Adding the BeginLine and EndLine columns to the FUNCTIONS_5 table.
[2021-09-06 18:47:57] [INFO] [alter_functions_and_classes_in_database.py:28] alter_functions_and_classes_in_database: Adding the BeginLine and EndLine columns to the CLASSES_5 table.
[2021-09-06 18:47:57] [INFO] [alter_functions_and_classes_in_database.py:28] alter_functions_and_classes_in_database: Adding the BeginLine and EndLine columns to the FUNCTIONS_4 table.
[2021-09-06 18:48:01] [INFO] [alter_functions_and_classes_in_database.py:28] alter_functions_and_classes_in_database: Adding the BeginLine and EndLine columns to the CLASSES_4 table.
[2021-09-06 18:48:02] [INFO] [alter_functions_and_classes_in_database.py:28] alter_functions_and_classes_in_database: Adding the BeginLine and EndLine columns to the FUNCTIONS_3 table.
[2021-09-06 18:48:09] [INFO] [alter_functions_and_classes_in_database.py:28] alter_functions_and_classes_in_database: Adding the BeginLine and EndLine columns to the CLASSES_3 table.
[2021-09-06 18:48:11] [INFO] [alter_functions_and_classes_in_database.py:28] alter_functions_and_classes_in_database: Adding the BeginLine and EndLine columns to the FUNCTIONS_2 table.
[2021-09-06 18:52:30] [INFO] [alter_functions_and_classes_in_database.py:28] alter_functions_and_classes_in_database: Adding the BeginLine and EndLine columns to the CLASSES_2 table.
[2021-09-06 18:52:55] [INFO] [alter_functions_and_classes_in_database.py:28] alter_functions_and_classes_in_database: Adding the BeginLine and EndLine columns to the FUNCTIONS_1 table.
[2021-09-06 18:56:21] [INFO] [alter_functions_and_classes_in_database.py:28] alter_functions_and_classes_in_database: Adding the BeginLine and EndLine columns to the CLASSES_1 table.
[2021-09-06 18:57:20] [INFO] [alter_functions_and_classes_in_database.py:44] alter_functions_and_classes_in_database: Committing changes.
[2021-09-06 18:57:20] [INFO] [alter_functions_and_classes_in_database.py:49] <module>: Finished running.
