[2021-09-06 18:44:44] [INFO] [common.py:74] <module>: Initializing the common module.
[2021-09-06 18:44:44] [INFO] [common.py:134] <module>: Changing the recursion limit from 1000 to 1000000 at the user's request.
[2021-09-06 18:44:44] [INFO] [project.py:33] <module>: Loading libclang from "/usr/lib/x86_64-linux-gnu/libclang-10.so.1".
[2021-09-06 18:44:44] [INFO] [project.py:42] <module>: Loaded libclang successfully.
[2021-09-06 18:44:44] [INFO] [database.py:34] __init__: Connecting to the database with the following configurations: {'host': '127.0.0.1', 'port': '3306', 'user': 'admin', 'password': '', 'database': 'software', 'sql_mode': 'ONLY_FULL_GROUP_BY,NO_ZERO_IN_DATE,NO_ZERO_DATE,ERROR_FOR_DIVISION_BY_ZERO,NO_ENGINE_SUBSTITUTION'}
[2021-09-06 18:44:44] [INFO] [database.py:42] __init__: Autocommit is False.
[2021-09-06 18:44:44] [INFO] [project.py:126] get_project_list_from_config: Loading the project "Glibc" (glibc) with the following configurations: {'short_name': 'glibc', 'database_id': 5, 'database_name': 'glibc', 'github_data_name': 'glibc', 'vendor_id': 72, 'product_id': 767, 'url_pattern': 'sourceware', 'master_branch': 'master', 'language': 'c', 'include_directory_path': 'include', 'repository_path': '/home/admin/estagio-2020-2021/estagio-software-vulnerabilities-2020-2021/repositories/glibc', 'output_directory_path': 'output/final', 'scrape_all_branches': False}
[2021-09-06 18:44:44] [INFO] [project.py:87] __init__: Loaded the project "Glibc" located in "/home/admin/estagio-2020-2021/estagio-software-vulnerabilities-2020-2021/repositories/glibc".
[2021-09-06 18:44:44] [INFO] [project.py:126] get_project_list_from_config: Loading the project "Apache HTTP Server" (apache) with the following configurations: {'short_name': 'apache', 'database_id': 4, 'database_name': 'httpd', 'github_data_name': 'httpd', 'vendor_id': 45, 'product_id': 66, 'url_pattern': 'apache', 'master_branch': 'trunk', 'language': 'c', 'include_directory_path': 'include', 'repository_path': '/home/admin/estagio-2020-2021/estagio-software-vulnerabilities-2020-2021/repositories/httpd', 'output_directory_path': 'output/final', 'scrape_all_branches': False}
[2021-09-06 18:44:44] [INFO] [project.py:87] __init__: Loaded the project "Apache HTTP Server" located in "/home/admin/estagio-2020-2021/estagio-software-vulnerabilities-2020-2021/repositories/httpd".
[2021-09-06 18:44:44] [INFO] [project.py:126] get_project_list_from_config: Loading the project "Xen" (xen) with the following configurations: {'short_name': 'xen', 'database_id': 3, 'database_name': 'xen', 'github_data_name': 'xen', 'vendor_id': 6276, 'product_id': None, 'url_pattern': 'xen', 'master_branch': 'master', 'language': 'c', 'include_directory_path': 'xen/include', 'repository_path': '/home/admin/estagio-2020-2021/estagio-software-vulnerabilities-2020-2021/repositories/xen', 'output_directory_path': 'output/final', 'scrape_all_branches': False}
[2021-09-06 18:44:44] [INFO] [project.py:87] __init__: Loaded the project "Xen" located in "/home/admin/estagio-2020-2021/estagio-software-vulnerabilities-2020-2021/repositories/xen".
[2021-09-06 18:44:44] [INFO] [project.py:126] get_project_list_from_config: Loading the project "Linux Kernel" (kernel) with the following configurations: {'short_name': 'kernel', 'database_id': 2, 'database_name': 'kernel', 'github_data_name': 'linux', 'vendor_id': 33, 'product_id': 47, 'url_pattern': 'linux|kernel|redhat', 'master_branch': 'master', 'language': 'c', 'include_directory_path': 'include', 'repository_path': '/home/admin/estagio-2020-2021/estagio-software-vulnerabilities-2020-2021/repositories/linux', 'output_directory_path': 'output/final', 'scrape_all_branches': False}
[2021-09-06 18:44:44] [INFO] [project.py:87] __init__: Loaded the project "Linux Kernel" located in "/home/admin/estagio-2020-2021/estagio-software-vulnerabilities-2020-2021/repositories/linux".
[2021-09-06 18:44:44] [INFO] [project.py:126] get_project_list_from_config: Loading the project "Mozilla" (mozilla) with the following configurations: {'short_name': 'mozilla', 'database_id': 1, 'database_name': 'mozilla', 'github_data_name': 'mozilla', 'vendor_id': 452, 'product_id': None, 'url_pattern': 'mozilla', 'master_branch': 'master', 'language': 'c++', 'include_directory_path': None, 'repository_path': '/home/admin/estagio-2020-2021/estagio-software-vulnerabilities-2020-2021/repositories/gecko-dev', 'output_directory_path': 'output/final', 'scrape_all_branches': False}
[2021-09-06 18:44:44] [INFO] [project.py:87] __init__: Loaded the project "Mozilla" located in "/home/admin/estagio-2020-2021/estagio-software-vulnerabilities-2020-2021/repositories/gecko-dev".
[2021-09-06 18:44:44] [INFO] [update_missing_cwes_in_database.py:25] <module>: Updating the missing CWEs for the project "Glibc" using the information in "/home/admin/estagio-2020-2021/estagio-software-vulnerabilities-2020-2021/scripts/output/final/glibc/missing-cwe-5-glibc-master-branch-20210628191831.csv".
[2021-09-06 18:44:44] [INFO] [update_missing_cwes_in_database.py:25] <module>: Updating the missing CWEs for the project "Apache HTTP Server" using the information in "/home/admin/estagio-2020-2021/estagio-software-vulnerabilities-2020-2021/scripts/output/final/apache/missing-cwe-4-apache-master-branch-20210628191831.csv".
[2021-09-06 18:44:46] [INFO] [update_missing_cwes_in_database.py:25] <module>: Updating the missing CWEs for the project "Xen" using the information in "/home/admin/estagio-2020-2021/estagio-software-vulnerabilities-2020-2021/scripts/output/final/xen/missing-cwe-3-xen-master-branch-20210628191831.csv".
[2021-09-06 18:44:48] [INFO] [update_missing_cwes_in_database.py:25] <module>: Updating the missing CWEs for the project "Linux Kernel" using the information in "/home/admin/estagio-2020-2021/estagio-software-vulnerabilities-2020-2021/scripts/output/final/kernel/missing-cwe-2-kernel-master-branch-20210628191831.csv".
[2021-09-06 18:45:00] [INFO] [update_missing_cwes_in_database.py:25] <module>: Updating the missing CWEs for the project "Mozilla" using the information in "/home/admin/estagio-2020-2021/estagio-software-vulnerabilities-2020-2021/scripts/output/final/mozilla/missing-cwe-1-mozilla-master-branch-20210628191831.csv".
[2021-09-06 18:45:16] [INFO] [update_missing_cwes_in_database.py:42] <module>: Updating any remaining CWEs to NULL.
[2021-09-06 18:45:16] [INFO] [update_missing_cwes_in_database.py:53] <module>: Committing changes.
[2021-09-06 18:45:16] [INFO] [update_missing_cwes_in_database.py:56] <module>: Finished running.
