[2021-04-21 16:03:53] [INFO] <module>: Initializing "common_scraping"...
[2021-04-21 16:03:53] [INFO] <module>: Loading libclang from "/usr/lib/x86_64-linux-gnu/libclang-10.so.1".
[2021-04-21 16:03:53] [INFO] <module>: Loaded libclang successfully.
[2021-04-21 16:03:53] [INFO] get_project_list_from_config: Ignoring project "glibc".
[2021-04-21 16:03:53] [INFO] get_project_list_from_config: Ignoring project "apache".
[2021-04-21 16:03:53] [INFO] get_project_list_from_config: Ignoring project "xen".
[2021-04-21 16:03:53] [INFO] get_project_list_from_config: Loading the project "kernel" with the following configurations: {'short_name': 'kernel', 'database_id': 2, 'vendor_id': 33, 'product_id': 47, 'url_pattern': 'linux|kernel|redhat', 'master_branch': 'master', 'language': 'c', 'include_directory_path': 'include', 'repository_path': '/home/admin/estagio-2020-2021/estagio-software-vulnerabilities-2020-2021/repositories/linux', 'output_directory_path': 'output_final', 'scrape_all_branches': False}
[2021-04-21 16:03:53] [INFO] __init__: Loaded the project "Linux Kernel" located in "/home/admin/estagio-2020-2021/estagio-software-vulnerabilities-2020-2021/repositories/linux".
[2021-04-21 16:03:53] [INFO] get_project_list_from_config: Ignoring project "mozilla".
[2021-04-21 16:03:53] [INFO] find_and_save_affected_files_to_csv_file: Finding affected files for the project "Linux Kernel" using the information in "/home/admin/estagio-2020-2021/estagio-software-vulnerabilities-2020-2021/scripts/scraping/output_final/kernel/cve-2-kernel-master-branch-20210327184447.csv".
[2021-04-21 16:04:17] [INFO] find_and_save_affected_files_to_csv_file: Updating the results with basic commit information for topological index 0...
[2021-04-21 16:08:06] [INFO] find_and_save_affected_files_to_csv_file: Updating the results with basic commit information for topological index 10...
[2021-04-21 16:11:55] [INFO] find_and_save_affected_files_to_csv_file: Updating the results with basic commit information for topological index 20...
[2021-04-21 16:15:45] [INFO] find_and_save_affected_files_to_csv_file: Updating the results with basic commit information for topological index 30...
[2021-04-21 16:19:58] [INFO] find_and_save_affected_files_to_csv_file: Updating the results with basic commit information for topological index 40...
[2021-04-21 16:23:48] [INFO] find_and_save_affected_files_to_csv_file: Updating the results with basic commit information for topological index 50...
[2021-04-21 16:27:40] [INFO] find_and_save_affected_files_to_csv_file: Updating the results with basic commit information for topological index 60...
[2021-04-21 16:31:32] [INFO] find_and_save_affected_files_to_csv_file: Updating the results with basic commit information for topological index 70...
[2021-04-21 16:35:24] [INFO] find_and_save_affected_files_to_csv_file: Updating the results with basic commit information for topological index 80...
[2021-04-21 16:39:17] [INFO] find_and_save_affected_files_to_csv_file: Updating the results with basic commit information for topological index 90...
[2021-04-21 16:43:12] [INFO] find_and_save_affected_files_to_csv_file: Updating the results with basic commit information for topological index 100...
[2021-04-21 16:47:05] [INFO] find_and_save_affected_files_to_csv_file: Updating the results with basic commit information for topological index 110...
[2021-04-21 16:51:00] [INFO] find_and_save_affected_files_to_csv_file: Updating the results with basic commit information for topological index 120...
[2021-04-21 16:55:18] [INFO] find_and_save_affected_files_to_csv_file: Updating the results with basic commit information for topological index 130...
[2021-04-21 16:59:13] [INFO] find_and_save_affected_files_to_csv_file: Updating the results with basic commit information for topological index 140...
[2021-04-21 17:03:09] [INFO] find_and_save_affected_files_to_csv_file: Updating the results with basic commit information for topological index 150...
[2021-04-21 17:07:05] [INFO] find_and_save_affected_files_to_csv_file: Updating the results with basic commit information for topological index 160...
[2021-04-21 17:11:02] [INFO] find_and_save_affected_files_to_csv_file: Updating the results with basic commit information for topological index 170...
[2021-04-21 17:15:00] [INFO] find_and_save_affected_files_to_csv_file: Updating the results with basic commit information for topological index 180...
[2021-04-21 17:18:57] [INFO] find_and_save_affected_files_to_csv_file: Updating the results with basic commit information for topological index 190...
[2021-04-21 17:22:55] [INFO] find_and_save_affected_files_to_csv_file: Updating the results with basic commit information for topological index 200...
[2021-04-21 17:27:21] [INFO] find_and_save_affected_files_to_csv_file: Updating the results with basic commit information for topological index 210...
[2021-04-21 17:31:19] [INFO] find_and_save_affected_files_to_csv_file: Updating the results with basic commit information for topological index 220...
[2021-04-21 17:35:17] [INFO] find_and_save_affected_files_to_csv_file: Updating the results with basic commit information for topological index 230...
[2021-04-21 17:39:18] [INFO] find_and_save_affected_files_to_csv_file: Updating the results with basic commit information for topological index 240...
[2021-04-21 17:43:16] [INFO] find_and_save_affected_files_to_csv_file: Updating the results with basic commit information for topological index 250...
[2021-04-21 17:47:16] [INFO] find_and_save_affected_files_to_csv_file: Updating the results with basic commit information for topological index 260...
[2021-04-21 17:51:14] [INFO] find_and_save_affected_files_to_csv_file: Updating the results with basic commit information for topological index 270...
[2021-04-21 17:55:13] [INFO] find_and_save_affected_files_to_csv_file: Updating the results with basic commit information for topological index 280...
[2021-04-21 17:59:12] [INFO] find_and_save_affected_files_to_csv_file: Updating the results with basic commit information for topological index 290...
[2021-04-21 18:03:12] [INFO] find_and_save_affected_files_to_csv_file: Updating the results with basic commit information for topological index 300...
[2021-04-21 18:07:12] [INFO] find_and_save_affected_files_to_csv_file: Updating the results with basic commit information for topological index 310...
[2021-04-21 18:12:00] [INFO] find_and_save_affected_files_to_csv_file: Updating the results with basic commit information for topological index 320...
[2021-04-21 18:16:01] [INFO] find_and_save_affected_files_to_csv_file: Updating the results with basic commit information for topological index 330...
[2021-04-21 18:20:00] [INFO] find_and_save_affected_files_to_csv_file: Updating the results with basic commit information for topological index 340...
[2021-04-21 18:24:01] [INFO] find_and_save_affected_files_to_csv_file: Updating the results with basic commit information for topological index 350...
[2021-04-21 18:28:01] [INFO] find_and_save_affected_files_to_csv_file: Updating the results with basic commit information for topological index 360...
[2021-04-21 18:32:01] [INFO] find_and_save_affected_files_to_csv_file: Updating the results with basic commit information for topological index 370...
[2021-04-21 18:36:01] [INFO] find_and_save_affected_files_to_csv_file: Updating the results with basic commit information for topological index 380...
[2021-04-21 18:40:02] [INFO] find_and_save_affected_files_to_csv_file: Updating the results with basic commit information for topological index 390...
[2021-04-21 18:44:03] [INFO] find_and_save_affected_files_to_csv_file: Updating the results with basic commit information for topological index 400...
[2021-04-21 18:48:04] [INFO] find_and_save_affected_files_to_csv_file: Updating the results with basic commit information for topological index 410...
[2021-04-21 18:52:07] [INFO] find_and_save_affected_files_to_csv_file: Updating the results with basic commit information for topological index 420...
[2021-04-21 18:56:09] [INFO] find_and_save_affected_files_to_csv_file: Updating the results with basic commit information for topological index 430...
[2021-04-21 19:00:11] [INFO] find_and_save_affected_files_to_csv_file: Updating the results with basic commit information for topological index 440...
[2021-04-21 19:04:13] [INFO] find_and_save_affected_files_to_csv_file: Updating the results with basic commit information for topological index 450...
[2021-04-21 19:08:16] [INFO] find_and_save_affected_files_to_csv_file: Updating the results with basic commit information for topological index 460...
[2021-04-21 19:12:20] [INFO] find_and_save_affected_files_to_csv_file: Updating the results with basic commit information for topological index 470...
[2021-04-21 19:16:27] [INFO] find_and_save_affected_files_to_csv_file: Updating the results with basic commit information for topological index 480...
[2021-04-21 19:20:33] [INFO] find_and_save_affected_files_to_csv_file: Updating the results with basic commit information for topological index 490...
[2021-04-21 19:24:39] [INFO] find_and_save_affected_files_to_csv_file: Updating the results with basic commit information for topological index 500...
[2021-04-21 19:28:46] [INFO] find_and_save_affected_files_to_csv_file: Updating the results with basic commit information for topological index 510...
[2021-04-21 19:32:53] [INFO] find_and_save_affected_files_to_csv_file: Updating the results with basic commit information for topological index 520...
[2021-04-21 19:36:58] [INFO] find_and_save_affected_files_to_csv_file: Updating the results with basic commit information for topological index 530...
[2021-04-21 19:41:05] [INFO] find_and_save_affected_files_to_csv_file: Updating the results with basic commit information for topological index 540...
[2021-04-21 19:45:14] [INFO] find_and_save_affected_files_to_csv_file: Updating the results with basic commit information for topological index 550...
[2021-04-21 19:49:21] [INFO] find_and_save_affected_files_to_csv_file: Updating the results with basic commit information for topological index 560...
[2021-04-21 19:53:29] [INFO] find_and_save_affected_files_to_csv_file: Updating the results with basic commit information for topological index 570...
[2021-04-21 19:57:38] [INFO] find_and_save_affected_files_to_csv_file: Updating the results with basic commit information for topological index 580...
[2021-04-21 20:02:11] [INFO] find_and_save_affected_files_to_csv_file: Updating the results with basic commit information for topological index 590...
[2021-04-21 20:06:20] [INFO] find_and_save_affected_files_to_csv_file: Updating the results with basic commit information for topological index 600...
[2021-04-21 20:10:29] [INFO] find_and_save_affected_files_to_csv_file: Updating the results with basic commit information for topological index 610...
[2021-04-21 20:14:39] [INFO] find_and_save_affected_files_to_csv_file: Updating the results with basic commit information for topological index 620...
[2021-04-21 20:18:46] [INFO] find_and_save_affected_files_to_csv_file: Updating the results with basic commit information for topological index 630...
[2021-04-21 20:22:56] [INFO] find_and_save_affected_files_to_csv_file: Updating the results with basic commit information for topological index 640...
[2021-04-21 20:27:06] [INFO] find_and_save_affected_files_to_csv_file: Updating the results with basic commit information for topological index 650...
[2021-04-21 20:31:20] [INFO] find_and_save_affected_files_to_csv_file: Updating the results with basic commit information for topological index 660...
[2021-04-21 20:35:32] [INFO] find_and_save_affected_files_to_csv_file: Updating the results with basic commit information for topological index 670...
[2021-04-21 20:39:45] [INFO] find_and_save_affected_files_to_csv_file: Updating the results with basic commit information for topological index 680...
[2021-04-21 20:44:02] [INFO] find_and_save_affected_files_to_csv_file: Updating the results with basic commit information for topological index 690...
[2021-04-21 20:48:42] [INFO] find_and_save_affected_files_to_csv_file: Updating the results with basic commit information for topological index 700...
[2021-04-21 20:52:58] [INFO] find_and_save_affected_files_to_csv_file: Updating the results with basic commit information for topological index 710...
[2021-04-21 20:57:16] [INFO] find_and_save_affected_files_to_csv_file: Updating the results with basic commit information for topological index 720...
[2021-04-21 21:01:33] [INFO] find_and_save_affected_files_to_csv_file: Updating the results with basic commit information for topological index 730...
[2021-04-21 21:05:52] [INFO] find_and_save_affected_files_to_csv_file: Updating the results with basic commit information for topological index 740...
[2021-04-21 21:10:38] [INFO] find_and_save_affected_files_to_csv_file: Updating the results with basic commit information for topological index 750...
[2021-04-21 21:14:59] [INFO] find_and_save_affected_files_to_csv_file: Updating the results with basic commit information for topological index 760...
[2021-04-21 21:17:34] [ERROR] find_author_date_from_git_commit_hash: Failed to find the author date for the commit hash "dfe2c6dcc8ca2cdc662d7c0473e9811b72ef3370 a1480dcc3c706e309a88884723446f2e84fedd5b" with the error: GitCommandError(['git', 'log', '--date=unix', '--format=%ad', 'dfe2c6dcc8ca2cdc662d7c0473e9811b72ef3370 a1480dcc3c706e309a88884723446f2e84fedd5b'], 128, b"fatal: ambiguous argument 'dfe2c6dcc8ca2cdc662d7c0473e9811b72ef3370 a1480dcc3c706e309a88884723446f2e84fedd5b': unknown revision or path not in the working tree.\nUse '--' to separate paths from revisions, like this:\n'git <command> [<revision>...] -- [<file>...]'", b'')
[2021-04-21 21:17:46] [ERROR] find_changed_files_and_lines_in_git_diff: Failed to find the changes from the commit "dfe2c6dcc8ca2cdc662d7c0473e9811b72ef3370 a1480dcc3c706e309a88884723446f2e84fedd5b" to "0ef3a56b1c466629cd0bf482b09c7b0e5a085bb5" with the error: GitCommandError(['git', 'diff', '--unified=0', 'dfe2c6dcc8ca2cdc662d7c0473e9811b72ef3370 a1480dcc3c706e309a88884723446f2e84fedd5b', '0ef3a56b1c466629cd0bf482b09c7b0e5a085bb5', '--'], 128, b"fatal: bad revision 'dfe2c6dcc8ca2cdc662d7c0473e9811b72ef3370 a1480dcc3c706e309a88884723446f2e84fedd5b'", b'')
[2021-04-21 21:19:29] [INFO] find_and_save_affected_files_to_csv_file: Updating the results with basic commit information for topological index 770...
[2021-04-21 21:23:48] [INFO] find_and_save_affected_files_to_csv_file: Updating the results with basic commit information for topological index 780...
[2021-04-21 21:28:49] [INFO] find_and_save_affected_files_to_csv_file: Updating the results with basic commit information for topological index 790...
[2021-04-21 21:32:16] [ERROR] find_author_date_from_git_commit_hash: Failed to find the author date for the commit hash "97bf6af1f928216fd6c5a66e8a57bfa95a659672 394f56fe480140877304d342dec46d50dc823d46" with the error: GitCommandError(['git', 'log', '--date=unix', '--format=%ad', '97bf6af1f928216fd6c5a66e8a57bfa95a659672 394f56fe480140877304d342dec46d50dc823d46'], 128, b"fatal: ambiguous argument '97bf6af1f928216fd6c5a66e8a57bfa95a659672 394f56fe480140877304d342dec46d50dc823d46': unknown revision or path not in the working tree.\nUse '--' to separate paths from revisions, like this:\n'git <command> [<revision>...] -- [<file>...]'", b'')
[2021-04-21 21:32:29] [ERROR] find_changed_files_and_lines_in_git_diff: Failed to find the changes from the commit "97bf6af1f928216fd6c5a66e8a57bfa95a659672 394f56fe480140877304d342dec46d50dc823d46" to "fbe1bf140671619508dfa575d74a185ae53c5dbb" with the error: GitCommandError(['git', 'diff', '--unified=0', '97bf6af1f928216fd6c5a66e8a57bfa95a659672 394f56fe480140877304d342dec46d50dc823d46', 'fbe1bf140671619508dfa575d74a185ae53c5dbb', '--'], 128, b"fatal: bad revision '97bf6af1f928216fd6c5a66e8a57bfa95a659672 394f56fe480140877304d342dec46d50dc823d46'", b'')
[2021-04-21 21:33:21] [INFO] find_and_save_affected_files_to_csv_file: Updating the results with basic commit information for topological index 800...
[2021-04-21 21:37:40] [INFO] find_and_save_affected_files_to_csv_file: Updating the results with basic commit information for topological index 810...
[2021-04-21 21:42:27] [INFO] find_and_save_affected_files_to_csv_file: Updating the results with basic commit information for topological index 820...
[2021-04-21 21:46:45] [INFO] find_and_save_affected_files_to_csv_file: Updating the results with basic commit information for topological index 830...
[2021-04-21 21:51:07] [INFO] find_and_save_affected_files_to_csv_file: Updating the results with basic commit information for topological index 840...
[2021-04-21 21:56:24] [INFO] find_and_save_affected_files_to_csv_file: Updating the results with basic commit information for topological index 850...
[2021-04-21 22:00:53] [INFO] find_and_save_affected_files_to_csv_file: Updating the results with basic commit information for topological index 860...
[2021-04-21 22:04:05] [ERROR] find_author_date_from_git_commit_hash: Failed to find the author date for the commit hash "1099f86044111e9a7807f09523e42d4c9d0fb781 911b79cde95c7da0ec02f48105358a36636b7a71" with the error: GitCommandError(['git', 'log', '--date=unix', '--format=%ad', '1099f86044111e9a7807f09523e42d4c9d0fb781 911b79cde95c7da0ec02f48105358a36636b7a71'], 128, b"fatal: ambiguous argument '1099f86044111e9a7807f09523e42d4c9d0fb781 911b79cde95c7da0ec02f48105358a36636b7a71': unknown revision or path not in the working tree.\nUse '--' to separate paths from revisions, like this:\n'git <command> [<revision>...] -- [<file>...]'", b'')
[2021-04-21 22:04:19] [ERROR] find_changed_files_and_lines_in_git_diff: Failed to find the changes from the commit "1099f86044111e9a7807f09523e42d4c9d0fb781 911b79cde95c7da0ec02f48105358a36636b7a71" to "ce1fad2740c648a4340f6f6c391a8a83769d2e8c" with the error: GitCommandError(['git', 'diff', '--unified=0', '1099f86044111e9a7807f09523e42d4c9d0fb781 911b79cde95c7da0ec02f48105358a36636b7a71', 'ce1fad2740c648a4340f6f6c391a8a83769d2e8c', '--'], 128, b"fatal: bad revision '1099f86044111e9a7807f09523e42d4c9d0fb781 911b79cde95c7da0ec02f48105358a36636b7a71'", b'')
[2021-04-21 22:05:41] [INFO] find_and_save_affected_files_to_csv_file: Updating the results with basic commit information for topological index 870...
[2021-04-21 22:10:16] [INFO] find_and_save_affected_files_to_csv_file: Updating the results with basic commit information for topological index 880...
[2021-04-21 22:14:52] [INFO] find_and_save_affected_files_to_csv_file: Updating the results with basic commit information for topological index 890...
[2021-04-21 22:19:28] [INFO] find_and_save_affected_files_to_csv_file: Updating the results with basic commit information for topological index 900...
[2021-04-21 22:24:05] [INFO] find_and_save_affected_files_to_csv_file: Updating the results with basic commit information for topological index 910...
[2021-04-21 22:24:05] [ERROR] find_author_date_from_git_commit_hash: Failed to find the author date for the commit hash "5c89e9ea7ef1feaa147325b2ab47a89a147fb903 84889d49335627bc770b32787c1ef9ebad1da232" with the error: GitCommandError(['git', 'log', '--date=unix', '--format=%ad', '5c89e9ea7ef1feaa147325b2ab47a89a147fb903 84889d49335627bc770b32787c1ef9ebad1da232'], 128, b"fatal: ambiguous argument '5c89e9ea7ef1feaa147325b2ab47a89a147fb903 84889d49335627bc770b32787c1ef9ebad1da232': unknown revision or path not in the working tree.\nUse '--' to separate paths from revisions, like this:\n'git <command> [<revision>...] -- [<file>...]'", b'')
[2021-04-21 22:24:19] [ERROR] find_changed_files_and_lines_in_git_diff: Failed to find the changes from the commit "5c89e9ea7ef1feaa147325b2ab47a89a147fb903 84889d49335627bc770b32787c1ef9ebad1da232" to "e9f57ebcba563e0cd532926cab83c92bb4d79360" with the error: GitCommandError(['git', 'diff', '--unified=0', '5c89e9ea7ef1feaa147325b2ab47a89a147fb903 84889d49335627bc770b32787c1ef9ebad1da232', 'e9f57ebcba563e0cd532926cab83c92bb4d79360', '--'], 128, b"fatal: bad revision '5c89e9ea7ef1feaa147325b2ab47a89a147fb903 84889d49335627bc770b32787c1ef9ebad1da232'", b'')
[2021-04-21 22:28:56] [INFO] find_and_save_affected_files_to_csv_file: Updating the results with basic commit information for topological index 920...
[2021-04-21 22:33:35] [INFO] find_and_save_affected_files_to_csv_file: Updating the results with basic commit information for topological index 930...
[2021-04-21 22:38:11] [INFO] find_and_save_affected_files_to_csv_file: Updating the results with basic commit information for topological index 940...
[2021-04-21 22:42:47] [INFO] find_and_save_affected_files_to_csv_file: Updating the results with basic commit information for topological index 950...
[2021-04-21 22:47:26] [INFO] find_and_save_affected_files_to_csv_file: Updating the results with basic commit information for topological index 960...
[2021-04-21 22:52:05] [INFO] find_and_save_affected_files_to_csv_file: Updating the results with basic commit information for topological index 970...
[2021-04-21 22:56:37] [INFO] find_and_save_affected_files_to_csv_file: Updating the results with basic commit information for topological index 980...
[2021-04-21 22:58:25] [ERROR] find_author_date_from_git_commit_hash: Failed to find the author date for the commit hash "33fc259a2053f89d6ea0f07f534079b58899d128 29d6455178a09e1dc340380c582b13356227e8df" with the error: GitCommandError(['git', 'log', '--date=unix', '--format=%ad', '33fc259a2053f89d6ea0f07f534079b58899d128 29d6455178a09e1dc340380c582b13356227e8df'], 128, b"fatal: ambiguous argument '33fc259a2053f89d6ea0f07f534079b58899d128 29d6455178a09e1dc340380c582b13356227e8df': unknown revision or path not in the working tree.\nUse '--' to separate paths from revisions, like this:\n'git <command> [<revision>...] -- [<file>...]'", b'')
[2021-04-21 22:58:39] [ERROR] find_changed_files_and_lines_in_git_diff: Failed to find the changes from the commit "33fc259a2053f89d6ea0f07f534079b58899d128 29d6455178a09e1dc340380c582b13356227e8df" to "f5364c150aa645b3d7daa21b5c0b9feaa1c9cd6d" with the error: GitCommandError(['git', 'diff', '--unified=0', '33fc259a2053f89d6ea0f07f534079b58899d128 29d6455178a09e1dc340380c582b13356227e8df', 'f5364c150aa645b3d7daa21b5c0b9feaa1c9cd6d', '--'], 128, b"fatal: bad revision '33fc259a2053f89d6ea0f07f534079b58899d128 29d6455178a09e1dc340380c582b13356227e8df'", b'')
[2021-04-21 23:01:23] [INFO] find_and_save_affected_files_to_csv_file: Updating the results with basic commit information for topological index 990...
[2021-04-21 23:06:54] [INFO] find_and_save_affected_files_to_csv_file: Updating the results with basic commit information for topological index 1000...
[2021-04-21 23:11:36] [INFO] find_and_save_affected_files_to_csv_file: Updating the results with basic commit information for topological index 1010...
[2021-04-21 23:16:19] [INFO] find_and_save_affected_files_to_csv_file: Updating the results with basic commit information for topological index 1020...
[2021-04-21 23:21:01] [INFO] find_and_save_affected_files_to_csv_file: Updating the results with basic commit information for topological index 1030...
[2021-04-21 23:25:45] [INFO] find_and_save_affected_files_to_csv_file: Updating the results with basic commit information for topological index 1040...
[2021-04-21 23:30:28] [INFO] find_and_save_affected_files_to_csv_file: Updating the results with basic commit information for topological index 1050...
[2021-04-21 23:35:12] [INFO] find_and_save_affected_files_to_csv_file: Updating the results with basic commit information for topological index 1060...
[2021-04-21 23:39:56] [INFO] find_and_save_affected_files_to_csv_file: Updating the results with basic commit information for topological index 1070...
[2021-04-21 23:44:41] [INFO] find_and_save_affected_files_to_csv_file: Updating the results with basic commit information for topological index 1080...
[2021-04-21 23:49:27] [INFO] find_and_save_affected_files_to_csv_file: Updating the results with basic commit information for topological index 1090...
[2021-04-21 23:54:10] [INFO] find_and_save_affected_files_to_csv_file: Updating the results with basic commit information for topological index 1100...
[2021-04-21 23:58:54] [INFO] find_and_save_affected_files_to_csv_file: Updating the results with basic commit information for topological index 1110...
[2021-04-21 23:58:54] [ERROR] find_author_date_from_git_commit_hash: Failed to find the author date for the commit hash "73ccb023a2f25b72c4b95499ca24760588014614 b26b78cb726007533d81fdf90a62e915002ef5c8" with the error: GitCommandError(['git', 'log', '--date=unix', '--format=%ad', '73ccb023a2f25b72c4b95499ca24760588014614 b26b78cb726007533d81fdf90a62e915002ef5c8'], 128, b"fatal: ambiguous argument '73ccb023a2f25b72c4b95499ca24760588014614 b26b78cb726007533d81fdf90a62e915002ef5c8': unknown revision or path not in the working tree.\nUse '--' to separate paths from revisions, like this:\n'git <command> [<revision>...] -- [<file>...]'", b'')
[2021-04-21 23:59:08] [ERROR] find_changed_files_and_lines_in_git_diff: Failed to find the changes from the commit "73ccb023a2f25b72c4b95499ca24760588014614 b26b78cb726007533d81fdf90a62e915002ef5c8" to "c70422f760c120480fee4de6c38804c72aa26bc1" with the error: GitCommandError(['git', 'diff', '--unified=0', '73ccb023a2f25b72c4b95499ca24760588014614 b26b78cb726007533d81fdf90a62e915002ef5c8', 'c70422f760c120480fee4de6c38804c72aa26bc1', '--'], 128, b"fatal: bad revision '73ccb023a2f25b72c4b95499ca24760588014614 b26b78cb726007533d81fdf90a62e915002ef5c8'", b'')
[2021-04-22 00:03:50] [INFO] find_and_save_affected_files_to_csv_file: Updating the results with basic commit information for topological index 1120...
[2021-04-22 00:08:31] [INFO] find_and_save_affected_files_to_csv_file: Updating the results with basic commit information for topological index 1130...
[2021-04-22 00:13:14] [INFO] find_and_save_affected_files_to_csv_file: Updating the results with basic commit information for topological index 1140...
[2021-04-22 00:17:55] [INFO] find_and_save_affected_files_to_csv_file: Updating the results with basic commit information for topological index 1150...
[2021-04-22 00:22:39] [INFO] find_and_save_affected_files_to_csv_file: Updating the results with basic commit information for topological index 1160...
[2021-04-22 00:27:21] [INFO] find_and_save_affected_files_to_csv_file: Updating the results with basic commit information for topological index 1170...
[2021-04-22 00:32:05] [INFO] find_and_save_affected_files_to_csv_file: Updating the results with basic commit information for topological index 1180...
[2021-04-22 00:36:47] [INFO] find_and_save_affected_files_to_csv_file: Updating the results with basic commit information for topological index 1190...
[2021-04-22 00:41:35] [INFO] find_and_save_affected_files_to_csv_file: Updating the results with basic commit information for topological index 1200...
[2021-04-22 00:46:22] [INFO] find_and_save_affected_files_to_csv_file: Updating the results with basic commit information for topological index 1210...
[2021-04-22 00:51:08] [INFO] find_and_save_affected_files_to_csv_file: Updating the results with basic commit information for topological index 1220...
[2021-04-22 00:55:55] [INFO] find_and_save_affected_files_to_csv_file: Updating the results with basic commit information for topological index 1230...
[2021-04-22 01:00:40] [INFO] find_and_save_affected_files_to_csv_file: Updating the results with basic commit information for topological index 1240...
[2021-04-22 01:05:25] [INFO] find_and_save_affected_files_to_csv_file: Updating the results with basic commit information for topological index 1250...
[2021-04-22 01:10:12] [INFO] find_and_save_affected_files_to_csv_file: Updating the results with basic commit information for topological index 1260...
[2021-04-22 01:14:57] [INFO] find_and_save_affected_files_to_csv_file: Updating the results with basic commit information for topological index 1270...
[2021-04-22 01:18:17] [ERROR] find_author_date_from_git_commit_hash: Failed to find the author date for the commit hash "5e2204832b20ef9db859dd6a2e955ac3e33eef27 ed7d40bc67b8353c677b38c6cdddcdc310c0f452" with the error: GitCommandError(['git', 'log', '--date=unix', '--format=%ad', '5e2204832b20ef9db859dd6a2e955ac3e33eef27 ed7d40bc67b8353c677b38c6cdddcdc310c0f452'], 128, b"fatal: ambiguous argument '5e2204832b20ef9db859dd6a2e955ac3e33eef27 ed7d40bc67b8353c677b38c6cdddcdc310c0f452': unknown revision or path not in the working tree.\nUse '--' to separate paths from revisions, like this:\n'git <command> [<revision>...] -- [<file>...]'", b'')
[2021-04-22 01:18:31] [ERROR] find_changed_files_and_lines_in_git_diff: Failed to find the changes from the commit "5e2204832b20ef9db859dd6a2e955ac3e33eef27 ed7d40bc67b8353c677b38c6cdddcdc310c0f452" to "81f9c4e4177d31ced6f52a89bb70e93bfb77ca03" with the error: GitCommandError(['git', 'diff', '--unified=0', '5e2204832b20ef9db859dd6a2e955ac3e33eef27 ed7d40bc67b8353c677b38c6cdddcdc310c0f452', '81f9c4e4177d31ced6f52a89bb70e93bfb77ca03', '--'], 128, b"fatal: bad revision '5e2204832b20ef9db859dd6a2e955ac3e33eef27 ed7d40bc67b8353c677b38c6cdddcdc310c0f452'", b'')
[2021-04-22 01:19:59] [INFO] find_and_save_affected_files_to_csv_file: Updating the results with basic commit information for topological index 1280...
[2021-04-22 01:24:50] [INFO] find_and_save_affected_files_to_csv_file: Updating the results with basic commit information for topological index 1290...
[2021-04-22 01:29:41] [INFO] find_and_save_affected_files_to_csv_file: Updating the results with basic commit information for topological index 1300...
[2021-04-22 01:34:34] [INFO] find_and_save_affected_files_to_csv_file: Updating the results with basic commit information for topological index 1310...
[2021-04-22 01:39:29] [INFO] find_and_save_affected_files_to_csv_file: Updating the results with basic commit information for topological index 1320...
[2021-04-22 01:44:23] [INFO] find_and_save_affected_files_to_csv_file: Updating the results with basic commit information for topological index 1330...
[2021-04-22 01:49:47] [INFO] find_and_save_affected_files_to_csv_file: Updating the results with basic commit information for topological index 1340...
[2021-04-22 01:51:14] [ERROR] find_author_date_from_git_commit_hash: Failed to find the author date for the commit hash "4443f8e6ac7755cd775c70d08be8042dc2f936cb 15fab63e1e57be9fdb5eec1bbc5916e9825e9acb" with the error: GitCommandError(['git', 'log', '--date=unix', '--format=%ad', '4443f8e6ac7755cd775c70d08be8042dc2f936cb 15fab63e1e57be9fdb5eec1bbc5916e9825e9acb'], 128, b"fatal: ambiguous argument '4443f8e6ac7755cd775c70d08be8042dc2f936cb 15fab63e1e57be9fdb5eec1bbc5916e9825e9acb': unknown revision or path not in the working tree.\nUse '--' to separate paths from revisions, like this:\n'git <command> [<revision>...] -- [<file>...]'", b'')
[2021-04-22 01:51:29] [ERROR] find_changed_files_and_lines_in_git_diff: Failed to find the changes from the commit "4443f8e6ac7755cd775c70d08be8042dc2f936cb 15fab63e1e57be9fdb5eec1bbc5916e9825e9acb" to "6b3a707736301c2128ca85ce85fb13f60b5e350a" with the error: GitCommandError(['git', 'diff', '--unified=0', '4443f8e6ac7755cd775c70d08be8042dc2f936cb 15fab63e1e57be9fdb5eec1bbc5916e9825e9acb', '6b3a707736301c2128ca85ce85fb13f60b5e350a', '--'], 128, b"fatal: bad revision '4443f8e6ac7755cd775c70d08be8042dc2f936cb 15fab63e1e57be9fdb5eec1bbc5916e9825e9acb'", b'')
[2021-04-22 01:54:55] [INFO] find_and_save_affected_files_to_csv_file: Updating the results with basic commit information for topological index 1350...
[2021-04-22 01:59:51] [INFO] find_and_save_affected_files_to_csv_file: Updating the results with basic commit information for topological index 1360...
[2021-04-22 02:04:50] [INFO] find_and_save_affected_files_to_csv_file: Updating the results with basic commit information for topological index 1370...
[2021-04-22 02:09:49] [INFO] find_and_save_affected_files_to_csv_file: Updating the results with basic commit information for topological index 1380...
[2021-04-22 02:14:46] [INFO] find_and_save_affected_files_to_csv_file: Updating the results with basic commit information for topological index 1390...
[2021-04-22 02:19:45] [INFO] find_and_save_affected_files_to_csv_file: Updating the results with basic commit information for topological index 1400...
[2021-04-22 02:20:20] [INFO] find_code_units_in_file: Diagnostic: /home/admin/estagio-2020-2021/estagio-software-vulnerabilities-2020-2021/repositories/linux/include/linux/config.h:4:10: fatal error: 'linux/autoconf.h' file not found
[2021-04-22 02:20:20] [INFO] find_code_units_in_file: Diagnostic: /home/admin/estagio-2020-2021/estagio-software-vulnerabilities-2020-2021/repositories/linux/include/linux/config.h:4:10: fatal error: 'linux/autoconf.h' file not found
[2021-04-22 02:20:21] [INFO] find_code_units_in_file: Diagnostic: /home/admin/estagio-2020-2021/estagio-software-vulnerabilities-2020-2021/repositories/linux/include/linux/config.h:4:10: fatal error: 'linux/autoconf.h' file not found
[2021-04-22 02:20:21] [INFO] find_code_units_in_file: Diagnostic: /home/admin/estagio-2020-2021/estagio-software-vulnerabilities-2020-2021/repositories/linux/include/linux/config.h:4:10: fatal error: 'linux/autoconf.h' file not found
[2021-04-22 02:20:22] [INFO] find_code_units_in_file: Diagnostic: /home/admin/estagio-2020-2021/estagio-software-vulnerabilities-2020-2021/repositories/linux/include/linux/config.h:4:10: fatal error: 'linux/autoconf.h' file not found
[2021-04-22 02:20:22] [INFO] find_code_units_in_file: Diagnostic: /home/admin/estagio-2020-2021/estagio-software-vulnerabilities-2020-2021/repositories/linux/include/linux/config.h:4:10: fatal error: 'linux/autoconf.h' file not found
[2021-04-22 02:20:22] [INFO] find_code_units_in_file: Diagnostic: /home/admin/estagio-2020-2021/estagio-software-vulnerabilities-2020-2021/repositories/linux/include/linux/config.h:4:10: fatal error: 'linux/autoconf.h' file not found
[2021-04-22 02:20:23] [INFO] find_code_units_in_file: Diagnostic: /home/admin/estagio-2020-2021/estagio-software-vulnerabilities-2020-2021/repositories/linux/include/linux/config.h:4:10: fatal error: 'linux/autoconf.h' file not found
[2021-04-22 02:20:23] [INFO] find_and_save_affected_files_to_csv_file: Updating the results with function and class information for topological index 0...
[2021-04-22 02:20:24] [INFO] find_code_units_in_file: Diagnostic: /home/admin/estagio-2020-2021/estagio-software-vulnerabilities-2020-2021/repositories/linux/include/linux/types.h:24:9: error: unknown type name '__kernel_nlink_t'
[2021-04-22 02:20:24] [INFO] find_code_units_in_file: Diagnostic: /home/admin/estagio-2020-2021/estagio-software-vulnerabilities-2020-2021/repositories/linux/include/linux/config.h:4:10: fatal error: 'linux/autoconf.h' file not found
[2021-04-22 02:20:24] [INFO] find_code_units_in_file: Diagnostic: /home/admin/estagio-2020-2021/estagio-software-vulnerabilities-2020-2021/repositories/linux/include/linux/config.h:4:10: fatal error: 'linux/autoconf.h' file not found
[2021-04-22 02:20:24] [INFO] find_code_units_in_file: Diagnostic: /home/admin/estagio-2020-2021/estagio-software-vulnerabilities-2020-2021/repositories/linux/include/linux/config.h:4:10: fatal error: 'linux/autoconf.h' file not found
[2021-04-22 02:20:24] [INFO] find_code_units_in_file: Diagnostic: /home/admin/estagio-2020-2021/estagio-software-vulnerabilities-2020-2021/repositories/linux/include/linux/types.h:24:9: error: unknown type name '__kernel_nlink_t'
[2021-04-22 02:20:24] [INFO] find_code_units_in_file: Diagnostic: /home/admin/estagio-2020-2021/estagio-software-vulnerabilities-2020-2021/repositories/linux/include/linux/config.h:4:10: fatal error: 'linux/autoconf.h' file not found
[2021-04-22 02:20:24] [INFO] find_code_units_in_file: Diagnostic: /home/admin/estagio-2020-2021/estagio-software-vulnerabilities-2020-2021/repositories/linux/include/linux/config.h:4:10: fatal error: 'linux/autoconf.h' file not found
[2021-04-22 02:20:25] [INFO] find_code_units_in_file: Diagnostic: /home/admin/estagio-2020-2021/estagio-software-vulnerabilities-2020-2021/repositories/linux/include/linux/config.h:4:10: fatal error: 'linux/autoconf.h' file not found
[2021-04-22 02:20:25] [INFO] find_code_units_in_file: Diagnostic: processor.h:10:10: fatal error: 'asm/segment.h' file not found
[2021-04-22 02:20:26] [INFO] find_code_units_in_file: Diagnostic: processor.h:10:10: fatal error: 'asm/segment.h' file not found
[2021-04-22 02:20:26] [INFO] find_code_units_in_file: Diagnostic: /home/admin/estagio-2020-2021/estagio-software-vulnerabilities-2020-2021/repositories/linux/include/linux/config.h:4:10: fatal error: 'linux/autoconf.h' file not found
[2021-04-22 02:20:26] [INFO] find_code_units_in_file: Diagnostic: /home/admin/estagio-2020-2021/estagio-software-vulnerabilities-2020-2021/repositories/linux/include/linux/config.h:4:10: fatal error: 'linux/autoconf.h' file not found
[2021-04-22 02:20:27] [INFO] find_code_units_in_file: Diagnostic: /home/admin/estagio-2020-2021/estagio-software-vulnerabilities-2020-2021/repositories/linux/include/linux/config.h:4:10: fatal error: 'linux/autoconf.h' file not found
[2021-04-22 02:20:27] [INFO] find_code_units_in_file: Diagnostic: /home/admin/estagio-2020-2021/estagio-software-vulnerabilities-2020-2021/repositories/linux/include/linux/config.h:4:10: fatal error: 'linux/autoconf.h' file not found
[2021-04-22 02:20:28] [INFO] find_code_units_in_file: Diagnostic: /home/admin/estagio-2020-2021/estagio-software-vulnerabilities-2020-2021/repositories/linux/include/linux/config.h:4:10: fatal error: 'linux/autoconf.h' file not found
[2021-04-22 02:20:30] [INFO] find_code_units_in_file: Diagnostic: /home/admin/estagio-2020-2021/estagio-software-vulnerabilities-2020-2021/repositories/linux/include/linux/config.h:4:10: fatal error: 'linux/autoconf.h' file not found
[2021-04-22 02:20:31] [INFO] find_code_units_in_file: Diagnostic: /home/admin/estagio-2020-2021/estagio-software-vulnerabilities-2020-2021/repositories/linux/include/linux/config.h:4:10: fatal error: 'linux/autoconf.h' file not found
[2021-04-22 02:20:31] [INFO] find_code_units_in_file: Diagnostic: /home/admin/estagio-2020-2021/estagio-software-vulnerabilities-2020-2021/repositories/linux/include/linux/config.h:4:10: fatal error: 'linux/autoconf.h' file not found
[2021-04-22 02:20:31] [INFO] find_code_units_in_file: Diagnostic: /home/admin/estagio-2020-2021/estagio-software-vulnerabilities-2020-2021/repositories/linux/include/linux/config.h:4:10: fatal error: 'linux/autoconf.h' file not found
[2021-04-22 02:20:31] [INFO] find_code_units_in_file: Diagnostic: /home/admin/estagio-2020-2021/estagio-software-vulnerabilities-2020-2021/repositories/linux/include/linux/config.h:4:10: fatal error: 'linux/autoconf.h' file not found
[2021-04-22 02:20:31] [INFO] find_code_units_in_file: Diagnostic: /home/admin/estagio-2020-2021/estagio-software-vulnerabilities-2020-2021/repositories/linux/include/linux/config.h:4:10: fatal error: 'linux/autoconf.h' file not found
[2021-04-22 02:20:31] [INFO] find_code_units_in_file: Diagnostic: /home/admin/estagio-2020-2021/estagio-software-vulnerabilities-2020-2021/repositories/linux/include/linux/config.h:4:10: fatal error: 'linux/autoconf.h' file not found
[2021-04-22 02:20:32] [INFO] find_code_units_in_file: Diagnostic: /home/admin/estagio-2020-2021/estagio-software-vulnerabilities-2020-2021/repositories/linux/include/linux/config.h:4:10: fatal error: 'linux/autoconf.h' file not found
[2021-04-22 02:20:32] [INFO] find_code_units_in_file: Diagnostic: /home/admin/estagio-2020-2021/estagio-software-vulnerabilities-2020-2021/repositories/linux/include/linux/config.h:4:10: fatal error: 'linux/autoconf.h' file not found
[2021-04-22 02:20:33] [INFO] find_code_units_in_file: Diagnostic: /home/admin/estagio-2020-2021/estagio-software-vulnerabilities-2020-2021/repositories/linux/include/linux/config.h:4:10: fatal error: 'linux/autoconf.h' file not found
[2021-04-22 02:20:33] [INFO] find_code_units_in_file: Diagnostic: /home/admin/estagio-2020-2021/estagio-software-vulnerabilities-2020-2021/repositories/linux/include/linux/config.h:4:10: fatal error: 'linux/autoconf.h' file not found
[2021-04-22 02:20:33] [INFO] find_code_units_in_file: Diagnostic: /home/admin/estagio-2020-2021/estagio-software-vulnerabilities-2020-2021/repositories/linux/include/linux/config.h:4:10: fatal error: 'linux/autoconf.h' file not found
[2021-04-22 02:20:34] [INFO] find_code_units_in_file: Diagnostic: act_api.c:14:10: fatal error: 'asm/uaccess.h' file not found
[2021-04-22 02:20:34] [INFO] find_code_units_in_file: Diagnostic: cls_api.c:17:10: fatal error: 'asm/uaccess.h' file not found
[2021-04-22 02:20:35] [INFO] find_code_units_in_file: Diagnostic: /home/admin/estagio-2020-2021/estagio-software-vulnerabilities-2020-2021/repositories/linux/include/linux/config.h:4:10: fatal error: 'linux/autoconf.h' file not found
[2021-04-22 02:20:35] [INFO] find_code_units_in_file: Diagnostic: /home/admin/estagio-2020-2021/estagio-software-vulnerabilities-2020-2021/repositories/linux/include/linux/config.h:4:10: fatal error: 'linux/autoconf.h' file not found
[2021-04-22 02:20:36] [INFO] find_code_units_in_file: Diagnostic: /home/admin/estagio-2020-2021/estagio-software-vulnerabilities-2020-2021/repositories/linux/include/linux/config.h:4:10: fatal error: 'linux/autoconf.h' file not found
[2021-04-22 02:20:36] [INFO] find_code_units_in_file: Diagnostic: /home/admin/estagio-2020-2021/estagio-software-vulnerabilities-2020-2021/repositories/linux/include/linux/config.h:4:10: fatal error: 'linux/autoconf.h' file not found
[2021-04-22 02:20:36] [INFO] find_code_units_in_file: Diagnostic: /home/admin/estagio-2020-2021/estagio-software-vulnerabilities-2020-2021/repositories/linux/include/linux/config.h:4:10: fatal error: 'linux/autoconf.h' file not found
[2021-04-22 02:20:37] [INFO] find_code_units_in_file: Diagnostic: /home/admin/estagio-2020-2021/estagio-software-vulnerabilities-2020-2021/repositories/linux/include/linux/config.h:4:10: fatal error: 'linux/autoconf.h' file not found
[2021-04-22 02:20:37] [INFO] find_code_units_in_file: Diagnostic: /home/admin/estagio-2020-2021/estagio-software-vulnerabilities-2020-2021/repositories/linux/include/linux/config.h:4:10: fatal error: 'linux/autoconf.h' file not found
[2021-04-22 02:20:38] [INFO] find_code_units_in_file: Diagnostic: act_api.c:14:10: fatal error: 'asm/uaccess.h' file not found
[2021-04-22 02:20:38] [INFO] find_code_units_in_file: Diagnostic: cls_api.c:17:10: fatal error: 'asm/uaccess.h' file not found
[2021-04-22 02:20:38] [INFO] find_code_units_in_file: Diagnostic: /home/admin/estagio-2020-2021/estagio-software-vulnerabilities-2020-2021/repositories/linux/include/linux/config.h:4:10: fatal error: 'linux/autoconf.h' file not found
[2021-04-22 02:20:39] [INFO] find_code_units_in_file: Diagnostic: /home/admin/estagio-2020-2021/estagio-software-vulnerabilities-2020-2021/repositories/linux/include/linux/config.h:4:10: fatal error: 'linux/autoconf.h' file not found
[2021-04-22 02:20:39] [INFO] find_code_units_in_file: Diagnostic: /home/admin/estagio-2020-2021/estagio-software-vulnerabilities-2020-2021/repositories/linux/include/linux/pkt_sched.h:32:2: error: unknown type name '__u64'
[2021-04-22 02:20:39] [INFO] find_code_units_in_file: Diagnostic: /home/admin/estagio-2020-2021/estagio-software-vulnerabilities-2020-2021/repositories/linux/include/linux/pkt_sched.h:33:2: error: unknown type name '__u32'
[2021-04-22 02:20:39] [INFO] find_code_units_in_file: Diagnostic: /home/admin/estagio-2020-2021/estagio-software-vulnerabilities-2020-2021/repositories/linux/include/linux/pkt_sched.h:34:2: error: unknown type name '__u32'
[2021-04-22 02:20:39] [INFO] find_code_units_in_file: Diagnostic: /home/admin/estagio-2020-2021/estagio-software-vulnerabilities-2020-2021/repositories/linux/include/linux/pkt_sched.h:35:2: error: unknown type name '__u32'
[2021-04-22 02:20:39] [INFO] find_code_units_in_file: Diagnostic: /home/admin/estagio-2020-2021/estagio-software-vulnerabilities-2020-2021/repositories/linux/include/linux/pkt_sched.h:37:2: error: unknown type name '__u32'
[2021-04-22 02:20:39] [INFO] find_code_units_in_file: Diagnostic: /home/admin/estagio-2020-2021/estagio-software-vulnerabilities-2020-2021/repositories/linux/include/linux/pkt_sched.h:38:2: error: unknown type name '__u32'
[2021-04-22 02:20:39] [INFO] find_code_units_in_file: Diagnostic: /home/admin/estagio-2020-2021/estagio-software-vulnerabilities-2020-2021/repositories/linux/include/linux/pkt_sched.h:39:2: error: unknown type name '__u32'
[2021-04-22 02:20:39] [INFO] find_code_units_in_file: Diagnostic: /home/admin/estagio-2020-2021/estagio-software-vulnerabilities-2020-2021/repositories/linux/include/linux/pkt_sched.h:40:2: error: unknown type name '__u32'
[2021-04-22 02:20:39] [INFO] find_code_units_in_file: Diagnostic: /home/admin/estagio-2020-2021/estagio-software-vulnerabilities-2020-2021/repositories/linux/include/linux/pkt_sched.h:83:2: error: unknown type name '__u32'
[2021-04-22 02:20:39] [INFO] find_code_units_in_file: Diagnostic: /home/admin/estagio-2020-2021/estagio-software-vulnerabilities-2020-2021/repositories/linux/include/linux/pkt_sched.h:90:2: error: unknown type name '__u32'
[2021-04-22 02:20:39] [INFO] find_code_units_in_file: Diagnostic: /home/admin/estagio-2020-2021/estagio-software-vulnerabilities-2020-2021/repositories/linux/include/linux/pkt_sched.h:100:2: error: unknown type name '__u8'
[2021-04-22 02:20:39] [INFO] find_code_units_in_file: Diagnostic: /home/admin/estagio-2020-2021/estagio-software-vulnerabilities-2020-2021/repositories/linux/include/linux/pkt_sched.h:109:2: error: unknown type name '__u32'
[2021-04-22 02:20:39] [INFO] find_code_units_in_file: Diagnostic: /home/admin/estagio-2020-2021/estagio-software-vulnerabilities-2020-2021/repositories/linux/include/linux/pkt_sched.h:110:2: error: unknown type name '__u32'
[2021-04-22 02:20:39] [INFO] find_code_units_in_file: Diagnostic: /home/admin/estagio-2020-2021/estagio-software-vulnerabilities-2020-2021/repositories/linux/include/linux/pkt_sched.h:111:2: error: unknown type name '__u32'
[2021-04-22 02:20:39] [INFO] find_code_units_in_file: Diagnostic: /home/admin/estagio-2020-2021/estagio-software-vulnerabilities-2020-2021/repositories/linux/include/linux/pkt_sched.h:136:2: error: unknown type name '__u32'
[2021-04-22 02:20:39] [INFO] find_code_units_in_file: Diagnostic: /home/admin/estagio-2020-2021/estagio-software-vulnerabilities-2020-2021/repositories/linux/include/linux/pkt_sched.h:164:2: error: unknown type name '__u32'
[2021-04-22 02:20:39] [INFO] find_code_units_in_file: Diagnostic: /home/admin/estagio-2020-2021/estagio-software-vulnerabilities-2020-2021/repositories/linux/include/linux/pkt_sched.h:165:2: error: unknown type name '__u32'
[2021-04-22 02:20:39] [INFO] find_code_units_in_file: Diagnostic: /home/admin/estagio-2020-2021/estagio-software-vulnerabilities-2020-2021/repositories/linux/include/linux/pkt_sched.h:166:2: error: unknown type name '__u32'
[2021-04-22 02:20:39] [INFO] find_code_units_in_file: Diagnostic: /home/admin/estagio-2020-2021/estagio-software-vulnerabilities-2020-2021/repositories/linux/include/linux/pkt_sched.h:176:2: error: unknown type name '__u32'
[2021-04-22 02:20:39] [INFO] find_code_units_in_file: Diagnostic: fatal error: too many errors emitted, stopping now [-ferror-limit=]
[2021-04-22 02:20:39] [INFO] find_code_units_in_file: Diagnostic: pkt_sched.h:32:2: error: unknown type name '__u64'
[2021-04-22 02:20:39] [INFO] find_code_units_in_file: Diagnostic: pkt_sched.h:33:2: error: unknown type name '__u32'
[2021-04-22 02:20:39] [INFO] find_code_units_in_file: Diagnostic: pkt_sched.h:34:2: error: unknown type name '__u32'
[2021-04-22 02:20:39] [INFO] find_code_units_in_file: Diagnostic: pkt_sched.h:35:2: error: unknown type name '__u32'
[2021-04-22 02:20:39] [INFO] find_code_units_in_file: Diagnostic: pkt_sched.h:37:2: error: unknown type name '__u32'
[2021-04-22 02:20:39] [INFO] find_code_units_in_file: Diagnostic: pkt_sched.h:38:2: error: unknown type name '__u32'
[2021-04-22 02:20:39] [INFO] find_code_units_in_file: Diagnostic: pkt_sched.h:39:2: error: unknown type name '__u32'
[2021-04-22 02:20:39] [INFO] find_code_units_in_file: Diagnostic: pkt_sched.h:40:2: error: unknown type name '__u32'
[2021-04-22 02:20:39] [INFO] find_code_units_in_file: Diagnostic: pkt_sched.h:83:2: error: unknown type name '__u32'
[2021-04-22 02:20:39] [INFO] find_code_units_in_file: Diagnostic: pkt_sched.h:90:2: error: unknown type name '__u32'
[2021-04-22 02:20:39] [INFO] find_code_units_in_file: Diagnostic: pkt_sched.h:100:2: error: unknown type name '__u8'
[2021-04-22 02:20:39] [INFO] find_code_units_in_file: Diagnostic: pkt_sched.h:109:2: error: unknown type name '__u32'
[2021-04-22 02:20:39] [INFO] find_code_units_in_file: Diagnostic: pkt_sched.h:110:2: error: unknown type name '__u32'
[2021-04-22 02:20:39] [INFO] find_code_units_in_file: Diagnostic: pkt_sched.h:111:2: error: unknown type name '__u32'
[2021-04-22 02:20:39] [INFO] find_code_units_in_file: Diagnostic: pkt_sched.h:136:2: error: unknown type name '__u32'
[2021-04-22 02:20:39] [INFO] find_code_units_in_file: Diagnostic: pkt_sched.h:164:2: error: unknown type name '__u32'
[2021-04-22 02:20:39] [INFO] find_code_units_in_file: Diagnostic: pkt_sched.h:165:2: error: unknown type name '__u32'
[2021-04-22 02:20:39] [INFO] find_code_units_in_file: Diagnostic: pkt_sched.h:166:2: error: unknown type name '__u32'
[2021-04-22 02:20:39] [INFO] find_code_units_in_file: Diagnostic: pkt_sched.h:176:2: error: unknown type name '__u32'
[2021-04-22 02:20:39] [INFO] find_code_units_in_file: Diagnostic: fatal error: too many errors emitted, stopping now [-ferror-limit=]
[2021-04-22 02:20:39] [INFO] find_code_units_in_file: Diagnostic: /home/admin/estagio-2020-2021/estagio-software-vulnerabilities-2020-2021/repositories/linux/include/linux/config.h:4:10: fatal error: 'linux/autoconf.h' file not found
[2021-04-22 02:20:40] [INFO] find_code_units_in_file: Diagnostic: /home/admin/estagio-2020-2021/estagio-software-vulnerabilities-2020-2021/repositories/linux/include/linux/config.h:4:10: fatal error: 'linux/autoconf.h' file not found
[2021-04-22 02:20:40] [INFO] find_code_units_in_file: Diagnostic: /home/admin/estagio-2020-2021/estagio-software-vulnerabilities-2020-2021/repositories/linux/include/linux/config.h:4:10: fatal error: 'linux/autoconf.h' file not found
[2021-04-22 02:20:40] [INFO] find_code_units_in_file: Diagnostic: /home/admin/estagio-2020-2021/estagio-software-vulnerabilities-2020-2021/repositories/linux/include/linux/config.h:4:10: fatal error: 'linux/autoconf.h' file not found
[2021-04-22 02:20:41] [INFO] find_code_units_in_file: Diagnostic: /home/admin/estagio-2020-2021/estagio-software-vulnerabilities-2020-2021/repositories/linux/include/linux/pkt_sched.h:32:2: error: unknown type name '__u64'
[2021-04-22 02:20:41] [INFO] find_code_units_in_file: Diagnostic: /home/admin/estagio-2020-2021/estagio-software-vulnerabilities-2020-2021/repositories/linux/include/linux/pkt_sched.h:33:2: error: unknown type name '__u32'
[2021-04-22 02:20:41] [INFO] find_code_units_in_file: Diagnostic: /home/admin/estagio-2020-2021/estagio-software-vulnerabilities-2020-2021/repositories/linux/include/linux/pkt_sched.h:34:2: error: unknown type name '__u32'
[2021-04-22 02:20:41] [INFO] find_code_units_in_file: Diagnostic: /home/admin/estagio-2020-2021/estagio-software-vulnerabilities-2020-2021/repositories/linux/include/linux/pkt_sched.h:35:2: error: unknown type name '__u32'
[2021-04-22 02:20:41] [INFO] find_code_units_in_file: Diagnostic: /home/admin/estagio-2020-2021/estagio-software-vulnerabilities-2020-2021/repositories/linux/include/linux/pkt_sched.h:37:2: error: unknown type name '__u32'
[2021-04-22 02:20:41] [INFO] find_code_units_in_file: Diagnostic: /home/admin/estagio-2020-2021/estagio-software-vulnerabilities-2020-2021/repositories/linux/include/linux/pkt_sched.h:38:2: error: unknown type name '__u32'
[2021-04-22 02:20:41] [INFO] find_code_units_in_file: Diagnostic: /home/admin/estagio-2020-2021/estagio-software-vulnerabilities-2020-2021/repositories/linux/include/linux/pkt_sched.h:39:2: error: unknown type name '__u32'
[2021-04-22 02:20:41] [INFO] find_code_units_in_file: Diagnostic: /home/admin/estagio-2020-2021/estagio-software-vulnerabilities-2020-2021/repositories/linux/include/linux/pkt_sched.h:40:2: error: unknown type name '__u32'
[2021-04-22 02:20:41] [INFO] find_code_units_in_file: Diagnostic: /home/admin/estagio-2020-2021/estagio-software-vulnerabilities-2020-2021/repositories/linux/include/linux/pkt_sched.h:83:2: error: unknown type name '__u32'
[2021-04-22 02:20:41] [INFO] find_code_units_in_file: Diagnostic: /home/admin/estagio-2020-2021/estagio-software-vulnerabilities-2020-2021/repositories/linux/include/linux/pkt_sched.h:90:2: error: unknown type name '__u32'
[2021-04-22 02:20:41] [INFO] find_code_units_in_file: Diagnostic: /home/admin/estagio-2020-2021/estagio-software-vulnerabilities-2020-2021/repositories/linux/include/linux/pkt_sched.h:100:2: error: unknown type name '__u8'
[2021-04-22 02:20:41] [INFO] find_code_units_in_file: Diagnostic: /home/admin/estagio-2020-2021/estagio-software-vulnerabilities-2020-2021/repositories/linux/include/linux/pkt_sched.h:109:2: error: unknown type name '__u32'
[2021-04-22 02:20:41] [INFO] find_code_units_in_file: Diagnostic: /home/admin/estagio-2020-2021/estagio-software-vulnerabilities-2020-2021/repositories/linux/include/linux/pkt_sched.h:110:2: error: unknown type name '__u32'
[2021-04-22 02:20:41] [INFO] find_code_units_in_file: Diagnostic: /home/admin/estagio-2020-2021/estagio-software-vulnerabilities-2020-2021/repositories/linux/include/linux/pkt_sched.h:111:2: error: unknown type name '__u32'
[2021-04-22 02:20:41] [INFO] find_code_units_in_file: Diagnostic: /home/admin/estagio-2020-2021/estagio-software-vulnerabilities-2020-2021/repositories/linux/include/linux/pkt_sched.h:136:2: error: unknown type name '__u32'
[2021-04-22 02:20:41] [INFO] find_code_units_in_file: Diagnostic: /home/admin/estagio-2020-2021/estagio-software-vulnerabilities-2020-2021/repositories/linux/include/linux/pkt_sched.h:164:2: error: unknown type name '__u32'
[2021-04-22 02:20:41] [INFO] find_code_units_in_file: Diagnostic: /home/admin/estagio-2020-2021/estagio-software-vulnerabilities-2020-2021/repositories/linux/include/linux/pkt_sched.h:165:2: error: unknown type name '__u32'
[2021-04-22 02:20:41] [INFO] find_code_units_in_file: Diagnostic: /home/admin/estagio-2020-2021/estagio-software-vulnerabilities-2020-2021/repositories/linux/include/linux/pkt_sched.h:166:2: error: unknown type name '__u32'
[2021-04-22 02:20:41] [INFO] find_code_units_in_file: Diagnostic: /home/admin/estagio-2020-2021/estagio-software-vulnerabilities-2020-2021/repositories/linux/include/linux/pkt_sched.h:176:2: error: unknown type name '__u32'
[2021-04-22 02:20:41] [INFO] find_code_units_in_file: Diagnostic: fatal error: too many errors emitted, stopping now [-ferror-limit=]
[2021-04-22 02:20:41] [INFO] find_code_units_in_file: Diagnostic: pkt_sched.h:32:2: error: unknown type name '__u64'
[2021-04-22 02:20:41] [INFO] find_code_units_in_file: Diagnostic: pkt_sched.h:33:2: error: unknown type name '__u32'
[2021-04-22 02:20:41] [INFO] find_code_units_in_file: Diagnostic: pkt_sched.h:34:2: error: unknown type name '__u32'
[2021-04-22 02:20:41] [INFO] find_code_units_in_file: Diagnostic: pkt_sched.h:35:2: error: unknown type name '__u32'
[2021-04-22 02:20:41] [INFO] find_code_units_in_file: Diagnostic: pkt_sched.h:37:2: error: unknown type name '__u32'
[2021-04-22 02:20:41] [INFO] find_code_units_in_file: Diagnostic: pkt_sched.h:38:2: error: unknown type name '__u32'
[2021-04-22 02:20:41] [INFO] find_code_units_in_file: Diagnostic: pkt_sched.h:39:2: error: unknown type name '__u32'
[2021-04-22 02:20:41] [INFO] find_code_units_in_file: Diagnostic: pkt_sched.h:40:2: error: unknown type name '__u32'
[2021-04-22 02:20:41] [INFO] find_code_units_in_file: Diagnostic: pkt_sched.h:83:2: error: unknown type name '__u32'
[2021-04-22 02:20:41] [INFO] find_code_units_in_file: Diagnostic: pkt_sched.h:90:2: error: unknown type name '__u32'
[2021-04-22 02:20:41] [INFO] find_code_units_in_file: Diagnostic: pkt_sched.h:100:2: error: unknown type name '__u8'
[2021-04-22 02:20:41] [INFO] find_code_units_in_file: Diagnostic: pkt_sched.h:109:2: error: unknown type name '__u32'
[2021-04-22 02:20:41] [INFO] find_code_units_in_file: Diagnostic: pkt_sched.h:110:2: error: unknown type name '__u32'
[2021-04-22 02:20:41] [INFO] find_code_units_in_file: Diagnostic: pkt_sched.h:111:2: error: unknown type name '__u32'
[2021-04-22 02:20:41] [INFO] find_code_units_in_file: Diagnostic: pkt_sched.h:136:2: error: unknown type name '__u32'
[2021-04-22 02:20:41] [INFO] find_code_units_in_file: Diagnostic: pkt_sched.h:164:2: error: unknown type name '__u32'
[2021-04-22 02:20:41] [INFO] find_code_units_in_file: Diagnostic: pkt_sched.h:165:2: error: unknown type name '__u32'
[2021-04-22 02:20:41] [INFO] find_code_units_in_file: Diagnostic: pkt_sched.h:166:2: error: unknown type name '__u32'
[2021-04-22 02:20:41] [INFO] find_code_units_in_file: Diagnostic: pkt_sched.h:176:2: error: unknown type name '__u32'
[2021-04-22 02:20:41] [INFO] find_code_units_in_file: Diagnostic: fatal error: too many errors emitted, stopping now [-ferror-limit=]
[2021-04-22 02:20:41] [INFO] find_code_units_in_file: Diagnostic: /home/admin/estagio-2020-2021/estagio-software-vulnerabilities-2020-2021/repositories/linux/include/linux/config.h:4:10: fatal error: 'linux/autoconf.h' file not found
[2021-04-22 02:20:41] [INFO] find_code_units_in_file: Diagnostic: /home/admin/estagio-2020-2021/estagio-software-vulnerabilities-2020-2021/repositories/linux/include/linux/config.h:4:10: fatal error: 'linux/autoconf.h' file not found
[2021-04-22 02:20:41] [INFO] find_code_units_in_file: Diagnostic: /home/admin/estagio-2020-2021/estagio-software-vulnerabilities-2020-2021/repositories/linux/include/linux/config.h:4:10: fatal error: 'linux/autoconf.h' file not found
[2021-04-22 02:20:42] [INFO] find_code_units_in_file: Diagnostic: /home/admin/estagio-2020-2021/estagio-software-vulnerabilities-2020-2021/repositories/linux/include/linux/config.h:4:10: fatal error: 'linux/autoconf.h' file not found
[2021-04-22 02:20:43] [INFO] find_code_units_in_file: Diagnostic: /home/admin/estagio-2020-2021/estagio-software-vulnerabilities-2020-2021/repositories/linux/include/linux/config.h:4:10: fatal error: 'linux/autoconf.h' file not found
[2021-04-22 02:20:43] [INFO] find_code_units_in_file: Diagnostic: /home/admin/estagio-2020-2021/estagio-software-vulnerabilities-2020-2021/repositories/linux/include/linux/config.h:4:10: fatal error: 'linux/autoconf.h' file not found
[2021-04-22 02:20:44] [INFO] find_code_units_in_file: Diagnostic: /home/admin/estagio-2020-2021/estagio-software-vulnerabilities-2020-2021/repositories/linux/include/linux/config.h:4:10: fatal error: 'linux/autoconf.h' file not found
[2021-04-22 02:20:45] [INFO] find_code_units_in_file: Diagnostic: /home/admin/estagio-2020-2021/estagio-software-vulnerabilities-2020-2021/repositories/linux/include/linux/config.h:4:10: fatal error: 'linux/autoconf.h' file not found
[2021-04-22 02:20:45] [INFO] find_and_save_affected_files_to_csv_file: Updating the results with function and class information for topological index 10...
[2021-04-22 02:20:46] [INFO] find_code_units_in_file: Diagnostic: process.c:14:10: fatal error: 'stdarg.h' file not found
[2021-04-22 02:20:46] [INFO] find_code_units_in_file: Diagnostic: process.c:14:10: fatal error: 'stdarg.h' file not found
[2021-04-22 02:20:47] [INFO] find_code_units_in_file: Diagnostic: /home/admin/estagio-2020-2021/estagio-software-vulnerabilities-2020-2021/repositories/linux/include/linux/config.h:4:10: fatal error: 'linux/autoconf.h' file not found
[2021-04-22 02:20:47] [INFO] find_code_units_in_file: Diagnostic: /home/admin/estagio-2020-2021/estagio-software-vulnerabilities-2020-2021/repositories/linux/include/linux/config.h:4:10: fatal error: 'linux/autoconf.h' file not found
[2021-04-22 02:20:48] [INFO] find_code_units_in_file: Diagnostic: /home/admin/estagio-2020-2021/estagio-software-vulnerabilities-2020-2021/repositories/linux/include/linux/config.h:4:10: fatal error: 'linux/autoconf.h' file not found
[2021-04-22 02:20:49] [INFO] find_code_units_in_file: Diagnostic: /home/admin/estagio-2020-2021/estagio-software-vulnerabilities-2020-2021/repositories/linux/include/linux/config.h:4:10: fatal error: 'linux/autoconf.h' file not found
[2021-04-22 02:20:49] [INFO] find_code_units_in_file: Diagnostic: /home/admin/estagio-2020-2021/estagio-software-vulnerabilities-2020-2021/repositories/linux/include/linux/config.h:4:10: fatal error: 'linux/autoconf.h' file not found
[2021-04-22 02:20:50] [INFO] find_code_units_in_file: Diagnostic: /home/admin/estagio-2020-2021/estagio-software-vulnerabilities-2020-2021/repositories/linux/include/linux/config.h:4:10: fatal error: 'linux/autoconf.h' file not found
[2021-04-22 02:20:51] [INFO] find_code_units_in_file: Diagnostic: /home/admin/estagio-2020-2021/estagio-software-vulnerabilities-2020-2021/repositories/linux/include/linux/config.h:4:10: fatal error: 'linux/autoconf.h' file not found
[2021-04-22 02:20:51] [INFO] find_code_units_in_file: Diagnostic: /home/admin/estagio-2020-2021/estagio-software-vulnerabilities-2020-2021/repositories/linux/include/linux/config.h:4:10: fatal error: 'linux/autoconf.h' file not found
[2021-04-22 02:20:52] [INFO] find_code_units_in_file: Diagnostic: /home/admin/estagio-2020-2021/estagio-software-vulnerabilities-2020-2021/repositories/linux/include/linux/config.h:4:10: fatal error: 'linux/autoconf.h' file not found
[2021-04-22 02:20:53] [INFO] find_code_units_in_file: Diagnostic: /home/admin/estagio-2020-2021/estagio-software-vulnerabilities-2020-2021/repositories/linux/include/linux/config.h:4:10: fatal error: 'linux/autoconf.h' file not found
[2021-04-22 02:20:54] [INFO] find_code_units_in_file: Diagnostic: /home/admin/estagio-2020-2021/estagio-software-vulnerabilities-2020-2021/repositories/linux/include/linux/config.h:4:10: fatal error: 'linux/autoconf.h' file not found
[2021-04-22 02:20:55] [INFO] find_code_units_in_file: Diagnostic: /home/admin/estagio-2020-2021/estagio-software-vulnerabilities-2020-2021/repositories/linux/include/linux/config.h:4:10: fatal error: 'linux/autoconf.h' file not found
[2021-04-22 02:20:56] [INFO] find_code_units_in_file: Diagnostic: /home/admin/estagio-2020-2021/estagio-software-vulnerabilities-2020-2021/repositories/linux/include/linux/config.h:4:10: fatal error: 'linux/autoconf.h' file not found
[2021-04-22 02:20:57] [INFO] find_code_units_in_file: Diagnostic: /home/admin/estagio-2020-2021/estagio-software-vulnerabilities-2020-2021/repositories/linux/include/linux/config.h:4:10: fatal error: 'linux/autoconf.h' file not found
[2021-04-22 02:20:58] [INFO] find_code_units_in_file: Diagnostic: /home/admin/estagio-2020-2021/estagio-software-vulnerabilities-2020-2021/repositories/linux/include/linux/config.h:4:10: fatal error: 'linux/autoconf.h' file not found
[2021-04-22 02:20:58] [INFO] find_code_units_in_file: Diagnostic: /home/admin/estagio-2020-2021/estagio-software-vulnerabilities-2020-2021/repositories/linux/include/linux/config.h:4:10: fatal error: 'linux/autoconf.h' file not found
[2021-04-22 02:20:59] [INFO] find_code_units_in_file: Diagnostic: /home/admin/estagio-2020-2021/estagio-software-vulnerabilities-2020-2021/repositories/linux/include/linux/config.h:4:10: fatal error: 'linux/autoconf.h' file not found
[2021-04-22 02:20:59] [INFO] find_code_units_in_file: Diagnostic: /home/admin/estagio-2020-2021/estagio-software-vulnerabilities-2020-2021/repositories/linux/include/linux/config.h:4:10: fatal error: 'linux/autoconf.h' file not found
[2021-04-22 02:20:59] [INFO] find_code_units_in_file: Diagnostic: /home/admin/estagio-2020-2021/estagio-software-vulnerabilities-2020-2021/repositories/linux/include/linux/config.h:4:10: fatal error: 'linux/autoconf.h' file not found
[2021-04-22 02:21:00] [INFO] find_code_units_in_file: Diagnostic: /home/admin/estagio-2020-2021/estagio-software-vulnerabilities-2020-2021/repositories/linux/include/linux/config.h:4:10: fatal error: 'linux/autoconf.h' file not found
[2021-04-22 02:21:00] [INFO] find_code_units_in_file: Diagnostic: /home/admin/estagio-2020-2021/estagio-software-vulnerabilities-2020-2021/repositories/linux/include/linux/config.h:4:10: fatal error: 'linux/autoconf.h' file not found
[2021-04-22 02:21:00] [INFO] find_code_units_in_file: Diagnostic: /home/admin/estagio-2020-2021/estagio-software-vulnerabilities-2020-2021/repositories/linux/include/linux/config.h:4:10: fatal error: 'linux/autoconf.h' file not found
[2021-04-22 02:21:01] [INFO] find_code_units_in_file: Diagnostic: /home/admin/estagio-2020-2021/estagio-software-vulnerabilities-2020-2021/repositories/linux/include/linux/config.h:4:10: fatal error: 'linux/autoconf.h' file not found
[2021-04-22 02:21:02] [INFO] find_code_units_in_file: Diagnostic: /home/admin/estagio-2020-2021/estagio-software-vulnerabilities-2020-2021/repositories/linux/include/linux/config.h:4:10: fatal error: 'linux/autoconf.h' file not found
[2021-04-22 02:21:02] [INFO] find_and_save_affected_files_to_csv_file: Updating the results with function and class information for topological index 20...
[2021-04-22 02:21:03] [INFO] find_code_units_in_file: Diagnostic: /home/admin/estagio-2020-2021/estagio-software-vulnerabilities-2020-2021/repositories/linux/include/linux/config.h:6:10: fatal error: 'linux/autoconf.h' file not found
[2021-04-22 02:21:05] [INFO] find_code_units_in_file: Diagnostic: /home/admin/estagio-2020-2021/estagio-software-vulnerabilities-2020-2021/repositories/linux/include/linux/config.h:6:10: fatal error: 'linux/autoconf.h' file not found
[2021-04-22 02:21:06] [INFO] find_code_units_in_file: Diagnostic: /home/admin/estagio-2020-2021/estagio-software-vulnerabilities-2020-2021/repositories/linux/include/linux/types.h:24:9: error: unknown type name '__kernel_nlink_t'
[2021-04-22 02:21:06] [INFO] find_code_units_in_file: Diagnostic: /home/admin/estagio-2020-2021/estagio-software-vulnerabilities-2020-2021/repositories/linux/include/linux/file.h:8:10: fatal error: 'asm/atomic.h' file not found
[2021-04-22 02:21:06] [INFO] find_code_units_in_file: Diagnostic: /home/admin/estagio-2020-2021/estagio-software-vulnerabilities-2020-2021/repositories/linux/include/linux/types.h:24:9: error: unknown type name '__kernel_nlink_t'
[2021-04-22 02:21:06] [INFO] find_code_units_in_file: Diagnostic: /home/admin/estagio-2020-2021/estagio-software-vulnerabilities-2020-2021/repositories/linux/include/linux/file.h:8:10: fatal error: 'asm/atomic.h' file not found
[2021-04-22 02:21:07] [INFO] find_code_units_in_file: Diagnostic: /home/admin/estagio-2020-2021/estagio-software-vulnerabilities-2020-2021/repositories/linux/include/linux/config.h:6:10: fatal error: 'linux/autoconf.h' file not found
[2021-04-22 02:21:08] [INFO] find_code_units_in_file: Diagnostic: /home/admin/estagio-2020-2021/estagio-software-vulnerabilities-2020-2021/repositories/linux/include/linux/config.h:6:10: fatal error: 'linux/autoconf.h' file not found
[2021-04-22 02:21:09] [INFO] find_code_units_in_file: Diagnostic: /home/admin/estagio-2020-2021/estagio-software-vulnerabilities-2020-2021/repositories/linux/include/linux/config.h:6:10: fatal error: 'linux/autoconf.h' file not found
[2021-04-22 02:21:10] [INFO] find_code_units_in_file: Diagnostic: /home/admin/estagio-2020-2021/estagio-software-vulnerabilities-2020-2021/repositories/linux/include/linux/config.h:6:10: fatal error: 'linux/autoconf.h' file not found
[2021-04-22 02:21:10] [INFO] find_code_units_in_file: Diagnostic: /home/admin/estagio-2020-2021/estagio-software-vulnerabilities-2020-2021/repositories/linux/include/linux/types.h:24:9: error: unknown type name '__kernel_nlink_t'
[2021-04-22 02:21:10] [INFO] find_code_units_in_file: Diagnostic: /home/admin/estagio-2020-2021/estagio-software-vulnerabilities-2020-2021/repositories/linux/include/linux/config.h:6:10: fatal error: 'linux/autoconf.h' file not found
[2021-04-22 02:21:10] [INFO] find_code_units_in_file: Diagnostic: /home/admin/estagio-2020-2021/estagio-software-vulnerabilities-2020-2021/repositories/linux/include/linux/types.h:24:9: error: unknown type name '__kernel_nlink_t'
[2021-04-22 02:21:10] [INFO] find_code_units_in_file: Diagnostic: /home/admin/estagio-2020-2021/estagio-software-vulnerabilities-2020-2021/repositories/linux/include/linux/config.h:6:10: fatal error: 'linux/autoconf.h' file not found
[2021-04-22 02:21:11] [INFO] find_code_units_in_file: Diagnostic: /home/admin/estagio-2020-2021/estagio-software-vulnerabilities-2020-2021/repositories/linux/include/linux/config.h:6:10: fatal error: 'linux/autoconf.h' file not found
[2021-04-22 02:21:11] [INFO] find_code_units_in_file: Diagnostic: /home/admin/estagio-2020-2021/estagio-software-vulnerabilities-2020-2021/repositories/linux/include/linux/config.h:6:10: fatal error: 'linux/autoconf.h' file not found
[2021-04-22 02:21:13] [INFO] find_code_units_in_file: Diagnostic: /home/admin/estagio-2020-2021/estagio-software-vulnerabilities-2020-2021/repositories/linux/include/linux/config.h:6:10: fatal error: 'linux/autoconf.h' file not found
[2021-04-22 02:21:14] [INFO] find_code_units_in_file: Diagnostic: /home/admin/estagio-2020-2021/estagio-software-vulnerabilities-2020-2021/repositories/linux/include/linux/config.h:6:10: fatal error: 'linux/autoconf.h' file not found
[2021-04-22 02:21:15] [INFO] find_code_units_in_file: Diagnostic: /home/admin/estagio-2020-2021/estagio-software-vulnerabilities-2020-2021/repositories/linux/include/linux/config.h:6:10: fatal error: 'linux/autoconf.h' file not found
[2021-04-22 02:21:15] [INFO] find_code_units_in_file: Diagnostic: /home/admin/estagio-2020-2021/estagio-software-vulnerabilities-2020-2021/repositories/linux/include/linux/config.h:6:10: fatal error: 'linux/autoconf.h' file not found
[2021-04-22 02:21:16] [INFO] find_code_units_in_file: Diagnostic: /home/admin/estagio-2020-2021/estagio-software-vulnerabilities-2020-2021/repositories/linux/include/linux/config.h:6:10: fatal error: 'linux/autoconf.h' file not found
[2021-04-22 02:21:17] [INFO] find_code_units_in_file: Diagnostic: /home/admin/estagio-2020-2021/estagio-software-vulnerabilities-2020-2021/repositories/linux/include/linux/config.h:6:10: fatal error: 'linux/autoconf.h' file not found
[2021-04-22 02:21:18] [INFO] find_code_units_in_file: Diagnostic: /home/admin/estagio-2020-2021/estagio-software-vulnerabilities-2020-2021/repositories/linux/include/linux/types.h:24:9: error: unknown type name '__kernel_nlink_t'
[2021-04-22 02:21:18] [INFO] find_code_units_in_file: Diagnostic: /home/admin/estagio-2020-2021/estagio-software-vulnerabilities-2020-2021/repositories/linux/include/linux/config.h:6:10: fatal error: 'linux/autoconf.h' file not found
[2021-04-22 02:21:19] [INFO] find_code_units_in_file: Diagnostic: /home/admin/estagio-2020-2021/estagio-software-vulnerabilities-2020-2021/repositories/linux/include/linux/types.h:24:9: error: unknown type name '__kernel_nlink_t'
[2021-04-22 02:21:19] [INFO] find_code_units_in_file: Diagnostic: /home/admin/estagio-2020-2021/estagio-software-vulnerabilities-2020-2021/repositories/linux/include/linux/config.h:6:10: fatal error: 'linux/autoconf.h' file not found
[2021-04-22 02:21:19] [INFO] find_and_save_affected_files_to_csv_file: Updating the results with function and class information for topological index 30...
